[0.083s] DEBUG:colcon:Command line arguments: ['/usr/bin/colcon', 'build', '--merge-install']
[0.083s] DEBUG:colcon:Parsed command line arguments: Namespace(log_base=None, log_level=None, verb_name='build', build_base='build', install_base='install', merge_install=True, symlink_install=False, test_result_base=None, continue_on_error=False, executor='parallel', parallel_workers=16, event_handlers=None, ignore_user_meta=False, metas=['./colcon.meta'], base_paths=['.'], packages_ignore=None, packages_ignore_regex=None, paths=None, packages_up_to=None, packages_up_to_regex=None, packages_above=None, packages_above_and_dependencies=None, packages_above_depth=None, packages_select_by_dep=None, packages_skip_by_dep=None, packages_skip_up_to=None, packages_select_build_failed=False, packages_skip_build_finished=False, packages_select_test_failures=False, packages_skip_test_passed=False, packages_select=None, packages_skip=None, packages_select_regex=None, packages_skip_regex=None, packages_start=None, packages_end=None, allow_overriding=[], cmake_args=None, cmake_target=None, cmake_target_skip_unavailable=False, cmake_clean_cache=False, cmake_clean_first=False, cmake_force_configure=False, ament_cmake_args=None, catkin_cmake_args=None, catkin_skip_building_tests=False, verb_parser=<colcon_defaults.argument_parser.defaults.DefaultArgumentsDecorator object at 0x703761b605b0>, verb_extension=<colcon_core.verb.build.BuildVerb object at 0x703761b2ff70>, main=<bound method BuildVerb.main of <colcon_core.verb.build.BuildVerb object at 0x703761b2ff70>>)
[0.215s] Level 1:colcon.colcon_core.package_discovery:discover_packages(colcon_meta) check parameters
[0.215s] Level 1:colcon.colcon_core.package_discovery:discover_packages(recursive) check parameters
[0.215s] Level 1:colcon.colcon_core.package_discovery:discover_packages(ignore) check parameters
[0.215s] Level 1:colcon.colcon_core.package_discovery:discover_packages(path) check parameters
[0.215s] Level 1:colcon.colcon_core.package_discovery:discover_packages(colcon_meta) discover
[0.215s] Level 1:colcon.colcon_core.package_discovery:discover_packages(recursive) discover
[0.215s] INFO:colcon.colcon_core.package_discovery:Crawling recursively for packages in '/home/neofelis/vrx_ws'
[0.215s] Level 1:colcon.colcon_core.package_identification:_identify(.) by extensions ['ignore', 'ignore_ament_install']
[0.215s] Level 1:colcon.colcon_core.package_identification:_identify(.) by extension 'ignore'
[0.215s] Level 1:colcon.colcon_core.package_identification:_identify(.) by extension 'ignore_ament_install'
[0.215s] Level 1:colcon.colcon_core.package_identification:_identify(.) by extensions ['colcon_pkg']
[0.215s] Level 1:colcon.colcon_core.package_identification:_identify(.) by extension 'colcon_pkg'
[0.215s] Level 1:colcon.colcon_core.package_identification:_identify(.) by extensions ['colcon_meta']
[0.215s] Level 1:colcon.colcon_core.package_identification:_identify(.) by extension 'colcon_meta'
[0.215s] Level 1:colcon.colcon_core.package_identification:_identify(.) by extensions ['ros']
[0.215s] Level 1:colcon.colcon_core.package_identification:_identify(.) by extension 'ros'
[0.221s] Level 1:colcon.colcon_core.package_identification:_identify(.) by extensions ['cmake', 'python']
[0.221s] Level 1:colcon.colcon_core.package_identification:_identify(.) by extension 'cmake'
[0.222s] Level 1:colcon.colcon_core.package_identification:_identify(.) by extension 'python'
[0.222s] Level 1:colcon.colcon_core.package_identification:_identify(.) by extensions ['python_setup_py']
[0.222s] Level 1:colcon.colcon_core.package_identification:_identify(.) by extension 'python_setup_py'
[0.222s] Level 1:colcon.colcon_core.package_identification:_identify(build) by extensions ['ignore', 'ignore_ament_install']
[0.222s] Level 1:colcon.colcon_core.package_identification:_identify(build) by extension 'ignore'
[0.222s] Level 1:colcon.colcon_core.package_identification:_identify(build) ignored
[0.222s] Level 1:colcon.colcon_core.package_identification:_identify(install) by extensions ['ignore', 'ignore_ament_install']
[0.222s] Level 1:colcon.colcon_core.package_identification:_identify(install) by extension 'ignore'
[0.222s] Level 1:colcon.colcon_core.package_identification:_identify(install) ignored
[0.222s] Level 1:colcon.colcon_core.package_identification:_identify(log) by extensions ['ignore', 'ignore_ament_install']
[0.222s] Level 1:colcon.colcon_core.package_identification:_identify(log) by extension 'ignore'
[0.222s] Level 1:colcon.colcon_core.package_identification:_identify(log) ignored
[0.222s] Level 1:colcon.colcon_core.package_identification:_identify(src) by extensions ['ignore', 'ignore_ament_install']
[0.222s] Level 1:colcon.colcon_core.package_identification:_identify(src) by extension 'ignore'
[0.222s] Level 1:colcon.colcon_core.package_identification:_identify(src) by extension 'ignore_ament_install'
[0.222s] Level 1:colcon.colcon_core.package_identification:_identify(src) by extensions ['colcon_pkg']
[0.222s] Level 1:colcon.colcon_core.package_identification:_identify(src) by extension 'colcon_pkg'
[0.222s] Level 1:colcon.colcon_core.package_identification:_identify(src) by extensions ['colcon_meta']
[0.222s] Level 1:colcon.colcon_core.package_identification:_identify(src) by extension 'colcon_meta'
[0.222s] Level 1:colcon.colcon_core.package_identification:_identify(src) by extensions ['ros']
[0.222s] Level 1:colcon.colcon_core.package_identification:_identify(src) by extension 'ros'
[0.222s] Level 1:colcon.colcon_core.package_identification:_identify(src) by extensions ['cmake', 'python']
[0.222s] Level 1:colcon.colcon_core.package_identification:_identify(src) by extension 'cmake'
[0.222s] Level 1:colcon.colcon_core.package_identification:_identify(src) by extension 'python'
[0.222s] Level 1:colcon.colcon_core.package_identification:_identify(src) by extensions ['python_setup_py']
[0.222s] Level 1:colcon.colcon_core.package_identification:_identify(src) by extension 'python_setup_py'
[0.222s] Level 1:colcon.colcon_core.package_identification:_identify(src/vrx) by extensions ['ignore', 'ignore_ament_install']
[0.222s] Level 1:colcon.colcon_core.package_identification:_identify(src/vrx) by extension 'ignore'
[0.222s] Level 1:colcon.colcon_core.package_identification:_identify(src/vrx) by extension 'ignore_ament_install'
[0.222s] Level 1:colcon.colcon_core.package_identification:_identify(src/vrx) by extensions ['colcon_pkg']
[0.222s] Level 1:colcon.colcon_core.package_identification:_identify(src/vrx) by extension 'colcon_pkg'
[0.222s] Level 1:colcon.colcon_core.package_identification:_identify(src/vrx) by extensions ['colcon_meta']
[0.222s] Level 1:colcon.colcon_core.package_identification:_identify(src/vrx) by extension 'colcon_meta'
[0.223s] Level 1:colcon.colcon_core.package_identification:_identify(src/vrx) by extensions ['ros']
[0.223s] Level 1:colcon.colcon_core.package_identification:_identify(src/vrx) by extension 'ros'
[0.223s] Level 1:colcon.colcon_core.package_identification:_identify(src/vrx) by extensions ['cmake', 'python']
[0.223s] Level 1:colcon.colcon_core.package_identification:_identify(src/vrx) by extension 'cmake'
[0.223s] Level 1:colcon.colcon_core.package_identification:_identify(src/vrx) by extension 'python'
[0.223s] Level 1:colcon.colcon_core.package_identification:_identify(src/vrx) by extensions ['python_setup_py']
[0.223s] Level 1:colcon.colcon_core.package_identification:_identify(src/vrx) by extension 'python_setup_py'
[0.223s] Level 1:colcon.colcon_core.package_identification:_identify(src/vrx/images) by extensions ['ignore', 'ignore_ament_install']
[0.223s] Level 1:colcon.colcon_core.package_identification:_identify(src/vrx/images) by extension 'ignore'
[0.223s] Level 1:colcon.colcon_core.package_identification:_identify(src/vrx/images) by extension 'ignore_ament_install'
[0.223s] Level 1:colcon.colcon_core.package_identification:_identify(src/vrx/images) by extensions ['colcon_pkg']
[0.223s] Level 1:colcon.colcon_core.package_identification:_identify(src/vrx/images) by extension 'colcon_pkg'
[0.223s] Level 1:colcon.colcon_core.package_identification:_identify(src/vrx/images) by extensions ['colcon_meta']
[0.223s] Level 1:colcon.colcon_core.package_identification:_identify(src/vrx/images) by extension 'colcon_meta'
[0.223s] Level 1:colcon.colcon_core.package_identification:_identify(src/vrx/images) by extensions ['ros']
[0.223s] Level 1:colcon.colcon_core.package_identification:_identify(src/vrx/images) by extension 'ros'
[0.223s] Level 1:colcon.colcon_core.package_identification:_identify(src/vrx/images) by extensions ['cmake', 'python']
[0.223s] Level 1:colcon.colcon_core.package_identification:_identify(src/vrx/images) by extension 'cmake'
[0.223s] Level 1:colcon.colcon_core.package_identification:_identify(src/vrx/images) by extension 'python'
[0.223s] Level 1:colcon.colcon_core.package_identification:_identify(src/vrx/images) by extensions ['python_setup_py']
[0.223s] Level 1:colcon.colcon_core.package_identification:_identify(src/vrx/images) by extension 'python_setup_py'
[0.223s] Level 1:colcon.colcon_core.package_identification:_identify(src/vrx/vrx_gz) by extensions ['ignore', 'ignore_ament_install']
[0.223s] Level 1:colcon.colcon_core.package_identification:_identify(src/vrx/vrx_gz) by extension 'ignore'
[0.223s] Level 1:colcon.colcon_core.package_identification:_identify(src/vrx/vrx_gz) by extension 'ignore_ament_install'
[0.223s] Level 1:colcon.colcon_core.package_identification:_identify(src/vrx/vrx_gz) by extensions ['colcon_pkg']
[0.223s] Level 1:colcon.colcon_core.package_identification:_identify(src/vrx/vrx_gz) by extension 'colcon_pkg'
[0.223s] Level 1:colcon.colcon_core.package_identification:_identify(src/vrx/vrx_gz) by extensions ['colcon_meta']
[0.223s] Level 1:colcon.colcon_core.package_identification:_identify(src/vrx/vrx_gz) by extension 'colcon_meta'
[0.223s] Level 1:colcon.colcon_core.package_identification:_identify(src/vrx/vrx_gz) by extensions ['ros']
[0.223s] Level 1:colcon.colcon_core.package_identification:_identify(src/vrx/vrx_gz) by extension 'ros'
[0.225s] DEBUG:colcon.colcon_core.package_identification:Package 'src/vrx/vrx_gz' with type 'ros.ament_cmake' and name 'vrx_gz'
[0.225s] Level 1:colcon.colcon_core.package_identification:_identify(src/vrx/vrx_ros) by extensions ['ignore', 'ignore_ament_install']
[0.225s] Level 1:colcon.colcon_core.package_identification:_identify(src/vrx/vrx_ros) by extension 'ignore'
[0.225s] Level 1:colcon.colcon_core.package_identification:_identify(src/vrx/vrx_ros) by extension 'ignore_ament_install'
[0.225s] Level 1:colcon.colcon_core.package_identification:_identify(src/vrx/vrx_ros) by extensions ['colcon_pkg']
[0.225s] Level 1:colcon.colcon_core.package_identification:_identify(src/vrx/vrx_ros) by extension 'colcon_pkg'
[0.225s] Level 1:colcon.colcon_core.package_identification:_identify(src/vrx/vrx_ros) by extensions ['colcon_meta']
[0.225s] Level 1:colcon.colcon_core.package_identification:_identify(src/vrx/vrx_ros) by extension 'colcon_meta'
[0.226s] Level 1:colcon.colcon_core.package_identification:_identify(src/vrx/vrx_ros) by extensions ['ros']
[0.226s] Level 1:colcon.colcon_core.package_identification:_identify(src/vrx/vrx_ros) by extension 'ros'
[0.226s] DEBUG:colcon.colcon_core.package_identification:Package 'src/vrx/vrx_ros' with type 'ros.ament_cmake' and name 'vrx_ros'
[0.226s] Level 1:colcon.colcon_core.package_identification:_identify(src/vrx/vrx_urdf) by extensions ['ignore', 'ignore_ament_install']
[0.226s] Level 1:colcon.colcon_core.package_identification:_identify(src/vrx/vrx_urdf) by extension 'ignore'
[0.226s] Level 1:colcon.colcon_core.package_identification:_identify(src/vrx/vrx_urdf) by extension 'ignore_ament_install'
[0.226s] Level 1:colcon.colcon_core.package_identification:_identify(src/vrx/vrx_urdf) by extensions ['colcon_pkg']
[0.226s] Level 1:colcon.colcon_core.package_identification:_identify(src/vrx/vrx_urdf) by extension 'colcon_pkg'
[0.227s] Level 1:colcon.colcon_core.package_identification:_identify(src/vrx/vrx_urdf) by extensions ['colcon_meta']
[0.227s] Level 1:colcon.colcon_core.package_identification:_identify(src/vrx/vrx_urdf) by extension 'colcon_meta'
[0.227s] Level 1:colcon.colcon_core.package_identification:_identify(src/vrx/vrx_urdf) by extensions ['ros']
[0.227s] Level 1:colcon.colcon_core.package_identification:_identify(src/vrx/vrx_urdf) by extension 'ros'
[0.227s] Level 1:colcon.colcon_core.package_identification:_identify(src/vrx/vrx_urdf) by extensions ['cmake', 'python']
[0.227s] Level 1:colcon.colcon_core.package_identification:_identify(src/vrx/vrx_urdf) by extension 'cmake'
[0.227s] Level 1:colcon.colcon_core.package_identification:_identify(src/vrx/vrx_urdf) by extension 'python'
[0.227s] Level 1:colcon.colcon_core.package_identification:_identify(src/vrx/vrx_urdf) by extensions ['python_setup_py']
[0.227s] Level 1:colcon.colcon_core.package_identification:_identify(src/vrx/vrx_urdf) by extension 'python_setup_py'
[0.227s] Level 1:colcon.colcon_core.package_identification:_identify(src/vrx/vrx_urdf/vrx_gazebo) by extensions ['ignore', 'ignore_ament_install']
[0.227s] Level 1:colcon.colcon_core.package_identification:_identify(src/vrx/vrx_urdf/vrx_gazebo) by extension 'ignore'
[0.227s] Level 1:colcon.colcon_core.package_identification:_identify(src/vrx/vrx_urdf/vrx_gazebo) by extension 'ignore_ament_install'
[0.227s] Level 1:colcon.colcon_core.package_identification:_identify(src/vrx/vrx_urdf/vrx_gazebo) by extensions ['colcon_pkg']
[0.227s] Level 1:colcon.colcon_core.package_identification:_identify(src/vrx/vrx_urdf/vrx_gazebo) by extension 'colcon_pkg'
[0.227s] Level 1:colcon.colcon_core.package_identification:_identify(src/vrx/vrx_urdf/vrx_gazebo) by extensions ['colcon_meta']
[0.227s] Level 1:colcon.colcon_core.package_identification:_identify(src/vrx/vrx_urdf/vrx_gazebo) by extension 'colcon_meta'
[0.227s] Level 1:colcon.colcon_core.package_identification:_identify(src/vrx/vrx_urdf/vrx_gazebo) by extensions ['ros']
[0.227s] Level 1:colcon.colcon_core.package_identification:_identify(src/vrx/vrx_urdf/vrx_gazebo) by extension 'ros'
[0.227s] DEBUG:colcon.colcon_core.package_identification:Package 'src/vrx/vrx_urdf/vrx_gazebo' with type 'ros.ament_cmake' and name 'vrx_gazebo'
[0.228s] Level 1:colcon.colcon_core.package_identification:_identify(src/vrx/vrx_urdf/wamv_description) by extensions ['ignore', 'ignore_ament_install']
[0.228s] Level 1:colcon.colcon_core.package_identification:_identify(src/vrx/vrx_urdf/wamv_description) by extension 'ignore'
[0.228s] Level 1:colcon.colcon_core.package_identification:_identify(src/vrx/vrx_urdf/wamv_description) by extension 'ignore_ament_install'
[0.228s] Level 1:colcon.colcon_core.package_identification:_identify(src/vrx/vrx_urdf/wamv_description) by extensions ['colcon_pkg']
[0.228s] Level 1:colcon.colcon_core.package_identification:_identify(src/vrx/vrx_urdf/wamv_description) by extension 'colcon_pkg'
[0.228s] Level 1:colcon.colcon_core.package_identification:_identify(src/vrx/vrx_urdf/wamv_description) by extensions ['colcon_meta']
[0.228s] Level 1:colcon.colcon_core.package_identification:_identify(src/vrx/vrx_urdf/wamv_description) by extension 'colcon_meta'
[0.228s] Level 1:colcon.colcon_core.package_identification:_identify(src/vrx/vrx_urdf/wamv_description) by extensions ['ros']
[0.228s] Level 1:colcon.colcon_core.package_identification:_identify(src/vrx/vrx_urdf/wamv_description) by extension 'ros'
[0.228s] DEBUG:colcon.colcon_core.package_identification:Package 'src/vrx/vrx_urdf/wamv_description' with type 'ros.ament_cmake' and name 'wamv_description'
[0.228s] Level 1:colcon.colcon_core.package_identification:_identify(src/vrx/vrx_urdf/wamv_gazebo) by extensions ['ignore', 'ignore_ament_install']
[0.229s] Level 1:colcon.colcon_core.package_identification:_identify(src/vrx/vrx_urdf/wamv_gazebo) by extension 'ignore'
[0.229s] Level 1:colcon.colcon_core.package_identification:_identify(src/vrx/vrx_urdf/wamv_gazebo) by extension 'ignore_ament_install'
[0.229s] Level 1:colcon.colcon_core.package_identification:_identify(src/vrx/vrx_urdf/wamv_gazebo) by extensions ['colcon_pkg']
[0.229s] Level 1:colcon.colcon_core.package_identification:_identify(src/vrx/vrx_urdf/wamv_gazebo) by extension 'colcon_pkg'
[0.229s] Level 1:colcon.colcon_core.package_identification:_identify(src/vrx/vrx_urdf/wamv_gazebo) by extensions ['colcon_meta']
[0.229s] Level 1:colcon.colcon_core.package_identification:_identify(src/vrx/vrx_urdf/wamv_gazebo) by extension 'colcon_meta'
[0.229s] Level 1:colcon.colcon_core.package_identification:_identify(src/vrx/vrx_urdf/wamv_gazebo) by extensions ['ros']
[0.229s] Level 1:colcon.colcon_core.package_identification:_identify(src/vrx/vrx_urdf/wamv_gazebo) by extension 'ros'
[0.229s] DEBUG:colcon.colcon_core.package_identification:Package 'src/vrx/vrx_urdf/wamv_gazebo' with type 'ros.ament_cmake' and name 'wamv_gazebo'
[0.229s] Level 1:colcon.colcon_core.package_discovery:discover_packages(recursive) using defaults
[0.229s] Level 1:colcon.colcon_core.package_discovery:discover_packages(ignore) discover
[0.229s] Level 1:colcon.colcon_core.package_discovery:discover_packages(ignore) using defaults
[0.229s] Level 1:colcon.colcon_core.package_discovery:discover_packages(path) discover
[0.229s] Level 1:colcon.colcon_core.package_discovery:discover_packages(path) using defaults
[0.250s] Level 1:colcon.colcon_core.package_discovery:discover_packages(prefix_path) check parameters
[0.250s] Level 1:colcon.colcon_core.package_discovery:discover_packages(prefix_path) discover
[0.252s] DEBUG:colcon.colcon_installed_package_information.package_discovery:Found 5 installed packages in /home/neofelis/vrx_ws/install
[0.252s] DEBUG:colcon.colcon_installed_package_information.package_discovery:Found 329 installed packages in /opt/ros/humble
[0.253s] Level 1:colcon.colcon_core.package_discovery:discover_packages(prefix_path) using defaults
[0.277s] Level 5:colcon.colcon_core.verb:set package 'vrx_gazebo' build argument 'cmake_args' from command line to 'None'
[0.277s] Level 5:colcon.colcon_core.verb:set package 'vrx_gazebo' build argument 'cmake_target' from command line to 'None'
[0.277s] Level 5:colcon.colcon_core.verb:set package 'vrx_gazebo' build argument 'cmake_target_skip_unavailable' from command line to 'False'
[0.277s] Level 5:colcon.colcon_core.verb:set package 'vrx_gazebo' build argument 'cmake_clean_cache' from command line to 'False'
[0.277s] Level 5:colcon.colcon_core.verb:set package 'vrx_gazebo' build argument 'cmake_clean_first' from command line to 'False'
[0.277s] Level 5:colcon.colcon_core.verb:set package 'vrx_gazebo' build argument 'cmake_force_configure' from command line to 'False'
[0.277s] Level 5:colcon.colcon_core.verb:set package 'vrx_gazebo' build argument 'ament_cmake_args' from command line to 'None'
[0.277s] Level 5:colcon.colcon_core.verb:set package 'vrx_gazebo' build argument 'catkin_cmake_args' from command line to 'None'
[0.277s] Level 5:colcon.colcon_core.verb:set package 'vrx_gazebo' build argument 'catkin_skip_building_tests' from command line to 'False'
[0.277s] DEBUG:colcon.colcon_core.verb:Building package 'vrx_gazebo' with the following arguments: {'ament_cmake_args': None, 'build_base': '/home/neofelis/vrx_ws/build/vrx_gazebo', 'catkin_cmake_args': None, 'catkin_skip_building_tests': False, 'cmake_args': None, 'cmake_clean_cache': False, 'cmake_clean_first': False, 'cmake_force_configure': False, 'cmake_target': None, 'cmake_target_skip_unavailable': False, 'install_base': '/home/neofelis/vrx_ws/install', 'merge_install': True, 'path': '/home/neofelis/vrx_ws/src/vrx/vrx_urdf/vrx_gazebo', 'symlink_install': False, 'test_result_base': None}
[0.277s] Level 5:colcon.colcon_core.verb:set package 'vrx_ros' build argument 'cmake_args' from command line to 'None'
[0.277s] Level 5:colcon.colcon_core.verb:set package 'vrx_ros' build argument 'cmake_target' from command line to 'None'
[0.277s] Level 5:colcon.colcon_core.verb:set package 'vrx_ros' build argument 'cmake_target_skip_unavailable' from command line to 'False'
[0.277s] Level 5:colcon.colcon_core.verb:set package 'vrx_ros' build argument 'cmake_clean_cache' from command line to 'False'
[0.277s] Level 5:colcon.colcon_core.verb:set package 'vrx_ros' build argument 'cmake_clean_first' from command line to 'False'
[0.277s] Level 5:colcon.colcon_core.verb:set package 'vrx_ros' build argument 'cmake_force_configure' from command line to 'False'
[0.277s] Level 5:colcon.colcon_core.verb:set package 'vrx_ros' build argument 'ament_cmake_args' from command line to 'None'
[0.277s] Level 5:colcon.colcon_core.verb:set package 'vrx_ros' build argument 'catkin_cmake_args' from command line to 'None'
[0.277s] Level 5:colcon.colcon_core.verb:set package 'vrx_ros' build argument 'catkin_skip_building_tests' from command line to 'False'
[0.277s] DEBUG:colcon.colcon_core.verb:Building package 'vrx_ros' with the following arguments: {'ament_cmake_args': None, 'build_base': '/home/neofelis/vrx_ws/build/vrx_ros', 'catkin_cmake_args': None, 'catkin_skip_building_tests': False, 'cmake_args': None, 'cmake_clean_cache': False, 'cmake_clean_first': False, 'cmake_force_configure': False, 'cmake_target': None, 'cmake_target_skip_unavailable': False, 'install_base': '/home/neofelis/vrx_ws/install', 'merge_install': True, 'path': '/home/neofelis/vrx_ws/src/vrx/vrx_ros', 'symlink_install': False, 'test_result_base': None}
[0.277s] Level 5:colcon.colcon_core.verb:set package 'vrx_gz' build argument 'cmake_args' from command line to 'None'
[0.277s] Level 5:colcon.colcon_core.verb:set package 'vrx_gz' build argument 'cmake_target' from command line to 'None'
[0.277s] Level 5:colcon.colcon_core.verb:set package 'vrx_gz' build argument 'cmake_target_skip_unavailable' from command line to 'False'
[0.277s] Level 5:colcon.colcon_core.verb:set package 'vrx_gz' build argument 'cmake_clean_cache' from command line to 'False'
[0.277s] Level 5:colcon.colcon_core.verb:set package 'vrx_gz' build argument 'cmake_clean_first' from command line to 'False'
[0.277s] Level 5:colcon.colcon_core.verb:set package 'vrx_gz' build argument 'cmake_force_configure' from command line to 'False'
[0.277s] Level 5:colcon.colcon_core.verb:set package 'vrx_gz' build argument 'ament_cmake_args' from command line to 'None'
[0.277s] Level 5:colcon.colcon_core.verb:set package 'vrx_gz' build argument 'catkin_cmake_args' from command line to 'None'
[0.277s] Level 5:colcon.colcon_core.verb:set package 'vrx_gz' build argument 'catkin_skip_building_tests' from command line to 'False'
[0.277s] DEBUG:colcon.colcon_core.verb:Building package 'vrx_gz' with the following arguments: {'ament_cmake_args': None, 'build_base': '/home/neofelis/vrx_ws/build/vrx_gz', 'catkin_cmake_args': None, 'catkin_skip_building_tests': False, 'cmake_args': None, 'cmake_clean_cache': False, 'cmake_clean_first': False, 'cmake_force_configure': False, 'cmake_target': None, 'cmake_target_skip_unavailable': False, 'install_base': '/home/neofelis/vrx_ws/install', 'merge_install': True, 'path': '/home/neofelis/vrx_ws/src/vrx/vrx_gz', 'symlink_install': False, 'test_result_base': None}
[0.277s] Level 5:colcon.colcon_core.verb:set package 'wamv_description' build argument 'cmake_args' from command line to 'None'
[0.277s] Level 5:colcon.colcon_core.verb:set package 'wamv_description' build argument 'cmake_target' from command line to 'None'
[0.277s] Level 5:colcon.colcon_core.verb:set package 'wamv_description' build argument 'cmake_target_skip_unavailable' from command line to 'False'
[0.277s] Level 5:colcon.colcon_core.verb:set package 'wamv_description' build argument 'cmake_clean_cache' from command line to 'False'
[0.277s] Level 5:colcon.colcon_core.verb:set package 'wamv_description' build argument 'cmake_clean_first' from command line to 'False'
[0.277s] Level 5:colcon.colcon_core.verb:set package 'wamv_description' build argument 'cmake_force_configure' from command line to 'False'
[0.277s] Level 5:colcon.colcon_core.verb:set package 'wamv_description' build argument 'ament_cmake_args' from command line to 'None'
[0.278s] Level 5:colcon.colcon_core.verb:set package 'wamv_description' build argument 'catkin_cmake_args' from command line to 'None'
[0.278s] Level 5:colcon.colcon_core.verb:set package 'wamv_description' build argument 'catkin_skip_building_tests' from command line to 'False'
[0.278s] DEBUG:colcon.colcon_core.verb:Building package 'wamv_description' with the following arguments: {'ament_cmake_args': None, 'build_base': '/home/neofelis/vrx_ws/build/wamv_description', 'catkin_cmake_args': None, 'catkin_skip_building_tests': False, 'cmake_args': None, 'cmake_clean_cache': False, 'cmake_clean_first': False, 'cmake_force_configure': False, 'cmake_target': None, 'cmake_target_skip_unavailable': False, 'install_base': '/home/neofelis/vrx_ws/install', 'merge_install': True, 'path': '/home/neofelis/vrx_ws/src/vrx/vrx_urdf/wamv_description', 'symlink_install': False, 'test_result_base': None}
[0.278s] Level 5:colcon.colcon_core.verb:set package 'wamv_gazebo' build argument 'cmake_args' from command line to 'None'
[0.278s] Level 5:colcon.colcon_core.verb:set package 'wamv_gazebo' build argument 'cmake_target' from command line to 'None'
[0.278s] Level 5:colcon.colcon_core.verb:set package 'wamv_gazebo' build argument 'cmake_target_skip_unavailable' from command line to 'False'
[0.278s] Level 5:colcon.colcon_core.verb:set package 'wamv_gazebo' build argument 'cmake_clean_cache' from command line to 'False'
[0.278s] Level 5:colcon.colcon_core.verb:set package 'wamv_gazebo' build argument 'cmake_clean_first' from command line to 'False'
[0.278s] Level 5:colcon.colcon_core.verb:set package 'wamv_gazebo' build argument 'cmake_force_configure' from command line to 'False'
[0.278s] Level 5:colcon.colcon_core.verb:set package 'wamv_gazebo' build argument 'ament_cmake_args' from command line to 'None'
[0.278s] Level 5:colcon.colcon_core.verb:set package 'wamv_gazebo' build argument 'catkin_cmake_args' from command line to 'None'
[0.278s] Level 5:colcon.colcon_core.verb:set package 'wamv_gazebo' build argument 'catkin_skip_building_tests' from command line to 'False'
[0.278s] DEBUG:colcon.colcon_core.verb:Building package 'wamv_gazebo' with the following arguments: {'ament_cmake_args': None, 'build_base': '/home/neofelis/vrx_ws/build/wamv_gazebo', 'catkin_cmake_args': None, 'catkin_skip_building_tests': False, 'cmake_args': None, 'cmake_clean_cache': False, 'cmake_clean_first': False, 'cmake_force_configure': False, 'cmake_target': None, 'cmake_target_skip_unavailable': False, 'install_base': '/home/neofelis/vrx_ws/install', 'merge_install': True, 'path': '/home/neofelis/vrx_ws/src/vrx/vrx_urdf/wamv_gazebo', 'symlink_install': False, 'test_result_base': None}
[0.278s] INFO:colcon.colcon_core.executor:Executing jobs using 'parallel' executor
[0.278s] DEBUG:colcon.colcon_parallel_executor.executor.parallel:run_until_complete
[0.279s] INFO:colcon.colcon_ros.task.ament_cmake.build:Building ROS package in '/home/neofelis/vrx_ws/src/vrx/vrx_urdf/vrx_gazebo' with build type 'ament_cmake'
[0.279s] INFO:colcon.colcon_cmake.task.cmake.build:Building CMake package in '/home/neofelis/vrx_ws/src/vrx/vrx_urdf/vrx_gazebo'
[0.281s] INFO:colcon.colcon_core.plugin_system:Skipping extension 'colcon_core.shell.bat': Not used on non-Windows systems
[0.281s] INFO:colcon.colcon_core.shell:Skip shell extension 'powershell' for command environment: Not usable outside of PowerShell
[0.281s] DEBUG:colcon.colcon_core.shell:Skip shell extension 'dsv' for command environment
[0.283s] INFO:colcon.colcon_ros.task.ament_cmake.build:Building ROS package in '/home/neofelis/vrx_ws/src/vrx/vrx_ros' with build type 'ament_cmake'
[0.283s] INFO:colcon.colcon_cmake.task.cmake.build:Building CMake package in '/home/neofelis/vrx_ws/src/vrx/vrx_ros'
[0.283s] INFO:colcon.colcon_core.shell:Skip shell extension 'powershell' for command environment: Not usable outside of PowerShell
[0.283s] DEBUG:colcon.colcon_core.shell:Skip shell extension 'dsv' for command environment
[0.289s] DEBUG:colcon.colcon_core.event_handler.log_command:Invoking command in '/home/neofelis/vrx_ws/build/vrx_gazebo': CMAKE_PREFIX_PATH=${CMAKE_PREFIX_PATH}:/opt/ros/humble /usr/bin/cmake --build /home/neofelis/vrx_ws/build/vrx_gazebo -- -j16 -l16
[0.292s] DEBUG:colcon.colcon_core.event_handler.log_command:Invoking command in '/home/neofelis/vrx_ws/build/vrx_ros': CMAKE_PREFIX_PATH=${CMAKE_PREFIX_PATH}:/opt/ros/humble /usr/bin/cmake --build /home/neofelis/vrx_ws/build/vrx_ros -- -j16 -l16
[0.359s] DEBUG:colcon.colcon_core.event_handler.log_command:Invoked command in '/home/neofelis/vrx_ws/build/vrx_ros' returned '0': CMAKE_PREFIX_PATH=${CMAKE_PREFIX_PATH}:/opt/ros/humble /usr/bin/cmake --build /home/neofelis/vrx_ws/build/vrx_ros -- -j16 -l16
[0.365s] DEBUG:colcon.colcon_core.event_handler.log_command:Invoking command in '/home/neofelis/vrx_ws/build/vrx_ros': CMAKE_PREFIX_PATH=${CMAKE_PREFIX_PATH}:/opt/ros/humble /usr/bin/cmake --install /home/neofelis/vrx_ws/build/vrx_ros
[0.371s] Level 1:colcon.colcon_core.environment:create_environment_scripts_only(vrx_ros)
[0.371s] DEBUG:colcon.colcon_core.event_handler.log_command:Invoked command in '/home/neofelis/vrx_ws/build/vrx_ros' returned '0': CMAKE_PREFIX_PATH=${CMAKE_PREFIX_PATH}:/opt/ros/humble /usr/bin/cmake --install /home/neofelis/vrx_ws/build/vrx_ros
[0.374s] Level 1:colcon.colcon_core.environment:checking '/home/neofelis/vrx_ws/install' for CMake module files
[0.375s] Level 1:colcon.colcon_core.environment:checking '/home/neofelis/vrx_ws/install' for CMake config files
[0.376s] Level 1:colcon.colcon_core.shell:create_environment_hook('vrx_ros', 'cmake_prefix_path')
[0.376s] INFO:colcon.colcon_core.shell:Creating environment hook '/home/neofelis/vrx_ws/install/share/vrx_ros/hook/cmake_prefix_path.ps1'
[0.377s] INFO:colcon.colcon_core.shell:Creating environment descriptor '/home/neofelis/vrx_ws/install/share/vrx_ros/hook/cmake_prefix_path.dsv'
[0.377s] INFO:colcon.colcon_core.shell:Creating environment hook '/home/neofelis/vrx_ws/install/share/vrx_ros/hook/cmake_prefix_path.sh'
[0.378s] Level 1:colcon.colcon_core.environment:checking '/home/neofelis/vrx_ws/install/lib'
[0.378s] Level 1:colcon.colcon_core.shell:create_environment_hook('vrx_ros', 'ld_library_path_lib')
[0.378s] INFO:colcon.colcon_core.shell:Creating environment hook '/home/neofelis/vrx_ws/install/share/vrx_ros/hook/ld_library_path_lib.ps1'
[0.378s] INFO:colcon.colcon_core.shell:Creating environment descriptor '/home/neofelis/vrx_ws/install/share/vrx_ros/hook/ld_library_path_lib.dsv'
[0.378s] INFO:colcon.colcon_core.shell:Creating environment hook '/home/neofelis/vrx_ws/install/share/vrx_ros/hook/ld_library_path_lib.sh'
[0.379s] Level 1:colcon.colcon_core.environment:checking '/home/neofelis/vrx_ws/install/bin'
[0.379s] Level 1:colcon.colcon_core.environment:checking '/home/neofelis/vrx_ws/install/lib/pkgconfig/vrx_ros.pc'
[0.379s] Level 1:colcon.colcon_core.environment:checking '/home/neofelis/vrx_ws/install/lib/python3.10/site-packages'
[0.379s] Level 1:colcon.colcon_core.environment:checking '/home/neofelis/vrx_ws/install/bin'
[0.379s] INFO:colcon.colcon_core.shell:Creating package script '/home/neofelis/vrx_ws/install/share/vrx_ros/package.ps1'
[0.380s] INFO:colcon.colcon_core.shell:Creating package descriptor '/home/neofelis/vrx_ws/install/share/vrx_ros/package.dsv'
[0.380s] INFO:colcon.colcon_core.shell:Creating package script '/home/neofelis/vrx_ws/install/share/vrx_ros/package.sh'
[0.381s] INFO:colcon.colcon_core.shell:Creating package script '/home/neofelis/vrx_ws/install/share/vrx_ros/package.bash'
[0.381s] INFO:colcon.colcon_core.shell:Creating package script '/home/neofelis/vrx_ws/install/share/vrx_ros/package.zsh'
[0.382s] Level 1:colcon.colcon_core.environment:create_file_with_runtime_dependencies(/home/neofelis/vrx_ws/install/share/colcon-core/packages/vrx_ros)
[0.382s] Level 1:colcon.colcon_core.environment:create_environment_scripts_only(vrx_ros)
[0.382s] Level 1:colcon.colcon_core.environment:checking '/home/neofelis/vrx_ws/install' for CMake module files
[0.382s] Level 1:colcon.colcon_core.environment:checking '/home/neofelis/vrx_ws/install' for CMake config files
[0.383s] Level 1:colcon.colcon_core.shell:create_environment_hook('vrx_ros', 'cmake_prefix_path')
[0.383s] INFO:colcon.colcon_core.shell:Creating environment hook '/home/neofelis/vrx_ws/install/share/vrx_ros/hook/cmake_prefix_path.ps1'
[0.383s] INFO:colcon.colcon_core.shell:Creating environment descriptor '/home/neofelis/vrx_ws/install/share/vrx_ros/hook/cmake_prefix_path.dsv'
[0.383s] INFO:colcon.colcon_core.shell:Creating environment hook '/home/neofelis/vrx_ws/install/share/vrx_ros/hook/cmake_prefix_path.sh'
[0.383s] Level 1:colcon.colcon_core.environment:checking '/home/neofelis/vrx_ws/install/lib'
[0.384s] Level 1:colcon.colcon_core.shell:create_environment_hook('vrx_ros', 'ld_library_path_lib')
[0.384s] INFO:colcon.colcon_core.shell:Creating environment hook '/home/neofelis/vrx_ws/install/share/vrx_ros/hook/ld_library_path_lib.ps1'
[0.384s] INFO:colcon.colcon_core.shell:Creating environment descriptor '/home/neofelis/vrx_ws/install/share/vrx_ros/hook/ld_library_path_lib.dsv'
[0.384s] INFO:colcon.colcon_core.shell:Creating environment hook '/home/neofelis/vrx_ws/install/share/vrx_ros/hook/ld_library_path_lib.sh'
[0.384s] Level 1:colcon.colcon_core.environment:checking '/home/neofelis/vrx_ws/install/bin'
[0.384s] Level 1:colcon.colcon_core.environment:checking '/home/neofelis/vrx_ws/install/lib/pkgconfig/vrx_ros.pc'
[0.384s] Level 1:colcon.colcon_core.environment:checking '/home/neofelis/vrx_ws/install/lib/python3.10/site-packages'
[0.384s] Level 1:colcon.colcon_core.environment:checking '/home/neofelis/vrx_ws/install/bin'
[0.385s] INFO:colcon.colcon_core.shell:Creating package script '/home/neofelis/vrx_ws/install/share/vrx_ros/package.ps1'
[0.385s] INFO:colcon.colcon_core.shell:Creating package descriptor '/home/neofelis/vrx_ws/install/share/vrx_ros/package.dsv'
[0.385s] INFO:colcon.colcon_core.shell:Creating package script '/home/neofelis/vrx_ws/install/share/vrx_ros/package.sh'
[0.385s] INFO:colcon.colcon_core.shell:Creating package script '/home/neofelis/vrx_ws/install/share/vrx_ros/package.bash'
[0.386s] INFO:colcon.colcon_core.shell:Creating package script '/home/neofelis/vrx_ws/install/share/vrx_ros/package.zsh'
[0.386s] Level 1:colcon.colcon_core.environment:create_file_with_runtime_dependencies(/home/neofelis/vrx_ws/install/share/colcon-core/packages/vrx_ros)
[0.386s] INFO:colcon.colcon_ros.task.ament_cmake.build:Building ROS package in '/home/neofelis/vrx_ws/src/vrx/vrx_gz' with build type 'ament_cmake'
[0.386s] INFO:colcon.colcon_cmake.task.cmake.build:Building CMake package in '/home/neofelis/vrx_ws/src/vrx/vrx_gz'
[0.386s] INFO:colcon.colcon_core.shell:Skip shell extension 'powershell' for command environment: Not usable outside of PowerShell
[0.386s] DEBUG:colcon.colcon_core.shell:Skip shell extension 'dsv' for command environment
[0.393s] DEBUG:colcon.colcon_core.event_handler.log_command:Invoking command in '/home/neofelis/vrx_ws/build/vrx_gz': CMAKE_PREFIX_PATH=${CMAKE_PREFIX_PATH}:/opt/ros/humble /usr/bin/cmake --build /home/neofelis/vrx_ws/build/vrx_gz -- -j16 -l16
[0.542s] DEBUG:colcon.colcon_core.event_handler.log_command:Invoked command in '/home/neofelis/vrx_ws/build/vrx_gazebo' returned '0': CMAKE_PREFIX_PATH=${CMAKE_PREFIX_PATH}:/opt/ros/humble /usr/bin/cmake --build /home/neofelis/vrx_ws/build/vrx_gazebo -- -j16 -l16
[0.544s] DEBUG:colcon.colcon_core.event_handler.log_command:Invoking command in '/home/neofelis/vrx_ws/build/vrx_gazebo': CMAKE_PREFIX_PATH=${CMAKE_PREFIX_PATH}:/opt/ros/humble /usr/bin/cmake --install /home/neofelis/vrx_ws/build/vrx_gazebo
[0.575s] Level 1:colcon.colcon_core.environment:create_environment_scripts_only(vrx_gazebo)
[0.576s] DEBUG:colcon.colcon_core.event_handler.log_command:Invoked command in '/home/neofelis/vrx_ws/build/vrx_gazebo' returned '0': CMAKE_PREFIX_PATH=${CMAKE_PREFIX_PATH}:/opt/ros/humble /usr/bin/cmake --install /home/neofelis/vrx_ws/build/vrx_gazebo
[0.576s] Level 1:colcon.colcon_core.environment:checking '/home/neofelis/vrx_ws/install' for CMake module files
[0.576s] Level 1:colcon.colcon_core.environment:checking '/home/neofelis/vrx_ws/install' for CMake config files
[0.576s] Level 1:colcon.colcon_core.shell:create_environment_hook('vrx_gazebo', 'cmake_prefix_path')
[0.577s] INFO:colcon.colcon_core.shell:Creating environment hook '/home/neofelis/vrx_ws/install/share/vrx_gazebo/hook/cmake_prefix_path.ps1'
[0.577s] INFO:colcon.colcon_core.shell:Creating environment descriptor '/home/neofelis/vrx_ws/install/share/vrx_gazebo/hook/cmake_prefix_path.dsv'
[0.577s] INFO:colcon.colcon_core.shell:Creating environment hook '/home/neofelis/vrx_ws/install/share/vrx_gazebo/hook/cmake_prefix_path.sh'
[0.577s] Level 1:colcon.colcon_core.environment:checking '/home/neofelis/vrx_ws/install/lib'
[0.578s] Level 1:colcon.colcon_core.shell:create_environment_hook('vrx_gazebo', 'ld_library_path_lib')
[0.578s] INFO:colcon.colcon_core.shell:Creating environment hook '/home/neofelis/vrx_ws/install/share/vrx_gazebo/hook/ld_library_path_lib.ps1'
[0.578s] INFO:colcon.colcon_core.shell:Creating environment descriptor '/home/neofelis/vrx_ws/install/share/vrx_gazebo/hook/ld_library_path_lib.dsv'
[0.578s] INFO:colcon.colcon_core.shell:Creating environment hook '/home/neofelis/vrx_ws/install/share/vrx_gazebo/hook/ld_library_path_lib.sh'
[0.578s] Level 1:colcon.colcon_core.environment:checking '/home/neofelis/vrx_ws/install/bin'
[0.578s] Level 1:colcon.colcon_core.environment:checking '/home/neofelis/vrx_ws/install/lib/pkgconfig/vrx_gazebo.pc'
[0.578s] Level 1:colcon.colcon_core.environment:checking '/home/neofelis/vrx_ws/install/lib/python3.10/site-packages'
[0.579s] Level 1:colcon.colcon_core.environment:checking '/home/neofelis/vrx_ws/install/bin'
[0.579s] INFO:colcon.colcon_core.shell:Creating package script '/home/neofelis/vrx_ws/install/share/vrx_gazebo/package.ps1'
[0.579s] INFO:colcon.colcon_core.shell:Creating package descriptor '/home/neofelis/vrx_ws/install/share/vrx_gazebo/package.dsv'
[0.579s] INFO:colcon.colcon_core.shell:Creating package script '/home/neofelis/vrx_ws/install/share/vrx_gazebo/package.sh'
[0.580s] INFO:colcon.colcon_core.shell:Creating package script '/home/neofelis/vrx_ws/install/share/vrx_gazebo/package.bash'
[0.580s] INFO:colcon.colcon_core.shell:Creating package script '/home/neofelis/vrx_ws/install/share/vrx_gazebo/package.zsh'
[0.580s] Level 1:colcon.colcon_core.environment:create_file_with_runtime_dependencies(/home/neofelis/vrx_ws/install/share/colcon-core/packages/vrx_gazebo)
[0.580s] Level 1:colcon.colcon_core.environment:create_environment_scripts_only(vrx_gazebo)
[0.580s] Level 1:colcon.colcon_core.environment:checking '/home/neofelis/vrx_ws/install' for CMake module files
[0.581s] Level 1:colcon.colcon_core.environment:checking '/home/neofelis/vrx_ws/install' for CMake config files
[0.581s] Level 1:colcon.colcon_core.shell:create_environment_hook('vrx_gazebo', 'cmake_prefix_path')
[0.581s] INFO:colcon.colcon_core.shell:Creating environment hook '/home/neofelis/vrx_ws/install/share/vrx_gazebo/hook/cmake_prefix_path.ps1'
[0.581s] INFO:colcon.colcon_core.shell:Creating environment descriptor '/home/neofelis/vrx_ws/install/share/vrx_gazebo/hook/cmake_prefix_path.dsv'
[0.581s] INFO:colcon.colcon_core.shell:Creating environment hook '/home/neofelis/vrx_ws/install/share/vrx_gazebo/hook/cmake_prefix_path.sh'
[0.582s] Level 1:colcon.colcon_core.environment:checking '/home/neofelis/vrx_ws/install/lib'
[0.582s] Level 1:colcon.colcon_core.shell:create_environment_hook('vrx_gazebo', 'ld_library_path_lib')
[0.582s] INFO:colcon.colcon_core.shell:Creating environment hook '/home/neofelis/vrx_ws/install/share/vrx_gazebo/hook/ld_library_path_lib.ps1'
[0.582s] INFO:colcon.colcon_core.shell:Creating environment descriptor '/home/neofelis/vrx_ws/install/share/vrx_gazebo/hook/ld_library_path_lib.dsv'
[0.582s] INFO:colcon.colcon_core.shell:Creating environment hook '/home/neofelis/vrx_ws/install/share/vrx_gazebo/hook/ld_library_path_lib.sh'
[0.582s] Level 1:colcon.colcon_core.environment:checking '/home/neofelis/vrx_ws/install/bin'
[0.582s] Level 1:colcon.colcon_core.environment:checking '/home/neofelis/vrx_ws/install/lib/pkgconfig/vrx_gazebo.pc'
[0.583s] Level 1:colcon.colcon_core.environment:checking '/home/neofelis/vrx_ws/install/lib/python3.10/site-packages'
[0.583s] Level 1:colcon.colcon_core.environment:checking '/home/neofelis/vrx_ws/install/bin'
[0.583s] INFO:colcon.colcon_core.shell:Creating package script '/home/neofelis/vrx_ws/install/share/vrx_gazebo/package.ps1'
[0.583s] INFO:colcon.colcon_core.shell:Creating package descriptor '/home/neofelis/vrx_ws/install/share/vrx_gazebo/package.dsv'
[0.583s] INFO:colcon.colcon_core.shell:Creating package script '/home/neofelis/vrx_ws/install/share/vrx_gazebo/package.sh'
[0.584s] INFO:colcon.colcon_core.shell:Creating package script '/home/neofelis/vrx_ws/install/share/vrx_gazebo/package.bash'
[0.584s] INFO:colcon.colcon_core.shell:Creating package script '/home/neofelis/vrx_ws/install/share/vrx_gazebo/package.zsh'
[0.584s] Level 1:colcon.colcon_core.environment:create_file_with_runtime_dependencies(/home/neofelis/vrx_ws/install/share/colcon-core/packages/vrx_gazebo)
[0.584s] INFO:colcon.colcon_ros.task.ament_cmake.build:Building ROS package in '/home/neofelis/vrx_ws/src/vrx/vrx_urdf/wamv_description' with build type 'ament_cmake'
[0.584s] INFO:colcon.colcon_cmake.task.cmake.build:Building CMake package in '/home/neofelis/vrx_ws/src/vrx/vrx_urdf/wamv_description'
[0.584s] INFO:colcon.colcon_core.shell:Skip shell extension 'powershell' for command environment: Not usable outside of PowerShell
[0.584s] DEBUG:colcon.colcon_core.shell:Skip shell extension 'dsv' for command environment
[0.591s] DEBUG:colcon.colcon_core.event_handler.log_command:Invoking command in '/home/neofelis/vrx_ws/build/wamv_description': CMAKE_PREFIX_PATH=${CMAKE_PREFIX_PATH}:/opt/ros/humble GZ_SIM_RESOURCE_PATH=/home/neofelis/vrx_ws/install/share:${GZ_SIM_RESOURCE_PATH} /usr/bin/cmake --build /home/neofelis/vrx_ws/build/wamv_description -- -j16 -l16
[0.628s] DEBUG:colcon.colcon_core.event_handler.log_command:Invoked command in '/home/neofelis/vrx_ws/build/wamv_description' returned '0': CMAKE_PREFIX_PATH=${CMAKE_PREFIX_PATH}:/opt/ros/humble GZ_SIM_RESOURCE_PATH=/home/neofelis/vrx_ws/install/share:${GZ_SIM_RESOURCE_PATH} /usr/bin/cmake --build /home/neofelis/vrx_ws/build/wamv_description -- -j16 -l16
[0.629s] DEBUG:colcon.colcon_core.event_handler.log_command:Invoking command in '/home/neofelis/vrx_ws/build/wamv_description': CMAKE_PREFIX_PATH=${CMAKE_PREFIX_PATH}:/opt/ros/humble GZ_SIM_RESOURCE_PATH=/home/neofelis/vrx_ws/install/share:${GZ_SIM_RESOURCE_PATH} /usr/bin/cmake --install /home/neofelis/vrx_ws/build/wamv_description
[0.636s] Level 1:colcon.colcon_core.environment:create_environment_scripts_only(wamv_description)
[0.637s] Level 1:colcon.colcon_core.environment:checking '/home/neofelis/vrx_ws/install' for CMake module files
[0.637s] DEBUG:colcon.colcon_core.event_handler.log_command:Invoked command in '/home/neofelis/vrx_ws/build/wamv_description' returned '0': CMAKE_PREFIX_PATH=${CMAKE_PREFIX_PATH}:/opt/ros/humble GZ_SIM_RESOURCE_PATH=/home/neofelis/vrx_ws/install/share:${GZ_SIM_RESOURCE_PATH} /usr/bin/cmake --install /home/neofelis/vrx_ws/build/wamv_description
[0.637s] Level 1:colcon.colcon_core.environment:checking '/home/neofelis/vrx_ws/install' for CMake config files
[0.637s] Level 1:colcon.colcon_core.shell:create_environment_hook('wamv_description', 'cmake_prefix_path')
[0.637s] INFO:colcon.colcon_core.shell:Creating environment hook '/home/neofelis/vrx_ws/install/share/wamv_description/hook/cmake_prefix_path.ps1'
[0.638s] INFO:colcon.colcon_core.shell:Creating environment descriptor '/home/neofelis/vrx_ws/install/share/wamv_description/hook/cmake_prefix_path.dsv'
[0.638s] INFO:colcon.colcon_core.shell:Creating environment hook '/home/neofelis/vrx_ws/install/share/wamv_description/hook/cmake_prefix_path.sh'
[0.638s] Level 1:colcon.colcon_core.environment:checking '/home/neofelis/vrx_ws/install/lib'
[0.638s] Level 1:colcon.colcon_core.shell:create_environment_hook('wamv_description', 'ld_library_path_lib')
[0.638s] INFO:colcon.colcon_core.shell:Creating environment hook '/home/neofelis/vrx_ws/install/share/wamv_description/hook/ld_library_path_lib.ps1'
[0.639s] INFO:colcon.colcon_core.shell:Creating environment descriptor '/home/neofelis/vrx_ws/install/share/wamv_description/hook/ld_library_path_lib.dsv'
[0.639s] INFO:colcon.colcon_core.shell:Creating environment hook '/home/neofelis/vrx_ws/install/share/wamv_description/hook/ld_library_path_lib.sh'
[0.639s] Level 1:colcon.colcon_core.environment:checking '/home/neofelis/vrx_ws/install/bin'
[0.639s] Level 1:colcon.colcon_core.environment:checking '/home/neofelis/vrx_ws/install/lib/pkgconfig/wamv_description.pc'
[0.639s] Level 1:colcon.colcon_core.environment:checking '/home/neofelis/vrx_ws/install/lib/python3.10/site-packages'
[0.640s] Level 1:colcon.colcon_core.environment:checking '/home/neofelis/vrx_ws/install/bin'
[0.640s] INFO:colcon.colcon_core.shell:Creating package script '/home/neofelis/vrx_ws/install/share/wamv_description/package.ps1'
[0.640s] INFO:colcon.colcon_core.shell:Creating package descriptor '/home/neofelis/vrx_ws/install/share/wamv_description/package.dsv'
[0.640s] INFO:colcon.colcon_core.shell:Creating package script '/home/neofelis/vrx_ws/install/share/wamv_description/package.sh'
[0.640s] INFO:colcon.colcon_core.shell:Creating package script '/home/neofelis/vrx_ws/install/share/wamv_description/package.bash'
[0.641s] INFO:colcon.colcon_core.shell:Creating package script '/home/neofelis/vrx_ws/install/share/wamv_description/package.zsh'
[0.641s] Level 1:colcon.colcon_core.environment:create_file_with_runtime_dependencies(/home/neofelis/vrx_ws/install/share/colcon-core/packages/wamv_description)
[0.641s] Level 1:colcon.colcon_core.environment:create_environment_scripts_only(wamv_description)
[0.641s] Level 1:colcon.colcon_core.environment:checking '/home/neofelis/vrx_ws/install' for CMake module files
[0.641s] Level 1:colcon.colcon_core.environment:checking '/home/neofelis/vrx_ws/install' for CMake config files
[0.642s] Level 1:colcon.colcon_core.shell:create_environment_hook('wamv_description', 'cmake_prefix_path')
[0.642s] INFO:colcon.colcon_core.shell:Creating environment hook '/home/neofelis/vrx_ws/install/share/wamv_description/hook/cmake_prefix_path.ps1'
[0.642s] INFO:colcon.colcon_core.shell:Creating environment descriptor '/home/neofelis/vrx_ws/install/share/wamv_description/hook/cmake_prefix_path.dsv'
[0.642s] INFO:colcon.colcon_core.shell:Creating environment hook '/home/neofelis/vrx_ws/install/share/wamv_description/hook/cmake_prefix_path.sh'
[0.643s] Level 1:colcon.colcon_core.environment:checking '/home/neofelis/vrx_ws/install/lib'
[0.643s] Level 1:colcon.colcon_core.shell:create_environment_hook('wamv_description', 'ld_library_path_lib')
[0.643s] INFO:colcon.colcon_core.shell:Creating environment hook '/home/neofelis/vrx_ws/install/share/wamv_description/hook/ld_library_path_lib.ps1'
[0.643s] INFO:colcon.colcon_core.shell:Creating environment descriptor '/home/neofelis/vrx_ws/install/share/wamv_description/hook/ld_library_path_lib.dsv'
[0.643s] INFO:colcon.colcon_core.shell:Creating environment hook '/home/neofelis/vrx_ws/install/share/wamv_description/hook/ld_library_path_lib.sh'
[0.643s] Level 1:colcon.colcon_core.environment:checking '/home/neofelis/vrx_ws/install/bin'
[0.643s] Level 1:colcon.colcon_core.environment:checking '/home/neofelis/vrx_ws/install/lib/pkgconfig/wamv_description.pc'
[0.643s] Level 1:colcon.colcon_core.environment:checking '/home/neofelis/vrx_ws/install/lib/python3.10/site-packages'
[0.644s] Level 1:colcon.colcon_core.environment:checking '/home/neofelis/vrx_ws/install/bin'
[0.644s] INFO:colcon.colcon_core.shell:Creating package script '/home/neofelis/vrx_ws/install/share/wamv_description/package.ps1'
[0.644s] INFO:colcon.colcon_core.shell:Creating package descriptor '/home/neofelis/vrx_ws/install/share/wamv_description/package.dsv'
[0.644s] INFO:colcon.colcon_core.shell:Creating package script '/home/neofelis/vrx_ws/install/share/wamv_description/package.sh'
[0.645s] INFO:colcon.colcon_core.shell:Creating package script '/home/neofelis/vrx_ws/install/share/wamv_description/package.bash'
[0.645s] INFO:colcon.colcon_core.shell:Creating package script '/home/neofelis/vrx_ws/install/share/wamv_description/package.zsh'
[0.645s] Level 1:colcon.colcon_core.environment:create_file_with_runtime_dependencies(/home/neofelis/vrx_ws/install/share/colcon-core/packages/wamv_description)
[0.645s] INFO:colcon.colcon_ros.task.ament_cmake.build:Building ROS package in '/home/neofelis/vrx_ws/src/vrx/vrx_urdf/wamv_gazebo' with build type 'ament_cmake'
[0.645s] INFO:colcon.colcon_cmake.task.cmake.build:Building CMake package in '/home/neofelis/vrx_ws/src/vrx/vrx_urdf/wamv_gazebo'
[0.646s] INFO:colcon.colcon_core.shell:Skip shell extension 'powershell' for command environment: Not usable outside of PowerShell
[0.646s] DEBUG:colcon.colcon_core.shell:Skip shell extension 'dsv' for command environment
[0.648s] DEBUG:colcon.colcon_core.event_handler.log_command:Invoked command in '/home/neofelis/vrx_ws/build/vrx_gz' returned '0': CMAKE_PREFIX_PATH=${CMAKE_PREFIX_PATH}:/opt/ros/humble /usr/bin/cmake --build /home/neofelis/vrx_ws/build/vrx_gz -- -j16 -l16
[0.649s] DEBUG:colcon.colcon_core.event_handler.log_command:Invoking command in '/home/neofelis/vrx_ws/build/vrx_gz': CMAKE_PREFIX_PATH=${CMAKE_PREFIX_PATH}:/opt/ros/humble /usr/bin/cmake --install /home/neofelis/vrx_ws/build/vrx_gz
[0.652s] DEBUG:colcon.colcon_core.event_handler.log_command:Invoking command in '/home/neofelis/vrx_ws/build/wamv_gazebo': CMAKE_PREFIX_PATH=${CMAKE_PREFIX_PATH}:/opt/ros/humble GZ_SIM_RESOURCE_PATH=/home/neofelis/vrx_ws/install/share:${GZ_SIM_RESOURCE_PATH} /usr/bin/cmake --build /home/neofelis/vrx_ws/build/wamv_gazebo -- -j16 -l16
[0.675s] DEBUG:colcon.colcon_core.event_handler.log_command:Invoked command in '/home/neofelis/vrx_ws/build/wamv_gazebo' returned '0': CMAKE_PREFIX_PATH=${CMAKE_PREFIX_PATH}:/opt/ros/humble GZ_SIM_RESOURCE_PATH=/home/neofelis/vrx_ws/install/share:${GZ_SIM_RESOURCE_PATH} /usr/bin/cmake --build /home/neofelis/vrx_ws/build/wamv_gazebo -- -j16 -l16
[0.677s] DEBUG:colcon.colcon_core.event_handler.log_command:Invoking command in '/home/neofelis/vrx_ws/build/wamv_gazebo': CMAKE_PREFIX_PATH=${CMAKE_PREFIX_PATH}:/opt/ros/humble GZ_SIM_RESOURCE_PATH=/home/neofelis/vrx_ws/install/share:${GZ_SIM_RESOURCE_PATH} /usr/bin/cmake --install /home/neofelis/vrx_ws/build/wamv_gazebo
[0.684s] Level 1:colcon.colcon_core.environment:create_environment_scripts_only(wamv_gazebo)
[0.684s] DEBUG:colcon.colcon_core.event_handler.log_command:Invoked command in '/home/neofelis/vrx_ws/build/wamv_gazebo' returned '0': CMAKE_PREFIX_PATH=${CMAKE_PREFIX_PATH}:/opt/ros/humble GZ_SIM_RESOURCE_PATH=/home/neofelis/vrx_ws/install/share:${GZ_SIM_RESOURCE_PATH} /usr/bin/cmake --install /home/neofelis/vrx_ws/build/wamv_gazebo
[0.684s] Level 1:colcon.colcon_core.environment:checking '/home/neofelis/vrx_ws/install' for CMake module files
[0.685s] Level 1:colcon.colcon_core.environment:checking '/home/neofelis/vrx_ws/install' for CMake config files
[0.685s] Level 1:colcon.colcon_core.shell:create_environment_hook('wamv_gazebo', 'cmake_prefix_path')
[0.685s] INFO:colcon.colcon_core.shell:Creating environment hook '/home/neofelis/vrx_ws/install/share/wamv_gazebo/hook/cmake_prefix_path.ps1'
[0.686s] INFO:colcon.colcon_core.shell:Creating environment descriptor '/home/neofelis/vrx_ws/install/share/wamv_gazebo/hook/cmake_prefix_path.dsv'
[0.686s] INFO:colcon.colcon_core.shell:Creating environment hook '/home/neofelis/vrx_ws/install/share/wamv_gazebo/hook/cmake_prefix_path.sh'
[0.687s] Level 1:colcon.colcon_core.environment:checking '/home/neofelis/vrx_ws/install/lib'
[0.687s] Level 1:colcon.colcon_core.shell:create_environment_hook('wamv_gazebo', 'ld_library_path_lib')
[0.687s] INFO:colcon.colcon_core.shell:Creating environment hook '/home/neofelis/vrx_ws/install/share/wamv_gazebo/hook/ld_library_path_lib.ps1'
[0.688s] INFO:colcon.colcon_core.shell:Creating environment descriptor '/home/neofelis/vrx_ws/install/share/wamv_gazebo/hook/ld_library_path_lib.dsv'
[0.688s] INFO:colcon.colcon_core.shell:Creating environment hook '/home/neofelis/vrx_ws/install/share/wamv_gazebo/hook/ld_library_path_lib.sh'
[0.689s] Level 1:colcon.colcon_core.environment:checking '/home/neofelis/vrx_ws/install/bin'
[0.690s] Level 1:colcon.colcon_core.environment:checking '/home/neofelis/vrx_ws/install/lib/pkgconfig/wamv_gazebo.pc'
[0.690s] Level 1:colcon.colcon_core.environment:checking '/home/neofelis/vrx_ws/install/lib/python3.10/site-packages'
[0.690s] Level 1:colcon.colcon_core.environment:checking '/home/neofelis/vrx_ws/install/bin'
[0.690s] INFO:colcon.colcon_core.shell:Creating package script '/home/neofelis/vrx_ws/install/share/wamv_gazebo/package.ps1'
[0.692s] INFO:colcon.colcon_core.shell:Creating package descriptor '/home/neofelis/vrx_ws/install/share/wamv_gazebo/package.dsv'
[0.693s] INFO:colcon.colcon_core.shell:Creating package script '/home/neofelis/vrx_ws/install/share/wamv_gazebo/package.sh'
[0.694s] INFO:colcon.colcon_core.shell:Creating package script '/home/neofelis/vrx_ws/install/share/wamv_gazebo/package.bash'
[0.694s] INFO:colcon.colcon_core.shell:Creating package script '/home/neofelis/vrx_ws/install/share/wamv_gazebo/package.zsh'
[0.695s] Level 1:colcon.colcon_core.environment:create_file_with_runtime_dependencies(/home/neofelis/vrx_ws/install/share/colcon-core/packages/wamv_gazebo)
[0.697s] Level 1:colcon.colcon_core.environment:create_environment_scripts_only(wamv_gazebo)
[0.698s] Level 1:colcon.colcon_core.environment:checking '/home/neofelis/vrx_ws/install' for CMake module files
[0.698s] Level 1:colcon.colcon_core.environment:checking '/home/neofelis/vrx_ws/install' for CMake config files
[0.698s] Level 1:colcon.colcon_core.shell:create_environment_hook('wamv_gazebo', 'cmake_prefix_path')
[0.698s] INFO:colcon.colcon_core.shell:Creating environment hook '/home/neofelis/vrx_ws/install/share/wamv_gazebo/hook/cmake_prefix_path.ps1'
[0.698s] INFO:colcon.colcon_core.shell:Creating environment descriptor '/home/neofelis/vrx_ws/install/share/wamv_gazebo/hook/cmake_prefix_path.dsv'
[0.699s] INFO:colcon.colcon_core.shell:Creating environment hook '/home/neofelis/vrx_ws/install/share/wamv_gazebo/hook/cmake_prefix_path.sh'
[0.699s] Level 1:colcon.colcon_core.environment:checking '/home/neofelis/vrx_ws/install/lib'
[0.699s] Level 1:colcon.colcon_core.shell:create_environment_hook('wamv_gazebo', 'ld_library_path_lib')
[0.699s] INFO:colcon.colcon_core.shell:Creating environment hook '/home/neofelis/vrx_ws/install/share/wamv_gazebo/hook/ld_library_path_lib.ps1'
[0.699s] INFO:colcon.colcon_core.shell:Creating environment descriptor '/home/neofelis/vrx_ws/install/share/wamv_gazebo/hook/ld_library_path_lib.dsv'
[0.699s] INFO:colcon.colcon_core.shell:Creating environment hook '/home/neofelis/vrx_ws/install/share/wamv_gazebo/hook/ld_library_path_lib.sh'
[0.700s] Level 1:colcon.colcon_core.environment:checking '/home/neofelis/vrx_ws/install/bin'
[0.700s] Level 1:colcon.colcon_core.environment:checking '/home/neofelis/vrx_ws/install/lib/pkgconfig/wamv_gazebo.pc'
[0.700s] Level 1:colcon.colcon_core.environment:checking '/home/neofelis/vrx_ws/install/lib/python3.10/site-packages'
[0.700s] Level 1:colcon.colcon_core.environment:checking '/home/neofelis/vrx_ws/install/bin'
[0.700s] INFO:colcon.colcon_core.shell:Creating package script '/home/neofelis/vrx_ws/install/share/wamv_gazebo/package.ps1'
[0.700s] INFO:colcon.colcon_core.shell:Creating package descriptor '/home/neofelis/vrx_ws/install/share/wamv_gazebo/package.dsv'
[0.701s] INFO:colcon.colcon_core.shell:Creating package script '/home/neofelis/vrx_ws/install/share/wamv_gazebo/package.sh'
[0.701s] INFO:colcon.colcon_core.shell:Creating package script '/home/neofelis/vrx_ws/install/share/wamv_gazebo/package.bash'
[0.701s] INFO:colcon.colcon_core.shell:Creating package script '/home/neofelis/vrx_ws/install/share/wamv_gazebo/package.zsh'
[0.701s] Level 1:colcon.colcon_core.environment:create_file_with_runtime_dependencies(/home/neofelis/vrx_ws/install/share/colcon-core/packages/wamv_gazebo)
[0.702s] Level 1:colcon.colcon_core.environment:create_environment_scripts_only(vrx_gz)
[0.702s] Level 1:colcon.colcon_core.environment:checking '/home/neofelis/vrx_ws/install' for CMake module files
[0.702s] DEBUG:colcon.colcon_core.event_handler.log_command:Invoked command in '/home/neofelis/vrx_ws/build/vrx_gz' returned '0': CMAKE_PREFIX_PATH=${CMAKE_PREFIX_PATH}:/opt/ros/humble /usr/bin/cmake --install /home/neofelis/vrx_ws/build/vrx_gz
[0.703s] Level 1:colcon.colcon_core.environment:checking '/home/neofelis/vrx_ws/install' for CMake config files
[0.703s] Level 1:colcon.colcon_core.shell:create_environment_hook('vrx_gz', 'cmake_prefix_path')
[0.703s] INFO:colcon.colcon_core.shell:Creating environment hook '/home/neofelis/vrx_ws/install/share/vrx_gz/hook/cmake_prefix_path.ps1'
[0.703s] INFO:colcon.colcon_core.shell:Creating environment descriptor '/home/neofelis/vrx_ws/install/share/vrx_gz/hook/cmake_prefix_path.dsv'
[0.703s] INFO:colcon.colcon_core.shell:Creating environment hook '/home/neofelis/vrx_ws/install/share/vrx_gz/hook/cmake_prefix_path.sh'
[0.704s] Level 1:colcon.colcon_core.environment:checking '/home/neofelis/vrx_ws/install/lib'
[0.704s] Level 1:colcon.colcon_core.shell:create_environment_hook('vrx_gz', 'ld_library_path_lib')
[0.704s] INFO:colcon.colcon_core.shell:Creating environment hook '/home/neofelis/vrx_ws/install/share/vrx_gz/hook/ld_library_path_lib.ps1'
[0.704s] INFO:colcon.colcon_core.shell:Creating environment descriptor '/home/neofelis/vrx_ws/install/share/vrx_gz/hook/ld_library_path_lib.dsv'
[0.704s] INFO:colcon.colcon_core.shell:Creating environment hook '/home/neofelis/vrx_ws/install/share/vrx_gz/hook/ld_library_path_lib.sh'
[0.704s] Level 1:colcon.colcon_core.environment:checking '/home/neofelis/vrx_ws/install/bin'
[0.704s] Level 1:colcon.colcon_core.environment:checking '/home/neofelis/vrx_ws/install/lib/pkgconfig/vrx_gz.pc'
[0.705s] Level 1:colcon.colcon_core.environment:checking '/home/neofelis/vrx_ws/install/lib/python3.10/site-packages'
[0.705s] Level 1:colcon.colcon_core.environment:checking '/home/neofelis/vrx_ws/install/bin'
[0.705s] INFO:colcon.colcon_core.shell:Creating package script '/home/neofelis/vrx_ws/install/share/vrx_gz/package.ps1'
[0.705s] INFO:colcon.colcon_core.shell:Creating package descriptor '/home/neofelis/vrx_ws/install/share/vrx_gz/package.dsv'
[0.705s] INFO:colcon.colcon_core.shell:Creating package script '/home/neofelis/vrx_ws/install/share/vrx_gz/package.sh'
[0.706s] INFO:colcon.colcon_core.shell:Creating package script '/home/neofelis/vrx_ws/install/share/vrx_gz/package.bash'
[0.706s] INFO:colcon.colcon_core.shell:Creating package script '/home/neofelis/vrx_ws/install/share/vrx_gz/package.zsh'
[0.706s] Level 1:colcon.colcon_core.environment:create_file_with_runtime_dependencies(/home/neofelis/vrx_ws/install/share/colcon-core/packages/vrx_gz)
[0.706s] Level 1:colcon.colcon_core.environment:create_environment_scripts_only(vrx_gz)
[0.706s] Level 1:colcon.colcon_core.environment:checking '/home/neofelis/vrx_ws/install' for CMake module files
[0.707s] Level 1:colcon.colcon_core.environment:checking '/home/neofelis/vrx_ws/install' for CMake config files
[0.707s] Level 1:colcon.colcon_core.shell:create_environment_hook('vrx_gz', 'cmake_prefix_path')
[0.707s] INFO:colcon.colcon_core.shell:Creating environment hook '/home/neofelis/vrx_ws/install/share/vrx_gz/hook/cmake_prefix_path.ps1'
[0.707s] INFO:colcon.colcon_core.shell:Creating environment descriptor '/home/neofelis/vrx_ws/install/share/vrx_gz/hook/cmake_prefix_path.dsv'
[0.707s] INFO:colcon.colcon_core.shell:Creating environment hook '/home/neofelis/vrx_ws/install/share/vrx_gz/hook/cmake_prefix_path.sh'
[0.708s] Level 1:colcon.colcon_core.environment:checking '/home/neofelis/vrx_ws/install/lib'
[0.708s] Level 1:colcon.colcon_core.shell:create_environment_hook('vrx_gz', 'ld_library_path_lib')
[0.708s] INFO:colcon.colcon_core.shell:Creating environment hook '/home/neofelis/vrx_ws/install/share/vrx_gz/hook/ld_library_path_lib.ps1'
[0.708s] INFO:colcon.colcon_core.shell:Creating environment descriptor '/home/neofelis/vrx_ws/install/share/vrx_gz/hook/ld_library_path_lib.dsv'
[0.708s] INFO:colcon.colcon_core.shell:Creating environment hook '/home/neofelis/vrx_ws/install/share/vrx_gz/hook/ld_library_path_lib.sh'
[0.708s] Level 1:colcon.colcon_core.environment:checking '/home/neofelis/vrx_ws/install/bin'
[0.708s] Level 1:colcon.colcon_core.environment:checking '/home/neofelis/vrx_ws/install/lib/pkgconfig/vrx_gz.pc'
[0.709s] Level 1:colcon.colcon_core.environment:checking '/home/neofelis/vrx_ws/install/lib/python3.10/site-packages'
[0.709s] Level 1:colcon.colcon_core.environment:checking '/home/neofelis/vrx_ws/install/bin'
[0.709s] INFO:colcon.colcon_core.shell:Creating package script '/home/neofelis/vrx_ws/install/share/vrx_gz/package.ps1'
[0.709s] INFO:colcon.colcon_core.shell:Creating package descriptor '/home/neofelis/vrx_ws/install/share/vrx_gz/package.dsv'
[0.709s] INFO:colcon.colcon_core.shell:Creating package script '/home/neofelis/vrx_ws/install/share/vrx_gz/package.sh'
[0.710s] INFO:colcon.colcon_core.shell:Creating package script '/home/neofelis/vrx_ws/install/share/vrx_gz/package.bash'
[0.710s] INFO:colcon.colcon_core.shell:Creating package script '/home/neofelis/vrx_ws/install/share/vrx_gz/package.zsh'
[0.710s] Level 1:colcon.colcon_core.environment:create_file_with_runtime_dependencies(/home/neofelis/vrx_ws/install/share/colcon-core/packages/vrx_gz)
[0.710s] DEBUG:colcon.colcon_parallel_executor.executor.parallel:closing loop
[0.710s] DEBUG:colcon.colcon_parallel_executor.executor.parallel:loop closed
[0.710s] DEBUG:colcon.colcon_parallel_executor.executor.parallel:run_until_complete finished with '0'
[0.710s] DEBUG:colcon.colcon_core.event_reactor:joining thread
[0.714s] INFO:colcon.colcon_core.plugin_system:Skipping extension 'colcon_notification.desktop_notification.terminal_notifier': Not used on non-Darwin systems
[0.714s] INFO:colcon.colcon_core.plugin_system:Skipping extension 'colcon_notification.desktop_notification.win32': Not used on non-Windows systems
[0.714s] INFO:colcon.colcon_notification.desktop_notification:Sending desktop notification using 'notify2'
[0.723s] DEBUG:colcon.colcon_core.event_reactor:joined thread
[0.724s] INFO:colcon.colcon_core.shell:Creating prefix script '/home/neofelis/vrx_ws/install/local_setup.ps1'
[0.724s] INFO:colcon.colcon_core.shell:Creating prefix util module '/home/neofelis/vrx_ws/install/_local_setup_util_ps1.py'
[0.725s] INFO:colcon.colcon_core.shell:Creating prefix chain script '/home/neofelis/vrx_ws/install/setup.ps1'
[0.726s] INFO:colcon.colcon_core.shell:Creating prefix script '/home/neofelis/vrx_ws/install/local_setup.sh'
[0.726s] INFO:colcon.colcon_core.shell:Creating prefix util module '/home/neofelis/vrx_ws/install/_local_setup_util_sh.py'
[0.726s] INFO:colcon.colcon_core.shell:Creating prefix chain script '/home/neofelis/vrx_ws/install/setup.sh'
[0.727s] INFO:colcon.colcon_core.shell:Creating prefix script '/home/neofelis/vrx_ws/install/local_setup.bash'
[0.727s] INFO:colcon.colcon_core.shell:Creating prefix chain script '/home/neofelis/vrx_ws/install/setup.bash'
[0.728s] INFO:colcon.colcon_core.shell:Creating prefix script '/home/neofelis/vrx_ws/install/local_setup.zsh'
[0.728s] INFO:colcon.colcon_core.shell:Creating prefix chain script '/home/neofelis/vrx_ws/install/setup.zsh'
