[0.058s] DEBUG:colcon:Command line arguments: ['/usr/bin/colcon', 'build', '--merge-install']
[0.058s] DEBUG:colcon:Parsed command line arguments: Namespace(log_base=None, log_level=None, verb_name='build', build_base='build', install_base='install', merge_install=True, symlink_install=False, test_result_base=None, continue_on_error=False, executor='parallel', parallel_workers=16, event_handlers=None, ignore_user_meta=False, metas=['./colcon.meta'], base_paths=['.'], packages_ignore=None, packages_ignore_regex=None, paths=None, packages_up_to=None, packages_up_to_regex=None, packages_above=None, packages_above_and_dependencies=None, packages_above_depth=None, packages_select_by_dep=None, packages_skip_by_dep=None, packages_skip_up_to=None, packages_select_build_failed=False, packages_skip_build_finished=False, packages_select_test_failures=False, packages_skip_test_passed=False, packages_select=None, packages_skip=None, packages_select_regex=None, packages_skip_regex=None, packages_start=None, packages_end=None, allow_overriding=[], cmake_args=None, cmake_target=None, cmake_target_skip_unavailable=False, cmake_clean_cache=False, cmake_clean_first=False, cmake_force_configure=False, ament_cmake_args=None, catkin_cmake_args=None, catkin_skip_building_tests=False, verb_parser=<colcon_defaults.argument_parser.defaults.DefaultArgumentsDecorator object at 0x7a9360d20670>, verb_extension=<colcon_core.verb.build.BuildVerb object at 0x7a9360e6a440>, main=<bound method BuildVerb.main of <colcon_core.verb.build.BuildVerb object at 0x7a9360e6a440>>)
[0.152s] Level 1:colcon.colcon_core.package_discovery:discover_packages(colcon_meta) check parameters
[0.152s] Level 1:colcon.colcon_core.package_discovery:discover_packages(recursive) check parameters
[0.152s] Level 1:colcon.colcon_core.package_discovery:discover_packages(ignore) check parameters
[0.152s] Level 1:colcon.colcon_core.package_discovery:discover_packages(path) check parameters
[0.152s] Level 1:colcon.colcon_core.package_discovery:discover_packages(colcon_meta) discover
[0.152s] Level 1:colcon.colcon_core.package_discovery:discover_packages(recursive) discover
[0.152s] INFO:colcon.colcon_core.package_discovery:Crawling recursively for packages in '/home/neofelis/vrx_ws'
[0.152s] Level 1:colcon.colcon_core.package_identification:_identify(.) by extensions ['ignore', 'ignore_ament_install']
[0.152s] Level 1:colcon.colcon_core.package_identification:_identify(.) by extension 'ignore'
[0.152s] Level 1:colcon.colcon_core.package_identification:_identify(.) by extension 'ignore_ament_install'
[0.152s] Level 1:colcon.colcon_core.package_identification:_identify(.) by extensions ['colcon_pkg']
[0.152s] Level 1:colcon.colcon_core.package_identification:_identify(.) by extension 'colcon_pkg'
[0.152s] Level 1:colcon.colcon_core.package_identification:_identify(.) by extensions ['colcon_meta']
[0.152s] Level 1:colcon.colcon_core.package_identification:_identify(.) by extension 'colcon_meta'
[0.152s] Level 1:colcon.colcon_core.package_identification:_identify(.) by extensions ['ros']
[0.152s] Level 1:colcon.colcon_core.package_identification:_identify(.) by extension 'ros'
[0.158s] Level 1:colcon.colcon_core.package_identification:_identify(.) by extensions ['cmake', 'python']
[0.158s] Level 1:colcon.colcon_core.package_identification:_identify(.) by extension 'cmake'
[0.158s] Level 1:colcon.colcon_core.package_identification:_identify(.) by extension 'python'
[0.158s] Level 1:colcon.colcon_core.package_identification:_identify(.) by extensions ['python_setup_py']
[0.158s] Level 1:colcon.colcon_core.package_identification:_identify(.) by extension 'python_setup_py'
[0.158s] Level 1:colcon.colcon_core.package_identification:_identify(build) by extensions ['ignore', 'ignore_ament_install']
[0.159s] Level 1:colcon.colcon_core.package_identification:_identify(build) by extension 'ignore'
[0.159s] Level 1:colcon.colcon_core.package_identification:_identify(build) ignored
[0.159s] Level 1:colcon.colcon_core.package_identification:_identify(install) by extensions ['ignore', 'ignore_ament_install']
[0.159s] Level 1:colcon.colcon_core.package_identification:_identify(install) by extension 'ignore'
[0.159s] Level 1:colcon.colcon_core.package_identification:_identify(install) ignored
[0.159s] Level 1:colcon.colcon_core.package_identification:_identify(log) by extensions ['ignore', 'ignore_ament_install']
[0.159s] Level 1:colcon.colcon_core.package_identification:_identify(log) by extension 'ignore'
[0.159s] Level 1:colcon.colcon_core.package_identification:_identify(log) ignored
[0.159s] Level 1:colcon.colcon_core.package_identification:_identify(src) by extensions ['ignore', 'ignore_ament_install']
[0.159s] Level 1:colcon.colcon_core.package_identification:_identify(src) by extension 'ignore'
[0.159s] Level 1:colcon.colcon_core.package_identification:_identify(src) by extension 'ignore_ament_install'
[0.159s] Level 1:colcon.colcon_core.package_identification:_identify(src) by extensions ['colcon_pkg']
[0.159s] Level 1:colcon.colcon_core.package_identification:_identify(src) by extension 'colcon_pkg'
[0.159s] Level 1:colcon.colcon_core.package_identification:_identify(src) by extensions ['colcon_meta']
[0.159s] Level 1:colcon.colcon_core.package_identification:_identify(src) by extension 'colcon_meta'
[0.159s] Level 1:colcon.colcon_core.package_identification:_identify(src) by extensions ['ros']
[0.159s] Level 1:colcon.colcon_core.package_identification:_identify(src) by extension 'ros'
[0.159s] Level 1:colcon.colcon_core.package_identification:_identify(src) by extensions ['cmake', 'python']
[0.159s] Level 1:colcon.colcon_core.package_identification:_identify(src) by extension 'cmake'
[0.159s] Level 1:colcon.colcon_core.package_identification:_identify(src) by extension 'python'
[0.159s] Level 1:colcon.colcon_core.package_identification:_identify(src) by extensions ['python_setup_py']
[0.159s] Level 1:colcon.colcon_core.package_identification:_identify(src) by extension 'python_setup_py'
[0.159s] Level 1:colcon.colcon_core.package_identification:_identify(src/vrx) by extensions ['ignore', 'ignore_ament_install']
[0.159s] Level 1:colcon.colcon_core.package_identification:_identify(src/vrx) by extension 'ignore'
[0.159s] Level 1:colcon.colcon_core.package_identification:_identify(src/vrx) by extension 'ignore_ament_install'
[0.159s] Level 1:colcon.colcon_core.package_identification:_identify(src/vrx) by extensions ['colcon_pkg']
[0.159s] Level 1:colcon.colcon_core.package_identification:_identify(src/vrx) by extension 'colcon_pkg'
[0.159s] Level 1:colcon.colcon_core.package_identification:_identify(src/vrx) by extensions ['colcon_meta']
[0.159s] Level 1:colcon.colcon_core.package_identification:_identify(src/vrx) by extension 'colcon_meta'
[0.159s] Level 1:colcon.colcon_core.package_identification:_identify(src/vrx) by extensions ['ros']
[0.159s] Level 1:colcon.colcon_core.package_identification:_identify(src/vrx) by extension 'ros'
[0.159s] Level 1:colcon.colcon_core.package_identification:_identify(src/vrx) by extensions ['cmake', 'python']
[0.159s] Level 1:colcon.colcon_core.package_identification:_identify(src/vrx) by extension 'cmake'
[0.159s] Level 1:colcon.colcon_core.package_identification:_identify(src/vrx) by extension 'python'
[0.159s] Level 1:colcon.colcon_core.package_identification:_identify(src/vrx) by extensions ['python_setup_py']
[0.159s] Level 1:colcon.colcon_core.package_identification:_identify(src/vrx) by extension 'python_setup_py'
[0.160s] Level 1:colcon.colcon_core.package_identification:_identify(src/vrx/images) by extensions ['ignore', 'ignore_ament_install']
[0.160s] Level 1:colcon.colcon_core.package_identification:_identify(src/vrx/images) by extension 'ignore'
[0.160s] Level 1:colcon.colcon_core.package_identification:_identify(src/vrx/images) by extension 'ignore_ament_install'
[0.160s] Level 1:colcon.colcon_core.package_identification:_identify(src/vrx/images) by extensions ['colcon_pkg']
[0.160s] Level 1:colcon.colcon_core.package_identification:_identify(src/vrx/images) by extension 'colcon_pkg'
[0.160s] Level 1:colcon.colcon_core.package_identification:_identify(src/vrx/images) by extensions ['colcon_meta']
[0.160s] Level 1:colcon.colcon_core.package_identification:_identify(src/vrx/images) by extension 'colcon_meta'
[0.160s] Level 1:colcon.colcon_core.package_identification:_identify(src/vrx/images) by extensions ['ros']
[0.160s] Level 1:colcon.colcon_core.package_identification:_identify(src/vrx/images) by extension 'ros'
[0.160s] Level 1:colcon.colcon_core.package_identification:_identify(src/vrx/images) by extensions ['cmake', 'python']
[0.160s] Level 1:colcon.colcon_core.package_identification:_identify(src/vrx/images) by extension 'cmake'
[0.160s] Level 1:colcon.colcon_core.package_identification:_identify(src/vrx/images) by extension 'python'
[0.160s] Level 1:colcon.colcon_core.package_identification:_identify(src/vrx/images) by extensions ['python_setup_py']
[0.160s] Level 1:colcon.colcon_core.package_identification:_identify(src/vrx/images) by extension 'python_setup_py'
[0.160s] Level 1:colcon.colcon_core.package_identification:_identify(src/vrx/vrx_gz) by extensions ['ignore', 'ignore_ament_install']
[0.160s] Level 1:colcon.colcon_core.package_identification:_identify(src/vrx/vrx_gz) by extension 'ignore'
[0.160s] Level 1:colcon.colcon_core.package_identification:_identify(src/vrx/vrx_gz) by extension 'ignore_ament_install'
[0.160s] Level 1:colcon.colcon_core.package_identification:_identify(src/vrx/vrx_gz) by extensions ['colcon_pkg']
[0.160s] Level 1:colcon.colcon_core.package_identification:_identify(src/vrx/vrx_gz) by extension 'colcon_pkg'
[0.160s] Level 1:colcon.colcon_core.package_identification:_identify(src/vrx/vrx_gz) by extensions ['colcon_meta']
[0.160s] Level 1:colcon.colcon_core.package_identification:_identify(src/vrx/vrx_gz) by extension 'colcon_meta'
[0.160s] Level 1:colcon.colcon_core.package_identification:_identify(src/vrx/vrx_gz) by extensions ['ros']
[0.160s] Level 1:colcon.colcon_core.package_identification:_identify(src/vrx/vrx_gz) by extension 'ros'
[0.162s] DEBUG:colcon.colcon_core.package_identification:Package 'src/vrx/vrx_gz' with type 'ros.ament_cmake' and name 'vrx_gz'
[0.162s] Level 1:colcon.colcon_core.package_identification:_identify(src/vrx/vrx_ros) by extensions ['ignore', 'ignore_ament_install']
[0.162s] Level 1:colcon.colcon_core.package_identification:_identify(src/vrx/vrx_ros) by extension 'ignore'
[0.162s] Level 1:colcon.colcon_core.package_identification:_identify(src/vrx/vrx_ros) by extension 'ignore_ament_install'
[0.162s] Level 1:colcon.colcon_core.package_identification:_identify(src/vrx/vrx_ros) by extensions ['colcon_pkg']
[0.162s] Level 1:colcon.colcon_core.package_identification:_identify(src/vrx/vrx_ros) by extension 'colcon_pkg'
[0.162s] Level 1:colcon.colcon_core.package_identification:_identify(src/vrx/vrx_ros) by extensions ['colcon_meta']
[0.162s] Level 1:colcon.colcon_core.package_identification:_identify(src/vrx/vrx_ros) by extension 'colcon_meta'
[0.162s] Level 1:colcon.colcon_core.package_identification:_identify(src/vrx/vrx_ros) by extensions ['ros']
[0.162s] Level 1:colcon.colcon_core.package_identification:_identify(src/vrx/vrx_ros) by extension 'ros'
[0.162s] DEBUG:colcon.colcon_core.package_identification:Package 'src/vrx/vrx_ros' with type 'ros.ament_cmake' and name 'vrx_ros'
[0.163s] Level 1:colcon.colcon_core.package_identification:_identify(src/vrx/vrx_urdf) by extensions ['ignore', 'ignore_ament_install']
[0.163s] Level 1:colcon.colcon_core.package_identification:_identify(src/vrx/vrx_urdf) by extension 'ignore'
[0.163s] Level 1:colcon.colcon_core.package_identification:_identify(src/vrx/vrx_urdf) by extension 'ignore_ament_install'
[0.163s] Level 1:colcon.colcon_core.package_identification:_identify(src/vrx/vrx_urdf) by extensions ['colcon_pkg']
[0.163s] Level 1:colcon.colcon_core.package_identification:_identify(src/vrx/vrx_urdf) by extension 'colcon_pkg'
[0.163s] Level 1:colcon.colcon_core.package_identification:_identify(src/vrx/vrx_urdf) by extensions ['colcon_meta']
[0.163s] Level 1:colcon.colcon_core.package_identification:_identify(src/vrx/vrx_urdf) by extension 'colcon_meta'
[0.163s] Level 1:colcon.colcon_core.package_identification:_identify(src/vrx/vrx_urdf) by extensions ['ros']
[0.163s] Level 1:colcon.colcon_core.package_identification:_identify(src/vrx/vrx_urdf) by extension 'ros'
[0.163s] Level 1:colcon.colcon_core.package_identification:_identify(src/vrx/vrx_urdf) by extensions ['cmake', 'python']
[0.163s] Level 1:colcon.colcon_core.package_identification:_identify(src/vrx/vrx_urdf) by extension 'cmake'
[0.163s] Level 1:colcon.colcon_core.package_identification:_identify(src/vrx/vrx_urdf) by extension 'python'
[0.163s] Level 1:colcon.colcon_core.package_identification:_identify(src/vrx/vrx_urdf) by extensions ['python_setup_py']
[0.163s] Level 1:colcon.colcon_core.package_identification:_identify(src/vrx/vrx_urdf) by extension 'python_setup_py'
[0.163s] Level 1:colcon.colcon_core.package_identification:_identify(src/vrx/vrx_urdf/vrx_gazebo) by extensions ['ignore', 'ignore_ament_install']
[0.163s] Level 1:colcon.colcon_core.package_identification:_identify(src/vrx/vrx_urdf/vrx_gazebo) by extension 'ignore'
[0.163s] Level 1:colcon.colcon_core.package_identification:_identify(src/vrx/vrx_urdf/vrx_gazebo) by extension 'ignore_ament_install'
[0.163s] Level 1:colcon.colcon_core.package_identification:_identify(src/vrx/vrx_urdf/vrx_gazebo) by extensions ['colcon_pkg']
[0.163s] Level 1:colcon.colcon_core.package_identification:_identify(src/vrx/vrx_urdf/vrx_gazebo) by extension 'colcon_pkg'
[0.163s] Level 1:colcon.colcon_core.package_identification:_identify(src/vrx/vrx_urdf/vrx_gazebo) by extensions ['colcon_meta']
[0.163s] Level 1:colcon.colcon_core.package_identification:_identify(src/vrx/vrx_urdf/vrx_gazebo) by extension 'colcon_meta'
[0.163s] Level 1:colcon.colcon_core.package_identification:_identify(src/vrx/vrx_urdf/vrx_gazebo) by extensions ['ros']
[0.163s] Level 1:colcon.colcon_core.package_identification:_identify(src/vrx/vrx_urdf/vrx_gazebo) by extension 'ros'
[0.163s] DEBUG:colcon.colcon_core.package_identification:Package 'src/vrx/vrx_urdf/vrx_gazebo' with type 'ros.ament_cmake' and name 'vrx_gazebo'
[0.164s] Level 1:colcon.colcon_core.package_identification:_identify(src/vrx/vrx_urdf/wamv_description) by extensions ['ignore', 'ignore_ament_install']
[0.164s] Level 1:colcon.colcon_core.package_identification:_identify(src/vrx/vrx_urdf/wamv_description) by extension 'ignore'
[0.164s] Level 1:colcon.colcon_core.package_identification:_identify(src/vrx/vrx_urdf/wamv_description) by extension 'ignore_ament_install'
[0.164s] Level 1:colcon.colcon_core.package_identification:_identify(src/vrx/vrx_urdf/wamv_description) by extensions ['colcon_pkg']
[0.164s] Level 1:colcon.colcon_core.package_identification:_identify(src/vrx/vrx_urdf/wamv_description) by extension 'colcon_pkg'
[0.164s] Level 1:colcon.colcon_core.package_identification:_identify(src/vrx/vrx_urdf/wamv_description) by extensions ['colcon_meta']
[0.164s] Level 1:colcon.colcon_core.package_identification:_identify(src/vrx/vrx_urdf/wamv_description) by extension 'colcon_meta'
[0.164s] Level 1:colcon.colcon_core.package_identification:_identify(src/vrx/vrx_urdf/wamv_description) by extensions ['ros']
[0.164s] Level 1:colcon.colcon_core.package_identification:_identify(src/vrx/vrx_urdf/wamv_description) by extension 'ros'
[0.164s] DEBUG:colcon.colcon_core.package_identification:Package 'src/vrx/vrx_urdf/wamv_description' with type 'ros.ament_cmake' and name 'wamv_description'
[0.164s] Level 1:colcon.colcon_core.package_identification:_identify(src/vrx/vrx_urdf/wamv_gazebo) by extensions ['ignore', 'ignore_ament_install']
[0.164s] Level 1:colcon.colcon_core.package_identification:_identify(src/vrx/vrx_urdf/wamv_gazebo) by extension 'ignore'
[0.164s] Level 1:colcon.colcon_core.package_identification:_identify(src/vrx/vrx_urdf/wamv_gazebo) by extension 'ignore_ament_install'
[0.164s] Level 1:colcon.colcon_core.package_identification:_identify(src/vrx/vrx_urdf/wamv_gazebo) by extensions ['colcon_pkg']
[0.164s] Level 1:colcon.colcon_core.package_identification:_identify(src/vrx/vrx_urdf/wamv_gazebo) by extension 'colcon_pkg'
[0.164s] Level 1:colcon.colcon_core.package_identification:_identify(src/vrx/vrx_urdf/wamv_gazebo) by extensions ['colcon_meta']
[0.164s] Level 1:colcon.colcon_core.package_identification:_identify(src/vrx/vrx_urdf/wamv_gazebo) by extension 'colcon_meta'
[0.164s] Level 1:colcon.colcon_core.package_identification:_identify(src/vrx/vrx_urdf/wamv_gazebo) by extensions ['ros']
[0.164s] Level 1:colcon.colcon_core.package_identification:_identify(src/vrx/vrx_urdf/wamv_gazebo) by extension 'ros'
[0.165s] DEBUG:colcon.colcon_core.package_identification:Package 'src/vrx/vrx_urdf/wamv_gazebo' with type 'ros.ament_cmake' and name 'wamv_gazebo'
[0.165s] Level 1:colcon.colcon_core.package_discovery:discover_packages(recursive) using defaults
[0.165s] Level 1:colcon.colcon_core.package_discovery:discover_packages(ignore) discover
[0.165s] Level 1:colcon.colcon_core.package_discovery:discover_packages(ignore) using defaults
[0.165s] Level 1:colcon.colcon_core.package_discovery:discover_packages(path) discover
[0.165s] Level 1:colcon.colcon_core.package_discovery:discover_packages(path) using defaults
[0.181s] Level 1:colcon.colcon_core.package_discovery:discover_packages(prefix_path) check parameters
[0.182s] Level 1:colcon.colcon_core.package_discovery:discover_packages(prefix_path) discover
[0.182s] DEBUG:colcon.colcon_installed_package_information.package_discovery:Found 5 installed packages in /home/neofelis/vrx_ws/install
[0.183s] DEBUG:colcon.colcon_installed_package_information.package_discovery:Found 329 installed packages in /opt/ros/humble
[0.184s] Level 1:colcon.colcon_core.package_discovery:discover_packages(prefix_path) using defaults
[0.207s] Level 5:colcon.colcon_core.verb:set package 'vrx_gazebo' build argument 'cmake_args' from command line to 'None'
[0.207s] Level 5:colcon.colcon_core.verb:set package 'vrx_gazebo' build argument 'cmake_target' from command line to 'None'
[0.207s] Level 5:colcon.colcon_core.verb:set package 'vrx_gazebo' build argument 'cmake_target_skip_unavailable' from command line to 'False'
[0.207s] Level 5:colcon.colcon_core.verb:set package 'vrx_gazebo' build argument 'cmake_clean_cache' from command line to 'False'
[0.207s] Level 5:colcon.colcon_core.verb:set package 'vrx_gazebo' build argument 'cmake_clean_first' from command line to 'False'
[0.207s] Level 5:colcon.colcon_core.verb:set package 'vrx_gazebo' build argument 'cmake_force_configure' from command line to 'False'
[0.207s] Level 5:colcon.colcon_core.verb:set package 'vrx_gazebo' build argument 'ament_cmake_args' from command line to 'None'
[0.207s] Level 5:colcon.colcon_core.verb:set package 'vrx_gazebo' build argument 'catkin_cmake_args' from command line to 'None'
[0.207s] Level 5:colcon.colcon_core.verb:set package 'vrx_gazebo' build argument 'catkin_skip_building_tests' from command line to 'False'
[0.208s] DEBUG:colcon.colcon_core.verb:Building package 'vrx_gazebo' with the following arguments: {'ament_cmake_args': None, 'build_base': '/home/neofelis/vrx_ws/build/vrx_gazebo', 'catkin_cmake_args': None, 'catkin_skip_building_tests': False, 'cmake_args': None, 'cmake_clean_cache': False, 'cmake_clean_first': False, 'cmake_force_configure': False, 'cmake_target': None, 'cmake_target_skip_unavailable': False, 'install_base': '/home/neofelis/vrx_ws/install', 'merge_install': True, 'path': '/home/neofelis/vrx_ws/src/vrx/vrx_urdf/vrx_gazebo', 'symlink_install': False, 'test_result_base': None}
[0.208s] Level 5:colcon.colcon_core.verb:set package 'vrx_ros' build argument 'cmake_args' from command line to 'None'
[0.208s] Level 5:colcon.colcon_core.verb:set package 'vrx_ros' build argument 'cmake_target' from command line to 'None'
[0.208s] Level 5:colcon.colcon_core.verb:set package 'vrx_ros' build argument 'cmake_target_skip_unavailable' from command line to 'False'
[0.208s] Level 5:colcon.colcon_core.verb:set package 'vrx_ros' build argument 'cmake_clean_cache' from command line to 'False'
[0.208s] Level 5:colcon.colcon_core.verb:set package 'vrx_ros' build argument 'cmake_clean_first' from command line to 'False'
[0.208s] Level 5:colcon.colcon_core.verb:set package 'vrx_ros' build argument 'cmake_force_configure' from command line to 'False'
[0.208s] Level 5:colcon.colcon_core.verb:set package 'vrx_ros' build argument 'ament_cmake_args' from command line to 'None'
[0.208s] Level 5:colcon.colcon_core.verb:set package 'vrx_ros' build argument 'catkin_cmake_args' from command line to 'None'
[0.208s] Level 5:colcon.colcon_core.verb:set package 'vrx_ros' build argument 'catkin_skip_building_tests' from command line to 'False'
[0.208s] DEBUG:colcon.colcon_core.verb:Building package 'vrx_ros' with the following arguments: {'ament_cmake_args': None, 'build_base': '/home/neofelis/vrx_ws/build/vrx_ros', 'catkin_cmake_args': None, 'catkin_skip_building_tests': False, 'cmake_args': None, 'cmake_clean_cache': False, 'cmake_clean_first': False, 'cmake_force_configure': False, 'cmake_target': None, 'cmake_target_skip_unavailable': False, 'install_base': '/home/neofelis/vrx_ws/install', 'merge_install': True, 'path': '/home/neofelis/vrx_ws/src/vrx/vrx_ros', 'symlink_install': False, 'test_result_base': None}
[0.208s] Level 5:colcon.colcon_core.verb:set package 'vrx_gz' build argument 'cmake_args' from command line to 'None'
[0.208s] Level 5:colcon.colcon_core.verb:set package 'vrx_gz' build argument 'cmake_target' from command line to 'None'
[0.208s] Level 5:colcon.colcon_core.verb:set package 'vrx_gz' build argument 'cmake_target_skip_unavailable' from command line to 'False'
[0.208s] Level 5:colcon.colcon_core.verb:set package 'vrx_gz' build argument 'cmake_clean_cache' from command line to 'False'
[0.208s] Level 5:colcon.colcon_core.verb:set package 'vrx_gz' build argument 'cmake_clean_first' from command line to 'False'
[0.208s] Level 5:colcon.colcon_core.verb:set package 'vrx_gz' build argument 'cmake_force_configure' from command line to 'False'
[0.208s] Level 5:colcon.colcon_core.verb:set package 'vrx_gz' build argument 'ament_cmake_args' from command line to 'None'
[0.208s] Level 5:colcon.colcon_core.verb:set package 'vrx_gz' build argument 'catkin_cmake_args' from command line to 'None'
[0.208s] Level 5:colcon.colcon_core.verb:set package 'vrx_gz' build argument 'catkin_skip_building_tests' from command line to 'False'
[0.208s] DEBUG:colcon.colcon_core.verb:Building package 'vrx_gz' with the following arguments: {'ament_cmake_args': None, 'build_base': '/home/neofelis/vrx_ws/build/vrx_gz', 'catkin_cmake_args': None, 'catkin_skip_building_tests': False, 'cmake_args': None, 'cmake_clean_cache': False, 'cmake_clean_first': False, 'cmake_force_configure': False, 'cmake_target': None, 'cmake_target_skip_unavailable': False, 'install_base': '/home/neofelis/vrx_ws/install', 'merge_install': True, 'path': '/home/neofelis/vrx_ws/src/vrx/vrx_gz', 'symlink_install': False, 'test_result_base': None}
[0.208s] Level 5:colcon.colcon_core.verb:set package 'wamv_description' build argument 'cmake_args' from command line to 'None'
[0.208s] Level 5:colcon.colcon_core.verb:set package 'wamv_description' build argument 'cmake_target' from command line to 'None'
[0.208s] Level 5:colcon.colcon_core.verb:set package 'wamv_description' build argument 'cmake_target_skip_unavailable' from command line to 'False'
[0.208s] Level 5:colcon.colcon_core.verb:set package 'wamv_description' build argument 'cmake_clean_cache' from command line to 'False'
[0.208s] Level 5:colcon.colcon_core.verb:set package 'wamv_description' build argument 'cmake_clean_first' from command line to 'False'
[0.208s] Level 5:colcon.colcon_core.verb:set package 'wamv_description' build argument 'cmake_force_configure' from command line to 'False'
[0.208s] Level 5:colcon.colcon_core.verb:set package 'wamv_description' build argument 'ament_cmake_args' from command line to 'None'
[0.208s] Level 5:colcon.colcon_core.verb:set package 'wamv_description' build argument 'catkin_cmake_args' from command line to 'None'
[0.208s] Level 5:colcon.colcon_core.verb:set package 'wamv_description' build argument 'catkin_skip_building_tests' from command line to 'False'
[0.208s] DEBUG:colcon.colcon_core.verb:Building package 'wamv_description' with the following arguments: {'ament_cmake_args': None, 'build_base': '/home/neofelis/vrx_ws/build/wamv_description', 'catkin_cmake_args': None, 'catkin_skip_building_tests': False, 'cmake_args': None, 'cmake_clean_cache': False, 'cmake_clean_first': False, 'cmake_force_configure': False, 'cmake_target': None, 'cmake_target_skip_unavailable': False, 'install_base': '/home/neofelis/vrx_ws/install', 'merge_install': True, 'path': '/home/neofelis/vrx_ws/src/vrx/vrx_urdf/wamv_description', 'symlink_install': False, 'test_result_base': None}
[0.209s] Level 5:colcon.colcon_core.verb:set package 'wamv_gazebo' build argument 'cmake_args' from command line to 'None'
[0.209s] Level 5:colcon.colcon_core.verb:set package 'wamv_gazebo' build argument 'cmake_target' from command line to 'None'
[0.209s] Level 5:colcon.colcon_core.verb:set package 'wamv_gazebo' build argument 'cmake_target_skip_unavailable' from command line to 'False'
[0.209s] Level 5:colcon.colcon_core.verb:set package 'wamv_gazebo' build argument 'cmake_clean_cache' from command line to 'False'
[0.209s] Level 5:colcon.colcon_core.verb:set package 'wamv_gazebo' build argument 'cmake_clean_first' from command line to 'False'
[0.209s] Level 5:colcon.colcon_core.verb:set package 'wamv_gazebo' build argument 'cmake_force_configure' from command line to 'False'
[0.209s] Level 5:colcon.colcon_core.verb:set package 'wamv_gazebo' build argument 'ament_cmake_args' from command line to 'None'
[0.209s] Level 5:colcon.colcon_core.verb:set package 'wamv_gazebo' build argument 'catkin_cmake_args' from command line to 'None'
[0.209s] Level 5:colcon.colcon_core.verb:set package 'wamv_gazebo' build argument 'catkin_skip_building_tests' from command line to 'False'
[0.209s] DEBUG:colcon.colcon_core.verb:Building package 'wamv_gazebo' with the following arguments: {'ament_cmake_args': None, 'build_base': '/home/neofelis/vrx_ws/build/wamv_gazebo', 'catkin_cmake_args': None, 'catkin_skip_building_tests': False, 'cmake_args': None, 'cmake_clean_cache': False, 'cmake_clean_first': False, 'cmake_force_configure': False, 'cmake_target': None, 'cmake_target_skip_unavailable': False, 'install_base': '/home/neofelis/vrx_ws/install', 'merge_install': True, 'path': '/home/neofelis/vrx_ws/src/vrx/vrx_urdf/wamv_gazebo', 'symlink_install': False, 'test_result_base': None}
[0.209s] INFO:colcon.colcon_core.executor:Executing jobs using 'parallel' executor
[0.210s] DEBUG:colcon.colcon_parallel_executor.executor.parallel:run_until_complete
[0.210s] INFO:colcon.colcon_ros.task.ament_cmake.build:Building ROS package in '/home/neofelis/vrx_ws/src/vrx/vrx_urdf/vrx_gazebo' with build type 'ament_cmake'
[0.210s] INFO:colcon.colcon_cmake.task.cmake.build:Building CMake package in '/home/neofelis/vrx_ws/src/vrx/vrx_urdf/vrx_gazebo'
[0.211s] INFO:colcon.colcon_core.plugin_system:Skipping extension 'colcon_core.shell.bat': Not used on non-Windows systems
[0.211s] INFO:colcon.colcon_core.shell:Skip shell extension 'powershell' for command environment: Not usable outside of PowerShell
[0.211s] DEBUG:colcon.colcon_core.shell:Skip shell extension 'dsv' for command environment
[0.213s] INFO:colcon.colcon_ros.task.ament_cmake.build:Building ROS package in '/home/neofelis/vrx_ws/src/vrx/vrx_ros' with build type 'ament_cmake'
[0.213s] INFO:colcon.colcon_cmake.task.cmake.build:Building CMake package in '/home/neofelis/vrx_ws/src/vrx/vrx_ros'
[0.213s] INFO:colcon.colcon_core.shell:Skip shell extension 'powershell' for command environment: Not usable outside of PowerShell
[0.213s] DEBUG:colcon.colcon_core.shell:Skip shell extension 'dsv' for command environment
[0.217s] DEBUG:colcon.colcon_core.event_handler.log_command:Invoking command in '/home/neofelis/vrx_ws/build/vrx_gazebo': CMAKE_PREFIX_PATH=${CMAKE_PREFIX_PATH}:/opt/ros/humble CONDA_PROMPT_MODIFIER=(vrx) /usr/bin/cmake /home/neofelis/vrx_ws/src/vrx/vrx_urdf/vrx_gazebo -DCMAKE_INSTALL_PREFIX=/home/neofelis/vrx_ws/install
[0.220s] DEBUG:colcon.colcon_core.event_handler.log_command:Invoking command in '/home/neofelis/vrx_ws/build/vrx_ros': CMAKE_PREFIX_PATH=${CMAKE_PREFIX_PATH}:/opt/ros/humble CONDA_PROMPT_MODIFIER=(vrx) /usr/bin/cmake /home/neofelis/vrx_ws/src/vrx/vrx_ros -DCMAKE_INSTALL_PREFIX=/home/neofelis/vrx_ws/install
[0.374s] DEBUG:colcon.colcon_core.event_handler.log_command:Invoked command in '/home/neofelis/vrx_ws/build/vrx_gazebo' returned '0': CMAKE_PREFIX_PATH=${CMAKE_PREFIX_PATH}:/opt/ros/humble CONDA_PROMPT_MODIFIER=(vrx) /usr/bin/cmake /home/neofelis/vrx_ws/src/vrx/vrx_urdf/vrx_gazebo -DCMAKE_INSTALL_PREFIX=/home/neofelis/vrx_ws/install
[0.376s] DEBUG:colcon.colcon_core.event_handler.log_command:Invoking command in '/home/neofelis/vrx_ws/build/vrx_gazebo': CMAKE_PREFIX_PATH=${CMAKE_PREFIX_PATH}:/opt/ros/humble CONDA_PROMPT_MODIFIER=(vrx) /usr/bin/cmake --build /home/neofelis/vrx_ws/build/vrx_gazebo -- -j16 -l16
[0.574s] DEBUG:colcon.colcon_core.event_handler.log_command:Invoked command in '/home/neofelis/vrx_ws/build/vrx_gazebo' returned '0': CMAKE_PREFIX_PATH=${CMAKE_PREFIX_PATH}:/opt/ros/humble CONDA_PROMPT_MODIFIER=(vrx) /usr/bin/cmake --build /home/neofelis/vrx_ws/build/vrx_gazebo -- -j16 -l16
[0.581s] DEBUG:colcon.colcon_core.event_handler.log_command:Invoking command in '/home/neofelis/vrx_ws/build/vrx_gazebo': CMAKE_PREFIX_PATH=${CMAKE_PREFIX_PATH}:/opt/ros/humble CONDA_PROMPT_MODIFIER=(vrx) /usr/bin/cmake --install /home/neofelis/vrx_ws/build/vrx_gazebo
[0.610s] Level 1:colcon.colcon_core.environment:create_environment_scripts_only(vrx_gazebo)
[0.610s] DEBUG:colcon.colcon_core.event_handler.log_command:Invoked command in '/home/neofelis/vrx_ws/build/vrx_gazebo' returned '0': CMAKE_PREFIX_PATH=${CMAKE_PREFIX_PATH}:/opt/ros/humble CONDA_PROMPT_MODIFIER=(vrx) /usr/bin/cmake --install /home/neofelis/vrx_ws/build/vrx_gazebo
[0.612s] Level 1:colcon.colcon_core.environment:checking '/home/neofelis/vrx_ws/install' for CMake module files
[0.612s] Level 1:colcon.colcon_core.environment:checking '/home/neofelis/vrx_ws/install' for CMake config files
[0.612s] Level 1:colcon.colcon_core.shell:create_environment_hook('vrx_gazebo', 'cmake_prefix_path')
[0.612s] INFO:colcon.colcon_core.shell:Creating environment hook '/home/neofelis/vrx_ws/install/share/vrx_gazebo/hook/cmake_prefix_path.ps1'
[0.613s] INFO:colcon.colcon_core.shell:Creating environment descriptor '/home/neofelis/vrx_ws/install/share/vrx_gazebo/hook/cmake_prefix_path.dsv'
[0.613s] INFO:colcon.colcon_core.shell:Creating environment hook '/home/neofelis/vrx_ws/install/share/vrx_gazebo/hook/cmake_prefix_path.sh'
[0.614s] Level 1:colcon.colcon_core.environment:checking '/home/neofelis/vrx_ws/install/lib'
[0.614s] Level 1:colcon.colcon_core.shell:create_environment_hook('vrx_gazebo', 'ld_library_path_lib')
[0.614s] INFO:colcon.colcon_core.shell:Creating environment hook '/home/neofelis/vrx_ws/install/share/vrx_gazebo/hook/ld_library_path_lib.ps1'
[0.614s] INFO:colcon.colcon_core.shell:Creating environment descriptor '/home/neofelis/vrx_ws/install/share/vrx_gazebo/hook/ld_library_path_lib.dsv'
[0.614s] INFO:colcon.colcon_core.shell:Creating environment hook '/home/neofelis/vrx_ws/install/share/vrx_gazebo/hook/ld_library_path_lib.sh'
[0.614s] Level 1:colcon.colcon_core.environment:checking '/home/neofelis/vrx_ws/install/bin'
[0.614s] Level 1:colcon.colcon_core.environment:checking '/home/neofelis/vrx_ws/install/lib/pkgconfig/vrx_gazebo.pc'
[0.614s] Level 1:colcon.colcon_core.environment:checking '/home/neofelis/vrx_ws/install/lib/python3.10/site-packages'
[0.615s] Level 1:colcon.colcon_core.environment:checking '/home/neofelis/vrx_ws/install/bin'
[0.615s] INFO:colcon.colcon_core.shell:Creating package script '/home/neofelis/vrx_ws/install/share/vrx_gazebo/package.ps1'
[0.615s] INFO:colcon.colcon_core.shell:Creating package descriptor '/home/neofelis/vrx_ws/install/share/vrx_gazebo/package.dsv'
[0.616s] INFO:colcon.colcon_core.shell:Creating package script '/home/neofelis/vrx_ws/install/share/vrx_gazebo/package.sh'
[0.616s] INFO:colcon.colcon_core.shell:Creating package script '/home/neofelis/vrx_ws/install/share/vrx_gazebo/package.bash'
[0.616s] INFO:colcon.colcon_core.shell:Creating package script '/home/neofelis/vrx_ws/install/share/vrx_gazebo/package.zsh'
[0.617s] Level 1:colcon.colcon_core.environment:create_file_with_runtime_dependencies(/home/neofelis/vrx_ws/install/share/colcon-core/packages/vrx_gazebo)
[0.617s] Level 1:colcon.colcon_core.environment:create_environment_scripts_only(vrx_gazebo)
[0.617s] Level 1:colcon.colcon_core.environment:checking '/home/neofelis/vrx_ws/install' for CMake module files
[0.617s] Level 1:colcon.colcon_core.environment:checking '/home/neofelis/vrx_ws/install' for CMake config files
[0.618s] Level 1:colcon.colcon_core.shell:create_environment_hook('vrx_gazebo', 'cmake_prefix_path')
[0.618s] INFO:colcon.colcon_core.shell:Creating environment hook '/home/neofelis/vrx_ws/install/share/vrx_gazebo/hook/cmake_prefix_path.ps1'
[0.618s] INFO:colcon.colcon_core.shell:Creating environment descriptor '/home/neofelis/vrx_ws/install/share/vrx_gazebo/hook/cmake_prefix_path.dsv'
[0.618s] INFO:colcon.colcon_core.shell:Creating environment hook '/home/neofelis/vrx_ws/install/share/vrx_gazebo/hook/cmake_prefix_path.sh'
[0.618s] Level 1:colcon.colcon_core.environment:checking '/home/neofelis/vrx_ws/install/lib'
[0.618s] Level 1:colcon.colcon_core.shell:create_environment_hook('vrx_gazebo', 'ld_library_path_lib')
[0.619s] INFO:colcon.colcon_core.shell:Creating environment hook '/home/neofelis/vrx_ws/install/share/vrx_gazebo/hook/ld_library_path_lib.ps1'
[0.619s] INFO:colcon.colcon_core.shell:Creating environment descriptor '/home/neofelis/vrx_ws/install/share/vrx_gazebo/hook/ld_library_path_lib.dsv'
[0.619s] INFO:colcon.colcon_core.shell:Creating environment hook '/home/neofelis/vrx_ws/install/share/vrx_gazebo/hook/ld_library_path_lib.sh'
[0.619s] Level 1:colcon.colcon_core.environment:checking '/home/neofelis/vrx_ws/install/bin'
[0.619s] Level 1:colcon.colcon_core.environment:checking '/home/neofelis/vrx_ws/install/lib/pkgconfig/vrx_gazebo.pc'
[0.619s] Level 1:colcon.colcon_core.environment:checking '/home/neofelis/vrx_ws/install/lib/python3.10/site-packages'
[0.619s] Level 1:colcon.colcon_core.environment:checking '/home/neofelis/vrx_ws/install/bin'
[0.620s] INFO:colcon.colcon_core.shell:Creating package script '/home/neofelis/vrx_ws/install/share/vrx_gazebo/package.ps1'
[0.620s] INFO:colcon.colcon_core.shell:Creating package descriptor '/home/neofelis/vrx_ws/install/share/vrx_gazebo/package.dsv'
[0.620s] INFO:colcon.colcon_core.shell:Creating package script '/home/neofelis/vrx_ws/install/share/vrx_gazebo/package.sh'
[0.620s] INFO:colcon.colcon_core.shell:Creating package script '/home/neofelis/vrx_ws/install/share/vrx_gazebo/package.bash'
[0.621s] INFO:colcon.colcon_core.shell:Creating package script '/home/neofelis/vrx_ws/install/share/vrx_gazebo/package.zsh'
[0.621s] Level 1:colcon.colcon_core.environment:create_file_with_runtime_dependencies(/home/neofelis/vrx_ws/install/share/colcon-core/packages/vrx_gazebo)
[0.621s] INFO:colcon.colcon_ros.task.ament_cmake.build:Building ROS package in '/home/neofelis/vrx_ws/src/vrx/vrx_urdf/wamv_description' with build type 'ament_cmake'
[0.621s] INFO:colcon.colcon_cmake.task.cmake.build:Building CMake package in '/home/neofelis/vrx_ws/src/vrx/vrx_urdf/wamv_description'
[0.621s] INFO:colcon.colcon_core.shell:Skip shell extension 'powershell' for command environment: Not usable outside of PowerShell
[0.621s] DEBUG:colcon.colcon_core.shell:Skip shell extension 'dsv' for command environment
[0.627s] DEBUG:colcon.colcon_core.event_handler.log_command:Invoking command in '/home/neofelis/vrx_ws/build/wamv_description': CMAKE_PREFIX_PATH=${CMAKE_PREFIX_PATH}:/opt/ros/humble CONDA_PROMPT_MODIFIER=(vrx) GZ_SIM_RESOURCE_PATH=/home/neofelis/vrx_ws/install/share:${GZ_SIM_RESOURCE_PATH} LD_LIBRARY_PATH=/home/neofelis/vrx_ws/install/lib:/usr/lib/x86_64-linux-gnu/gazebo-11/plugins:/opt/ros/humble/opt/rviz_ogre_vendor/lib:/opt/ros/humble/lib/x86_64-linux-gnu:/opt/ros/humble/lib:/usr/lib/x86_64-linux-gnu/gazebo-11/plugins /usr/bin/cmake /home/neofelis/vrx_ws/src/vrx/vrx_urdf/wamv_description -DCMAKE_INSTALL_PREFIX=/home/neofelis/vrx_ws/install
[0.698s] DEBUG:colcon.colcon_core.event_handler.log_command:Invoked command in '/home/neofelis/vrx_ws/build/vrx_ros' returned '0': CMAKE_PREFIX_PATH=${CMAKE_PREFIX_PATH}:/opt/ros/humble CONDA_PROMPT_MODIFIER=(vrx) /usr/bin/cmake /home/neofelis/vrx_ws/src/vrx/vrx_ros -DCMAKE_INSTALL_PREFIX=/home/neofelis/vrx_ws/install
[0.699s] DEBUG:colcon.colcon_core.event_handler.log_command:Invoking command in '/home/neofelis/vrx_ws/build/vrx_ros': CMAKE_PREFIX_PATH=${CMAKE_PREFIX_PATH}:/opt/ros/humble CONDA_PROMPT_MODIFIER=(vrx) /usr/bin/cmake --build /home/neofelis/vrx_ws/build/vrx_ros -- -j16 -l16
[0.743s] DEBUG:colcon.colcon_core.event_handler.log_command:Invoked command in '/home/neofelis/vrx_ws/build/vrx_ros' returned '0': CMAKE_PREFIX_PATH=${CMAKE_PREFIX_PATH}:/opt/ros/humble CONDA_PROMPT_MODIFIER=(vrx) /usr/bin/cmake --build /home/neofelis/vrx_ws/build/vrx_ros -- -j16 -l16
[0.744s] DEBUG:colcon.colcon_core.event_handler.log_command:Invoking command in '/home/neofelis/vrx_ws/build/vrx_ros': CMAKE_PREFIX_PATH=${CMAKE_PREFIX_PATH}:/opt/ros/humble CONDA_PROMPT_MODIFIER=(vrx) /usr/bin/cmake --install /home/neofelis/vrx_ws/build/vrx_ros
[0.750s] Level 1:colcon.colcon_core.environment:create_environment_scripts_only(vrx_ros)
[0.751s] Level 1:colcon.colcon_core.environment:checking '/home/neofelis/vrx_ws/install' for CMake module files
[0.751s] DEBUG:colcon.colcon_core.event_handler.log_command:Invoked command in '/home/neofelis/vrx_ws/build/vrx_ros' returned '0': CMAKE_PREFIX_PATH=${CMAKE_PREFIX_PATH}:/opt/ros/humble CONDA_PROMPT_MODIFIER=(vrx) /usr/bin/cmake --install /home/neofelis/vrx_ws/build/vrx_ros
[0.751s] Level 1:colcon.colcon_core.environment:checking '/home/neofelis/vrx_ws/install' for CMake config files
[0.752s] Level 1:colcon.colcon_core.shell:create_environment_hook('vrx_ros', 'cmake_prefix_path')
[0.752s] INFO:colcon.colcon_core.shell:Creating environment hook '/home/neofelis/vrx_ws/install/share/vrx_ros/hook/cmake_prefix_path.ps1'
[0.752s] INFO:colcon.colcon_core.shell:Creating environment descriptor '/home/neofelis/vrx_ws/install/share/vrx_ros/hook/cmake_prefix_path.dsv'
[0.752s] INFO:colcon.colcon_core.shell:Creating environment hook '/home/neofelis/vrx_ws/install/share/vrx_ros/hook/cmake_prefix_path.sh'
[0.752s] Level 1:colcon.colcon_core.environment:checking '/home/neofelis/vrx_ws/install/lib'
[0.753s] Level 1:colcon.colcon_core.shell:create_environment_hook('vrx_ros', 'ld_library_path_lib')
[0.753s] INFO:colcon.colcon_core.shell:Creating environment hook '/home/neofelis/vrx_ws/install/share/vrx_ros/hook/ld_library_path_lib.ps1'
[0.753s] INFO:colcon.colcon_core.shell:Creating environment descriptor '/home/neofelis/vrx_ws/install/share/vrx_ros/hook/ld_library_path_lib.dsv'
[0.753s] INFO:colcon.colcon_core.shell:Creating environment hook '/home/neofelis/vrx_ws/install/share/vrx_ros/hook/ld_library_path_lib.sh'
[0.753s] Level 1:colcon.colcon_core.environment:checking '/home/neofelis/vrx_ws/install/bin'
[0.753s] Level 1:colcon.colcon_core.environment:checking '/home/neofelis/vrx_ws/install/lib/pkgconfig/vrx_ros.pc'
[0.753s] Level 1:colcon.colcon_core.environment:checking '/home/neofelis/vrx_ws/install/lib/python3.10/site-packages'
[0.753s] Level 1:colcon.colcon_core.environment:checking '/home/neofelis/vrx_ws/install/bin'
[0.754s] INFO:colcon.colcon_core.shell:Creating package script '/home/neofelis/vrx_ws/install/share/vrx_ros/package.ps1'
[0.754s] INFO:colcon.colcon_core.shell:Creating package descriptor '/home/neofelis/vrx_ws/install/share/vrx_ros/package.dsv'
[0.754s] INFO:colcon.colcon_core.shell:Creating package script '/home/neofelis/vrx_ws/install/share/vrx_ros/package.sh'
[0.754s] INFO:colcon.colcon_core.shell:Creating package script '/home/neofelis/vrx_ws/install/share/vrx_ros/package.bash'
[0.755s] INFO:colcon.colcon_core.shell:Creating package script '/home/neofelis/vrx_ws/install/share/vrx_ros/package.zsh'
[0.755s] Level 1:colcon.colcon_core.environment:create_file_with_runtime_dependencies(/home/neofelis/vrx_ws/install/share/colcon-core/packages/vrx_ros)
[0.755s] Level 1:colcon.colcon_core.environment:create_environment_scripts_only(vrx_ros)
[0.755s] Level 1:colcon.colcon_core.environment:checking '/home/neofelis/vrx_ws/install' for CMake module files
[0.755s] Level 1:colcon.colcon_core.environment:checking '/home/neofelis/vrx_ws/install' for CMake config files
[0.756s] Level 1:colcon.colcon_core.shell:create_environment_hook('vrx_ros', 'cmake_prefix_path')
[0.756s] INFO:colcon.colcon_core.shell:Creating environment hook '/home/neofelis/vrx_ws/install/share/vrx_ros/hook/cmake_prefix_path.ps1'
[0.756s] INFO:colcon.colcon_core.shell:Creating environment descriptor '/home/neofelis/vrx_ws/install/share/vrx_ros/hook/cmake_prefix_path.dsv'
[0.756s] INFO:colcon.colcon_core.shell:Creating environment hook '/home/neofelis/vrx_ws/install/share/vrx_ros/hook/cmake_prefix_path.sh'
[0.756s] Level 1:colcon.colcon_core.environment:checking '/home/neofelis/vrx_ws/install/lib'
[0.757s] Level 1:colcon.colcon_core.shell:create_environment_hook('vrx_ros', 'ld_library_path_lib')
[0.757s] INFO:colcon.colcon_core.shell:Creating environment hook '/home/neofelis/vrx_ws/install/share/vrx_ros/hook/ld_library_path_lib.ps1'
[0.757s] INFO:colcon.colcon_core.shell:Creating environment descriptor '/home/neofelis/vrx_ws/install/share/vrx_ros/hook/ld_library_path_lib.dsv'
[0.757s] INFO:colcon.colcon_core.shell:Creating environment hook '/home/neofelis/vrx_ws/install/share/vrx_ros/hook/ld_library_path_lib.sh'
[0.757s] Level 1:colcon.colcon_core.environment:checking '/home/neofelis/vrx_ws/install/bin'
[0.757s] Level 1:colcon.colcon_core.environment:checking '/home/neofelis/vrx_ws/install/lib/pkgconfig/vrx_ros.pc'
[0.757s] Level 1:colcon.colcon_core.environment:checking '/home/neofelis/vrx_ws/install/lib/python3.10/site-packages'
[0.757s] Level 1:colcon.colcon_core.environment:checking '/home/neofelis/vrx_ws/install/bin'
[0.758s] INFO:colcon.colcon_core.shell:Creating package script '/home/neofelis/vrx_ws/install/share/vrx_ros/package.ps1'
[0.758s] INFO:colcon.colcon_core.shell:Creating package descriptor '/home/neofelis/vrx_ws/install/share/vrx_ros/package.dsv'
[0.758s] INFO:colcon.colcon_core.shell:Creating package script '/home/neofelis/vrx_ws/install/share/vrx_ros/package.sh'
[0.758s] INFO:colcon.colcon_core.shell:Creating package script '/home/neofelis/vrx_ws/install/share/vrx_ros/package.bash'
[0.759s] INFO:colcon.colcon_core.shell:Creating package script '/home/neofelis/vrx_ws/install/share/vrx_ros/package.zsh'
[0.759s] Level 1:colcon.colcon_core.environment:create_file_with_runtime_dependencies(/home/neofelis/vrx_ws/install/share/colcon-core/packages/vrx_ros)
[0.759s] INFO:colcon.colcon_ros.task.ament_cmake.build:Building ROS package in '/home/neofelis/vrx_ws/src/vrx/vrx_gz' with build type 'ament_cmake'
[0.759s] INFO:colcon.colcon_cmake.task.cmake.build:Building CMake package in '/home/neofelis/vrx_ws/src/vrx/vrx_gz'
[0.759s] INFO:colcon.colcon_core.shell:Skip shell extension 'powershell' for command environment: Not usable outside of PowerShell
[0.759s] DEBUG:colcon.colcon_core.shell:Skip shell extension 'dsv' for command environment
[0.765s] DEBUG:colcon.colcon_core.event_handler.log_command:Invoking command in '/home/neofelis/vrx_ws/build/vrx_gz': CMAKE_PREFIX_PATH=${CMAKE_PREFIX_PATH}:/opt/ros/humble CONDA_PROMPT_MODIFIER=(vrx) LD_LIBRARY_PATH=/home/neofelis/vrx_ws/install/lib:/usr/lib/x86_64-linux-gnu/gazebo-11/plugins:/opt/ros/humble/opt/rviz_ogre_vendor/lib:/opt/ros/humble/lib/x86_64-linux-gnu:/opt/ros/humble/lib:/usr/lib/x86_64-linux-gnu/gazebo-11/plugins /usr/bin/cmake /home/neofelis/vrx_ws/src/vrx/vrx_gz -DCMAKE_INSTALL_PREFIX=/home/neofelis/vrx_ws/install
[0.809s] DEBUG:colcon.colcon_core.event_handler.log_command:Invoked command in '/home/neofelis/vrx_ws/build/wamv_description' returned '0': CMAKE_PREFIX_PATH=${CMAKE_PREFIX_PATH}:/opt/ros/humble CONDA_PROMPT_MODIFIER=(vrx) GZ_SIM_RESOURCE_PATH=/home/neofelis/vrx_ws/install/share:${GZ_SIM_RESOURCE_PATH} LD_LIBRARY_PATH=/home/neofelis/vrx_ws/install/lib:/usr/lib/x86_64-linux-gnu/gazebo-11/plugins:/opt/ros/humble/opt/rviz_ogre_vendor/lib:/opt/ros/humble/lib/x86_64-linux-gnu:/opt/ros/humble/lib:/usr/lib/x86_64-linux-gnu/gazebo-11/plugins /usr/bin/cmake /home/neofelis/vrx_ws/src/vrx/vrx_urdf/wamv_description -DCMAKE_INSTALL_PREFIX=/home/neofelis/vrx_ws/install
[0.810s] DEBUG:colcon.colcon_core.event_handler.log_command:Invoking command in '/home/neofelis/vrx_ws/build/wamv_description': CMAKE_PREFIX_PATH=${CMAKE_PREFIX_PATH}:/opt/ros/humble CONDA_PROMPT_MODIFIER=(vrx) GZ_SIM_RESOURCE_PATH=/home/neofelis/vrx_ws/install/share:${GZ_SIM_RESOURCE_PATH} LD_LIBRARY_PATH=/home/neofelis/vrx_ws/install/lib:/usr/lib/x86_64-linux-gnu/gazebo-11/plugins:/opt/ros/humble/opt/rviz_ogre_vendor/lib:/opt/ros/humble/lib/x86_64-linux-gnu:/opt/ros/humble/lib:/usr/lib/x86_64-linux-gnu/gazebo-11/plugins /usr/bin/cmake --build /home/neofelis/vrx_ws/build/wamv_description -- -j16 -l16
[0.844s] DEBUG:colcon.colcon_core.event_handler.log_command:Invoked command in '/home/neofelis/vrx_ws/build/wamv_description' returned '0': CMAKE_PREFIX_PATH=${CMAKE_PREFIX_PATH}:/opt/ros/humble CONDA_PROMPT_MODIFIER=(vrx) GZ_SIM_RESOURCE_PATH=/home/neofelis/vrx_ws/install/share:${GZ_SIM_RESOURCE_PATH} LD_LIBRARY_PATH=/home/neofelis/vrx_ws/install/lib:/usr/lib/x86_64-linux-gnu/gazebo-11/plugins:/opt/ros/humble/opt/rviz_ogre_vendor/lib:/opt/ros/humble/lib/x86_64-linux-gnu:/opt/ros/humble/lib:/usr/lib/x86_64-linux-gnu/gazebo-11/plugins /usr/bin/cmake --build /home/neofelis/vrx_ws/build/wamv_description -- -j16 -l16
[0.845s] DEBUG:colcon.colcon_core.event_handler.log_command:Invoking command in '/home/neofelis/vrx_ws/build/wamv_description': CMAKE_PREFIX_PATH=${CMAKE_PREFIX_PATH}:/opt/ros/humble CONDA_PROMPT_MODIFIER=(vrx) GZ_SIM_RESOURCE_PATH=/home/neofelis/vrx_ws/install/share:${GZ_SIM_RESOURCE_PATH} LD_LIBRARY_PATH=/home/neofelis/vrx_ws/install/lib:/usr/lib/x86_64-linux-gnu/gazebo-11/plugins:/opt/ros/humble/opt/rviz_ogre_vendor/lib:/opt/ros/humble/lib/x86_64-linux-gnu:/opt/ros/humble/lib:/usr/lib/x86_64-linux-gnu/gazebo-11/plugins /usr/bin/cmake --install /home/neofelis/vrx_ws/build/wamv_description
[0.851s] Level 1:colcon.colcon_core.environment:create_environment_scripts_only(wamv_description)
[0.851s] Level 1:colcon.colcon_core.environment:checking '/home/neofelis/vrx_ws/install' for CMake module files
[0.852s] DEBUG:colcon.colcon_core.event_handler.log_command:Invoked command in '/home/neofelis/vrx_ws/build/wamv_description' returned '0': CMAKE_PREFIX_PATH=${CMAKE_PREFIX_PATH}:/opt/ros/humble CONDA_PROMPT_MODIFIER=(vrx) GZ_SIM_RESOURCE_PATH=/home/neofelis/vrx_ws/install/share:${GZ_SIM_RESOURCE_PATH} LD_LIBRARY_PATH=/home/neofelis/vrx_ws/install/lib:/usr/lib/x86_64-linux-gnu/gazebo-11/plugins:/opt/ros/humble/opt/rviz_ogre_vendor/lib:/opt/ros/humble/lib/x86_64-linux-gnu:/opt/ros/humble/lib:/usr/lib/x86_64-linux-gnu/gazebo-11/plugins /usr/bin/cmake --install /home/neofelis/vrx_ws/build/wamv_description
[0.852s] Level 1:colcon.colcon_core.environment:checking '/home/neofelis/vrx_ws/install' for CMake config files
[0.852s] Level 1:colcon.colcon_core.shell:create_environment_hook('wamv_description', 'cmake_prefix_path')
[0.852s] INFO:colcon.colcon_core.shell:Creating environment hook '/home/neofelis/vrx_ws/install/share/wamv_description/hook/cmake_prefix_path.ps1'
[0.853s] INFO:colcon.colcon_core.shell:Creating environment descriptor '/home/neofelis/vrx_ws/install/share/wamv_description/hook/cmake_prefix_path.dsv'
[0.853s] INFO:colcon.colcon_core.shell:Creating environment hook '/home/neofelis/vrx_ws/install/share/wamv_description/hook/cmake_prefix_path.sh'
[0.853s] Level 1:colcon.colcon_core.environment:checking '/home/neofelis/vrx_ws/install/lib'
[0.853s] Level 1:colcon.colcon_core.shell:create_environment_hook('wamv_description', 'ld_library_path_lib')
[0.854s] INFO:colcon.colcon_core.shell:Creating environment hook '/home/neofelis/vrx_ws/install/share/wamv_description/hook/ld_library_path_lib.ps1'
[0.854s] INFO:colcon.colcon_core.shell:Creating environment descriptor '/home/neofelis/vrx_ws/install/share/wamv_description/hook/ld_library_path_lib.dsv'
[0.854s] INFO:colcon.colcon_core.shell:Creating environment hook '/home/neofelis/vrx_ws/install/share/wamv_description/hook/ld_library_path_lib.sh'
[0.854s] Level 1:colcon.colcon_core.environment:checking '/home/neofelis/vrx_ws/install/bin'
[0.854s] Level 1:colcon.colcon_core.environment:checking '/home/neofelis/vrx_ws/install/lib/pkgconfig/wamv_description.pc'
[0.854s] Level 1:colcon.colcon_core.environment:checking '/home/neofelis/vrx_ws/install/lib/python3.10/site-packages'
[0.854s] Level 1:colcon.colcon_core.environment:checking '/home/neofelis/vrx_ws/install/bin'
[0.855s] INFO:colcon.colcon_core.shell:Creating package script '/home/neofelis/vrx_ws/install/share/wamv_description/package.ps1'
[0.855s] INFO:colcon.colcon_core.shell:Creating package descriptor '/home/neofelis/vrx_ws/install/share/wamv_description/package.dsv'
[0.855s] INFO:colcon.colcon_core.shell:Creating package script '/home/neofelis/vrx_ws/install/share/wamv_description/package.sh'
[0.855s] INFO:colcon.colcon_core.shell:Creating package script '/home/neofelis/vrx_ws/install/share/wamv_description/package.bash'
[0.856s] INFO:colcon.colcon_core.shell:Creating package script '/home/neofelis/vrx_ws/install/share/wamv_description/package.zsh'
[0.856s] Level 1:colcon.colcon_core.environment:create_file_with_runtime_dependencies(/home/neofelis/vrx_ws/install/share/colcon-core/packages/wamv_description)
[0.856s] Level 1:colcon.colcon_core.environment:create_environment_scripts_only(wamv_description)
[0.856s] Level 1:colcon.colcon_core.environment:checking '/home/neofelis/vrx_ws/install' for CMake module files
[0.856s] Level 1:colcon.colcon_core.environment:checking '/home/neofelis/vrx_ws/install' for CMake config files
[0.857s] Level 1:colcon.colcon_core.shell:create_environment_hook('wamv_description', 'cmake_prefix_path')
[0.857s] INFO:colcon.colcon_core.shell:Creating environment hook '/home/neofelis/vrx_ws/install/share/wamv_description/hook/cmake_prefix_path.ps1'
[0.857s] INFO:colcon.colcon_core.shell:Creating environment descriptor '/home/neofelis/vrx_ws/install/share/wamv_description/hook/cmake_prefix_path.dsv'
[0.857s] INFO:colcon.colcon_core.shell:Creating environment hook '/home/neofelis/vrx_ws/install/share/wamv_description/hook/cmake_prefix_path.sh'
[0.857s] Level 1:colcon.colcon_core.environment:checking '/home/neofelis/vrx_ws/install/lib'
[0.858s] Level 1:colcon.colcon_core.shell:create_environment_hook('wamv_description', 'ld_library_path_lib')
[0.858s] INFO:colcon.colcon_core.shell:Creating environment hook '/home/neofelis/vrx_ws/install/share/wamv_description/hook/ld_library_path_lib.ps1'
[0.858s] INFO:colcon.colcon_core.shell:Creating environment descriptor '/home/neofelis/vrx_ws/install/share/wamv_description/hook/ld_library_path_lib.dsv'
[0.858s] INFO:colcon.colcon_core.shell:Creating environment hook '/home/neofelis/vrx_ws/install/share/wamv_description/hook/ld_library_path_lib.sh'
[0.858s] Level 1:colcon.colcon_core.environment:checking '/home/neofelis/vrx_ws/install/bin'
[0.858s] Level 1:colcon.colcon_core.environment:checking '/home/neofelis/vrx_ws/install/lib/pkgconfig/wamv_description.pc'
[0.859s] Level 1:colcon.colcon_core.environment:checking '/home/neofelis/vrx_ws/install/lib/python3.10/site-packages'
[0.859s] Level 1:colcon.colcon_core.environment:checking '/home/neofelis/vrx_ws/install/bin'
[0.859s] INFO:colcon.colcon_core.shell:Creating package script '/home/neofelis/vrx_ws/install/share/wamv_description/package.ps1'
[0.859s] INFO:colcon.colcon_core.shell:Creating package descriptor '/home/neofelis/vrx_ws/install/share/wamv_description/package.dsv'
[0.859s] INFO:colcon.colcon_core.shell:Creating package script '/home/neofelis/vrx_ws/install/share/wamv_description/package.sh'
[0.860s] INFO:colcon.colcon_core.shell:Creating package script '/home/neofelis/vrx_ws/install/share/wamv_description/package.bash'
[0.860s] INFO:colcon.colcon_core.shell:Creating package script '/home/neofelis/vrx_ws/install/share/wamv_description/package.zsh'
[0.860s] Level 1:colcon.colcon_core.environment:create_file_with_runtime_dependencies(/home/neofelis/vrx_ws/install/share/colcon-core/packages/wamv_description)
[0.860s] INFO:colcon.colcon_ros.task.ament_cmake.build:Building ROS package in '/home/neofelis/vrx_ws/src/vrx/vrx_urdf/wamv_gazebo' with build type 'ament_cmake'
[0.860s] INFO:colcon.colcon_cmake.task.cmake.build:Building CMake package in '/home/neofelis/vrx_ws/src/vrx/vrx_urdf/wamv_gazebo'
[0.860s] INFO:colcon.colcon_core.shell:Skip shell extension 'powershell' for command environment: Not usable outside of PowerShell
[0.860s] DEBUG:colcon.colcon_core.shell:Skip shell extension 'dsv' for command environment
[0.867s] DEBUG:colcon.colcon_core.event_handler.log_command:Invoking command in '/home/neofelis/vrx_ws/build/wamv_gazebo': CMAKE_PREFIX_PATH=${CMAKE_PREFIX_PATH}:/opt/ros/humble CONDA_PROMPT_MODIFIER=(vrx) GZ_SIM_RESOURCE_PATH=/home/neofelis/vrx_ws/install/share:${GZ_SIM_RESOURCE_PATH} LD_LIBRARY_PATH=/home/neofelis/vrx_ws/install/lib:/usr/lib/x86_64-linux-gnu/gazebo-11/plugins:/opt/ros/humble/opt/rviz_ogre_vendor/lib:/opt/ros/humble/lib/x86_64-linux-gnu:/opt/ros/humble/lib:/usr/lib/x86_64-linux-gnu/gazebo-11/plugins /usr/bin/cmake /home/neofelis/vrx_ws/src/vrx/vrx_urdf/wamv_gazebo -DCMAKE_INSTALL_PREFIX=/home/neofelis/vrx_ws/install
[0.992s] DEBUG:colcon.colcon_core.event_handler.log_command:Invoked command in '/home/neofelis/vrx_ws/build/wamv_gazebo' returned '0': CMAKE_PREFIX_PATH=${CMAKE_PREFIX_PATH}:/opt/ros/humble CONDA_PROMPT_MODIFIER=(vrx) GZ_SIM_RESOURCE_PATH=/home/neofelis/vrx_ws/install/share:${GZ_SIM_RESOURCE_PATH} LD_LIBRARY_PATH=/home/neofelis/vrx_ws/install/lib:/usr/lib/x86_64-linux-gnu/gazebo-11/plugins:/opt/ros/humble/opt/rviz_ogre_vendor/lib:/opt/ros/humble/lib/x86_64-linux-gnu:/opt/ros/humble/lib:/usr/lib/x86_64-linux-gnu/gazebo-11/plugins /usr/bin/cmake /home/neofelis/vrx_ws/src/vrx/vrx_urdf/wamv_gazebo -DCMAKE_INSTALL_PREFIX=/home/neofelis/vrx_ws/install
[0.993s] DEBUG:colcon.colcon_core.event_handler.log_command:Invoking command in '/home/neofelis/vrx_ws/build/wamv_gazebo': CMAKE_PREFIX_PATH=${CMAKE_PREFIX_PATH}:/opt/ros/humble CONDA_PROMPT_MODIFIER=(vrx) GZ_SIM_RESOURCE_PATH=/home/neofelis/vrx_ws/install/share:${GZ_SIM_RESOURCE_PATH} LD_LIBRARY_PATH=/home/neofelis/vrx_ws/install/lib:/usr/lib/x86_64-linux-gnu/gazebo-11/plugins:/opt/ros/humble/opt/rviz_ogre_vendor/lib:/opt/ros/humble/lib/x86_64-linux-gnu:/opt/ros/humble/lib:/usr/lib/x86_64-linux-gnu/gazebo-11/plugins /usr/bin/cmake --build /home/neofelis/vrx_ws/build/wamv_gazebo -- -j16 -l16
[1.015s] DEBUG:colcon.colcon_core.event_handler.log_command:Invoked command in '/home/neofelis/vrx_ws/build/wamv_gazebo' returned '0': CMAKE_PREFIX_PATH=${CMAKE_PREFIX_PATH}:/opt/ros/humble CONDA_PROMPT_MODIFIER=(vrx) GZ_SIM_RESOURCE_PATH=/home/neofelis/vrx_ws/install/share:${GZ_SIM_RESOURCE_PATH} LD_LIBRARY_PATH=/home/neofelis/vrx_ws/install/lib:/usr/lib/x86_64-linux-gnu/gazebo-11/plugins:/opt/ros/humble/opt/rviz_ogre_vendor/lib:/opt/ros/humble/lib/x86_64-linux-gnu:/opt/ros/humble/lib:/usr/lib/x86_64-linux-gnu/gazebo-11/plugins /usr/bin/cmake --build /home/neofelis/vrx_ws/build/wamv_gazebo -- -j16 -l16
[1.016s] DEBUG:colcon.colcon_core.event_handler.log_command:Invoking command in '/home/neofelis/vrx_ws/build/wamv_gazebo': CMAKE_PREFIX_PATH=${CMAKE_PREFIX_PATH}:/opt/ros/humble CONDA_PROMPT_MODIFIER=(vrx) GZ_SIM_RESOURCE_PATH=/home/neofelis/vrx_ws/install/share:${GZ_SIM_RESOURCE_PATH} LD_LIBRARY_PATH=/home/neofelis/vrx_ws/install/lib:/usr/lib/x86_64-linux-gnu/gazebo-11/plugins:/opt/ros/humble/opt/rviz_ogre_vendor/lib:/opt/ros/humble/lib/x86_64-linux-gnu:/opt/ros/humble/lib:/usr/lib/x86_64-linux-gnu/gazebo-11/plugins /usr/bin/cmake --install /home/neofelis/vrx_ws/build/wamv_gazebo
[1.022s] Level 1:colcon.colcon_core.environment:create_environment_scripts_only(wamv_gazebo)
[1.022s] DEBUG:colcon.colcon_core.event_handler.log_command:Invoked command in '/home/neofelis/vrx_ws/build/wamv_gazebo' returned '0': CMAKE_PREFIX_PATH=${CMAKE_PREFIX_PATH}:/opt/ros/humble CONDA_PROMPT_MODIFIER=(vrx) GZ_SIM_RESOURCE_PATH=/home/neofelis/vrx_ws/install/share:${GZ_SIM_RESOURCE_PATH} LD_LIBRARY_PATH=/home/neofelis/vrx_ws/install/lib:/usr/lib/x86_64-linux-gnu/gazebo-11/plugins:/opt/ros/humble/opt/rviz_ogre_vendor/lib:/opt/ros/humble/lib/x86_64-linux-gnu:/opt/ros/humble/lib:/usr/lib/x86_64-linux-gnu/gazebo-11/plugins /usr/bin/cmake --install /home/neofelis/vrx_ws/build/wamv_gazebo
[1.022s] Level 1:colcon.colcon_core.environment:checking '/home/neofelis/vrx_ws/install' for CMake module files
[1.023s] Level 1:colcon.colcon_core.environment:checking '/home/neofelis/vrx_ws/install' for CMake config files
[1.023s] Level 1:colcon.colcon_core.shell:create_environment_hook('wamv_gazebo', 'cmake_prefix_path')
[1.023s] INFO:colcon.colcon_core.shell:Creating environment hook '/home/neofelis/vrx_ws/install/share/wamv_gazebo/hook/cmake_prefix_path.ps1'
[1.024s] INFO:colcon.colcon_core.shell:Creating environment descriptor '/home/neofelis/vrx_ws/install/share/wamv_gazebo/hook/cmake_prefix_path.dsv'
[1.024s] INFO:colcon.colcon_core.shell:Creating environment hook '/home/neofelis/vrx_ws/install/share/wamv_gazebo/hook/cmake_prefix_path.sh'
[1.024s] Level 1:colcon.colcon_core.environment:checking '/home/neofelis/vrx_ws/install/lib'
[1.024s] Level 1:colcon.colcon_core.shell:create_environment_hook('wamv_gazebo', 'ld_library_path_lib')
[1.024s] INFO:colcon.colcon_core.shell:Creating environment hook '/home/neofelis/vrx_ws/install/share/wamv_gazebo/hook/ld_library_path_lib.ps1'
[1.025s] INFO:colcon.colcon_core.shell:Creating environment descriptor '/home/neofelis/vrx_ws/install/share/wamv_gazebo/hook/ld_library_path_lib.dsv'
[1.025s] INFO:colcon.colcon_core.shell:Creating environment hook '/home/neofelis/vrx_ws/install/share/wamv_gazebo/hook/ld_library_path_lib.sh'
[1.025s] Level 1:colcon.colcon_core.environment:checking '/home/neofelis/vrx_ws/install/bin'
[1.025s] Level 1:colcon.colcon_core.environment:checking '/home/neofelis/vrx_ws/install/lib/pkgconfig/wamv_gazebo.pc'
[1.025s] Level 1:colcon.colcon_core.environment:checking '/home/neofelis/vrx_ws/install/lib/python3.10/site-packages'
[1.025s] Level 1:colcon.colcon_core.environment:checking '/home/neofelis/vrx_ws/install/bin'
[1.025s] INFO:colcon.colcon_core.shell:Creating package script '/home/neofelis/vrx_ws/install/share/wamv_gazebo/package.ps1'
[1.026s] INFO:colcon.colcon_core.shell:Creating package descriptor '/home/neofelis/vrx_ws/install/share/wamv_gazebo/package.dsv'
[1.026s] INFO:colcon.colcon_core.shell:Creating package script '/home/neofelis/vrx_ws/install/share/wamv_gazebo/package.sh'
[1.026s] INFO:colcon.colcon_core.shell:Creating package script '/home/neofelis/vrx_ws/install/share/wamv_gazebo/package.bash'
[1.026s] INFO:colcon.colcon_core.shell:Creating package script '/home/neofelis/vrx_ws/install/share/wamv_gazebo/package.zsh'
[1.027s] Level 1:colcon.colcon_core.environment:create_file_with_runtime_dependencies(/home/neofelis/vrx_ws/install/share/colcon-core/packages/wamv_gazebo)
[1.027s] Level 1:colcon.colcon_core.environment:create_environment_scripts_only(wamv_gazebo)
[1.027s] Level 1:colcon.colcon_core.environment:checking '/home/neofelis/vrx_ws/install' for CMake module files
[1.027s] Level 1:colcon.colcon_core.environment:checking '/home/neofelis/vrx_ws/install' for CMake config files
[1.028s] Level 1:colcon.colcon_core.shell:create_environment_hook('wamv_gazebo', 'cmake_prefix_path')
[1.028s] INFO:colcon.colcon_core.shell:Creating environment hook '/home/neofelis/vrx_ws/install/share/wamv_gazebo/hook/cmake_prefix_path.ps1'
[1.028s] INFO:colcon.colcon_core.shell:Creating environment descriptor '/home/neofelis/vrx_ws/install/share/wamv_gazebo/hook/cmake_prefix_path.dsv'
[1.028s] INFO:colcon.colcon_core.shell:Creating environment hook '/home/neofelis/vrx_ws/install/share/wamv_gazebo/hook/cmake_prefix_path.sh'
[1.028s] Level 1:colcon.colcon_core.environment:checking '/home/neofelis/vrx_ws/install/lib'
[1.028s] Level 1:colcon.colcon_core.shell:create_environment_hook('wamv_gazebo', 'ld_library_path_lib')
[1.029s] INFO:colcon.colcon_core.shell:Creating environment hook '/home/neofelis/vrx_ws/install/share/wamv_gazebo/hook/ld_library_path_lib.ps1'
[1.029s] INFO:colcon.colcon_core.shell:Creating environment descriptor '/home/neofelis/vrx_ws/install/share/wamv_gazebo/hook/ld_library_path_lib.dsv'
[1.029s] INFO:colcon.colcon_core.shell:Creating environment hook '/home/neofelis/vrx_ws/install/share/wamv_gazebo/hook/ld_library_path_lib.sh'
[1.029s] Level 1:colcon.colcon_core.environment:checking '/home/neofelis/vrx_ws/install/bin'
[1.029s] Level 1:colcon.colcon_core.environment:checking '/home/neofelis/vrx_ws/install/lib/pkgconfig/wamv_gazebo.pc'
[1.029s] Level 1:colcon.colcon_core.environment:checking '/home/neofelis/vrx_ws/install/lib/python3.10/site-packages'
[1.029s] Level 1:colcon.colcon_core.environment:checking '/home/neofelis/vrx_ws/install/bin'
[1.030s] INFO:colcon.colcon_core.shell:Creating package script '/home/neofelis/vrx_ws/install/share/wamv_gazebo/package.ps1'
[1.030s] INFO:colcon.colcon_core.shell:Creating package descriptor '/home/neofelis/vrx_ws/install/share/wamv_gazebo/package.dsv'
[1.030s] INFO:colcon.colcon_core.shell:Creating package script '/home/neofelis/vrx_ws/install/share/wamv_gazebo/package.sh'
[1.030s] INFO:colcon.colcon_core.shell:Creating package script '/home/neofelis/vrx_ws/install/share/wamv_gazebo/package.bash'
[1.031s] INFO:colcon.colcon_core.shell:Creating package script '/home/neofelis/vrx_ws/install/share/wamv_gazebo/package.zsh'
[1.031s] Level 1:colcon.colcon_core.environment:create_file_with_runtime_dependencies(/home/neofelis/vrx_ws/install/share/colcon-core/packages/wamv_gazebo)
[1.469s] DEBUG:colcon.colcon_core.event_handler.log_command:Invoked command in '/home/neofelis/vrx_ws/build/vrx_gz' returned '0': CMAKE_PREFIX_PATH=${CMAKE_PREFIX_PATH}:/opt/ros/humble CONDA_PROMPT_MODIFIER=(vrx) LD_LIBRARY_PATH=/home/neofelis/vrx_ws/install/lib:/usr/lib/x86_64-linux-gnu/gazebo-11/plugins:/opt/ros/humble/opt/rviz_ogre_vendor/lib:/opt/ros/humble/lib/x86_64-linux-gnu:/opt/ros/humble/lib:/usr/lib/x86_64-linux-gnu/gazebo-11/plugins /usr/bin/cmake /home/neofelis/vrx_ws/src/vrx/vrx_gz -DCMAKE_INSTALL_PREFIX=/home/neofelis/vrx_ws/install
[1.469s] DEBUG:colcon.colcon_core.event_handler.log_command:Invoking command in '/home/neofelis/vrx_ws/build/vrx_gz': CMAKE_PREFIX_PATH=${CMAKE_PREFIX_PATH}:/opt/ros/humble CONDA_PROMPT_MODIFIER=(vrx) LD_LIBRARY_PATH=/home/neofelis/vrx_ws/install/lib:/usr/lib/x86_64-linux-gnu/gazebo-11/plugins:/opt/ros/humble/opt/rviz_ogre_vendor/lib:/opt/ros/humble/lib/x86_64-linux-gnu:/opt/ros/humble/lib:/usr/lib/x86_64-linux-gnu/gazebo-11/plugins /usr/bin/cmake --build /home/neofelis/vrx_ws/build/vrx_gz -- -j16 -l16
[1.704s] DEBUG:colcon.colcon_core.event_handler.log_command:Invoked command in '/home/neofelis/vrx_ws/build/vrx_gz' returned '0': CMAKE_PREFIX_PATH=${CMAKE_PREFIX_PATH}:/opt/ros/humble CONDA_PROMPT_MODIFIER=(vrx) LD_LIBRARY_PATH=/home/neofelis/vrx_ws/install/lib:/usr/lib/x86_64-linux-gnu/gazebo-11/plugins:/opt/ros/humble/opt/rviz_ogre_vendor/lib:/opt/ros/humble/lib/x86_64-linux-gnu:/opt/ros/humble/lib:/usr/lib/x86_64-linux-gnu/gazebo-11/plugins /usr/bin/cmake --build /home/neofelis/vrx_ws/build/vrx_gz -- -j16 -l16
[1.705s] DEBUG:colcon.colcon_core.event_handler.log_command:Invoking command in '/home/neofelis/vrx_ws/build/vrx_gz': CMAKE_PREFIX_PATH=${CMAKE_PREFIX_PATH}:/opt/ros/humble CONDA_PROMPT_MODIFIER=(vrx) LD_LIBRARY_PATH=/home/neofelis/vrx_ws/install/lib:/usr/lib/x86_64-linux-gnu/gazebo-11/plugins:/opt/ros/humble/opt/rviz_ogre_vendor/lib:/opt/ros/humble/lib/x86_64-linux-gnu:/opt/ros/humble/lib:/usr/lib/x86_64-linux-gnu/gazebo-11/plugins /usr/bin/cmake --install /home/neofelis/vrx_ws/build/vrx_gz
[1.740s] Level 1:colcon.colcon_core.environment:create_environment_scripts_only(vrx_gz)
[1.740s] Level 1:colcon.colcon_core.environment:checking '/home/neofelis/vrx_ws/install' for CMake module files
[1.742s] DEBUG:colcon.colcon_core.event_handler.log_command:Invoked command in '/home/neofelis/vrx_ws/build/vrx_gz' returned '0': CMAKE_PREFIX_PATH=${CMAKE_PREFIX_PATH}:/opt/ros/humble CONDA_PROMPT_MODIFIER=(vrx) LD_LIBRARY_PATH=/home/neofelis/vrx_ws/install/lib:/usr/lib/x86_64-linux-gnu/gazebo-11/plugins:/opt/ros/humble/opt/rviz_ogre_vendor/lib:/opt/ros/humble/lib/x86_64-linux-gnu:/opt/ros/humble/lib:/usr/lib/x86_64-linux-gnu/gazebo-11/plugins /usr/bin/cmake --install /home/neofelis/vrx_ws/build/vrx_gz
[1.742s] Level 1:colcon.colcon_core.environment:checking '/home/neofelis/vrx_ws/install' for CMake config files
[1.743s] Level 1:colcon.colcon_core.shell:create_environment_hook('vrx_gz', 'cmake_prefix_path')
[1.743s] INFO:colcon.colcon_core.shell:Creating environment hook '/home/neofelis/vrx_ws/install/share/vrx_gz/hook/cmake_prefix_path.ps1'
[1.743s] INFO:colcon.colcon_core.shell:Creating environment descriptor '/home/neofelis/vrx_ws/install/share/vrx_gz/hook/cmake_prefix_path.dsv'
[1.743s] INFO:colcon.colcon_core.shell:Creating environment hook '/home/neofelis/vrx_ws/install/share/vrx_gz/hook/cmake_prefix_path.sh'
[1.743s] Level 1:colcon.colcon_core.environment:checking '/home/neofelis/vrx_ws/install/lib'
[1.744s] Level 1:colcon.colcon_core.shell:create_environment_hook('vrx_gz', 'ld_library_path_lib')
[1.744s] INFO:colcon.colcon_core.shell:Creating environment hook '/home/neofelis/vrx_ws/install/share/vrx_gz/hook/ld_library_path_lib.ps1'
[1.744s] INFO:colcon.colcon_core.shell:Creating environment descriptor '/home/neofelis/vrx_ws/install/share/vrx_gz/hook/ld_library_path_lib.dsv'
[1.744s] INFO:colcon.colcon_core.shell:Creating environment hook '/home/neofelis/vrx_ws/install/share/vrx_gz/hook/ld_library_path_lib.sh'
[1.744s] Level 1:colcon.colcon_core.environment:checking '/home/neofelis/vrx_ws/install/bin'
[1.744s] Level 1:colcon.colcon_core.environment:checking '/home/neofelis/vrx_ws/install/lib/pkgconfig/vrx_gz.pc'
[1.744s] Level 1:colcon.colcon_core.environment:checking '/home/neofelis/vrx_ws/install/lib/python3.10/site-packages'
[1.744s] Level 1:colcon.colcon_core.environment:checking '/home/neofelis/vrx_ws/install/bin'
[1.745s] INFO:colcon.colcon_core.shell:Creating package script '/home/neofelis/vrx_ws/install/share/vrx_gz/package.ps1'
[1.745s] INFO:colcon.colcon_core.shell:Creating package descriptor '/home/neofelis/vrx_ws/install/share/vrx_gz/package.dsv'
[1.745s] INFO:colcon.colcon_core.shell:Creating package script '/home/neofelis/vrx_ws/install/share/vrx_gz/package.sh'
[1.745s] INFO:colcon.colcon_core.shell:Creating package script '/home/neofelis/vrx_ws/install/share/vrx_gz/package.bash'
[1.746s] INFO:colcon.colcon_core.shell:Creating package script '/home/neofelis/vrx_ws/install/share/vrx_gz/package.zsh'
[1.746s] Level 1:colcon.colcon_core.environment:create_file_with_runtime_dependencies(/home/neofelis/vrx_ws/install/share/colcon-core/packages/vrx_gz)
[1.746s] Level 1:colcon.colcon_core.environment:create_environment_scripts_only(vrx_gz)
[1.746s] Level 1:colcon.colcon_core.environment:checking '/home/neofelis/vrx_ws/install' for CMake module files
[1.746s] Level 1:colcon.colcon_core.environment:checking '/home/neofelis/vrx_ws/install' for CMake config files
[1.747s] Level 1:colcon.colcon_core.shell:create_environment_hook('vrx_gz', 'cmake_prefix_path')
[1.747s] INFO:colcon.colcon_core.shell:Creating environment hook '/home/neofelis/vrx_ws/install/share/vrx_gz/hook/cmake_prefix_path.ps1'
[1.747s] INFO:colcon.colcon_core.shell:Creating environment descriptor '/home/neofelis/vrx_ws/install/share/vrx_gz/hook/cmake_prefix_path.dsv'
[1.747s] INFO:colcon.colcon_core.shell:Creating environment hook '/home/neofelis/vrx_ws/install/share/vrx_gz/hook/cmake_prefix_path.sh'
[1.747s] Level 1:colcon.colcon_core.environment:checking '/home/neofelis/vrx_ws/install/lib'
[1.747s] Level 1:colcon.colcon_core.shell:create_environment_hook('vrx_gz', 'ld_library_path_lib')
[1.748s] INFO:colcon.colcon_core.shell:Creating environment hook '/home/neofelis/vrx_ws/install/share/vrx_gz/hook/ld_library_path_lib.ps1'
[1.748s] INFO:colcon.colcon_core.shell:Creating environment descriptor '/home/neofelis/vrx_ws/install/share/vrx_gz/hook/ld_library_path_lib.dsv'
[1.748s] INFO:colcon.colcon_core.shell:Creating environment hook '/home/neofelis/vrx_ws/install/share/vrx_gz/hook/ld_library_path_lib.sh'
[1.748s] Level 1:colcon.colcon_core.environment:checking '/home/neofelis/vrx_ws/install/bin'
[1.748s] Level 1:colcon.colcon_core.environment:checking '/home/neofelis/vrx_ws/install/lib/pkgconfig/vrx_gz.pc'
[1.748s] Level 1:colcon.colcon_core.environment:checking '/home/neofelis/vrx_ws/install/lib/python3.10/site-packages'
[1.748s] Level 1:colcon.colcon_core.environment:checking '/home/neofelis/vrx_ws/install/bin'
[1.749s] INFO:colcon.colcon_core.shell:Creating package script '/home/neofelis/vrx_ws/install/share/vrx_gz/package.ps1'
[1.749s] INFO:colcon.colcon_core.shell:Creating package descriptor '/home/neofelis/vrx_ws/install/share/vrx_gz/package.dsv'
[1.749s] INFO:colcon.colcon_core.shell:Creating package script '/home/neofelis/vrx_ws/install/share/vrx_gz/package.sh'
[1.749s] INFO:colcon.colcon_core.shell:Creating package script '/home/neofelis/vrx_ws/install/share/vrx_gz/package.bash'
[1.749s] INFO:colcon.colcon_core.shell:Creating package script '/home/neofelis/vrx_ws/install/share/vrx_gz/package.zsh'
[1.750s] Level 1:colcon.colcon_core.environment:create_file_with_runtime_dependencies(/home/neofelis/vrx_ws/install/share/colcon-core/packages/vrx_gz)
[1.750s] DEBUG:colcon.colcon_parallel_executor.executor.parallel:closing loop
[1.750s] DEBUG:colcon.colcon_parallel_executor.executor.parallel:loop closed
[1.750s] DEBUG:colcon.colcon_parallel_executor.executor.parallel:run_until_complete finished with '0'
[1.750s] DEBUG:colcon.colcon_core.event_reactor:joining thread
[1.753s] INFO:colcon.colcon_core.plugin_system:Skipping extension 'colcon_notification.desktop_notification.terminal_notifier': Not used on non-Darwin systems
[1.753s] INFO:colcon.colcon_core.plugin_system:Skipping extension 'colcon_notification.desktop_notification.win32': Not used on non-Windows systems
[1.753s] INFO:colcon.colcon_notification.desktop_notification:Sending desktop notification using 'notify2'
[1.761s] DEBUG:colcon.colcon_core.event_reactor:joined thread
[1.761s] INFO:colcon.colcon_core.shell:Creating prefix script '/home/neofelis/vrx_ws/install/local_setup.ps1'
[1.762s] INFO:colcon.colcon_core.shell:Creating prefix util module '/home/neofelis/vrx_ws/install/_local_setup_util_ps1.py'
[1.763s] INFO:colcon.colcon_core.shell:Creating prefix chain script '/home/neofelis/vrx_ws/install/setup.ps1'
[1.763s] INFO:colcon.colcon_core.shell:Creating prefix script '/home/neofelis/vrx_ws/install/local_setup.sh'
[1.764s] INFO:colcon.colcon_core.shell:Creating prefix util module '/home/neofelis/vrx_ws/install/_local_setup_util_sh.py'
[1.764s] INFO:colcon.colcon_core.shell:Creating prefix chain script '/home/neofelis/vrx_ws/install/setup.sh'
[1.764s] INFO:colcon.colcon_core.shell:Creating prefix script '/home/neofelis/vrx_ws/install/local_setup.bash'
[1.765s] INFO:colcon.colcon_core.shell:Creating prefix chain script '/home/neofelis/vrx_ws/install/setup.bash'
[1.765s] INFO:colcon.colcon_core.shell:Creating prefix script '/home/neofelis/vrx_ws/install/local_setup.zsh'
[1.766s] INFO:colcon.colcon_core.shell:Creating prefix chain script '/home/neofelis/vrx_ws/install/setup.zsh'
