[0.005s] Invoking command in '/home/neofelis/vrx_ws/build/vrx_gz': CMAKE_PREFIX_PATH=${CMAKE_PREFIX_PATH}:/opt/ros/humble CONDA_PROMPT_MODIFIER=(vrx) /usr/bin/cmake /home/neofelis/vrx_ws/src/vrx/vrx_gz -DCMAKE_BUILD_TYPE=RelWithDebInfo -DIGNITION_VERSION=fortress -DCMAKE_INSTALL_PREFIX=/home/neofelis/vrx_ws/install
[0.053s] -- The C compiler identification is GNU 11.4.0
[0.099s] -- The CXX compiler identification is GNU 11.4.0
[0.104s] -- Detecting C compiler ABI info
[0.154s] -- Detecting C compiler ABI info - done
[0.163s] -- Check for working C compiler: /usr/bin/cc - skipped
[0.163s] -- Detecting C compile features
[0.163s] -- Detecting C compile features - done
[0.167s] -- Detecting CXX compiler ABI info
[0.245s] -- Detecting CXX compiler ABI info - done
[0.250s] -- Check for working CXX compiler: /usr/bin/c++ - skipped
[0.250s] -- Detecting CXX compile features
[0.250s] -- Detecting CXX compile features - done
[0.251s] -- Found ament_cmake: 1.3.10 (/opt/ros/humble/share/ament_cmake/cmake)
[0.357s] -- Found Python3: /usr/bin/python3 (found version "3.10.12") found components: Interpreter 
[0.410s] -- Looking for gz-sim7 -- found version 7.9.0
[0.414s] -- Searching for dependencies of gz-sim7
[0.415s] -- Looking for sdformat13 -- found version 13.9.0
[0.416s] -- Searching for dependencies of sdformat13
[0.419s] -- Checking for module 'tinyxml2'
[0.426s] --   Found tinyxml2, version 9.0.0
[0.450s] -- Looking for gz-math7 -- found version 7.5.1
[0.451s] -- Searching for dependencies of gz-math7
[0.452s] -- Looking for gz-utils2 -- found version 2.2.1
[0.452s] -- Searching for dependencies of gz-utils2
[0.453s] -- Looking for gz-utils2 -- found version 2.2.1
[0.453s] -- Searching for dependencies of gz-utils2
[0.453s] -- Searching for <gz-utils2> component [cli]
[0.455s] -- Looking for gz-utils2-cli -- found version 2.2.1
[0.455s] -- Searching for dependencies of gz-utils2-cli
[0.456s] -- Looking for gz-plugin2 -- found version 2.0.4
[0.457s] -- Searching for dependencies of gz-plugin2
[0.457s] -- Looking for gz-utils2 -- found version 2.2.1
[0.457s] -- Searching for <gz-plugin2> component [loader]
[0.458s] -- Looking for gz-plugin2-loader -- found version 2.0.4
[0.458s] -- Searching for dependencies of gz-plugin2-loader
[0.459s] -- Searching for <gz-plugin2> component [register]
[0.460s] -- Looking for gz-plugin2-register -- found version 2.0.4
[0.460s] -- Searching for dependencies of gz-plugin2-register
[0.461s] -- Looking for gz-transport12 -- found version 12.2.2
[0.462s] -- Searching for dependencies of gz-transport12
[0.611s] -- Found Protobuf: /usr/lib/x86_64-linux-gnu/libprotobuf.so (found version "3.12.4") 
[0.620s] -- Config-file not installed for ZeroMQ -- checking for pkg-config
[0.623s] -- Checking for module 'libzmq >= 4'
[0.630s] --   Found libzmq , version 4.3.4
[0.659s] -- Found ZeroMQ: TRUE (Required is at least version "4") 
[0.664s] -- Checking for module 'uuid'
[0.675s] --   Found uuid, version 2.37.2
[0.719s] -- Found UUID: TRUE  
[0.719s] -- Looking for gz-utils2 -- found version 2.2.1
[0.722s] -- Looking for gz-msgs9 -- found version 9.5.1
[0.723s] -- Searching for dependencies of gz-msgs9
[0.737s] -- Looking for gz-math7 -- found version 7.5.1
[0.740s] -- Searching for <gz-transport12> component [log]
[0.742s] -- Looking for gz-transport12-log -- found version 12.2.2
[0.742s] -- Searching for dependencies of gz-transport12-log
[0.742s] -- Searching for <gz-transport12> component [parameters]
[0.743s] -- Looking for gz-transport12-parameters -- found version 12.2.2
[0.743s] -- Searching for dependencies of gz-transport12-parameters
[0.744s] -- Looking for gz-msgs9 -- found version 9.5.1
[0.745s] -- Looking for gz-common5 -- found version 5.7.1
[0.745s] -- Searching for dependencies of gz-common5
[0.746s] -- Looking for gz-utils2 -- found version 2.2.1
[0.746s] -- Looking for dlfcn.h - found
[0.747s] -- Looking for libdl - found
[0.747s] -- Found DL: TRUE  
[0.751s] -- Searching for <gz-common5> component [profiler]
[0.752s] -- Looking for gz-common5-profiler -- found version 5.7.1
[0.752s] -- Searching for dependencies of gz-common5-profiler
[0.752s] -- Searching for <gz-common5> component [events]
[0.754s] -- Looking for gz-common5-events -- found version 5.7.1
[0.754s] -- Searching for dependencies of gz-common5-events
[0.754s] -- Looking for gz-math7 -- found version 7.5.1
[0.754s] -- Searching for <gz-common5> component [av]
[0.756s] -- Looking for gz-common5-av -- found version 5.7.1
[0.756s] -- Searching for dependencies of gz-common5-av
[0.759s] -- Checking for module 'libswscale'
[0.766s] --   Found libswscale, version 5.9.100
[0.785s] -- Found SWSCALE: TRUE  
[0.788s] -- Checking for module 'libavdevice >= 56.4.100'
[0.796s] --   Found libavdevice , version 58.13.100
[0.818s] -- Found AVDEVICE: TRUE (Required is at least version "56.4.100") 
[0.821s] -- Checking for module 'libavformat'
[0.827s] --   Found libavformat, version 58.76.100
[0.847s] -- Found AVFORMAT: TRUE  
[0.850s] -- Checking for module 'libavcodec'
[0.857s] --   Found libavcodec, version 58.134.100
[0.876s] -- Found AVCODEC: TRUE  
[0.879s] -- Checking for module 'libavutil'
[0.886s] --   Found libavutil, version 56.70.100
[0.905s] -- Found AVUTIL: TRUE  
[0.905s] -- Searching for <gz-common5> component [io]
[0.906s] -- Looking for gz-common5-io -- found version 5.7.1
[0.906s] -- Searching for dependencies of gz-common5-io
[0.908s] -- Looking for gz-fuel_tools8 -- found version 8.2.0
[0.908s] -- Searching for dependencies of gz-fuel_tools8
[0.953s] -- Found CURL: /usr/lib/x86_64-linux-gnu/libcurl.so (found version "7.81.0")  
[0.958s] -- Checking for module 'jsoncpp'
[0.965s] --   Found jsoncpp, version 1.9.5
[0.983s] -- Found JSONCPP: TRUE  
[0.987s] -- Checking for module 'libzip'
[0.994s] --   Found libzip, version 1.7.3
[1.015s] -- Found ZIP: TRUE  
[1.015s] -- Looking for gz-utils2 -- found version 2.2.1
[1.015s] -- Looking for gz-common5 -- found version 5.7.1
[1.016s] -- Searching for dependencies of gz-common5
[1.016s] -- Looking for gz-utils2 -- found version 2.2.1
[1.016s] -- Looking for dlfcn.h - found
[1.016s] -- Looking for libdl - found
[1.020s] -- Searching for <gz-common5> component [testing]
[1.021s] -- Looking for gz-common5-testing -- found version 5.7.1
[1.022s] -- Searching for dependencies of gz-common5-testing
[1.022s] -- Looking for gz-math7 -- found version 7.5.1
[1.023s] -- Looking for gz-msgs9 -- found version 9.5.1
[1.024s] -- Looking for gz-gui7 -- found version 7.2.2
[1.024s] -- Searching for dependencies of gz-gui7
[1.038s] -- Looking for gz-utils2 -- found version 2.2.1
[1.038s] -- Looking for gz-math7 -- found version 7.5.1
[1.039s] -- Looking for gz-common5 -- found version 5.7.1
[1.039s] -- Looking for gz-plugin2 -- found version 2.0.4
[1.039s] -- Looking for gz-transport12 -- found version 12.2.2
[1.040s] -- Looking for gz-rendering7 -- found version 7.5.0
[1.041s] -- Searching for dependencies of gz-rendering7
[1.041s] -- Looking for gz-math7 -- found version 7.5.1
[1.041s] -- Searching for dependencies of gz-math7
[1.041s] -- Looking for gz-utils2 -- found version 2.2.1
[1.041s] -- Searching for <gz-math7> component [eigen3]
[1.043s] -- Looking for gz-math7-eigen3 -- found version 7.5.1
[1.043s] -- Searching for dependencies of gz-math7-eigen3
[1.047s] -- Looking for gz-common5 -- found version 5.7.1
[1.047s] -- Searching for dependencies of gz-common5
[1.048s] -- Looking for gz-utils2 -- found version 2.2.1
[1.048s] -- Looking for dlfcn.h - found
[1.048s] -- Looking for libdl - found
[1.052s] -- Searching for <gz-common5> component [graphics]
[1.053s] -- Looking for gz-common5-graphics -- found version 5.7.1
[1.053s] -- Searching for dependencies of gz-common5-graphics
[1.053s] -- Looking for gz-math7 -- found version 7.5.1
[1.056s] -- Found GzAssimp: TRUE (found version "5.2.0") 
[1.057s] -- Searching for <gz-common5> component [events]
[1.057s] -- Searching for <gz-common5> component [geospatial]
[1.058s] -- Looking for gz-common5-geospatial -- found version 5.7.1
[1.058s] -- Searching for dependencies of gz-common5-geospatial
[1.059s] -- Looking for gz-math7 -- found version 7.5.1
[1.059s] -- Looking for gz-common5 -- found version 5.7.1
[1.059s] -- Looking for gz-plugin2 -- found version 2.0.4
[1.060s] -- Searching for dependencies of gz-plugin2
[1.060s] -- Looking for gz-utils2 -- found version 2.2.1
[1.060s] -- Searching for <gz-plugin2> component [all]
[1.061s] -- Looking for all libraries of gz-plugin2 -- found version 2.0.4
[1.062s] -- Looking for gz-plugin2 -- found version 2.0.4
[1.063s] -- Looking for gz-utils2 -- found version 2.2.1
[1.065s] -- Found OpenGL: /usr/lib/x86_64-linux-gnu/libOpenGL.so  found components: OpenGL 
[1.066s] -- Looking for gz-msgs9 -- found version 9.5.1
[1.077s] -- Looking for gz-physics6 -- found version 6.7.0
[1.077s] -- Searching for dependencies of gz-physics6
[1.077s] -- Looking for gz-common5 -- found version 5.7.1
[1.078s] -- Looking for gz-math7 -- found version 7.5.1
[1.078s] -- Looking for gz-plugin2 -- found version 2.0.4
[1.078s] -- Looking for gz-utils2 -- found version 2.2.1
[1.079s] -- Searching for <gz-physics6> component [heightmap]
[1.080s] -- Looking for gz-physics6-heightmap -- found version 6.7.0
[1.080s] -- Searching for dependencies of gz-physics6-heightmap
[1.080s] -- Looking for gz-common5 -- found version 5.7.1
[1.081s] -- Searching for <gz-physics6> component [mesh]
[1.082s] -- Looking for gz-physics6-mesh -- found version 6.7.0
[1.082s] -- Searching for dependencies of gz-physics6-mesh
[1.082s] -- Looking for gz-common5 -- found version 5.7.1
[1.083s] -- Searching for <gz-physics6> component [sdf]
[1.084s] -- Looking for gz-physics6-sdf -- found version 6.7.0
[1.084s] -- Searching for dependencies of gz-physics6-sdf
[1.084s] -- Looking for sdformat13 -- found version 13.9.0
[1.086s] -- Looking for gz-sensors7 -- found version 7.3.1
[1.086s] -- Searching for dependencies of gz-sensors7
[1.097s] -- Looking for gz-math7 -- found version 7.5.1
[1.097s] -- Looking for gz-common5 -- found version 5.7.1
[1.097s] -- Looking for gz-transport12 -- found version 12.2.2
[1.097s] -- Looking for gz-rendering7 -- found version 7.5.0
[1.098s] -- Looking for gz-msgs9 -- found version 9.5.1
[1.098s] -- Looking for sdformat13 -- found version 13.9.0
[1.098s] -- Searching for <gz-sensors7> component [air_pressure]
[1.100s] -- Looking for gz-sensors7-air_pressure -- found version 7.3.1
[1.100s] -- Searching for dependencies of gz-sensors7-air_pressure
[1.100s] -- Searching for <gz-sensors7> component [air_speed]
[1.101s] -- Looking for gz-sensors7-air_speed -- found version 7.3.1
[1.101s] -- Searching for dependencies of gz-sensors7-air_speed
[1.102s] -- Searching for <gz-sensors7> component [altimeter]
[1.103s] -- Looking for gz-sensors7-altimeter -- found version 7.3.1
[1.103s] -- Searching for dependencies of gz-sensors7-altimeter
[1.103s] -- Searching for <gz-sensors7> component [imu]
[1.105s] -- Looking for gz-sensors7-imu -- found version 7.3.1
[1.105s] -- Searching for dependencies of gz-sensors7-imu
[1.105s] -- Searching for <gz-sensors7> component [force_torque]
[1.106s] -- Looking for gz-sensors7-force_torque -- found version 7.3.1
[1.107s] -- Searching for dependencies of gz-sensors7-force_torque
[1.107s] -- Searching for <gz-sensors7> component [logical_camera]
[1.108s] -- Looking for gz-sensors7-logical_camera -- found version 7.3.1
[1.108s] -- Searching for dependencies of gz-sensors7-logical_camera
[1.109s] -- Searching for <gz-sensors7> component [magnetometer]
[1.110s] -- Looking for gz-sensors7-magnetometer -- found version 7.3.1
[1.110s] -- Searching for dependencies of gz-sensors7-magnetometer
[1.110s] -- Searching for <gz-sensors7> component [navsat]
[1.112s] -- Looking for gz-sensors7-navsat -- found version 7.3.1
[1.112s] -- Searching for dependencies of gz-sensors7-navsat
[1.112s] -- Searching for <gz-sensors7> component [rendering]
[1.113s] -- Looking for gz-sensors7-rendering -- found version 7.3.1
[1.114s] -- Searching for dependencies of gz-sensors7-rendering
[1.114s] -- Searching for <gz-sensors7> component [lidar]
[1.115s] -- Looking for gz-sensors7-lidar -- found version 7.3.1
[1.115s] -- Searching for dependencies of gz-sensors7-lidar
[1.116s] -- Looking for gz-sensors7 -- found version 7.3.1
[1.116s] -- Searching for <gz-sensors7> component [gpu_lidar]
[1.117s] -- Looking for gz-sensors7-gpu_lidar -- found version 7.3.1
[1.117s] -- Searching for dependencies of gz-sensors7-gpu_lidar
[1.118s] -- Looking for gz-sensors7 -- found version 7.3.1
[1.118s] -- Searching for <gz-sensors7> component [camera]
[1.119s] -- Looking for gz-sensors7-camera -- found version 7.3.1
[1.119s] -- Searching for dependencies of gz-sensors7-camera
[1.120s] -- Looking for gz-sensors7 -- found version 7.3.1
[1.120s] -- Searching for <gz-sensors7> component [boundingbox_camera]
[1.121s] -- Looking for gz-sensors7-boundingbox_camera -- found version 7.3.1
[1.121s] -- Searching for dependencies of gz-sensors7-boundingbox_camera
[1.122s] -- Searching for <gz-sensors7> component [segmentation_camera]
[1.123s] -- Looking for gz-sensors7-segmentation_camera -- found version 7.3.1
[1.123s] -- Searching for dependencies of gz-sensors7-segmentation_camera
[1.123s] -- Searching for <gz-sensors7> component [depth_camera]
[1.125s] -- Looking for gz-sensors7-depth_camera -- found version 7.3.1
[1.125s] -- Searching for dependencies of gz-sensors7-depth_camera
[1.125s] -- Looking for gz-sensors7 -- found version 7.3.1
[1.126s] -- Searching for <gz-sensors7> component [rgbd_camera]
[1.127s] -- Looking for gz-sensors7-rgbd_camera -- found version 7.3.1
[1.127s] -- Searching for dependencies of gz-sensors7-rgbd_camera
[1.127s] -- Looking for gz-sensors7 -- found version 7.3.1
[1.128s] -- Searching for <gz-sensors7> component [thermal_camera]
[1.129s] -- Looking for gz-sensors7-thermal_camera -- found version 7.3.1
[1.129s] -- Searching for dependencies of gz-sensors7-thermal_camera
[1.129s] -- Looking for gz-sensors7 -- found version 7.3.1
[1.130s] -- Searching for <gz-sensors7> component [wide_angle_camera]
[1.131s] -- Looking for gz-sensors7-wide_angle_camera -- found version 7.3.1
[1.131s] -- Searching for dependencies of gz-sensors7-wide_angle_camera
[1.132s] -- Looking for gz-rendering7 -- found version 7.5.0
[1.132s] -- Looking for gz-math7 -- found version 7.5.1
[1.132s] -- Looking for gz-utils2 -- found version 2.2.1
[1.144s] -- Looking for gz-common5 -- found version 5.7.1
[1.144s] -- Looking for gz-fuel_tools8 -- found version 8.2.0
[1.145s] -- Looking for gz-math7 -- found version 7.5.1
[1.145s] -- Looking for gz-msgs9 -- found version 9.5.1
[1.145s] -- Looking for gz-transport12 -- found version 12.2.2
[1.145s] -- Looking for gz-plugin2 -- found version 2.0.4
[1.146s] -- Looking for gz-rendering7 -- found version 7.5.0
[1.146s] -- Looking for gz-sensors7 -- found version 7.3.1
[1.146s] -- Looking for gz-utils2 -- found version 2.2.1
[1.146s] -- Looking for sdformat13 -- found version 13.9.0
[1.147s] -- Found std_msgs: 4.2.4 (/opt/ros/humble/share/std_msgs/cmake)
[1.162s] -- Found rosidl_generator_c: 3.1.5 (/opt/ros/humble/share/rosidl_generator_c/cmake)
[1.165s] -- Found rosidl_adapter: 3.1.5 (/opt/ros/humble/share/rosidl_adapter/cmake)
[1.169s] -- Found rosidl_generator_cpp: 3.1.5 (/opt/ros/humble/share/rosidl_generator_cpp/cmake)
[1.176s] -- Using all available rosidl_typesupport_c: rosidl_typesupport_fastrtps_c;rosidl_typesupport_introspection_c
[1.185s] -- Using all available rosidl_typesupport_cpp: rosidl_typesupport_fastrtps_cpp;rosidl_typesupport_introspection_cpp
[1.283s] -- Configuring done
[1.329s] -- Generating done
[1.330s] [33mCMake Warning:
[1.330s]   Manually-specified variables were not used by the project:
[1.330s] 
[1.330s]     IGNITION_VERSION
[1.331s] 
[1.331s] [0m
[1.342s] -- Build files have been written to: /home/neofelis/vrx_ws/build/vrx_gz
[1.351s] Invoked command in '/home/neofelis/vrx_ws/build/vrx_gz' returned '0': CMAKE_PREFIX_PATH=${CMAKE_PREFIX_PATH}:/opt/ros/humble CONDA_PROMPT_MODIFIER=(vrx) /usr/bin/cmake /home/neofelis/vrx_ws/src/vrx/vrx_gz -DCMAKE_BUILD_TYPE=RelWithDebInfo -DIGNITION_VERSION=fortress -DCMAKE_INSTALL_PREFIX=/home/neofelis/vrx_ws/install
[1.352s] Invoking command in '/home/neofelis/vrx_ws/build/vrx_gz': CMAKE_PREFIX_PATH=${CMAKE_PREFIX_PATH}:/opt/ros/humble CONDA_PROMPT_MODIFIER=(vrx) /usr/bin/cmake --build /home/neofelis/vrx_ws/build/vrx_gz -- -j16 -l16
[1.386s] [  2%] [32mBuilding CXX object CMakeFiles/Waves.dir/src/Wavefield.cc.o[0m
[1.386s] [  4%] [32mBuilding CXX object CMakeFiles/ScoringPlugin.dir/src/ScoringPlugin.cc.o[0m
[1.392s] [  4%] Built target ament_cmake_python_copy_vrx_gz
[1.539s] running egg_info
[1.539s] creating vrx_gz.egg-info
[1.539s] writing vrx_gz.egg-info/PKG-INFO
[1.539s] writing dependency_links to vrx_gz.egg-info/dependency_links.txt
[1.539s] writing top-level names to vrx_gz.egg-info/top_level.txt
[1.539s] writing manifest file 'vrx_gz.egg-info/SOURCES.txt'
[1.540s] reading manifest file 'vrx_gz.egg-info/SOURCES.txt'
[1.540s] writing manifest file 'vrx_gz.egg-info/SOURCES.txt'
[1.558s] [  4%] Built target ament_cmake_python_build_vrx_gz_egg
[4.704s] [  6%] [32m[1mLinking CXX shared library libWaves.so[0m
[4.823s] [  6%] Built target Waves
[4.836s] [ 10%] [32mBuilding CXX object CMakeFiles/PolyhedraBuoyancyDrag.dir/src/PolyhedraBuoyancyDrag.cc.o[0m
[4.836s] [ 10%] [32mBuilding CXX object CMakeFiles/PolyhedraBuoyancyDrag.dir/src/PolyhedronVolume.cc.o[0m
[4.836s] [ 12%] [32mBuilding CXX object CMakeFiles/PolyhedraBuoyancyDrag.dir/src/ShapeVolume.cc.o[0m
[6.212s] [ 14%] [32m[1mLinking CXX shared library libScoringPlugin.so[0m
[6.362s] [ 14%] Built target ScoringPlugin
[6.395s] [ 16%] [32mBuilding CXX object CMakeFiles/StationkeepingScoringPlugin.dir/src/StationkeepingScoringPlugin.cc.o[0m
[6.395s] [ 18%] [32mBuilding CXX object CMakeFiles/AcousticPingerPlugin.dir/src/AcousticPingerPlugin.cc.o[0m
[6.395s] [ 22%] [32mBuilding CXX object CMakeFiles/LightBuoyPlugin.dir/src/LightBuoyPlugin.cc.o[0m
[6.395s] [ 22%] [32mBuilding CXX object CMakeFiles/AcousticPerceptionScoringPlugin.dir/src/AcousticPerceptionScoringPlugin.cc.o[0m
[6.395s] [ 25%] [32mBuilding CXX object CMakeFiles/WayfindingScoringPlugin.dir/src/WayfindingScoringPlugin.cc.o[0m
[6.395s] [ 27%] [32mBuilding CXX object CMakeFiles/AcousticTrackingScoringPlugin.dir/src/AcousticTrackingScoringPlugin.cc.o[0m
[6.396s] [ 29%] [32mBuilding CXX object CMakeFiles/NavigationScoringPlugin.dir/src/NavigationScoringPlugin.cc.o[0m
[6.396s] [ 31%] [32mBuilding CXX object CMakeFiles/PlacardPlugin.dir/src/PlacardPlugin.cc.o[0m
[6.397s] [ 33%] [32mBuilding CXX object CMakeFiles/PerceptionScoringPlugin.dir/src/PerceptionScoringPlugin.cc.o[0m
[6.397s] [ 35%] [32mBuilding CXX object CMakeFiles/GymkhanaScoringPlugin.dir/src/GymkhanaScoringPlugin.cc.o[0m
[6.397s] [ 37%] [32mBuilding CXX object CMakeFiles/PublisherPlugin.dir/src/PublisherPlugin.cc.o[0m
[6.398s] [ 39%] [32mBuilding CXX object CMakeFiles/SimpleHydrodynamics.dir/src/SimpleHydrodynamics.cc.o[0m
[6.398s] [ 41%] [32mBuilding CXX object CMakeFiles/BallShooterPlugin.dir/src/BallShooterPlugin.cc.o[0m
[6.400s] [ 43%] [32mBuilding CXX object CMakeFiles/ScanDockScoringPlugin.dir/src/ScanDockScoringPlugin.cc.o[0m
[7.673s] [ 45%] [32mBuilding CXX object CMakeFiles/AcousticTrackingScoringPlugin.dir/src/WaypointMarkers.cc.o[0m
[16.331s] [ 47%] [32m[1mLinking CXX shared library libPublisherPlugin.so[0m
[16.712s] [ 47%] Built target PublisherPlugin
[16.733s] [ 50%] [32mBuilding CXX object CMakeFiles/WayfindingScoringPlugin.dir/src/WaypointMarkers.cc.o[0m
[17.217s] [ 52%] [32m[1mLinking CXX shared library libLightBuoyPlugin.so[0m
[17.613s] [ 52%] Built target LightBuoyPlugin
[17.628s] [ 54%] [32mBuilding CXX object CMakeFiles/AcousticPerceptionScoringPlugin.dir/src/WaypointMarkers.cc.o[0m
[18.433s] [ 56%] [32m[1mLinking CXX shared library libSimpleHydrodynamics.so[0m
[18.848s] [ 56%] Built target SimpleHydrodynamics
[18.870s] [ 58%] [32mBuilding CXX object CMakeFiles/StationkeepingScoringPlugin.dir/src/WaypointMarkers.cc.o[0m
[19.157s] [ 60%] [32mBuilding CXX object CMakeFiles/Surface.dir/src/Surface.cc.o[0m
[19.454s] [ 62%] [32m[1mLinking CXX shared library libGymkhanaScoringPlugin.so[0m
[19.551s] [ 64%] [32m[1mLinking CXX shared library libPolyhedraBuoyancyDrag.so[0m
[19.679s] [ 66%] [32m[1mLinking CXX shared library libPlacardPlugin.so[0m
[19.957s] [ 66%] Built target GymkhanaScoringPlugin
[19.995s] [ 68%] [32mBuilding CXX object CMakeFiles/USVWind.dir/src/USVWind.cc.o[0m
[20.088s] [ 68%] Built target PolyhedraBuoyancyDrag
[20.122s] [ 68%] Built target PlacardPlugin
[20.126s] [ 70%] [32mBuilding CXX object CMakeFiles/WaveVisual.dir/src/WaveVisual.cc.o[0m
[20.169s] [ 72%] [32mBuilding CXX object CMakeFiles/WildlifeScoringPlugin.dir/src/WildlifeScoringPlugin.cc.o[0m
[20.562s] [ 75%] [32m[1mLinking CXX shared library libAcousticPingerPlugin.so[0m
[21.020s] [ 75%] Built target AcousticPingerPlugin
[21.968s] [ 77%] [32m[1mLinking CXX shared library libPerceptionScoringPlugin.so[0m
[22.559s] [ 77%] Built target PerceptionScoringPlugin
[23.323s] [ 79%] [32m[1mLinking CXX shared library libAcousticTrackingScoringPlugin.so[0m
[23.743s] [ 79%] Built target AcousticTrackingScoringPlugin
[23.964s] [ 81%] [32m[1mLinking CXX shared library libNavigationScoringPlugin.so[0m
[24.198s] [ 81%] Built target NavigationScoringPlugin
[26.022s] [ 83%] [32m[1mLinking CXX shared library libBallShooterPlugin.so[0m
[26.160s] [ 85%] [32m[1mLinking CXX shared library libScanDockScoringPlugin.so[0m
[26.288s] [ 85%] Built target BallShooterPlugin
[26.427s] [ 85%] Built target ScanDockScoringPlugin
[26.635s] [ 87%] [32m[1mLinking CXX shared library libAcousticPerceptionScoringPlugin.so[0m
[26.853s] [ 87%] Built target AcousticPerceptionScoringPlugin
[27.195s] [ 89%] [32m[1mLinking CXX shared library libWayfindingScoringPlugin.so[0m
[27.418s] [ 89%] Built target WayfindingScoringPlugin
[27.898s] [ 91%] [32m[1mLinking CXX shared library libSurface.so[0m
[28.033s] [ 93%] [32m[1mLinking CXX shared library libStationkeepingScoringPlugin.so[0m
[28.087s] [ 93%] Built target Surface
[28.220s] [ 93%] Built target StationkeepingScoringPlugin
[29.390s] [ 95%] [32m[1mLinking CXX shared library libWildlifeScoringPlugin.so[0m
[29.553s] [ 95%] Built target WildlifeScoringPlugin
[30.287s] [ 97%] [32m[1mLinking CXX shared library libWaveVisual.so[0m
[30.428s] [ 97%] Built target WaveVisual
[30.503s] [100%] [32m[1mLinking CXX shared library libUSVWind.so[0m
[30.638s] [100%] Built target USVWind
[30.650s] Invoked command in '/home/neofelis/vrx_ws/build/vrx_gz' returned '0': CMAKE_PREFIX_PATH=${CMAKE_PREFIX_PATH}:/opt/ros/humble CONDA_PROMPT_MODIFIER=(vrx) /usr/bin/cmake --build /home/neofelis/vrx_ws/build/vrx_gz -- -j16 -l16
[30.651s] Invoking command in '/home/neofelis/vrx_ws/build/vrx_gz': CMAKE_PREFIX_PATH=${CMAKE_PREFIX_PATH}:/opt/ros/humble CONDA_PROMPT_MODIFIER=(vrx) /usr/bin/cmake --install /home/neofelis/vrx_ws/build/vrx_gz
[30.655s] -- Install configuration: "RelWithDebInfo"
[30.655s] -- Installing: /home/neofelis/vrx_ws/install/share/vrx_gz/environment/resource_paths.dsv
[30.655s] -- Installing: /home/neofelis/vrx_ws/install/share/vrx_gz/environment/resource_paths.sh
[30.655s] -- Installing: /home/neofelis/vrx_ws/install/lib/libWaves.so
[30.656s] -- Installing: /home/neofelis/vrx_ws/install/lib/libPolyhedraBuoyancyDrag.so
[30.659s] -- Set runtime path of "/home/neofelis/vrx_ws/install/lib/libPolyhedraBuoyancyDrag.so" to ""
[30.659s] -- Installing: /home/neofelis/vrx_ws/install/lib/libScoringPlugin.so
[30.662s] -- Installing: /home/neofelis/vrx_ws/install/lib/libStationkeepingScoringPlugin.so
[30.666s] -- Set runtime path of "/home/neofelis/vrx_ws/install/lib/libStationkeepingScoringPlugin.so" to ""
[30.666s] -- Installing: /home/neofelis/vrx_ws/install/lib/libWayfindingScoringPlugin.so
[30.669s] -- Set runtime path of "/home/neofelis/vrx_ws/install/lib/libWayfindingScoringPlugin.so" to ""
[30.669s] -- Installing: /home/neofelis/vrx_ws/install/lib/libAcousticPerceptionScoringPlugin.so
[30.671s] -- Set runtime path of "/home/neofelis/vrx_ws/install/lib/libAcousticPerceptionScoringPlugin.so" to ""
[30.671s] -- Installing: /home/neofelis/vrx_ws/install/lib/libAcousticTrackingScoringPlugin.so
[30.673s] -- Set runtime path of "/home/neofelis/vrx_ws/install/lib/libAcousticTrackingScoringPlugin.so" to ""
[30.673s] -- Installing: /home/neofelis/vrx_ws/install/lib/libAcousticPingerPlugin.so
[30.675s] -- Set runtime path of "/home/neofelis/vrx_ws/install/lib/libAcousticPingerPlugin.so" to ""
[30.675s] -- Installing: /home/neofelis/vrx_ws/install/lib/libBallShooterPlugin.so
[30.678s] -- Set runtime path of "/home/neofelis/vrx_ws/install/lib/libBallShooterPlugin.so" to ""
[30.678s] -- Installing: /home/neofelis/vrx_ws/install/lib/libLightBuoyPlugin.so
[30.679s] -- Set runtime path of "/home/neofelis/vrx_ws/install/lib/libLightBuoyPlugin.so" to ""
[30.680s] -- Installing: /home/neofelis/vrx_ws/install/lib/libNavigationScoringPlugin.so
[30.682s] -- Set runtime path of "/home/neofelis/vrx_ws/install/lib/libNavigationScoringPlugin.so" to ""
[30.682s] -- Installing: /home/neofelis/vrx_ws/install/lib/libGymkhanaScoringPlugin.so
[30.683s] -- Set runtime path of "/home/neofelis/vrx_ws/install/lib/libGymkhanaScoringPlugin.so" to ""
[30.683s] -- Installing: /home/neofelis/vrx_ws/install/lib/libPerceptionScoringPlugin.so
[30.686s] -- Set runtime path of "/home/neofelis/vrx_ws/install/lib/libPerceptionScoringPlugin.so" to ""
[30.686s] -- Installing: /home/neofelis/vrx_ws/install/lib/libPlacardPlugin.so
[30.688s] -- Set runtime path of "/home/neofelis/vrx_ws/install/lib/libPlacardPlugin.so" to ""
[30.688s] -- Installing: /home/neofelis/vrx_ws/install/lib/libPublisherPlugin.so
[30.689s] -- Set runtime path of "/home/neofelis/vrx_ws/install/lib/libPublisherPlugin.so" to ""
[30.689s] -- Installing: /home/neofelis/vrx_ws/install/lib/libScanDockScoringPlugin.so
[30.692s] -- Set runtime path of "/home/neofelis/vrx_ws/install/lib/libScanDockScoringPlugin.so" to ""
[30.693s] -- Installing: /home/neofelis/vrx_ws/install/lib/libSimpleHydrodynamics.so
[30.694s] -- Set runtime path of "/home/neofelis/vrx_ws/install/lib/libSimpleHydrodynamics.so" to ""
[30.694s] -- Installing: /home/neofelis/vrx_ws/install/lib/libSurface.so
[30.696s] -- Set runtime path of "/home/neofelis/vrx_ws/install/lib/libSurface.so" to ""
[30.696s] -- Installing: /home/neofelis/vrx_ws/install/lib/libUSVWind.so
[30.698s] -- Set runtime path of "/home/neofelis/vrx_ws/install/lib/libUSVWind.so" to ""
[30.698s] -- Installing: /home/neofelis/vrx_ws/install/lib/libWaveVisual.so
[30.700s] -- Set runtime path of "/home/neofelis/vrx_ws/install/lib/libWaveVisual.so" to ""
[30.700s] -- Installing: /home/neofelis/vrx_ws/install/lib/libWildlifeScoringPlugin.so
[30.702s] -- Set runtime path of "/home/neofelis/vrx_ws/install/lib/libWildlifeScoringPlugin.so" to ""
[30.702s] -- Installing: /home/neofelis/vrx_ws/install/share/vrx_gz/environment/pythonpath.sh
[30.702s] -- Installing: /home/neofelis/vrx_ws/install/share/vrx_gz/environment/pythonpath.dsv
[30.702s] -- Installing: /home/neofelis/vrx_ws/install/local/lib/python3.10/dist-packages/vrx_gz-0.0.0-py3.10.egg-info
[30.703s] -- Installing: /home/neofelis/vrx_ws/install/local/lib/python3.10/dist-packages/vrx_gz-0.0.0-py3.10.egg-info/SOURCES.txt
[30.703s] -- Installing: /home/neofelis/vrx_ws/install/local/lib/python3.10/dist-packages/vrx_gz-0.0.0-py3.10.egg-info/top_level.txt
[30.703s] -- Installing: /home/neofelis/vrx_ws/install/local/lib/python3.10/dist-packages/vrx_gz-0.0.0-py3.10.egg-info/dependency_links.txt
[30.703s] -- Installing: /home/neofelis/vrx_ws/install/local/lib/python3.10/dist-packages/vrx_gz-0.0.0-py3.10.egg-info/PKG-INFO
[30.703s] -- Installing: /home/neofelis/vrx_ws/install/local/lib/python3.10/dist-packages/vrx_gz
[30.703s] -- Installing: /home/neofelis/vrx_ws/install/local/lib/python3.10/dist-packages/vrx_gz/__init__.py
[30.703s] -- Installing: /home/neofelis/vrx_ws/install/local/lib/python3.10/dist-packages/vrx_gz/bridges.py
[30.703s] -- Installing: /home/neofelis/vrx_ws/install/local/lib/python3.10/dist-packages/vrx_gz/launch.py
[30.703s] -- Installing: /home/neofelis/vrx_ws/install/local/lib/python3.10/dist-packages/vrx_gz/payload_bridges.py
[30.703s] -- Installing: /home/neofelis/vrx_ws/install/local/lib/python3.10/dist-packages/vrx_gz/model.py
[30.703s] -- Installing: /home/neofelis/vrx_ws/install/local/lib/python3.10/dist-packages/vrx_gz/bridge.py
[30.726s] Listing '/home/neofelis/vrx_ws/install/local/lib/python3.10/dist-packages/vrx_gz'...
[30.726s] Compiling '/home/neofelis/vrx_ws/install/local/lib/python3.10/dist-packages/vrx_gz/__init__.py'...
[30.726s] Compiling '/home/neofelis/vrx_ws/install/local/lib/python3.10/dist-packages/vrx_gz/bridge.py'...
[30.726s] Compiling '/home/neofelis/vrx_ws/install/local/lib/python3.10/dist-packages/vrx_gz/bridges.py'...
[30.726s] Compiling '/home/neofelis/vrx_ws/install/local/lib/python3.10/dist-packages/vrx_gz/launch.py'...
[30.726s] Compiling '/home/neofelis/vrx_ws/install/local/lib/python3.10/dist-packages/vrx_gz/model.py'...
[30.726s] Compiling '/home/neofelis/vrx_ws/install/local/lib/python3.10/dist-packages/vrx_gz/payload_bridges.py'...
[30.728s] -- Installing: /home/neofelis/vrx_ws/install/share/vrx_gz/config
[30.729s] -- Installing: /home/neofelis/vrx_ws/install/share/vrx_gz/config/roboboat.yaml
[30.729s] -- Installing: /home/neofelis/vrx_ws/install/share/vrx_gz/config/wamv.yaml
[30.729s] -- Installing: /home/neofelis/vrx_ws/install/share/vrx_gz/launch
[30.729s] -- Installing: /home/neofelis/vrx_ws/install/share/vrx_gz/launch/usv_joy_teleop.py
[30.729s] -- Installing: /home/neofelis/vrx_ws/install/share/vrx_gz/launch/vrx_environment.launch.py
[30.729s] -- Installing: /home/neofelis/vrx_ws/install/share/vrx_gz/launch/competition.launch.py
[30.729s] -- Installing: /home/neofelis/vrx_ws/install/share/vrx_gz/launch/spawn_config.launch.py
[30.729s] -- Installing: /home/neofelis/vrx_ws/install/share/vrx_gz/launch/spawn.launch.py
[30.729s] -- Installing: /home/neofelis/vrx_ws/install/share/vrx_gz/models
[30.729s] -- Installing: /home/neofelis/vrx_ws/install/share/vrx_gz/models/entrance_exit
[30.729s] -- Installing: /home/neofelis/vrx_ws/install/share/vrx_gz/models/entrance_exit/model.sdf
[30.729s] -- Installing: /home/neofelis/vrx_ws/install/share/vrx_gz/models/entrance_exit/model.config
[30.729s] -- Installing: /home/neofelis/vrx_ws/install/share/vrx_gz/models/short_navigation_course_5
[30.730s] -- Installing: /home/neofelis/vrx_ws/install/share/vrx_gz/models/short_navigation_course_5/model.sdf
[30.730s] -- Installing: /home/neofelis/vrx_ws/install/share/vrx_gz/models/short_navigation_course_5/model.config
[30.730s] -- Installing: /home/neofelis/vrx_ws/install/share/vrx_gz/models/roboboat_cpubox
[30.730s] -- Installing: /home/neofelis/vrx_ws/install/share/vrx_gz/models/roboboat_cpubox/meshes
[30.730s] -- Installing: /home/neofelis/vrx_ws/install/share/vrx_gz/models/roboboat_cpubox/meshes/drybox.dae
[30.730s] -- Installing: /home/neofelis/vrx_ws/install/share/vrx_gz/models/roboboat_cpubox/materials
[30.730s] -- Installing: /home/neofelis/vrx_ws/install/share/vrx_gz/models/roboboat_cpubox/materials/textures
[30.730s] -- Installing: /home/neofelis/vrx_ws/install/share/vrx_gz/models/roboboat_cpubox/materials/textures/DryBox_Roughness.png
[30.734s] -- Installing: /home/neofelis/vrx_ws/install/share/vrx_gz/models/roboboat_cpubox/materials/textures/DryBox_Albedo.png
[30.737s] -- Installing: /home/neofelis/vrx_ws/install/share/vrx_gz/models/roboboat_cpubox/model.sdf
[30.737s] -- Installing: /home/neofelis/vrx_ws/install/share/vrx_gz/models/roboboat_cpubox/model.config
[30.737s] -- Installing: /home/neofelis/vrx_ws/install/share/vrx_gz/models/short_navigation_course_2
[30.737s] -- Installing: /home/neofelis/vrx_ws/install/share/vrx_gz/models/short_navigation_course_2/model.sdf
[30.737s] -- Installing: /home/neofelis/vrx_ws/install/share/vrx_gz/models/short_navigation_course_2/model.config
[30.737s] -- Installing: /home/neofelis/vrx_ws/install/share/vrx_gz/models/placard_2022
[30.737s] -- Installing: /home/neofelis/vrx_ws/install/share/vrx_gz/models/placard_2022/meshes
[30.737s] -- Installing: /home/neofelis/vrx_ws/install/share/vrx_gz/models/placard_2022/meshes/placard_2022.dae
[30.738s] -- Installing: /home/neofelis/vrx_ws/install/share/vrx_gz/models/placard_2022/materials
[30.738s] -- Installing: /home/neofelis/vrx_ws/install/share/vrx_gz/models/placard_2022/materials/textures
[30.738s] -- Installing: /home/neofelis/vrx_ws/install/share/vrx_gz/models/placard_2022/materials/textures/Placard.png
[30.738s] -- Installing: /home/neofelis/vrx_ws/install/share/vrx_gz/models/placard_2022/model.sdf
[30.738s] -- Installing: /home/neofelis/vrx_ws/install/share/vrx_gz/models/placard_2022/model.config
[30.738s] -- Installing: /home/neofelis/vrx_ws/install/share/vrx_gz/models/short_navigation_course_1
[30.738s] -- Installing: /home/neofelis/vrx_ws/install/share/vrx_gz/models/short_navigation_course_1/model.sdf
[30.738s] -- Installing: /home/neofelis/vrx_ws/install/share/vrx_gz/models/short_navigation_course_1/model.config
[30.738s] -- Installing: /home/neofelis/vrx_ws/install/share/vrx_gz/models/robotx_light_buoy_rgy
[30.738s] -- Installing: /home/neofelis/vrx_ws/install/share/vrx_gz/models/robotx_light_buoy_rgy/model.sdf
[30.738s] -- Installing: /home/neofelis/vrx_ws/install/share/vrx_gz/models/robotx_light_buoy_rgy/model.config
[30.738s] -- Installing: /home/neofelis/vrx_ws/install/share/vrx_gz/models/short_course_2023_phase3_1
[30.738s] -- Installing: /home/neofelis/vrx_ws/install/share/vrx_gz/models/short_course_2023_phase3_1/model.sdf
[30.738s] -- Installing: /home/neofelis/vrx_ws/install/share/vrx_gz/models/short_course_2023_phase3_1/model.config
[30.738s] -- Installing: /home/neofelis/vrx_ws/install/share/vrx_gz/models/robotx_light_buoy_rbg
[30.738s] -- Installing: /home/neofelis/vrx_ws/install/share/vrx_gz/models/robotx_light_buoy_rbg/model.sdf
[30.738s] -- Installing: /home/neofelis/vrx_ws/install/share/vrx_gz/models/robotx_light_buoy_rbg/model.config
[30.738s] -- Installing: /home/neofelis/vrx_ws/install/share/vrx_gz/models/robotx_light_buoy_bgy
[30.738s] -- Installing: /home/neofelis/vrx_ws/install/share/vrx_gz/models/robotx_light_buoy_bgy/model.sdf
[30.738s] -- Installing: /home/neofelis/vrx_ws/install/share/vrx_gz/models/robotx_light_buoy_bgy/model.config
[30.738s] -- Installing: /home/neofelis/vrx_ws/install/share/vrx_gz/models/roboboat01
[30.738s] -- Installing: /home/neofelis/vrx_ws/install/share/vrx_gz/models/roboboat01/meshes
[30.738s] -- Installing: /home/neofelis/vrx_ws/install/share/vrx_gz/models/roboboat01/meshes/housing.dae
[30.738s] -- Installing: /home/neofelis/vrx_ws/install/share/vrx_gz/models/roboboat01/meshes/roboboat01.dae
[30.738s] -- Installing: /home/neofelis/vrx_ws/install/share/vrx_gz/models/roboboat01/meshes/mount.dae
[30.738s] -- Installing: /home/neofelis/vrx_ws/install/share/vrx_gz/models/roboboat01/meshes/prop.dae
[30.738s] -- Installing: /home/neofelis/vrx_ws/install/share/vrx_gz/models/roboboat01/materials
[30.738s] -- Installing: /home/neofelis/vrx_ws/install/share/vrx_gz/models/roboboat01/materials/scripts
[30.738s] -- Installing: /home/neofelis/vrx_ws/install/share/vrx_gz/models/roboboat01/materials/scripts/model.material
[30.739s] -- Installing: /home/neofelis/vrx_ws/install/share/vrx_gz/models/roboboat01/materials/textures
[30.739s] -- Installing: /home/neofelis/vrx_ws/install/share/vrx_gz/models/roboboat01/materials/textures/Boat01_Metallic.png
[30.739s] -- Installing: /home/neofelis/vrx_ws/install/share/vrx_gz/models/roboboat01/materials/textures/Boat01_Normal.png
[30.739s] -- Installing: /home/neofelis/vrx_ws/install/share/vrx_gz/models/roboboat01/materials/textures/Boat01_Roughness.png
[30.741s] -- Installing: /home/neofelis/vrx_ws/install/share/vrx_gz/models/roboboat01/materials/textures/Thruster_Albedo.png
[30.742s] -- Installing: /home/neofelis/vrx_ws/install/share/vrx_gz/models/roboboat01/materials/textures/Thruster_Roughness.png
[30.742s] -- Installing: /home/neofelis/vrx_ws/install/share/vrx_gz/models/roboboat01/materials/textures/Boat01_Albedo.png
[30.745s] -- Installing: /home/neofelis/vrx_ws/install/share/vrx_gz/models/roboboat01/model.sdf
[30.745s] -- Installing: /home/neofelis/vrx_ws/install/share/vrx_gz/models/roboboat01/model.config
[30.745s] -- Installing: /home/neofelis/vrx_ws/install/share/vrx_gz/models/short_navigation_course_4
[30.745s] -- Installing: /home/neofelis/vrx_ws/install/share/vrx_gz/models/short_navigation_course_4/model.sdf
[30.745s] -- Installing: /home/neofelis/vrx_ws/install/share/vrx_gz/models/short_navigation_course_4/model.config
[30.745s] -- Installing: /home/neofelis/vrx_ws/install/share/vrx_gz/models/robotx_light_buoy_ybr
[30.745s] -- Installing: /home/neofelis/vrx_ws/install/share/vrx_gz/models/robotx_light_buoy_ybr/model.sdf
[30.745s] -- Installing: /home/neofelis/vrx_ws/install/share/vrx_gz/models/robotx_light_buoy_ybr/model.config
[30.745s] -- Installing: /home/neofelis/vrx_ws/install/share/vrx_gz/models/coast_waves
[30.745s] -- Installing: /home/neofelis/vrx_ws/install/share/vrx_gz/models/coast_waves/meshes
[30.745s] -- Installing: /home/neofelis/vrx_ws/install/share/vrx_gz/models/coast_waves/meshes/waterlow.dae
[30.751s] -- Installing: /home/neofelis/vrx_ws/install/share/vrx_gz/models/coast_waves/materials
[30.751s] -- Installing: /home/neofelis/vrx_ws/install/share/vrx_gz/models/coast_waves/materials/textures
[30.751s] -- Installing: /home/neofelis/vrx_ws/install/share/vrx_gz/models/coast_waves/materials/textures/skybox_lowres.dds
[30.752s] -- Installing: /home/neofelis/vrx_ws/install/share/vrx_gz/models/coast_waves/materials/textures/wave_normals.dds
[30.752s] -- Installing: /home/neofelis/vrx_ws/install/share/vrx_gz/models/coast_waves/materials/programs
[30.752s] -- Installing: /home/neofelis/vrx_ws/install/share/vrx_gz/models/coast_waves/materials/programs/GerstnerWaves_vs_330.glsl
[30.752s] -- Installing: /home/neofelis/vrx_ws/install/share/vrx_gz/models/coast_waves/materials/programs/GerstnerWaves_fs_330.glsl
[30.752s] -- Installing: /home/neofelis/vrx_ws/install/share/vrx_gz/models/coast_waves/model.sdf
[30.752s] -- Installing: /home/neofelis/vrx_ws/install/share/vrx_gz/models/coast_waves/model.config
[30.752s] -- Installing: /home/neofelis/vrx_ws/install/share/vrx_gz/models/articulated_platform
[30.752s] -- Installing: /home/neofelis/vrx_ws/install/share/vrx_gz/models/articulated_platform/model.sdf
[30.752s] -- Installing: /home/neofelis/vrx_ws/install/share/vrx_gz/models/articulated_platform/model.config
[30.752s] -- Installing: /home/neofelis/vrx_ws/install/share/vrx_gz/models/short_navigation_course_3
[30.752s] -- Installing: /home/neofelis/vrx_ws/install/share/vrx_gz/models/short_navigation_course_3/model.sdf
[30.752s] -- Installing: /home/neofelis/vrx_ws/install/share/vrx_gz/models/short_navigation_course_3/model.config
[30.752s] -- Installing: /home/neofelis/vrx_ws/install/share/vrx_gz/models/robotx_light_buoy_gbr
[30.752s] -- Installing: /home/neofelis/vrx_ws/install/share/vrx_gz/models/robotx_light_buoy_gbr/model.sdf
[30.752s] -- Installing: /home/neofelis/vrx_ws/install/share/vrx_gz/models/robotx_light_buoy_gbr/model.config
[30.752s] -- Installing: /home/neofelis/vrx_ws/install/share/vrx_gz/models/obstacle_course
[30.752s] -- Installing: /home/neofelis/vrx_ws/install/share/vrx_gz/models/obstacle_course/model.sdf
[30.752s] -- Installing: /home/neofelis/vrx_ws/install/share/vrx_gz/models/obstacle_course/model.config
[30.752s] -- Installing: /home/neofelis/vrx_ws/install/share/vrx_gz/models/dock_block_4x4
[30.752s] -- Installing: /home/neofelis/vrx_ws/install/share/vrx_gz/models/dock_block_4x4/mesh
[30.752s] -- Installing: /home/neofelis/vrx_ws/install/share/vrx_gz/models/dock_block_4x4/mesh/DockCubes_Roughness.png
[30.753s] -- Installing: /home/neofelis/vrx_ws/install/share/vrx_gz/models/dock_block_4x4/mesh/DockCubes_Albedo.png
[30.753s] -- Installing: /home/neofelis/vrx_ws/install/share/vrx_gz/models/dock_block_4x4/mesh/DockCubes_Metalness.png
[30.753s] -- Installing: /home/neofelis/vrx_ws/install/share/vrx_gz/models/dock_block_4x4/mesh/DockCubes_Normal.png
[30.765s] -- Installing: /home/neofelis/vrx_ws/install/share/vrx_gz/models/dock_block_4x4/mesh/dock_block_4x4.dae
[30.765s] -- Installing: /home/neofelis/vrx_ws/install/share/vrx_gz/models/dock_block_4x4/model.sdf
[30.765s] -- Installing: /home/neofelis/vrx_ws/install/share/vrx_gz/models/dock_block_4x4/model.config
[30.765s] -- Installing: /home/neofelis/vrx_ws/install/share/vrx_gz/models/robotx_light_buoy_rgb
[30.766s] -- Installing: /home/neofelis/vrx_ws/install/share/vrx_gz/models/robotx_light_buoy_rgb/mesh
[30.766s] -- Installing: /home/neofelis/vrx_ws/install/share/vrx_gz/models/robotx_light_buoy_rgb/mesh/LightTower_Roughness.png
[30.766s] -- Installing: /home/neofelis/vrx_ws/install/share/vrx_gz/models/robotx_light_buoy_rgb/mesh/robotx_light_buoy.dae
[30.767s] -- Installing: /home/neofelis/vrx_ws/install/share/vrx_gz/models/robotx_light_buoy_rgb/mesh/LightTower_Metalness.png
[30.767s] -- Installing: /home/neofelis/vrx_ws/install/share/vrx_gz/models/robotx_light_buoy_rgb/mesh/LightTower_Opacity.png
[30.767s] -- Installing: /home/neofelis/vrx_ws/install/share/vrx_gz/models/robotx_light_buoy_rgb/mesh/LightTower_Albedo.png
[30.768s] -- Installing: /home/neofelis/vrx_ws/install/share/vrx_gz/models/robotx_light_buoy_rgb/mesh/LightTower_Normal.png
[30.769s] -- Installing: /home/neofelis/vrx_ws/install/share/vrx_gz/models/robotx_light_buoy_rgb/model.sdf
[30.769s] -- Installing: /home/neofelis/vrx_ws/install/share/vrx_gz/models/robotx_light_buoy_rgb/model.config
[30.769s] -- Installing: /home/neofelis/vrx_ws/install/share/vrx_gz/models/robotx_light_buoy_ygb
[30.769s] -- Installing: /home/neofelis/vrx_ws/install/share/vrx_gz/models/robotx_light_buoy_ygb/model.sdf
[30.769s] -- Installing: /home/neofelis/vrx_ws/install/share/vrx_gz/models/robotx_light_buoy_ygb/model.config
[30.769s] -- Installing: /home/neofelis/vrx_ws/install/share/vrx_gz/models/robotx_light_buoy_bgr
[30.769s] -- Installing: /home/neofelis/vrx_ws/install/share/vrx_gz/models/robotx_light_buoy_bgr/model.sdf
[30.769s] -- Installing: /home/neofelis/vrx_ws/install/share/vrx_gz/models/robotx_light_buoy_bgr/model.config
[30.769s] -- Installing: /home/neofelis/vrx_ws/install/share/vrx_gz/models/short_navigation_course_0
[30.769s] -- Installing: /home/neofelis/vrx_ws/install/share/vrx_gz/models/short_navigation_course_0/model.sdf
[30.769s] -- Installing: /home/neofelis/vrx_ws/install/share/vrx_gz/models/short_navigation_course_0/model.config
[30.770s] -- Installing: /home/neofelis/vrx_ws/install/share/vrx_gz/models/symbol_triangle
[30.770s] -- Installing: /home/neofelis/vrx_ws/install/share/vrx_gz/models/symbol_triangle/mesh
[30.770s] -- Installing: /home/neofelis/vrx_ws/install/share/vrx_gz/models/symbol_triangle/mesh/triangle.dae
[30.770s] -- Installing: /home/neofelis/vrx_ws/install/share/vrx_gz/models/symbol_triangle/model.sdf
[30.770s] -- Installing: /home/neofelis/vrx_ws/install/share/vrx_gz/models/symbol_triangle/model.config
[30.770s] -- Installing: /home/neofelis/vrx_ws/install/share/vrx_gz/models/short_course_2023_phase3_2
[30.770s] -- Installing: /home/neofelis/vrx_ws/install/share/vrx_gz/models/short_course_2023_phase3_2/model.sdf
[30.770s] -- Installing: /home/neofelis/vrx_ws/install/share/vrx_gz/models/short_course_2023_phase3_2/model.config
[30.770s] -- Installing: /home/neofelis/vrx_ws/install/share/vrx_gz/models/dock_2022
[30.770s] -- Installing: /home/neofelis/vrx_ws/install/share/vrx_gz/models/dock_2022/model.sdf
[30.770s] -- Installing: /home/neofelis/vrx_ws/install/share/vrx_gz/models/dock_2022/model.config
[30.770s] -- Installing: /home/neofelis/vrx_ws/install/share/vrx_gz/models/platform
[30.770s] -- Installing: /home/neofelis/vrx_ws/install/share/vrx_gz/models/platform/model.sdf
[30.770s] -- Installing: /home/neofelis/vrx_ws/install/share/vrx_gz/models/platform/model.config
[30.770s] -- Installing: /home/neofelis/vrx_ws/install/share/vrx_gz/models/roboboat02
[30.770s] -- Installing: /home/neofelis/vrx_ws/install/share/vrx_gz/models/roboboat02/meshes
[30.770s] -- Installing: /home/neofelis/vrx_ws/install/share/vrx_gz/models/roboboat02/meshes/roboboat02.dae
[30.770s] -- Installing: /home/neofelis/vrx_ws/install/share/vrx_gz/models/roboboat02/materials
[30.770s] -- Installing: /home/neofelis/vrx_ws/install/share/vrx_gz/models/roboboat02/materials/scripts
[30.771s] -- Installing: /home/neofelis/vrx_ws/install/share/vrx_gz/models/roboboat02/materials/scripts/model.material
[30.771s] -- Installing: /home/neofelis/vrx_ws/install/share/vrx_gz/models/roboboat02/materials/textures
[30.771s] -- Installing: /home/neofelis/vrx_ws/install/share/vrx_gz/models/roboboat02/materials/textures/Boat02_Metallic.png
[30.771s] -- Installing: /home/neofelis/vrx_ws/install/share/vrx_gz/models/roboboat02/materials/textures/Boat02_Albedo.png
[30.773s] -- Installing: /home/neofelis/vrx_ws/install/share/vrx_gz/models/roboboat02/materials/textures/Boat02_Roughness.png
[30.775s] -- Installing: /home/neofelis/vrx_ws/install/share/vrx_gz/models/roboboat02/materials/textures/Boat02_Normal.png
[30.775s] -- Installing: /home/neofelis/vrx_ws/install/share/vrx_gz/models/roboboat02/model.sdf
[30.775s] -- Installing: /home/neofelis/vrx_ws/install/share/vrx_gz/models/roboboat02/model.config
[30.775s] -- Installing: /home/neofelis/vrx_ws/install/share/vrx_gz/models/dock_2022_base
[30.776s] -- Installing: /home/neofelis/vrx_ws/install/share/vrx_gz/models/dock_2022_base/model.sdf
[30.776s] -- Installing: /home/neofelis/vrx_ws/install/share/vrx_gz/models/dock_2022_base/model.config
[30.776s] -- Installing: /home/neofelis/vrx_ws/install/share/vrx_gz/models/robotx_light_buoy_yrg
[30.776s] -- Installing: /home/neofelis/vrx_ws/install/share/vrx_gz/models/robotx_light_buoy_yrg/model.sdf
[30.776s] -- Installing: /home/neofelis/vrx_ws/install/share/vrx_gz/models/robotx_light_buoy_yrg/model.config
[30.776s] -- Installing: /home/neofelis/vrx_ws/install/share/vrx_gz/worlds
[30.776s] -- Installing: /home/neofelis/vrx_ws/install/share/vrx_gz/worlds/perception_task.sdf
[30.776s] -- Installing: /home/neofelis/vrx_ws/install/share/vrx_gz/worlds/nbpark.sdf
[30.776s] -- Installing: /home/neofelis/vrx_ws/install/share/vrx_gz/worlds/gymkhana_task.sdf
[30.776s] -- Installing: /home/neofelis/vrx_ws/install/share/vrx_gz/worlds/scan_dock_deliver_task.sdf
[30.776s] -- Installing: /home/neofelis/vrx_ws/install/share/vrx_gz/worlds/sydney_regatta.sdf
[30.776s] -- Installing: /home/neofelis/vrx_ws/install/share/vrx_gz/worlds/follow_path_task.sdf
[30.776s] -- Installing: /home/neofelis/vrx_ws/install/share/vrx_gz/worlds/navigation_task.sdf
[30.776s] -- Installing: /home/neofelis/vrx_ws/install/share/vrx_gz/worlds/wildlife_task.sdf
[30.776s] -- Installing: /home/neofelis/vrx_ws/install/share/vrx_gz/worlds/stationkeeping_task.sdf
[30.776s] -- Installing: /home/neofelis/vrx_ws/install/share/vrx_gz/worlds/acoustic_perception_task.sdf
[30.776s] -- Installing: /home/neofelis/vrx_ws/install/share/vrx_gz/worlds/2023_practice
[30.776s] -- Installing: /home/neofelis/vrx_ws/install/share/vrx_gz/worlds/2023_practice/practice_2023_scan_dock_deliver1_task.sdf
[30.776s] -- Installing: /home/neofelis/vrx_ws/install/share/vrx_gz/worlds/2023_practice/practice_2023_wildlife2_task.sdf
[30.776s] -- Installing: /home/neofelis/vrx_ws/install/share/vrx_gz/worlds/2023_practice/practice_2023_scan_dock_deliver2_task.sdf
[30.776s] -- Installing: /home/neofelis/vrx_ws/install/share/vrx_gz/worlds/2023_practice/practice_2023_follow_path2_task.sdf
[30.776s] -- Installing: /home/neofelis/vrx_ws/install/share/vrx_gz/worlds/2023_practice/practice_2023_acoustic_perception0_task.sdf
[30.776s] -- Installing: /home/neofelis/vrx_ws/install/share/vrx_gz/worlds/2023_practice/practice_2023_stationkeeping1_task.sdf
[30.776s] -- Installing: /home/neofelis/vrx_ws/install/share/vrx_gz/worlds/2023_practice/practice_2023_acoustic_perception2_task.sdf
[30.776s] -- Installing: /home/neofelis/vrx_ws/install/share/vrx_gz/worlds/2023_practice/practice_2023_wayfinding1_task.sdf
[30.776s] -- Installing: /home/neofelis/vrx_ws/install/share/vrx_gz/worlds/2023_practice/practice_2023_scan_dock_deliver0_task.sdf
[30.777s] -- Installing: /home/neofelis/vrx_ws/install/share/vrx_gz/worlds/2023_practice/practice_2023_stationkeeping0_task.sdf
[30.777s] -- Installing: /home/neofelis/vrx_ws/install/share/vrx_gz/worlds/2023_practice/practice_2023_acoustic_tracking2_task.sdf
[30.777s] -- Installing: /home/neofelis/vrx_ws/install/share/vrx_gz/worlds/2023_practice/practice_2023_acoustic_perception1_task.sdf
[30.777s] -- Installing: /home/neofelis/vrx_ws/install/share/vrx_gz/worlds/2023_practice/practice_2023_wayfinding0_task.sdf
[30.777s] -- Installing: /home/neofelis/vrx_ws/install/share/vrx_gz/worlds/2023_practice/practice_2023_perception2_task.sdf
[30.777s] -- Installing: /home/neofelis/vrx_ws/install/share/vrx_gz/worlds/2023_practice/practice_2023_wayfinding2_task.sdf
[30.777s] -- Installing: /home/neofelis/vrx_ws/install/share/vrx_gz/worlds/2023_practice/practice_2023_acoustic_tracking0_task.sdf
[30.777s] -- Installing: /home/neofelis/vrx_ws/install/share/vrx_gz/worlds/2023_practice/practice_2023_follow_path0_task.sdf
[30.777s] -- Installing: /home/neofelis/vrx_ws/install/share/vrx_gz/worlds/2023_practice/practice_2023_wildlife0_task.sdf
[30.777s] -- Installing: /home/neofelis/vrx_ws/install/share/vrx_gz/worlds/2023_practice/practice_2023_acoustic_tracking1_task.sdf
[30.777s] -- Installing: /home/neofelis/vrx_ws/install/share/vrx_gz/worlds/2023_practice/practice_2023_stationkeeping2_task.sdf
[30.777s] -- Installing: /home/neofelis/vrx_ws/install/share/vrx_gz/worlds/2023_practice/practice_2023_wildlife1_task.sdf
[30.777s] -- Installing: /home/neofelis/vrx_ws/install/share/vrx_gz/worlds/2023_practice/practice_2023_perception1_task.sdf
[30.777s] -- Installing: /home/neofelis/vrx_ws/install/share/vrx_gz/worlds/2023_practice/practice_2023_follow_path1_task.sdf
[30.777s] -- Installing: /home/neofelis/vrx_ws/install/share/vrx_gz/worlds/2023_practice/practice_2023_perception0_task.sdf
[30.777s] -- Installing: /home/neofelis/vrx_ws/install/share/vrx_gz/worlds/wayfinding_task.sdf
[30.777s] -- Installing: /home/neofelis/vrx_ws/install/share/vrx_gz/worlds/acoustic_tracking_task.sdf
[30.777s] -- Installing: /home/neofelis/vrx_ws/install/share/ament_index/resource_index/package_run_dependencies/vrx_gz
[30.777s] -- Installing: /home/neofelis/vrx_ws/install/share/ament_index/resource_index/parent_prefix_path/vrx_gz
[30.777s] -- Installing: /home/neofelis/vrx_ws/install/share/vrx_gz/environment/ament_prefix_path.sh
[30.778s] -- Installing: /home/neofelis/vrx_ws/install/share/vrx_gz/environment/ament_prefix_path.dsv
[30.778s] -- Installing: /home/neofelis/vrx_ws/install/share/vrx_gz/environment/path.sh
[30.778s] -- Installing: /home/neofelis/vrx_ws/install/share/vrx_gz/environment/path.dsv
[30.778s] -- Installing: /home/neofelis/vrx_ws/install/share/vrx_gz/local_setup.bash
[30.778s] -- Installing: /home/neofelis/vrx_ws/install/share/vrx_gz/local_setup.sh
[30.778s] -- Installing: /home/neofelis/vrx_ws/install/share/vrx_gz/local_setup.zsh
[30.778s] -- Installing: /home/neofelis/vrx_ws/install/share/vrx_gz/local_setup.dsv
[30.778s] -- Installing: /home/neofelis/vrx_ws/install/share/vrx_gz/package.dsv
[30.778s] -- Installing: /home/neofelis/vrx_ws/install/share/ament_index/resource_index/packages/vrx_gz
[30.778s] -- Installing: /home/neofelis/vrx_ws/install/share/vrx_gz/cmake/vrx_gzConfig.cmake
[30.778s] -- Installing: /home/neofelis/vrx_ws/install/share/vrx_gz/cmake/vrx_gzConfig-version.cmake
[30.778s] -- Installing: /home/neofelis/vrx_ws/install/share/vrx_gz/package.xml
[30.780s] Invoked command in '/home/neofelis/vrx_ws/build/vrx_gz' returned '0': CMAKE_PREFIX_PATH=${CMAKE_PREFIX_PATH}:/opt/ros/humble CONDA_PROMPT_MODIFIER=(vrx) /usr/bin/cmake --install /home/neofelis/vrx_ws/build/vrx_gz
