[0.083s] DEBUG:colcon:Command line arguments: ['/usr/bin/colcon', 'build', '--merge-install']
[0.083s] DEBUG:colcon:Parsed command line arguments: Namespace(log_base=None, log_level=None, verb_name='build', build_base='build', install_base='install', merge_install=True, symlink_install=False, test_result_base=None, continue_on_error=False, executor='parallel', parallel_workers=16, event_handlers=None, ignore_user_meta=False, metas=['./colcon.meta'], base_paths=['.'], packages_ignore=None, packages_ignore_regex=None, paths=None, packages_up_to=None, packages_up_to_regex=None, packages_above=None, packages_above_and_dependencies=None, packages_above_depth=None, packages_select_by_dep=None, packages_skip_by_dep=None, packages_skip_up_to=None, packages_select_build_failed=False, packages_skip_build_finished=False, packages_select_test_failures=False, packages_skip_test_passed=False, packages_select=None, packages_skip=None, packages_select_regex=None, packages_skip_regex=None, packages_start=None, packages_end=None, allow_overriding=[], cmake_args=None, cmake_target=None, cmake_target_skip_unavailable=False, cmake_clean_cache=False, cmake_clean_first=False, cmake_force_configure=False, ament_cmake_args=None, catkin_cmake_args=None, catkin_skip_building_tests=False, verb_parser=<colcon_defaults.argument_parser.defaults.DefaultArgumentsDecorator object at 0x7c2d16614460>, verb_extension=<colcon_core.verb.build.BuildVerb object at 0x7c2d165e3e20>, main=<bound method BuildVerb.main of <colcon_core.verb.build.BuildVerb object at 0x7c2d165e3e20>>)
[0.216s] Level 1:colcon.colcon_core.package_discovery:discover_packages(colcon_meta) check parameters
[0.216s] Level 1:colcon.colcon_core.package_discovery:discover_packages(recursive) check parameters
[0.216s] Level 1:colcon.colcon_core.package_discovery:discover_packages(ignore) check parameters
[0.216s] Level 1:colcon.colcon_core.package_discovery:discover_packages(path) check parameters
[0.216s] Level 1:colcon.colcon_core.package_discovery:discover_packages(colcon_meta) discover
[0.216s] Level 1:colcon.colcon_core.package_discovery:discover_packages(recursive) discover
[0.216s] INFO:colcon.colcon_core.package_discovery:Crawling recursively for packages in '/home/neofelis/vrx_ws'
[0.216s] Level 1:colcon.colcon_core.package_identification:_identify(.) by extensions ['ignore', 'ignore_ament_install']
[0.216s] Level 1:colcon.colcon_core.package_identification:_identify(.) by extension 'ignore'
[0.216s] Level 1:colcon.colcon_core.package_identification:_identify(.) by extension 'ignore_ament_install'
[0.216s] Level 1:colcon.colcon_core.package_identification:_identify(.) by extensions ['colcon_pkg']
[0.216s] Level 1:colcon.colcon_core.package_identification:_identify(.) by extension 'colcon_pkg'
[0.216s] Level 1:colcon.colcon_core.package_identification:_identify(.) by extensions ['colcon_meta']
[0.216s] Level 1:colcon.colcon_core.package_identification:_identify(.) by extension 'colcon_meta'
[0.216s] Level 1:colcon.colcon_core.package_identification:_identify(.) by extensions ['ros']
[0.216s] Level 1:colcon.colcon_core.package_identification:_identify(.) by extension 'ros'
[0.223s] Level 1:colcon.colcon_core.package_identification:_identify(.) by extensions ['cmake', 'python']
[0.223s] Level 1:colcon.colcon_core.package_identification:_identify(.) by extension 'cmake'
[0.223s] Level 1:colcon.colcon_core.package_identification:_identify(.) by extension 'python'
[0.223s] Level 1:colcon.colcon_core.package_identification:_identify(.) by extensions ['python_setup_py']
[0.223s] Level 1:colcon.colcon_core.package_identification:_identify(.) by extension 'python_setup_py'
[0.223s] Level 1:colcon.colcon_core.package_identification:_identify(build) by extensions ['ignore', 'ignore_ament_install']
[0.223s] Level 1:colcon.colcon_core.package_identification:_identify(build) by extension 'ignore'
[0.223s] Level 1:colcon.colcon_core.package_identification:_identify(build) ignored
[0.223s] Level 1:colcon.colcon_core.package_identification:_identify(install) by extensions ['ignore', 'ignore_ament_install']
[0.223s] Level 1:colcon.colcon_core.package_identification:_identify(install) by extension 'ignore'
[0.223s] Level 1:colcon.colcon_core.package_identification:_identify(install) ignored
[0.223s] Level 1:colcon.colcon_core.package_identification:_identify(log) by extensions ['ignore', 'ignore_ament_install']
[0.223s] Level 1:colcon.colcon_core.package_identification:_identify(log) by extension 'ignore'
[0.223s] Level 1:colcon.colcon_core.package_identification:_identify(log) ignored
[0.223s] Level 1:colcon.colcon_core.package_identification:_identify(src) by extensions ['ignore', 'ignore_ament_install']
[0.223s] Level 1:colcon.colcon_core.package_identification:_identify(src) by extension 'ignore'
[0.223s] Level 1:colcon.colcon_core.package_identification:_identify(src) by extension 'ignore_ament_install'
[0.223s] Level 1:colcon.colcon_core.package_identification:_identify(src) by extensions ['colcon_pkg']
[0.224s] Level 1:colcon.colcon_core.package_identification:_identify(src) by extension 'colcon_pkg'
[0.224s] Level 1:colcon.colcon_core.package_identification:_identify(src) by extensions ['colcon_meta']
[0.224s] Level 1:colcon.colcon_core.package_identification:_identify(src) by extension 'colcon_meta'
[0.224s] Level 1:colcon.colcon_core.package_identification:_identify(src) by extensions ['ros']
[0.224s] Level 1:colcon.colcon_core.package_identification:_identify(src) by extension 'ros'
[0.224s] Level 1:colcon.colcon_core.package_identification:_identify(src) by extensions ['cmake', 'python']
[0.224s] Level 1:colcon.colcon_core.package_identification:_identify(src) by extension 'cmake'
[0.224s] Level 1:colcon.colcon_core.package_identification:_identify(src) by extension 'python'
[0.224s] Level 1:colcon.colcon_core.package_identification:_identify(src) by extensions ['python_setup_py']
[0.224s] Level 1:colcon.colcon_core.package_identification:_identify(src) by extension 'python_setup_py'
[0.224s] Level 1:colcon.colcon_core.package_identification:_identify(src/vrx) by extensions ['ignore', 'ignore_ament_install']
[0.224s] Level 1:colcon.colcon_core.package_identification:_identify(src/vrx) by extension 'ignore'
[0.224s] Level 1:colcon.colcon_core.package_identification:_identify(src/vrx) by extension 'ignore_ament_install'
[0.224s] Level 1:colcon.colcon_core.package_identification:_identify(src/vrx) by extensions ['colcon_pkg']
[0.224s] Level 1:colcon.colcon_core.package_identification:_identify(src/vrx) by extension 'colcon_pkg'
[0.224s] Level 1:colcon.colcon_core.package_identification:_identify(src/vrx) by extensions ['colcon_meta']
[0.224s] Level 1:colcon.colcon_core.package_identification:_identify(src/vrx) by extension 'colcon_meta'
[0.224s] Level 1:colcon.colcon_core.package_identification:_identify(src/vrx) by extensions ['ros']
[0.224s] Level 1:colcon.colcon_core.package_identification:_identify(src/vrx) by extension 'ros'
[0.224s] Level 1:colcon.colcon_core.package_identification:_identify(src/vrx) by extensions ['cmake', 'python']
[0.224s] Level 1:colcon.colcon_core.package_identification:_identify(src/vrx) by extension 'cmake'
[0.224s] Level 1:colcon.colcon_core.package_identification:_identify(src/vrx) by extension 'python'
[0.224s] Level 1:colcon.colcon_core.package_identification:_identify(src/vrx) by extensions ['python_setup_py']
[0.224s] Level 1:colcon.colcon_core.package_identification:_identify(src/vrx) by extension 'python_setup_py'
[0.224s] Level 1:colcon.colcon_core.package_identification:_identify(src/vrx/images) by extensions ['ignore', 'ignore_ament_install']
[0.224s] Level 1:colcon.colcon_core.package_identification:_identify(src/vrx/images) by extension 'ignore'
[0.224s] Level 1:colcon.colcon_core.package_identification:_identify(src/vrx/images) by extension 'ignore_ament_install'
[0.224s] Level 1:colcon.colcon_core.package_identification:_identify(src/vrx/images) by extensions ['colcon_pkg']
[0.224s] Level 1:colcon.colcon_core.package_identification:_identify(src/vrx/images) by extension 'colcon_pkg'
[0.224s] Level 1:colcon.colcon_core.package_identification:_identify(src/vrx/images) by extensions ['colcon_meta']
[0.224s] Level 1:colcon.colcon_core.package_identification:_identify(src/vrx/images) by extension 'colcon_meta'
[0.224s] Level 1:colcon.colcon_core.package_identification:_identify(src/vrx/images) by extensions ['ros']
[0.224s] Level 1:colcon.colcon_core.package_identification:_identify(src/vrx/images) by extension 'ros'
[0.225s] Level 1:colcon.colcon_core.package_identification:_identify(src/vrx/images) by extensions ['cmake', 'python']
[0.225s] Level 1:colcon.colcon_core.package_identification:_identify(src/vrx/images) by extension 'cmake'
[0.225s] Level 1:colcon.colcon_core.package_identification:_identify(src/vrx/images) by extension 'python'
[0.225s] Level 1:colcon.colcon_core.package_identification:_identify(src/vrx/images) by extensions ['python_setup_py']
[0.225s] Level 1:colcon.colcon_core.package_identification:_identify(src/vrx/images) by extension 'python_setup_py'
[0.225s] Level 1:colcon.colcon_core.package_identification:_identify(src/vrx/vrx_gz) by extensions ['ignore', 'ignore_ament_install']
[0.225s] Level 1:colcon.colcon_core.package_identification:_identify(src/vrx/vrx_gz) by extension 'ignore'
[0.225s] Level 1:colcon.colcon_core.package_identification:_identify(src/vrx/vrx_gz) by extension 'ignore_ament_install'
[0.225s] Level 1:colcon.colcon_core.package_identification:_identify(src/vrx/vrx_gz) by extensions ['colcon_pkg']
[0.225s] Level 1:colcon.colcon_core.package_identification:_identify(src/vrx/vrx_gz) by extension 'colcon_pkg'
[0.225s] Level 1:colcon.colcon_core.package_identification:_identify(src/vrx/vrx_gz) by extensions ['colcon_meta']
[0.225s] Level 1:colcon.colcon_core.package_identification:_identify(src/vrx/vrx_gz) by extension 'colcon_meta'
[0.225s] Level 1:colcon.colcon_core.package_identification:_identify(src/vrx/vrx_gz) by extensions ['ros']
[0.225s] Level 1:colcon.colcon_core.package_identification:_identify(src/vrx/vrx_gz) by extension 'ros'
[0.227s] DEBUG:colcon.colcon_core.package_identification:Package 'src/vrx/vrx_gz' with type 'ros.ament_cmake' and name 'vrx_gz'
[0.227s] Level 1:colcon.colcon_core.package_identification:_identify(src/vrx/vrx_ros) by extensions ['ignore', 'ignore_ament_install']
[0.227s] Level 1:colcon.colcon_core.package_identification:_identify(src/vrx/vrx_ros) by extension 'ignore'
[0.227s] Level 1:colcon.colcon_core.package_identification:_identify(src/vrx/vrx_ros) by extension 'ignore_ament_install'
[0.227s] Level 1:colcon.colcon_core.package_identification:_identify(src/vrx/vrx_ros) by extensions ['colcon_pkg']
[0.227s] Level 1:colcon.colcon_core.package_identification:_identify(src/vrx/vrx_ros) by extension 'colcon_pkg'
[0.227s] Level 1:colcon.colcon_core.package_identification:_identify(src/vrx/vrx_ros) by extensions ['colcon_meta']
[0.227s] Level 1:colcon.colcon_core.package_identification:_identify(src/vrx/vrx_ros) by extension 'colcon_meta'
[0.227s] Level 1:colcon.colcon_core.package_identification:_identify(src/vrx/vrx_ros) by extensions ['ros']
[0.227s] Level 1:colcon.colcon_core.package_identification:_identify(src/vrx/vrx_ros) by extension 'ros'
[0.228s] DEBUG:colcon.colcon_core.package_identification:Package 'src/vrx/vrx_ros' with type 'ros.ament_cmake' and name 'vrx_ros'
[0.228s] Level 1:colcon.colcon_core.package_identification:_identify(src/vrx/vrx_urdf) by extensions ['ignore', 'ignore_ament_install']
[0.228s] Level 1:colcon.colcon_core.package_identification:_identify(src/vrx/vrx_urdf) by extension 'ignore'
[0.228s] Level 1:colcon.colcon_core.package_identification:_identify(src/vrx/vrx_urdf) by extension 'ignore_ament_install'
[0.228s] Level 1:colcon.colcon_core.package_identification:_identify(src/vrx/vrx_urdf) by extensions ['colcon_pkg']
[0.228s] Level 1:colcon.colcon_core.package_identification:_identify(src/vrx/vrx_urdf) by extension 'colcon_pkg'
[0.228s] Level 1:colcon.colcon_core.package_identification:_identify(src/vrx/vrx_urdf) by extensions ['colcon_meta']
[0.228s] Level 1:colcon.colcon_core.package_identification:_identify(src/vrx/vrx_urdf) by extension 'colcon_meta'
[0.228s] Level 1:colcon.colcon_core.package_identification:_identify(src/vrx/vrx_urdf) by extensions ['ros']
[0.228s] Level 1:colcon.colcon_core.package_identification:_identify(src/vrx/vrx_urdf) by extension 'ros'
[0.228s] Level 1:colcon.colcon_core.package_identification:_identify(src/vrx/vrx_urdf) by extensions ['cmake', 'python']
[0.228s] Level 1:colcon.colcon_core.package_identification:_identify(src/vrx/vrx_urdf) by extension 'cmake'
[0.228s] Level 1:colcon.colcon_core.package_identification:_identify(src/vrx/vrx_urdf) by extension 'python'
[0.228s] Level 1:colcon.colcon_core.package_identification:_identify(src/vrx/vrx_urdf) by extensions ['python_setup_py']
[0.228s] Level 1:colcon.colcon_core.package_identification:_identify(src/vrx/vrx_urdf) by extension 'python_setup_py'
[0.228s] Level 1:colcon.colcon_core.package_identification:_identify(src/vrx/vrx_urdf/vrx_gazebo) by extensions ['ignore', 'ignore_ament_install']
[0.228s] Level 1:colcon.colcon_core.package_identification:_identify(src/vrx/vrx_urdf/vrx_gazebo) by extension 'ignore'
[0.228s] Level 1:colcon.colcon_core.package_identification:_identify(src/vrx/vrx_urdf/vrx_gazebo) by extension 'ignore_ament_install'
[0.229s] Level 1:colcon.colcon_core.package_identification:_identify(src/vrx/vrx_urdf/vrx_gazebo) by extensions ['colcon_pkg']
[0.229s] Level 1:colcon.colcon_core.package_identification:_identify(src/vrx/vrx_urdf/vrx_gazebo) by extension 'colcon_pkg'
[0.229s] Level 1:colcon.colcon_core.package_identification:_identify(src/vrx/vrx_urdf/vrx_gazebo) by extensions ['colcon_meta']
[0.229s] Level 1:colcon.colcon_core.package_identification:_identify(src/vrx/vrx_urdf/vrx_gazebo) by extension 'colcon_meta'
[0.229s] Level 1:colcon.colcon_core.package_identification:_identify(src/vrx/vrx_urdf/vrx_gazebo) by extensions ['ros']
[0.229s] Level 1:colcon.colcon_core.package_identification:_identify(src/vrx/vrx_urdf/vrx_gazebo) by extension 'ros'
[0.229s] DEBUG:colcon.colcon_core.package_identification:Package 'src/vrx/vrx_urdf/vrx_gazebo' with type 'ros.ament_cmake' and name 'vrx_gazebo'
[0.229s] Level 1:colcon.colcon_core.package_identification:_identify(src/vrx/vrx_urdf/wamv_description) by extensions ['ignore', 'ignore_ament_install']
[0.229s] Level 1:colcon.colcon_core.package_identification:_identify(src/vrx/vrx_urdf/wamv_description) by extension 'ignore'
[0.229s] Level 1:colcon.colcon_core.package_identification:_identify(src/vrx/vrx_urdf/wamv_description) by extension 'ignore_ament_install'
[0.229s] Level 1:colcon.colcon_core.package_identification:_identify(src/vrx/vrx_urdf/wamv_description) by extensions ['colcon_pkg']
[0.229s] Level 1:colcon.colcon_core.package_identification:_identify(src/vrx/vrx_urdf/wamv_description) by extension 'colcon_pkg'
[0.229s] Level 1:colcon.colcon_core.package_identification:_identify(src/vrx/vrx_urdf/wamv_description) by extensions ['colcon_meta']
[0.229s] Level 1:colcon.colcon_core.package_identification:_identify(src/vrx/vrx_urdf/wamv_description) by extension 'colcon_meta'
[0.229s] Level 1:colcon.colcon_core.package_identification:_identify(src/vrx/vrx_urdf/wamv_description) by extensions ['ros']
[0.229s] Level 1:colcon.colcon_core.package_identification:_identify(src/vrx/vrx_urdf/wamv_description) by extension 'ros'
[0.230s] DEBUG:colcon.colcon_core.package_identification:Package 'src/vrx/vrx_urdf/wamv_description' with type 'ros.ament_cmake' and name 'wamv_description'
[0.230s] Level 1:colcon.colcon_core.package_identification:_identify(src/vrx/vrx_urdf/wamv_gazebo) by extensions ['ignore', 'ignore_ament_install']
[0.230s] Level 1:colcon.colcon_core.package_identification:_identify(src/vrx/vrx_urdf/wamv_gazebo) by extension 'ignore'
[0.230s] Level 1:colcon.colcon_core.package_identification:_identify(src/vrx/vrx_urdf/wamv_gazebo) by extension 'ignore_ament_install'
[0.230s] Level 1:colcon.colcon_core.package_identification:_identify(src/vrx/vrx_urdf/wamv_gazebo) by extensions ['colcon_pkg']
[0.230s] Level 1:colcon.colcon_core.package_identification:_identify(src/vrx/vrx_urdf/wamv_gazebo) by extension 'colcon_pkg'
[0.230s] Level 1:colcon.colcon_core.package_identification:_identify(src/vrx/vrx_urdf/wamv_gazebo) by extensions ['colcon_meta']
[0.230s] Level 1:colcon.colcon_core.package_identification:_identify(src/vrx/vrx_urdf/wamv_gazebo) by extension 'colcon_meta'
[0.230s] Level 1:colcon.colcon_core.package_identification:_identify(src/vrx/vrx_urdf/wamv_gazebo) by extensions ['ros']
[0.230s] Level 1:colcon.colcon_core.package_identification:_identify(src/vrx/vrx_urdf/wamv_gazebo) by extension 'ros'
[0.231s] DEBUG:colcon.colcon_core.package_identification:Package 'src/vrx/vrx_urdf/wamv_gazebo' with type 'ros.ament_cmake' and name 'wamv_gazebo'
[0.231s] Level 1:colcon.colcon_core.package_discovery:discover_packages(recursive) using defaults
[0.231s] Level 1:colcon.colcon_core.package_discovery:discover_packages(ignore) discover
[0.231s] Level 1:colcon.colcon_core.package_discovery:discover_packages(ignore) using defaults
[0.231s] Level 1:colcon.colcon_core.package_discovery:discover_packages(path) discover
[0.231s] Level 1:colcon.colcon_core.package_discovery:discover_packages(path) using defaults
[0.251s] Level 1:colcon.colcon_core.package_discovery:discover_packages(prefix_path) check parameters
[0.251s] Level 1:colcon.colcon_core.package_discovery:discover_packages(prefix_path) discover
[0.254s] DEBUG:colcon.colcon_installed_package_information.package_discovery:Found 331 installed packages in /opt/ros/humble
[0.255s] Level 1:colcon.colcon_core.package_discovery:discover_packages(prefix_path) using defaults
[0.278s] Level 5:colcon.colcon_core.verb:set package 'vrx_gazebo' build argument 'cmake_args' from command line to 'None'
[0.278s] Level 5:colcon.colcon_core.verb:set package 'vrx_gazebo' build argument 'cmake_target' from command line to 'None'
[0.278s] Level 5:colcon.colcon_core.verb:set package 'vrx_gazebo' build argument 'cmake_target_skip_unavailable' from command line to 'False'
[0.278s] Level 5:colcon.colcon_core.verb:set package 'vrx_gazebo' build argument 'cmake_clean_cache' from command line to 'False'
[0.278s] Level 5:colcon.colcon_core.verb:set package 'vrx_gazebo' build argument 'cmake_clean_first' from command line to 'False'
[0.279s] Level 5:colcon.colcon_core.verb:set package 'vrx_gazebo' build argument 'cmake_force_configure' from command line to 'False'
[0.279s] Level 5:colcon.colcon_core.verb:set package 'vrx_gazebo' build argument 'ament_cmake_args' from command line to 'None'
[0.279s] Level 5:colcon.colcon_core.verb:set package 'vrx_gazebo' build argument 'catkin_cmake_args' from command line to 'None'
[0.279s] Level 5:colcon.colcon_core.verb:set package 'vrx_gazebo' build argument 'catkin_skip_building_tests' from command line to 'False'
[0.279s] DEBUG:colcon.colcon_core.verb:Building package 'vrx_gazebo' with the following arguments: {'ament_cmake_args': None, 'build_base': '/home/neofelis/vrx_ws/build/vrx_gazebo', 'catkin_cmake_args': None, 'catkin_skip_building_tests': False, 'cmake_args': None, 'cmake_clean_cache': False, 'cmake_clean_first': False, 'cmake_force_configure': False, 'cmake_target': None, 'cmake_target_skip_unavailable': False, 'install_base': '/home/neofelis/vrx_ws/install', 'merge_install': True, 'path': '/home/neofelis/vrx_ws/src/vrx/vrx_urdf/vrx_gazebo', 'symlink_install': False, 'test_result_base': None}
[0.279s] Level 5:colcon.colcon_core.verb:set package 'vrx_ros' build argument 'cmake_args' from command line to 'None'
[0.279s] Level 5:colcon.colcon_core.verb:set package 'vrx_ros' build argument 'cmake_target' from command line to 'None'
[0.279s] Level 5:colcon.colcon_core.verb:set package 'vrx_ros' build argument 'cmake_target_skip_unavailable' from command line to 'False'
[0.279s] Level 5:colcon.colcon_core.verb:set package 'vrx_ros' build argument 'cmake_clean_cache' from command line to 'False'
[0.279s] Level 5:colcon.colcon_core.verb:set package 'vrx_ros' build argument 'cmake_clean_first' from command line to 'False'
[0.279s] Level 5:colcon.colcon_core.verb:set package 'vrx_ros' build argument 'cmake_force_configure' from command line to 'False'
[0.279s] Level 5:colcon.colcon_core.verb:set package 'vrx_ros' build argument 'ament_cmake_args' from command line to 'None'
[0.279s] Level 5:colcon.colcon_core.verb:set package 'vrx_ros' build argument 'catkin_cmake_args' from command line to 'None'
[0.279s] Level 5:colcon.colcon_core.verb:set package 'vrx_ros' build argument 'catkin_skip_building_tests' from command line to 'False'
[0.279s] DEBUG:colcon.colcon_core.verb:Building package 'vrx_ros' with the following arguments: {'ament_cmake_args': None, 'build_base': '/home/neofelis/vrx_ws/build/vrx_ros', 'catkin_cmake_args': None, 'catkin_skip_building_tests': False, 'cmake_args': None, 'cmake_clean_cache': False, 'cmake_clean_first': False, 'cmake_force_configure': False, 'cmake_target': None, 'cmake_target_skip_unavailable': False, 'install_base': '/home/neofelis/vrx_ws/install', 'merge_install': True, 'path': '/home/neofelis/vrx_ws/src/vrx/vrx_ros', 'symlink_install': False, 'test_result_base': None}
[0.279s] Level 5:colcon.colcon_core.verb:set package 'vrx_gz' build argument 'cmake_args' from command line to 'None'
[0.279s] Level 5:colcon.colcon_core.verb:set package 'vrx_gz' build argument 'cmake_target' from command line to 'None'
[0.279s] Level 5:colcon.colcon_core.verb:set package 'vrx_gz' build argument 'cmake_target_skip_unavailable' from command line to 'False'
[0.279s] Level 5:colcon.colcon_core.verb:set package 'vrx_gz' build argument 'cmake_clean_cache' from command line to 'False'
[0.279s] Level 5:colcon.colcon_core.verb:set package 'vrx_gz' build argument 'cmake_clean_first' from command line to 'False'
[0.279s] Level 5:colcon.colcon_core.verb:set package 'vrx_gz' build argument 'cmake_force_configure' from command line to 'False'
[0.279s] Level 5:colcon.colcon_core.verb:set package 'vrx_gz' build argument 'ament_cmake_args' from command line to 'None'
[0.279s] Level 5:colcon.colcon_core.verb:set package 'vrx_gz' build argument 'catkin_cmake_args' from command line to 'None'
[0.279s] Level 5:colcon.colcon_core.verb:set package 'vrx_gz' build argument 'catkin_skip_building_tests' from command line to 'False'
[0.279s] DEBUG:colcon.colcon_core.verb:Building package 'vrx_gz' with the following arguments: {'ament_cmake_args': None, 'build_base': '/home/neofelis/vrx_ws/build/vrx_gz', 'catkin_cmake_args': None, 'catkin_skip_building_tests': False, 'cmake_args': None, 'cmake_clean_cache': False, 'cmake_clean_first': False, 'cmake_force_configure': False, 'cmake_target': None, 'cmake_target_skip_unavailable': False, 'install_base': '/home/neofelis/vrx_ws/install', 'merge_install': True, 'path': '/home/neofelis/vrx_ws/src/vrx/vrx_gz', 'symlink_install': False, 'test_result_base': None}
[0.279s] Level 5:colcon.colcon_core.verb:set package 'wamv_description' build argument 'cmake_args' from command line to 'None'
[0.279s] Level 5:colcon.colcon_core.verb:set package 'wamv_description' build argument 'cmake_target' from command line to 'None'
[0.279s] Level 5:colcon.colcon_core.verb:set package 'wamv_description' build argument 'cmake_target_skip_unavailable' from command line to 'False'
[0.279s] Level 5:colcon.colcon_core.verb:set package 'wamv_description' build argument 'cmake_clean_cache' from command line to 'False'
[0.279s] Level 5:colcon.colcon_core.verb:set package 'wamv_description' build argument 'cmake_clean_first' from command line to 'False'
[0.279s] Level 5:colcon.colcon_core.verb:set package 'wamv_description' build argument 'cmake_force_configure' from command line to 'False'
[0.279s] Level 5:colcon.colcon_core.verb:set package 'wamv_description' build argument 'ament_cmake_args' from command line to 'None'
[0.279s] Level 5:colcon.colcon_core.verb:set package 'wamv_description' build argument 'catkin_cmake_args' from command line to 'None'
[0.279s] Level 5:colcon.colcon_core.verb:set package 'wamv_description' build argument 'catkin_skip_building_tests' from command line to 'False'
[0.280s] DEBUG:colcon.colcon_core.verb:Building package 'wamv_description' with the following arguments: {'ament_cmake_args': None, 'build_base': '/home/neofelis/vrx_ws/build/wamv_description', 'catkin_cmake_args': None, 'catkin_skip_building_tests': False, 'cmake_args': None, 'cmake_clean_cache': False, 'cmake_clean_first': False, 'cmake_force_configure': False, 'cmake_target': None, 'cmake_target_skip_unavailable': False, 'install_base': '/home/neofelis/vrx_ws/install', 'merge_install': True, 'path': '/home/neofelis/vrx_ws/src/vrx/vrx_urdf/wamv_description', 'symlink_install': False, 'test_result_base': None}
[0.280s] Level 5:colcon.colcon_core.verb:set package 'wamv_gazebo' build argument 'cmake_args' from command line to 'None'
[0.280s] Level 5:colcon.colcon_core.verb:set package 'wamv_gazebo' build argument 'cmake_target' from command line to 'None'
[0.280s] Level 5:colcon.colcon_core.verb:set package 'wamv_gazebo' build argument 'cmake_target_skip_unavailable' from command line to 'False'
[0.280s] Level 5:colcon.colcon_core.verb:set package 'wamv_gazebo' build argument 'cmake_clean_cache' from command line to 'False'
[0.280s] Level 5:colcon.colcon_core.verb:set package 'wamv_gazebo' build argument 'cmake_clean_first' from command line to 'False'
[0.280s] Level 5:colcon.colcon_core.verb:set package 'wamv_gazebo' build argument 'cmake_force_configure' from command line to 'False'
[0.280s] Level 5:colcon.colcon_core.verb:set package 'wamv_gazebo' build argument 'ament_cmake_args' from command line to 'None'
[0.280s] Level 5:colcon.colcon_core.verb:set package 'wamv_gazebo' build argument 'catkin_cmake_args' from command line to 'None'
[0.280s] Level 5:colcon.colcon_core.verb:set package 'wamv_gazebo' build argument 'catkin_skip_building_tests' from command line to 'False'
[0.280s] DEBUG:colcon.colcon_core.verb:Building package 'wamv_gazebo' with the following arguments: {'ament_cmake_args': None, 'build_base': '/home/neofelis/vrx_ws/build/wamv_gazebo', 'catkin_cmake_args': None, 'catkin_skip_building_tests': False, 'cmake_args': None, 'cmake_clean_cache': False, 'cmake_clean_first': False, 'cmake_force_configure': False, 'cmake_target': None, 'cmake_target_skip_unavailable': False, 'install_base': '/home/neofelis/vrx_ws/install', 'merge_install': True, 'path': '/home/neofelis/vrx_ws/src/vrx/vrx_urdf/wamv_gazebo', 'symlink_install': False, 'test_result_base': None}
[0.280s] INFO:colcon.colcon_core.executor:Executing jobs using 'parallel' executor
[0.281s] DEBUG:colcon.colcon_parallel_executor.executor.parallel:run_until_complete
[0.281s] INFO:colcon.colcon_ros.task.ament_cmake.build:Building ROS package in '/home/neofelis/vrx_ws/src/vrx/vrx_urdf/vrx_gazebo' with build type 'ament_cmake'
[0.281s] INFO:colcon.colcon_cmake.task.cmake.build:Building CMake package in '/home/neofelis/vrx_ws/src/vrx/vrx_urdf/vrx_gazebo'
[0.283s] INFO:colcon.colcon_core.plugin_system:Skipping extension 'colcon_core.shell.bat': Not used on non-Windows systems
[0.283s] INFO:colcon.colcon_core.shell:Skip shell extension 'powershell' for command environment: Not usable outside of PowerShell
[0.283s] DEBUG:colcon.colcon_core.shell:Skip shell extension 'dsv' for command environment
[0.285s] INFO:colcon.colcon_ros.task.ament_cmake.build:Building ROS package in '/home/neofelis/vrx_ws/src/vrx/vrx_ros' with build type 'ament_cmake'
[0.285s] INFO:colcon.colcon_cmake.task.cmake.build:Building CMake package in '/home/neofelis/vrx_ws/src/vrx/vrx_ros'
[0.285s] INFO:colcon.colcon_core.shell:Skip shell extension 'powershell' for command environment: Not usable outside of PowerShell
[0.285s] DEBUG:colcon.colcon_core.shell:Skip shell extension 'dsv' for command environment
[0.290s] DEBUG:colcon.colcon_core.event_handler.log_command:Invoking command in '/home/neofelis/vrx_ws/build/vrx_gazebo': CMAKE_PREFIX_PATH=/opt/ros/humble /usr/bin/cmake --build /home/neofelis/vrx_ws/build/vrx_gazebo -- -j16 -l16
[0.293s] DEBUG:colcon.colcon_core.event_handler.log_command:Invoking command in '/home/neofelis/vrx_ws/build/vrx_ros': CMAKE_PREFIX_PATH=/opt/ros/humble /usr/bin/cmake --build /home/neofelis/vrx_ws/build/vrx_ros -- -j16 -l16
[0.361s] DEBUG:colcon.colcon_core.event_handler.log_command:Invoked command in '/home/neofelis/vrx_ws/build/vrx_ros' returned '0': CMAKE_PREFIX_PATH=/opt/ros/humble /usr/bin/cmake --build /home/neofelis/vrx_ws/build/vrx_ros -- -j16 -l16
[0.367s] DEBUG:colcon.colcon_core.event_handler.log_command:Invoking command in '/home/neofelis/vrx_ws/build/vrx_ros': CMAKE_PREFIX_PATH=/opt/ros/humble /usr/bin/cmake --install /home/neofelis/vrx_ws/build/vrx_ros
[0.374s] Level 1:colcon.colcon_core.environment:create_environment_scripts_only(vrx_ros)
[0.375s] DEBUG:colcon.colcon_core.event_handler.log_command:Invoked command in '/home/neofelis/vrx_ws/build/vrx_ros' returned '0': CMAKE_PREFIX_PATH=/opt/ros/humble /usr/bin/cmake --install /home/neofelis/vrx_ws/build/vrx_ros
[0.378s] Level 1:colcon.colcon_core.environment:checking '/home/neofelis/vrx_ws/install' for CMake module files
[0.378s] Level 1:colcon.colcon_core.environment:checking '/home/neofelis/vrx_ws/install' for CMake config files
[0.380s] Level 1:colcon.colcon_core.shell:create_environment_hook('vrx_ros', 'cmake_prefix_path')
[0.380s] INFO:colcon.colcon_core.shell:Creating environment hook '/home/neofelis/vrx_ws/install/share/vrx_ros/hook/cmake_prefix_path.ps1'
[0.381s] INFO:colcon.colcon_core.shell:Creating environment descriptor '/home/neofelis/vrx_ws/install/share/vrx_ros/hook/cmake_prefix_path.dsv'
[0.381s] INFO:colcon.colcon_core.shell:Creating environment hook '/home/neofelis/vrx_ws/install/share/vrx_ros/hook/cmake_prefix_path.sh'
[0.382s] Level 1:colcon.colcon_core.environment:checking '/home/neofelis/vrx_ws/install/lib'
[0.382s] Level 1:colcon.colcon_core.shell:create_environment_hook('vrx_ros', 'ld_library_path_lib')
[0.382s] INFO:colcon.colcon_core.shell:Creating environment hook '/home/neofelis/vrx_ws/install/share/vrx_ros/hook/ld_library_path_lib.ps1'
[0.382s] INFO:colcon.colcon_core.shell:Creating environment descriptor '/home/neofelis/vrx_ws/install/share/vrx_ros/hook/ld_library_path_lib.dsv'
[0.383s] INFO:colcon.colcon_core.shell:Creating environment hook '/home/neofelis/vrx_ws/install/share/vrx_ros/hook/ld_library_path_lib.sh'
[0.383s] Level 1:colcon.colcon_core.environment:checking '/home/neofelis/vrx_ws/install/bin'
[0.383s] Level 1:colcon.colcon_core.environment:checking '/home/neofelis/vrx_ws/install/lib/pkgconfig/vrx_ros.pc'
[0.383s] Level 1:colcon.colcon_core.environment:checking '/home/neofelis/vrx_ws/install/lib/python3.10/site-packages'
[0.383s] Level 1:colcon.colcon_core.environment:checking '/home/neofelis/vrx_ws/install/bin'
[0.383s] INFO:colcon.colcon_core.shell:Creating package script '/home/neofelis/vrx_ws/install/share/vrx_ros/package.ps1'
[0.384s] INFO:colcon.colcon_core.shell:Creating package descriptor '/home/neofelis/vrx_ws/install/share/vrx_ros/package.dsv'
[0.384s] INFO:colcon.colcon_core.shell:Creating package script '/home/neofelis/vrx_ws/install/share/vrx_ros/package.sh'
[0.385s] INFO:colcon.colcon_core.shell:Creating package script '/home/neofelis/vrx_ws/install/share/vrx_ros/package.bash'
[0.385s] INFO:colcon.colcon_core.shell:Creating package script '/home/neofelis/vrx_ws/install/share/vrx_ros/package.zsh'
[0.386s] Level 1:colcon.colcon_core.environment:create_file_with_runtime_dependencies(/home/neofelis/vrx_ws/install/share/colcon-core/packages/vrx_ros)
[0.386s] Level 1:colcon.colcon_core.environment:create_environment_scripts_only(vrx_ros)
[0.386s] Level 1:colcon.colcon_core.environment:checking '/home/neofelis/vrx_ws/install' for CMake module files
[0.387s] Level 1:colcon.colcon_core.environment:checking '/home/neofelis/vrx_ws/install' for CMake config files
[0.387s] Level 1:colcon.colcon_core.shell:create_environment_hook('vrx_ros', 'cmake_prefix_path')
[0.387s] INFO:colcon.colcon_core.shell:Creating environment hook '/home/neofelis/vrx_ws/install/share/vrx_ros/hook/cmake_prefix_path.ps1'
[0.387s] INFO:colcon.colcon_core.shell:Creating environment descriptor '/home/neofelis/vrx_ws/install/share/vrx_ros/hook/cmake_prefix_path.dsv'
[0.387s] INFO:colcon.colcon_core.shell:Creating environment hook '/home/neofelis/vrx_ws/install/share/vrx_ros/hook/cmake_prefix_path.sh'
[0.388s] Level 1:colcon.colcon_core.environment:checking '/home/neofelis/vrx_ws/install/lib'
[0.388s] Level 1:colcon.colcon_core.shell:create_environment_hook('vrx_ros', 'ld_library_path_lib')
[0.388s] INFO:colcon.colcon_core.shell:Creating environment hook '/home/neofelis/vrx_ws/install/share/vrx_ros/hook/ld_library_path_lib.ps1'
[0.388s] INFO:colcon.colcon_core.shell:Creating environment descriptor '/home/neofelis/vrx_ws/install/share/vrx_ros/hook/ld_library_path_lib.dsv'
[0.388s] INFO:colcon.colcon_core.shell:Creating environment hook '/home/neofelis/vrx_ws/install/share/vrx_ros/hook/ld_library_path_lib.sh'
[0.388s] Level 1:colcon.colcon_core.environment:checking '/home/neofelis/vrx_ws/install/bin'
[0.388s] Level 1:colcon.colcon_core.environment:checking '/home/neofelis/vrx_ws/install/lib/pkgconfig/vrx_ros.pc'
[0.389s] Level 1:colcon.colcon_core.environment:checking '/home/neofelis/vrx_ws/install/lib/python3.10/site-packages'
[0.389s] Level 1:colcon.colcon_core.environment:checking '/home/neofelis/vrx_ws/install/bin'
[0.389s] INFO:colcon.colcon_core.shell:Creating package script '/home/neofelis/vrx_ws/install/share/vrx_ros/package.ps1'
[0.389s] INFO:colcon.colcon_core.shell:Creating package descriptor '/home/neofelis/vrx_ws/install/share/vrx_ros/package.dsv'
[0.389s] INFO:colcon.colcon_core.shell:Creating package script '/home/neofelis/vrx_ws/install/share/vrx_ros/package.sh'
[0.390s] INFO:colcon.colcon_core.shell:Creating package script '/home/neofelis/vrx_ws/install/share/vrx_ros/package.bash'
[0.390s] INFO:colcon.colcon_core.shell:Creating package script '/home/neofelis/vrx_ws/install/share/vrx_ros/package.zsh'
[0.390s] Level 1:colcon.colcon_core.environment:create_file_with_runtime_dependencies(/home/neofelis/vrx_ws/install/share/colcon-core/packages/vrx_ros)
[0.390s] INFO:colcon.colcon_ros.task.ament_cmake.build:Building ROS package in '/home/neofelis/vrx_ws/src/vrx/vrx_gz' with build type 'ament_cmake'
[0.390s] INFO:colcon.colcon_cmake.task.cmake.build:Building CMake package in '/home/neofelis/vrx_ws/src/vrx/vrx_gz'
[0.390s] INFO:colcon.colcon_core.shell:Skip shell extension 'powershell' for command environment: Not usable outside of PowerShell
[0.390s] DEBUG:colcon.colcon_core.shell:Skip shell extension 'dsv' for command environment
[0.398s] DEBUG:colcon.colcon_core.event_handler.log_command:Invoking command in '/home/neofelis/vrx_ws/build/vrx_gz': AMENT_PREFIX_PATH=/home/neofelis/vrx_ws/install:${AMENT_PREFIX_PATH} CMAKE_PREFIX_PATH=/home/neofelis/vrx_ws/install:/opt/ros/humble LD_LIBRARY_PATH=/home/neofelis/vrx_ws/install/lib:${LD_LIBRARY_PATH} /usr/bin/cmake --build /home/neofelis/vrx_ws/build/vrx_gz -- -j16 -l16
[0.551s] DEBUG:colcon.colcon_core.event_handler.log_command:Invoked command in '/home/neofelis/vrx_ws/build/vrx_gazebo' returned '0': CMAKE_PREFIX_PATH=/opt/ros/humble /usr/bin/cmake --build /home/neofelis/vrx_ws/build/vrx_gazebo -- -j16 -l16
[0.552s] DEBUG:colcon.colcon_core.event_handler.log_command:Invoking command in '/home/neofelis/vrx_ws/build/vrx_gazebo': CMAKE_PREFIX_PATH=/opt/ros/humble /usr/bin/cmake --install /home/neofelis/vrx_ws/build/vrx_gazebo
[0.585s] Level 1:colcon.colcon_core.environment:create_environment_scripts_only(vrx_gazebo)
[0.585s] DEBUG:colcon.colcon_core.event_handler.log_command:Invoked command in '/home/neofelis/vrx_ws/build/vrx_gazebo' returned '0': CMAKE_PREFIX_PATH=/opt/ros/humble /usr/bin/cmake --install /home/neofelis/vrx_ws/build/vrx_gazebo
[0.585s] Level 1:colcon.colcon_core.environment:checking '/home/neofelis/vrx_ws/install' for CMake module files
[0.586s] Level 1:colcon.colcon_core.environment:checking '/home/neofelis/vrx_ws/install' for CMake config files
[0.586s] Level 1:colcon.colcon_core.shell:create_environment_hook('vrx_gazebo', 'cmake_prefix_path')
[0.586s] INFO:colcon.colcon_core.shell:Creating environment hook '/home/neofelis/vrx_ws/install/share/vrx_gazebo/hook/cmake_prefix_path.ps1'
[0.586s] INFO:colcon.colcon_core.shell:Creating environment descriptor '/home/neofelis/vrx_ws/install/share/vrx_gazebo/hook/cmake_prefix_path.dsv'
[0.587s] INFO:colcon.colcon_core.shell:Creating environment hook '/home/neofelis/vrx_ws/install/share/vrx_gazebo/hook/cmake_prefix_path.sh'
[0.587s] Level 1:colcon.colcon_core.environment:checking '/home/neofelis/vrx_ws/install/lib'
[0.587s] Level 1:colcon.colcon_core.shell:create_environment_hook('vrx_gazebo', 'ld_library_path_lib')
[0.587s] INFO:colcon.colcon_core.shell:Creating environment hook '/home/neofelis/vrx_ws/install/share/vrx_gazebo/hook/ld_library_path_lib.ps1'
[0.587s] INFO:colcon.colcon_core.shell:Creating environment descriptor '/home/neofelis/vrx_ws/install/share/vrx_gazebo/hook/ld_library_path_lib.dsv'
[0.588s] INFO:colcon.colcon_core.shell:Creating environment hook '/home/neofelis/vrx_ws/install/share/vrx_gazebo/hook/ld_library_path_lib.sh'
[0.588s] Level 1:colcon.colcon_core.environment:checking '/home/neofelis/vrx_ws/install/bin'
[0.588s] Level 1:colcon.colcon_core.environment:checking '/home/neofelis/vrx_ws/install/lib/pkgconfig/vrx_gazebo.pc'
[0.588s] Level 1:colcon.colcon_core.environment:checking '/home/neofelis/vrx_ws/install/lib/python3.10/site-packages'
[0.588s] Level 1:colcon.colcon_core.environment:checking '/home/neofelis/vrx_ws/install/bin'
[0.588s] INFO:colcon.colcon_core.shell:Creating package script '/home/neofelis/vrx_ws/install/share/vrx_gazebo/package.ps1'
[0.589s] INFO:colcon.colcon_core.shell:Creating package descriptor '/home/neofelis/vrx_ws/install/share/vrx_gazebo/package.dsv'
[0.589s] INFO:colcon.colcon_core.shell:Creating package script '/home/neofelis/vrx_ws/install/share/vrx_gazebo/package.sh'
[0.589s] INFO:colcon.colcon_core.shell:Creating package script '/home/neofelis/vrx_ws/install/share/vrx_gazebo/package.bash'
[0.589s] INFO:colcon.colcon_core.shell:Creating package script '/home/neofelis/vrx_ws/install/share/vrx_gazebo/package.zsh'
[0.589s] Level 1:colcon.colcon_core.environment:create_file_with_runtime_dependencies(/home/neofelis/vrx_ws/install/share/colcon-core/packages/vrx_gazebo)
[0.590s] Level 1:colcon.colcon_core.environment:create_environment_scripts_only(vrx_gazebo)
[0.590s] Level 1:colcon.colcon_core.environment:checking '/home/neofelis/vrx_ws/install' for CMake module files
[0.590s] Level 1:colcon.colcon_core.environment:checking '/home/neofelis/vrx_ws/install' for CMake config files
[0.590s] Level 1:colcon.colcon_core.shell:create_environment_hook('vrx_gazebo', 'cmake_prefix_path')
[0.590s] INFO:colcon.colcon_core.shell:Creating environment hook '/home/neofelis/vrx_ws/install/share/vrx_gazebo/hook/cmake_prefix_path.ps1'
[0.591s] INFO:colcon.colcon_core.shell:Creating environment descriptor '/home/neofelis/vrx_ws/install/share/vrx_gazebo/hook/cmake_prefix_path.dsv'
[0.591s] INFO:colcon.colcon_core.shell:Creating environment hook '/home/neofelis/vrx_ws/install/share/vrx_gazebo/hook/cmake_prefix_path.sh'
[0.591s] Level 1:colcon.colcon_core.environment:checking '/home/neofelis/vrx_ws/install/lib'
[0.591s] Level 1:colcon.colcon_core.shell:create_environment_hook('vrx_gazebo', 'ld_library_path_lib')
[0.591s] INFO:colcon.colcon_core.shell:Creating environment hook '/home/neofelis/vrx_ws/install/share/vrx_gazebo/hook/ld_library_path_lib.ps1'
[0.591s] INFO:colcon.colcon_core.shell:Creating environment descriptor '/home/neofelis/vrx_ws/install/share/vrx_gazebo/hook/ld_library_path_lib.dsv'
[0.592s] INFO:colcon.colcon_core.shell:Creating environment hook '/home/neofelis/vrx_ws/install/share/vrx_gazebo/hook/ld_library_path_lib.sh'
[0.592s] Level 1:colcon.colcon_core.environment:checking '/home/neofelis/vrx_ws/install/bin'
[0.592s] Level 1:colcon.colcon_core.environment:checking '/home/neofelis/vrx_ws/install/lib/pkgconfig/vrx_gazebo.pc'
[0.592s] Level 1:colcon.colcon_core.environment:checking '/home/neofelis/vrx_ws/install/lib/python3.10/site-packages'
[0.592s] Level 1:colcon.colcon_core.environment:checking '/home/neofelis/vrx_ws/install/bin'
[0.592s] INFO:colcon.colcon_core.shell:Creating package script '/home/neofelis/vrx_ws/install/share/vrx_gazebo/package.ps1'
[0.593s] INFO:colcon.colcon_core.shell:Creating package descriptor '/home/neofelis/vrx_ws/install/share/vrx_gazebo/package.dsv'
[0.593s] INFO:colcon.colcon_core.shell:Creating package script '/home/neofelis/vrx_ws/install/share/vrx_gazebo/package.sh'
[0.593s] INFO:colcon.colcon_core.shell:Creating package script '/home/neofelis/vrx_ws/install/share/vrx_gazebo/package.bash'
[0.593s] INFO:colcon.colcon_core.shell:Creating package script '/home/neofelis/vrx_ws/install/share/vrx_gazebo/package.zsh'
[0.593s] Level 1:colcon.colcon_core.environment:create_file_with_runtime_dependencies(/home/neofelis/vrx_ws/install/share/colcon-core/packages/vrx_gazebo)
[0.594s] INFO:colcon.colcon_ros.task.ament_cmake.build:Building ROS package in '/home/neofelis/vrx_ws/src/vrx/vrx_urdf/wamv_description' with build type 'ament_cmake'
[0.594s] INFO:colcon.colcon_cmake.task.cmake.build:Building CMake package in '/home/neofelis/vrx_ws/src/vrx/vrx_urdf/wamv_description'
[0.594s] INFO:colcon.colcon_core.shell:Skip shell extension 'powershell' for command environment: Not usable outside of PowerShell
[0.594s] DEBUG:colcon.colcon_core.shell:Skip shell extension 'dsv' for command environment
[0.600s] DEBUG:colcon.colcon_core.event_handler.log_command:Invoking command in '/home/neofelis/vrx_ws/build/wamv_description': AMENT_PREFIX_PATH=/home/neofelis/vrx_ws/install:${AMENT_PREFIX_PATH} CMAKE_PREFIX_PATH=/home/neofelis/vrx_ws/install:/opt/ros/humble GZ_SIM_RESOURCE_PATH=/home/neofelis/vrx_ws/install/share/vrx_gazebo/models:/home/neofelis/vrx_ws/install/share LD_LIBRARY_PATH=/home/neofelis/vrx_ws/install/lib:${LD_LIBRARY_PATH} PYTHONPATH=/home/neofelis/vrx_ws/install/local/lib/python3.10/dist-packages:${PYTHONPATH} /usr/bin/cmake --build /home/neofelis/vrx_ws/build/wamv_description -- -j16 -l16
[0.637s] DEBUG:colcon.colcon_core.event_handler.log_command:Invoked command in '/home/neofelis/vrx_ws/build/wamv_description' returned '0': AMENT_PREFIX_PATH=/home/neofelis/vrx_ws/install:${AMENT_PREFIX_PATH} CMAKE_PREFIX_PATH=/home/neofelis/vrx_ws/install:/opt/ros/humble GZ_SIM_RESOURCE_PATH=/home/neofelis/vrx_ws/install/share/vrx_gazebo/models:/home/neofelis/vrx_ws/install/share LD_LIBRARY_PATH=/home/neofelis/vrx_ws/install/lib:${LD_LIBRARY_PATH} PYTHONPATH=/home/neofelis/vrx_ws/install/local/lib/python3.10/dist-packages:${PYTHONPATH} /usr/bin/cmake --build /home/neofelis/vrx_ws/build/wamv_description -- -j16 -l16
[0.638s] DEBUG:colcon.colcon_core.event_handler.log_command:Invoking command in '/home/neofelis/vrx_ws/build/wamv_description': AMENT_PREFIX_PATH=/home/neofelis/vrx_ws/install:${AMENT_PREFIX_PATH} CMAKE_PREFIX_PATH=/home/neofelis/vrx_ws/install:/opt/ros/humble GZ_SIM_RESOURCE_PATH=/home/neofelis/vrx_ws/install/share/vrx_gazebo/models:/home/neofelis/vrx_ws/install/share LD_LIBRARY_PATH=/home/neofelis/vrx_ws/install/lib:${LD_LIBRARY_PATH} PYTHONPATH=/home/neofelis/vrx_ws/install/local/lib/python3.10/dist-packages:${PYTHONPATH} /usr/bin/cmake --install /home/neofelis/vrx_ws/build/wamv_description
[0.646s] Level 1:colcon.colcon_core.environment:create_environment_scripts_only(wamv_description)
[0.646s] DEBUG:colcon.colcon_core.event_handler.log_command:Invoked command in '/home/neofelis/vrx_ws/build/wamv_description' returned '0': AMENT_PREFIX_PATH=/home/neofelis/vrx_ws/install:${AMENT_PREFIX_PATH} CMAKE_PREFIX_PATH=/home/neofelis/vrx_ws/install:/opt/ros/humble GZ_SIM_RESOURCE_PATH=/home/neofelis/vrx_ws/install/share/vrx_gazebo/models:/home/neofelis/vrx_ws/install/share LD_LIBRARY_PATH=/home/neofelis/vrx_ws/install/lib:${LD_LIBRARY_PATH} PYTHONPATH=/home/neofelis/vrx_ws/install/local/lib/python3.10/dist-packages:${PYTHONPATH} /usr/bin/cmake --install /home/neofelis/vrx_ws/build/wamv_description
[0.646s] Level 1:colcon.colcon_core.environment:checking '/home/neofelis/vrx_ws/install' for CMake module files
[0.646s] Level 1:colcon.colcon_core.environment:checking '/home/neofelis/vrx_ws/install' for CMake config files
[0.647s] Level 1:colcon.colcon_core.shell:create_environment_hook('wamv_description', 'cmake_prefix_path')
[0.647s] INFO:colcon.colcon_core.shell:Creating environment hook '/home/neofelis/vrx_ws/install/share/wamv_description/hook/cmake_prefix_path.ps1'
[0.647s] INFO:colcon.colcon_core.shell:Creating environment descriptor '/home/neofelis/vrx_ws/install/share/wamv_description/hook/cmake_prefix_path.dsv'
[0.647s] INFO:colcon.colcon_core.shell:Creating environment hook '/home/neofelis/vrx_ws/install/share/wamv_description/hook/cmake_prefix_path.sh'
[0.648s] Level 1:colcon.colcon_core.environment:checking '/home/neofelis/vrx_ws/install/lib'
[0.648s] Level 1:colcon.colcon_core.shell:create_environment_hook('wamv_description', 'ld_library_path_lib')
[0.648s] INFO:colcon.colcon_core.shell:Creating environment hook '/home/neofelis/vrx_ws/install/share/wamv_description/hook/ld_library_path_lib.ps1'
[0.648s] INFO:colcon.colcon_core.shell:Creating environment descriptor '/home/neofelis/vrx_ws/install/share/wamv_description/hook/ld_library_path_lib.dsv'
[0.648s] INFO:colcon.colcon_core.shell:Creating environment hook '/home/neofelis/vrx_ws/install/share/wamv_description/hook/ld_library_path_lib.sh'
[0.649s] Level 1:colcon.colcon_core.environment:checking '/home/neofelis/vrx_ws/install/bin'
[0.649s] Level 1:colcon.colcon_core.environment:checking '/home/neofelis/vrx_ws/install/lib/pkgconfig/wamv_description.pc'
[0.649s] Level 1:colcon.colcon_core.environment:checking '/home/neofelis/vrx_ws/install/lib/python3.10/site-packages'
[0.649s] Level 1:colcon.colcon_core.environment:checking '/home/neofelis/vrx_ws/install/bin'
[0.649s] INFO:colcon.colcon_core.shell:Creating package script '/home/neofelis/vrx_ws/install/share/wamv_description/package.ps1'
[0.649s] INFO:colcon.colcon_core.shell:Creating package descriptor '/home/neofelis/vrx_ws/install/share/wamv_description/package.dsv'
[0.649s] INFO:colcon.colcon_core.shell:Creating package script '/home/neofelis/vrx_ws/install/share/wamv_description/package.sh'
[0.650s] INFO:colcon.colcon_core.shell:Creating package script '/home/neofelis/vrx_ws/install/share/wamv_description/package.bash'
[0.650s] INFO:colcon.colcon_core.shell:Creating package script '/home/neofelis/vrx_ws/install/share/wamv_description/package.zsh'
[0.650s] Level 1:colcon.colcon_core.environment:create_file_with_runtime_dependencies(/home/neofelis/vrx_ws/install/share/colcon-core/packages/wamv_description)
[0.650s] Level 1:colcon.colcon_core.environment:create_environment_scripts_only(wamv_description)
[0.650s] Level 1:colcon.colcon_core.environment:checking '/home/neofelis/vrx_ws/install' for CMake module files
[0.651s] Level 1:colcon.colcon_core.environment:checking '/home/neofelis/vrx_ws/install' for CMake config files
[0.651s] Level 1:colcon.colcon_core.shell:create_environment_hook('wamv_description', 'cmake_prefix_path')
[0.651s] INFO:colcon.colcon_core.shell:Creating environment hook '/home/neofelis/vrx_ws/install/share/wamv_description/hook/cmake_prefix_path.ps1'
[0.651s] INFO:colcon.colcon_core.shell:Creating environment descriptor '/home/neofelis/vrx_ws/install/share/wamv_description/hook/cmake_prefix_path.dsv'
[0.651s] INFO:colcon.colcon_core.shell:Creating environment hook '/home/neofelis/vrx_ws/install/share/wamv_description/hook/cmake_prefix_path.sh'
[0.652s] Level 1:colcon.colcon_core.environment:checking '/home/neofelis/vrx_ws/install/lib'
[0.652s] Level 1:colcon.colcon_core.shell:create_environment_hook('wamv_description', 'ld_library_path_lib')
[0.652s] INFO:colcon.colcon_core.shell:Creating environment hook '/home/neofelis/vrx_ws/install/share/wamv_description/hook/ld_library_path_lib.ps1'
[0.652s] INFO:colcon.colcon_core.shell:Creating environment descriptor '/home/neofelis/vrx_ws/install/share/wamv_description/hook/ld_library_path_lib.dsv'
[0.652s] INFO:colcon.colcon_core.shell:Creating environment hook '/home/neofelis/vrx_ws/install/share/wamv_description/hook/ld_library_path_lib.sh'
[0.653s] Level 1:colcon.colcon_core.environment:checking '/home/neofelis/vrx_ws/install/bin'
[0.653s] Level 1:colcon.colcon_core.environment:checking '/home/neofelis/vrx_ws/install/lib/pkgconfig/wamv_description.pc'
[0.653s] Level 1:colcon.colcon_core.environment:checking '/home/neofelis/vrx_ws/install/lib/python3.10/site-packages'
[0.653s] Level 1:colcon.colcon_core.environment:checking '/home/neofelis/vrx_ws/install/bin'
[0.653s] INFO:colcon.colcon_core.shell:Creating package script '/home/neofelis/vrx_ws/install/share/wamv_description/package.ps1'
[0.653s] INFO:colcon.colcon_core.shell:Creating package descriptor '/home/neofelis/vrx_ws/install/share/wamv_description/package.dsv'
[0.654s] INFO:colcon.colcon_core.shell:Creating package script '/home/neofelis/vrx_ws/install/share/wamv_description/package.sh'
[0.654s] INFO:colcon.colcon_core.shell:Creating package script '/home/neofelis/vrx_ws/install/share/wamv_description/package.bash'
[0.654s] INFO:colcon.colcon_core.shell:Creating package script '/home/neofelis/vrx_ws/install/share/wamv_description/package.zsh'
[0.654s] Level 1:colcon.colcon_core.environment:create_file_with_runtime_dependencies(/home/neofelis/vrx_ws/install/share/colcon-core/packages/wamv_description)
[0.654s] INFO:colcon.colcon_ros.task.ament_cmake.build:Building ROS package in '/home/neofelis/vrx_ws/src/vrx/vrx_urdf/wamv_gazebo' with build type 'ament_cmake'
[0.655s] INFO:colcon.colcon_cmake.task.cmake.build:Building CMake package in '/home/neofelis/vrx_ws/src/vrx/vrx_urdf/wamv_gazebo'
[0.655s] INFO:colcon.colcon_core.shell:Skip shell extension 'powershell' for command environment: Not usable outside of PowerShell
[0.655s] DEBUG:colcon.colcon_core.shell:Skip shell extension 'dsv' for command environment
[0.657s] DEBUG:colcon.colcon_core.event_handler.log_command:Invoked command in '/home/neofelis/vrx_ws/build/vrx_gz' returned '0': AMENT_PREFIX_PATH=/home/neofelis/vrx_ws/install:${AMENT_PREFIX_PATH} CMAKE_PREFIX_PATH=/home/neofelis/vrx_ws/install:/opt/ros/humble LD_LIBRARY_PATH=/home/neofelis/vrx_ws/install/lib:${LD_LIBRARY_PATH} /usr/bin/cmake --build /home/neofelis/vrx_ws/build/vrx_gz -- -j16 -l16
[0.658s] DEBUG:colcon.colcon_core.event_handler.log_command:Invoking command in '/home/neofelis/vrx_ws/build/vrx_gz': AMENT_PREFIX_PATH=/home/neofelis/vrx_ws/install:${AMENT_PREFIX_PATH} CMAKE_PREFIX_PATH=/home/neofelis/vrx_ws/install:/opt/ros/humble LD_LIBRARY_PATH=/home/neofelis/vrx_ws/install/lib:${LD_LIBRARY_PATH} /usr/bin/cmake --install /home/neofelis/vrx_ws/build/vrx_gz
[0.661s] DEBUG:colcon.colcon_core.event_handler.log_command:Invoking command in '/home/neofelis/vrx_ws/build/wamv_gazebo': AMENT_PREFIX_PATH=/home/neofelis/vrx_ws/install:${AMENT_PREFIX_PATH} CMAKE_PREFIX_PATH=/home/neofelis/vrx_ws/install:/opt/ros/humble GZ_SIM_RESOURCE_PATH=/home/neofelis/vrx_ws/install/share/wamv_description/models:/home/neofelis/vrx_ws/install/share/vrx_gazebo/models:/home/neofelis/vrx_ws/install/share LD_LIBRARY_PATH=/home/neofelis/vrx_ws/install/lib:${LD_LIBRARY_PATH} PYTHONPATH=/home/neofelis/vrx_ws/install/local/lib/python3.10/dist-packages:${PYTHONPATH} /usr/bin/cmake --build /home/neofelis/vrx_ws/build/wamv_gazebo -- -j16 -l16
[0.683s] DEBUG:colcon.colcon_core.event_handler.log_command:Invoked command in '/home/neofelis/vrx_ws/build/wamv_gazebo' returned '0': AMENT_PREFIX_PATH=/home/neofelis/vrx_ws/install:${AMENT_PREFIX_PATH} CMAKE_PREFIX_PATH=/home/neofelis/vrx_ws/install:/opt/ros/humble GZ_SIM_RESOURCE_PATH=/home/neofelis/vrx_ws/install/share/wamv_description/models:/home/neofelis/vrx_ws/install/share/vrx_gazebo/models:/home/neofelis/vrx_ws/install/share LD_LIBRARY_PATH=/home/neofelis/vrx_ws/install/lib:${LD_LIBRARY_PATH} PYTHONPATH=/home/neofelis/vrx_ws/install/local/lib/python3.10/dist-packages:${PYTHONPATH} /usr/bin/cmake --build /home/neofelis/vrx_ws/build/wamv_gazebo -- -j16 -l16
[0.684s] DEBUG:colcon.colcon_core.event_handler.log_command:Invoking command in '/home/neofelis/vrx_ws/build/wamv_gazebo': AMENT_PREFIX_PATH=/home/neofelis/vrx_ws/install:${AMENT_PREFIX_PATH} CMAKE_PREFIX_PATH=/home/neofelis/vrx_ws/install:/opt/ros/humble GZ_SIM_RESOURCE_PATH=/home/neofelis/vrx_ws/install/share/wamv_description/models:/home/neofelis/vrx_ws/install/share/vrx_gazebo/models:/home/neofelis/vrx_ws/install/share LD_LIBRARY_PATH=/home/neofelis/vrx_ws/install/lib:${LD_LIBRARY_PATH} PYTHONPATH=/home/neofelis/vrx_ws/install/local/lib/python3.10/dist-packages:${PYTHONPATH} /usr/bin/cmake --install /home/neofelis/vrx_ws/build/wamv_gazebo
[0.692s] Level 1:colcon.colcon_core.environment:create_environment_scripts_only(wamv_gazebo)
[0.693s] DEBUG:colcon.colcon_core.event_handler.log_command:Invoked command in '/home/neofelis/vrx_ws/build/wamv_gazebo' returned '0': AMENT_PREFIX_PATH=/home/neofelis/vrx_ws/install:${AMENT_PREFIX_PATH} CMAKE_PREFIX_PATH=/home/neofelis/vrx_ws/install:/opt/ros/humble GZ_SIM_RESOURCE_PATH=/home/neofelis/vrx_ws/install/share/wamv_description/models:/home/neofelis/vrx_ws/install/share/vrx_gazebo/models:/home/neofelis/vrx_ws/install/share LD_LIBRARY_PATH=/home/neofelis/vrx_ws/install/lib:${LD_LIBRARY_PATH} PYTHONPATH=/home/neofelis/vrx_ws/install/local/lib/python3.10/dist-packages:${PYTHONPATH} /usr/bin/cmake --install /home/neofelis/vrx_ws/build/wamv_gazebo
[0.693s] Level 1:colcon.colcon_core.environment:checking '/home/neofelis/vrx_ws/install' for CMake module files
[0.694s] Level 1:colcon.colcon_core.environment:checking '/home/neofelis/vrx_ws/install' for CMake config files
[0.694s] Level 1:colcon.colcon_core.shell:create_environment_hook('wamv_gazebo', 'cmake_prefix_path')
[0.694s] INFO:colcon.colcon_core.shell:Creating environment hook '/home/neofelis/vrx_ws/install/share/wamv_gazebo/hook/cmake_prefix_path.ps1'
[0.694s] INFO:colcon.colcon_core.shell:Creating environment descriptor '/home/neofelis/vrx_ws/install/share/wamv_gazebo/hook/cmake_prefix_path.dsv'
[0.695s] INFO:colcon.colcon_core.shell:Creating environment hook '/home/neofelis/vrx_ws/install/share/wamv_gazebo/hook/cmake_prefix_path.sh'
[0.695s] Level 1:colcon.colcon_core.environment:checking '/home/neofelis/vrx_ws/install/lib'
[0.695s] Level 1:colcon.colcon_core.shell:create_environment_hook('wamv_gazebo', 'ld_library_path_lib')
[0.695s] INFO:colcon.colcon_core.shell:Creating environment hook '/home/neofelis/vrx_ws/install/share/wamv_gazebo/hook/ld_library_path_lib.ps1'
[0.695s] INFO:colcon.colcon_core.shell:Creating environment descriptor '/home/neofelis/vrx_ws/install/share/wamv_gazebo/hook/ld_library_path_lib.dsv'
[0.696s] INFO:colcon.colcon_core.shell:Creating environment hook '/home/neofelis/vrx_ws/install/share/wamv_gazebo/hook/ld_library_path_lib.sh'
[0.697s] Level 1:colcon.colcon_core.environment:checking '/home/neofelis/vrx_ws/install/bin'
[0.697s] Level 1:colcon.colcon_core.environment:checking '/home/neofelis/vrx_ws/install/lib/pkgconfig/wamv_gazebo.pc'
[0.697s] Level 1:colcon.colcon_core.environment:checking '/home/neofelis/vrx_ws/install/lib/python3.10/site-packages'
[0.697s] Level 1:colcon.colcon_core.environment:checking '/home/neofelis/vrx_ws/install/bin'
[0.697s] INFO:colcon.colcon_core.shell:Creating package script '/home/neofelis/vrx_ws/install/share/wamv_gazebo/package.ps1'
[0.699s] INFO:colcon.colcon_core.shell:Creating package descriptor '/home/neofelis/vrx_ws/install/share/wamv_gazebo/package.dsv'
[0.701s] INFO:colcon.colcon_core.shell:Creating package script '/home/neofelis/vrx_ws/install/share/wamv_gazebo/package.sh'
[0.702s] INFO:colcon.colcon_core.shell:Creating package script '/home/neofelis/vrx_ws/install/share/wamv_gazebo/package.bash'
[0.703s] INFO:colcon.colcon_core.shell:Creating package script '/home/neofelis/vrx_ws/install/share/wamv_gazebo/package.zsh'
[0.703s] Level 1:colcon.colcon_core.environment:create_file_with_runtime_dependencies(/home/neofelis/vrx_ws/install/share/colcon-core/packages/wamv_gazebo)
[0.704s] Level 1:colcon.colcon_core.environment:create_environment_scripts_only(wamv_gazebo)
[0.704s] Level 1:colcon.colcon_core.environment:checking '/home/neofelis/vrx_ws/install' for CMake module files
[0.706s] Level 1:colcon.colcon_core.environment:checking '/home/neofelis/vrx_ws/install' for CMake config files
[0.707s] Level 1:colcon.colcon_core.shell:create_environment_hook('wamv_gazebo', 'cmake_prefix_path')
[0.707s] INFO:colcon.colcon_core.shell:Creating environment hook '/home/neofelis/vrx_ws/install/share/wamv_gazebo/hook/cmake_prefix_path.ps1'
[0.707s] INFO:colcon.colcon_core.shell:Creating environment descriptor '/home/neofelis/vrx_ws/install/share/wamv_gazebo/hook/cmake_prefix_path.dsv'
[0.707s] INFO:colcon.colcon_core.shell:Creating environment hook '/home/neofelis/vrx_ws/install/share/wamv_gazebo/hook/cmake_prefix_path.sh'
[0.708s] Level 1:colcon.colcon_core.environment:checking '/home/neofelis/vrx_ws/install/lib'
[0.708s] Level 1:colcon.colcon_core.shell:create_environment_hook('wamv_gazebo', 'ld_library_path_lib')
[0.708s] INFO:colcon.colcon_core.shell:Creating environment hook '/home/neofelis/vrx_ws/install/share/wamv_gazebo/hook/ld_library_path_lib.ps1'
[0.708s] INFO:colcon.colcon_core.shell:Creating environment descriptor '/home/neofelis/vrx_ws/install/share/wamv_gazebo/hook/ld_library_path_lib.dsv'
[0.708s] INFO:colcon.colcon_core.shell:Creating environment hook '/home/neofelis/vrx_ws/install/share/wamv_gazebo/hook/ld_library_path_lib.sh'
[0.708s] Level 1:colcon.colcon_core.environment:checking '/home/neofelis/vrx_ws/install/bin'
[0.709s] Level 1:colcon.colcon_core.environment:checking '/home/neofelis/vrx_ws/install/lib/pkgconfig/wamv_gazebo.pc'
[0.709s] Level 1:colcon.colcon_core.environment:checking '/home/neofelis/vrx_ws/install/lib/python3.10/site-packages'
[0.709s] Level 1:colcon.colcon_core.environment:checking '/home/neofelis/vrx_ws/install/bin'
[0.709s] INFO:colcon.colcon_core.shell:Creating package script '/home/neofelis/vrx_ws/install/share/wamv_gazebo/package.ps1'
[0.709s] INFO:colcon.colcon_core.shell:Creating package descriptor '/home/neofelis/vrx_ws/install/share/wamv_gazebo/package.dsv'
[0.710s] INFO:colcon.colcon_core.shell:Creating package script '/home/neofelis/vrx_ws/install/share/wamv_gazebo/package.sh'
[0.710s] INFO:colcon.colcon_core.shell:Creating package script '/home/neofelis/vrx_ws/install/share/wamv_gazebo/package.bash'
[0.710s] INFO:colcon.colcon_core.shell:Creating package script '/home/neofelis/vrx_ws/install/share/wamv_gazebo/package.zsh'
[0.710s] Level 1:colcon.colcon_core.environment:create_file_with_runtime_dependencies(/home/neofelis/vrx_ws/install/share/colcon-core/packages/wamv_gazebo)
[0.711s] Level 1:colcon.colcon_core.environment:create_environment_scripts_only(vrx_gz)
[0.711s] Level 1:colcon.colcon_core.environment:checking '/home/neofelis/vrx_ws/install' for CMake module files
[0.711s] DEBUG:colcon.colcon_core.event_handler.log_command:Invoked command in '/home/neofelis/vrx_ws/build/vrx_gz' returned '0': AMENT_PREFIX_PATH=/home/neofelis/vrx_ws/install:${AMENT_PREFIX_PATH} CMAKE_PREFIX_PATH=/home/neofelis/vrx_ws/install:/opt/ros/humble LD_LIBRARY_PATH=/home/neofelis/vrx_ws/install/lib:${LD_LIBRARY_PATH} /usr/bin/cmake --install /home/neofelis/vrx_ws/build/vrx_gz
[0.711s] Level 1:colcon.colcon_core.environment:checking '/home/neofelis/vrx_ws/install' for CMake config files
[0.712s] Level 1:colcon.colcon_core.shell:create_environment_hook('vrx_gz', 'cmake_prefix_path')
[0.712s] INFO:colcon.colcon_core.shell:Creating environment hook '/home/neofelis/vrx_ws/install/share/vrx_gz/hook/cmake_prefix_path.ps1'
[0.712s] INFO:colcon.colcon_core.shell:Creating environment descriptor '/home/neofelis/vrx_ws/install/share/vrx_gz/hook/cmake_prefix_path.dsv'
[0.712s] INFO:colcon.colcon_core.shell:Creating environment hook '/home/neofelis/vrx_ws/install/share/vrx_gz/hook/cmake_prefix_path.sh'
[0.713s] Level 1:colcon.colcon_core.environment:checking '/home/neofelis/vrx_ws/install/lib'
[0.713s] Level 1:colcon.colcon_core.shell:create_environment_hook('vrx_gz', 'ld_library_path_lib')
[0.713s] INFO:colcon.colcon_core.shell:Creating environment hook '/home/neofelis/vrx_ws/install/share/vrx_gz/hook/ld_library_path_lib.ps1'
[0.713s] INFO:colcon.colcon_core.shell:Creating environment descriptor '/home/neofelis/vrx_ws/install/share/vrx_gz/hook/ld_library_path_lib.dsv'
[0.713s] INFO:colcon.colcon_core.shell:Creating environment hook '/home/neofelis/vrx_ws/install/share/vrx_gz/hook/ld_library_path_lib.sh'
[0.713s] Level 1:colcon.colcon_core.environment:checking '/home/neofelis/vrx_ws/install/bin'
[0.713s] Level 1:colcon.colcon_core.environment:checking '/home/neofelis/vrx_ws/install/lib/pkgconfig/vrx_gz.pc'
[0.714s] Level 1:colcon.colcon_core.environment:checking '/home/neofelis/vrx_ws/install/lib/python3.10/site-packages'
[0.714s] Level 1:colcon.colcon_core.environment:checking '/home/neofelis/vrx_ws/install/bin'
[0.714s] INFO:colcon.colcon_core.shell:Creating package script '/home/neofelis/vrx_ws/install/share/vrx_gz/package.ps1'
[0.714s] INFO:colcon.colcon_core.shell:Creating package descriptor '/home/neofelis/vrx_ws/install/share/vrx_gz/package.dsv'
[0.714s] INFO:colcon.colcon_core.shell:Creating package script '/home/neofelis/vrx_ws/install/share/vrx_gz/package.sh'
[0.715s] INFO:colcon.colcon_core.shell:Creating package script '/home/neofelis/vrx_ws/install/share/vrx_gz/package.bash'
[0.715s] INFO:colcon.colcon_core.shell:Creating package script '/home/neofelis/vrx_ws/install/share/vrx_gz/package.zsh'
[0.715s] Level 1:colcon.colcon_core.environment:create_file_with_runtime_dependencies(/home/neofelis/vrx_ws/install/share/colcon-core/packages/vrx_gz)
[0.715s] Level 1:colcon.colcon_core.environment:create_environment_scripts_only(vrx_gz)
[0.715s] Level 1:colcon.colcon_core.environment:checking '/home/neofelis/vrx_ws/install' for CMake module files
[0.716s] Level 1:colcon.colcon_core.environment:checking '/home/neofelis/vrx_ws/install' for CMake config files
[0.716s] Level 1:colcon.colcon_core.shell:create_environment_hook('vrx_gz', 'cmake_prefix_path')
[0.716s] INFO:colcon.colcon_core.shell:Creating environment hook '/home/neofelis/vrx_ws/install/share/vrx_gz/hook/cmake_prefix_path.ps1'
[0.716s] INFO:colcon.colcon_core.shell:Creating environment descriptor '/home/neofelis/vrx_ws/install/share/vrx_gz/hook/cmake_prefix_path.dsv'
[0.716s] INFO:colcon.colcon_core.shell:Creating environment hook '/home/neofelis/vrx_ws/install/share/vrx_gz/hook/cmake_prefix_path.sh'
[0.717s] Level 1:colcon.colcon_core.environment:checking '/home/neofelis/vrx_ws/install/lib'
[0.717s] Level 1:colcon.colcon_core.shell:create_environment_hook('vrx_gz', 'ld_library_path_lib')
[0.717s] INFO:colcon.colcon_core.shell:Creating environment hook '/home/neofelis/vrx_ws/install/share/vrx_gz/hook/ld_library_path_lib.ps1'
[0.717s] INFO:colcon.colcon_core.shell:Creating environment descriptor '/home/neofelis/vrx_ws/install/share/vrx_gz/hook/ld_library_path_lib.dsv'
[0.717s] INFO:colcon.colcon_core.shell:Creating environment hook '/home/neofelis/vrx_ws/install/share/vrx_gz/hook/ld_library_path_lib.sh'
[0.717s] Level 1:colcon.colcon_core.environment:checking '/home/neofelis/vrx_ws/install/bin'
[0.717s] Level 1:colcon.colcon_core.environment:checking '/home/neofelis/vrx_ws/install/lib/pkgconfig/vrx_gz.pc'
[0.718s] Level 1:colcon.colcon_core.environment:checking '/home/neofelis/vrx_ws/install/lib/python3.10/site-packages'
[0.718s] Level 1:colcon.colcon_core.environment:checking '/home/neofelis/vrx_ws/install/bin'
[0.718s] INFO:colcon.colcon_core.shell:Creating package script '/home/neofelis/vrx_ws/install/share/vrx_gz/package.ps1'
[0.718s] INFO:colcon.colcon_core.shell:Creating package descriptor '/home/neofelis/vrx_ws/install/share/vrx_gz/package.dsv'
[0.718s] INFO:colcon.colcon_core.shell:Creating package script '/home/neofelis/vrx_ws/install/share/vrx_gz/package.sh'
[0.719s] INFO:colcon.colcon_core.shell:Creating package script '/home/neofelis/vrx_ws/install/share/vrx_gz/package.bash'
[0.719s] INFO:colcon.colcon_core.shell:Creating package script '/home/neofelis/vrx_ws/install/share/vrx_gz/package.zsh'
[0.719s] Level 1:colcon.colcon_core.environment:create_file_with_runtime_dependencies(/home/neofelis/vrx_ws/install/share/colcon-core/packages/vrx_gz)
[0.719s] DEBUG:colcon.colcon_parallel_executor.executor.parallel:closing loop
[0.719s] DEBUG:colcon.colcon_parallel_executor.executor.parallel:loop closed
[0.719s] DEBUG:colcon.colcon_parallel_executor.executor.parallel:run_until_complete finished with '0'
[0.719s] DEBUG:colcon.colcon_core.event_reactor:joining thread
[0.723s] INFO:colcon.colcon_core.plugin_system:Skipping extension 'colcon_notification.desktop_notification.terminal_notifier': Not used on non-Darwin systems
[0.723s] INFO:colcon.colcon_core.plugin_system:Skipping extension 'colcon_notification.desktop_notification.win32': Not used on non-Windows systems
[0.723s] INFO:colcon.colcon_notification.desktop_notification:Sending desktop notification using 'notify2'
[0.731s] DEBUG:colcon.colcon_core.event_reactor:joined thread
[0.731s] INFO:colcon.colcon_core.shell:Creating prefix script '/home/neofelis/vrx_ws/install/local_setup.ps1'
[0.732s] INFO:colcon.colcon_core.shell:Creating prefix util module '/home/neofelis/vrx_ws/install/_local_setup_util_ps1.py'
[0.733s] INFO:colcon.colcon_core.shell:Creating prefix chain script '/home/neofelis/vrx_ws/install/setup.ps1'
[0.734s] INFO:colcon.colcon_core.shell:Creating prefix script '/home/neofelis/vrx_ws/install/local_setup.sh'
[0.734s] INFO:colcon.colcon_core.shell:Creating prefix util module '/home/neofelis/vrx_ws/install/_local_setup_util_sh.py'
[0.734s] INFO:colcon.colcon_core.shell:Creating prefix chain script '/home/neofelis/vrx_ws/install/setup.sh'
[0.735s] INFO:colcon.colcon_core.shell:Creating prefix script '/home/neofelis/vrx_ws/install/local_setup.bash'
[0.735s] INFO:colcon.colcon_core.shell:Creating prefix chain script '/home/neofelis/vrx_ws/install/setup.bash'
[0.736s] INFO:colcon.colcon_core.shell:Creating prefix script '/home/neofelis/vrx_ws/install/local_setup.zsh'
[0.736s] INFO:colcon.colcon_core.shell:Creating prefix chain script '/home/neofelis/vrx_ws/install/setup.zsh'
