[0.008s] Invoking command in '/home/neofelis/vrx_ws/build/vrx_ros': CMAKE_PREFIX_PATH=/opt/ros/humble /usr/bin/cmake --build /home/neofelis/vrx_ws/build/vrx_ros -- -j16 -l16
[0.068s] [ 50%] Built target pose_tf_broadcaster
[0.069s] [100%] Built target optical_frame_publisher
[0.074s] Invoked command in '/home/neofelis/vrx_ws/build/vrx_ros' returned '0': CMAKE_PREFIX_PATH=/opt/ros/humble /usr/bin/cmake --build /home/neofelis/vrx_ws/build/vrx_ros -- -j16 -l16
[0.080s] Invoking command in '/home/neofelis/vrx_ws/build/vrx_ros': CMAKE_PREFIX_PATH=/opt/ros/humble /usr/bin/cmake --install /home/neofelis/vrx_ws/build/vrx_ros
[0.084s] -- Install configuration: "RelWithDebInfo"
[0.085s] -- Up-to-date: /home/neofelis/vrx_ws/install/lib/vrx_ros/optical_frame_publisher
[0.085s] -- Up-to-date: /home/neofelis/vrx_ws/install/lib/vrx_ros/pose_tf_broadcaster
[0.085s] -- Up-to-date: /home/neofelis/vrx_ws/install/share/vrx_ros/launch
[0.085s] -- Up-to-date: /home/neofelis/vrx_ws/install/share/vrx_ros/launch/monitor_sim.py
[0.086s] -- Up-to-date: /home/neofelis/vrx_ws/install/share/ament_index/resource_index/package_run_dependencies/vrx_ros
[0.086s] -- Up-to-date: /home/neofelis/vrx_ws/install/share/ament_index/resource_index/parent_prefix_path/vrx_ros
[0.086s] -- Up-to-date: /home/neofelis/vrx_ws/install/share/vrx_ros/environment/ament_prefix_path.sh
[0.086s] -- Up-to-date: /home/neofelis/vrx_ws/install/share/vrx_ros/environment/ament_prefix_path.dsv
[0.086s] -- Up-to-date: /home/neofelis/vrx_ws/install/share/vrx_ros/environment/path.sh
[0.086s] -- Up-to-date: /home/neofelis/vrx_ws/install/share/vrx_ros/environment/path.dsv
[0.086s] -- Up-to-date: /home/neofelis/vrx_ws/install/share/vrx_ros/local_setup.bash
[0.086s] -- Up-to-date: /home/neofelis/vrx_ws/install/share/vrx_ros/local_setup.sh
[0.086s] -- Up-to-date: /home/neofelis/vrx_ws/install/share/vrx_ros/local_setup.zsh
[0.086s] -- Up-to-date: /home/neofelis/vrx_ws/install/share/vrx_ros/local_setup.dsv
[0.086s] -- Installing: /home/neofelis/vrx_ws/install/share/vrx_ros/package.dsv
[0.086s] -- Up-to-date: /home/neofelis/vrx_ws/install/share/ament_index/resource_index/packages/vrx_ros
[0.086s] -- Up-to-date: /home/neofelis/vrx_ws/install/share/vrx_ros/cmake/vrx_rosConfig.cmake
[0.086s] -- Up-to-date: /home/neofelis/vrx_ws/install/share/vrx_ros/cmake/vrx_rosConfig-version.cmake
[0.086s] -- Up-to-date: /home/neofelis/vrx_ws/install/share/vrx_ros/package.xml
[0.087s] Invoked command in '/home/neofelis/vrx_ws/build/vrx_ros' returned '0': CMAKE_PREFIX_PATH=/opt/ros/humble /usr/bin/cmake --install /home/neofelis/vrx_ws/build/vrx_ros
