[0.007s] Invoking command in '/home/neofelis/vrx_ws/build/vrx_ros': CMAKE_PREFIX_PATH=${CMAKE_PREFIX_PATH}:/opt/ros/humble CONDA_PROMPT_MODIFIER=(vrx) /usr/bin/cmake /home/neofelis/vrx_ws/src/vrx/vrx_ros -DCMAKE_INSTALL_PREFIX=/home/neofelis/vrx_ws/install
[0.013s] -- Found ament_cmake: 1.3.10 (/opt/ros/humble/share/ament_cmake/cmake)
[0.088s] -- Found geometry_msgs: 4.2.4 (/opt/ros/humble/share/geometry_msgs/cmake)
[0.101s] -- Found rosidl_generator_c: 3.1.5 (/opt/ros/humble/share/rosidl_generator_c/cmake)
[0.103s] -- Found rosidl_adapter: 3.1.5 (/opt/ros/humble/share/rosidl_adapter/cmake)
[0.106s] -- Found rosidl_generator_cpp: 3.1.5 (/opt/ros/humble/share/rosidl_generator_cpp/cmake)
[0.111s] -- Using all available rosidl_typesupport_c: rosidl_typesupport_fastrtps_c;rosidl_typesupport_introspection_c
[0.118s] -- Using all available rosidl_typesupport_cpp: rosidl_typesupport_fastrtps_cpp;rosidl_typesupport_introspection_cpp
[0.138s] -- Looking for gz-msgs9 -- found version 9.5.1
[0.141s] -- Searching for dependencies of gz-msgs9
[0.152s] -- Looking for gz-math7 -- found version 7.5.1
[0.152s] -- Searching for dependencies of gz-math7
[0.153s] -- Looking for gz-utils2 -- found version 2.2.1
[0.153s] -- Searching for dependencies of gz-utils2
[0.156s] -- Checking for module 'tinyxml2'
[0.164s] --   Found tinyxml2, version 9.0.0
[0.183s] -- Looking for gz-transport12 -- found version 12.2.2
[0.183s] -- Searching for dependencies of gz-transport12
[0.202s] -- Config-file not installed for ZeroMQ -- checking for pkg-config
[0.205s] -- Checking for module 'libzmq >= 4'
[0.212s] --   Found libzmq , version 4.3.4
[0.236s] -- Checking for module 'uuid'
[0.243s] --   Found uuid, version 2.37.2
[0.262s] -- Looking for gz-utils2 -- found version 2.2.1
[0.262s] -- Searching for dependencies of gz-utils2
[0.262s] -- Searching for <gz-utils2> component [cli]
[0.262s] -- Looking for gz-utils2-cli -- found version 2.2.1
[0.263s] -- Searching for dependencies of gz-utils2-cli
[0.263s] -- Looking for gz-msgs9 -- found version 9.5.1
[0.264s] -- Found rclcpp: 16.0.10 (/opt/ros/humble/share/rclcpp/cmake)
[0.278s] -- Found rmw_implementation_cmake: 6.1.2 (/opt/ros/humble/share/rmw_implementation_cmake/cmake)
[0.279s] -- Found rmw_fastrtps_cpp: 6.2.7 (/opt/ros/humble/share/rmw_fastrtps_cpp/cmake)
[0.342s] -- Using RMW implementation 'rmw_fastrtps_cpp' as default
[0.363s] -- Found ros_gz_interfaces: 0.244.11 (/opt/ros/humble/share/ros_gz_interfaces/cmake)
[0.376s] -- Found sensor_msgs: 4.2.4 (/opt/ros/humble/share/sensor_msgs/cmake)
[0.384s] -- Found tf2: 0.25.8 (/opt/ros/humble/share/tf2/cmake)
[0.386s] -- Found tf2_msgs: 0.25.8 (/opt/ros/humble/share/tf2_msgs/cmake)
[0.409s] -- Found tf2_ros: 0.25.8 (/opt/ros/humble/share/tf2_ros/cmake)
[0.467s] -- Configuring done
[0.476s] -- Generating done
[0.479s] -- Build files have been written to: /home/neofelis/vrx_ws/build/vrx_ros
[0.485s] Invoked command in '/home/neofelis/vrx_ws/build/vrx_ros' returned '0': CMAKE_PREFIX_PATH=${CMAKE_PREFIX_PATH}:/opt/ros/humble CONDA_PROMPT_MODIFIER=(vrx) /usr/bin/cmake /home/neofelis/vrx_ws/src/vrx/vrx_ros -DCMAKE_INSTALL_PREFIX=/home/neofelis/vrx_ws/install
[0.486s] Invoking command in '/home/neofelis/vrx_ws/build/vrx_ros': CMAKE_PREFIX_PATH=${CMAKE_PREFIX_PATH}:/opt/ros/humble CONDA_PROMPT_MODIFIER=(vrx) /usr/bin/cmake --build /home/neofelis/vrx_ws/build/vrx_ros -- -j16 -l16
[0.512s] [35m[1mConsolidate compiler generated dependencies of target optical_frame_publisher[0m
[0.512s] [35m[1mConsolidate compiler generated dependencies of target pose_tf_broadcaster[0m
[0.522s] [100%] Built target pose_tf_broadcaster
[0.522s] [100%] Built target optical_frame_publisher
[0.530s] Invoked command in '/home/neofelis/vrx_ws/build/vrx_ros' returned '0': CMAKE_PREFIX_PATH=${CMAKE_PREFIX_PATH}:/opt/ros/humble CONDA_PROMPT_MODIFIER=(vrx) /usr/bin/cmake --build /home/neofelis/vrx_ws/build/vrx_ros -- -j16 -l16
[0.531s] Invoking command in '/home/neofelis/vrx_ws/build/vrx_ros': CMAKE_PREFIX_PATH=${CMAKE_PREFIX_PATH}:/opt/ros/humble CONDA_PROMPT_MODIFIER=(vrx) /usr/bin/cmake --install /home/neofelis/vrx_ws/build/vrx_ros
[0.536s] -- Install configuration: "RelWithDebInfo"
[0.536s] -- Up-to-date: /home/neofelis/vrx_ws/install/lib/vrx_ros/optical_frame_publisher
[0.536s] -- Up-to-date: /home/neofelis/vrx_ws/install/lib/vrx_ros/pose_tf_broadcaster
[0.536s] -- Up-to-date: /home/neofelis/vrx_ws/install/share/vrx_ros/launch
[0.536s] -- Up-to-date: /home/neofelis/vrx_ws/install/share/vrx_ros/launch/monitor_sim.py
[0.536s] -- Up-to-date: /home/neofelis/vrx_ws/install/share/ament_index/resource_index/package_run_dependencies/vrx_ros
[0.536s] -- Up-to-date: /home/neofelis/vrx_ws/install/share/ament_index/resource_index/parent_prefix_path/vrx_ros
[0.536s] -- Up-to-date: /home/neofelis/vrx_ws/install/share/vrx_ros/environment/ament_prefix_path.sh
[0.536s] -- Installing: /home/neofelis/vrx_ws/install/share/vrx_ros/environment/ament_prefix_path.dsv
[0.536s] -- Up-to-date: /home/neofelis/vrx_ws/install/share/vrx_ros/environment/path.sh
[0.536s] -- Installing: /home/neofelis/vrx_ws/install/share/vrx_ros/environment/path.dsv
[0.536s] -- Up-to-date: /home/neofelis/vrx_ws/install/share/vrx_ros/local_setup.bash
[0.536s] -- Up-to-date: /home/neofelis/vrx_ws/install/share/vrx_ros/local_setup.sh
[0.536s] -- Up-to-date: /home/neofelis/vrx_ws/install/share/vrx_ros/local_setup.zsh
[0.536s] -- Installing: /home/neofelis/vrx_ws/install/share/vrx_ros/local_setup.dsv
[0.536s] -- Installing: /home/neofelis/vrx_ws/install/share/vrx_ros/package.dsv
[0.536s] -- Up-to-date: /home/neofelis/vrx_ws/install/share/ament_index/resource_index/packages/vrx_ros
[0.536s] -- Up-to-date: /home/neofelis/vrx_ws/install/share/vrx_ros/cmake/vrx_rosConfig.cmake
[0.536s] -- Up-to-date: /home/neofelis/vrx_ws/install/share/vrx_ros/cmake/vrx_rosConfig-version.cmake
[0.537s] -- Up-to-date: /home/neofelis/vrx_ws/install/share/vrx_ros/package.xml
[0.538s] Invoked command in '/home/neofelis/vrx_ws/build/vrx_ros' returned '0': CMAKE_PREFIX_PATH=${CMAKE_PREFIX_PATH}:/opt/ros/humble CONDA_PROMPT_MODIFIER=(vrx) /usr/bin/cmake --install /home/neofelis/vrx_ws/build/vrx_ros
