[0.004s] Invoking command in '/home/neofelis/vrx_ws/build/wamv_description': CMAKE_PREFIX_PATH=${CMAKE_PREFIX_PATH}:/opt/ros/humble CONDA_PROMPT_MODIFIER=(vrx) GZ_SIM_RESOURCE_PATH=/home/neofelis/vrx_ws/install/share:${GZ_SIM_RESOURCE_PATH} /usr/bin/cmake /home/neofelis/vrx_ws/src/vrx/vrx_urdf/wamv_description -DCMAKE_BUILD_TYPE=RelWithDebInfo -DIGNITION_VERSION=fortress -DCMAKE_INSTALL_PREFIX=/home/neofelis/vrx_ws/install
[0.038s] -- The C compiler identification is GNU 11.4.0
[0.071s] -- The CXX compiler identification is GNU 11.4.0
[0.074s] -- Detecting C compiler ABI info
[0.116s] -- Detecting C compiler ABI info - done
[0.121s] -- Check for working C compiler: /usr/bin/cc - skipped
[0.121s] -- Detecting C compile features
[0.121s] -- Detecting C compile features - done
[0.123s] -- Detecting CXX compiler ABI info
[0.172s] -- Detecting CXX compiler ABI info - done
[0.176s] -- Check for working CXX compiler: /usr/bin/c++ - skipped
[0.176s] -- Detecting CXX compile features
[0.176s] -- Detecting CXX compile features - done
[0.178s] -- Found ament_cmake: 1.3.10 (/opt/ros/humble/share/ament_cmake/cmake)
[0.272s] -- Found Python3: /usr/bin/python3 (found version "3.10.12") found components: Interpreter 
[0.325s] -- Found xacro: 2.0.8 (/opt/ros/humble/share/xacro/cmake)
[0.325s] -- xacro: determining deps for: urdf/wamv_base.urdf.xacro ...
[0.427s] -- Configuring done
[0.428s] -- Generating done
[0.428s] [33mCMake Warning:
[0.428s]   Manually-specified variables were not used by the project:
[0.428s] 
[0.428s]     IGNITION_VERSION
[0.428s] 
[0.429s] [0m
[0.429s] -- Build files have been written to: /home/neofelis/vrx_ws/build/wamv_description
[0.432s] Invoked command in '/home/neofelis/vrx_ws/build/wamv_description' returned '0': CMAKE_PREFIX_PATH=${CMAKE_PREFIX_PATH}:/opt/ros/humble CONDA_PROMPT_MODIFIER=(vrx) GZ_SIM_RESOURCE_PATH=/home/neofelis/vrx_ws/install/share:${GZ_SIM_RESOURCE_PATH} /usr/bin/cmake /home/neofelis/vrx_ws/src/vrx/vrx_urdf/wamv_description -DCMAKE_BUILD_TYPE=RelWithDebInfo -DIGNITION_VERSION=fortress -DCMAKE_INSTALL_PREFIX=/home/neofelis/vrx_ws/install
[0.434s] Invoking command in '/home/neofelis/vrx_ws/build/wamv_description': CMAKE_PREFIX_PATH=${CMAKE_PREFIX_PATH}:/opt/ros/humble CONDA_PROMPT_MODIFIER=(vrx) GZ_SIM_RESOURCE_PATH=/home/neofelis/vrx_ws/install/share:${GZ_SIM_RESOURCE_PATH} /usr/bin/cmake --build /home/neofelis/vrx_ws/build/wamv_description -- -j16 -l16
[0.467s] [100%] [34m[1mxacro: generating urdf/wamv_base.urdf from urdf/wamv_base.urdf.xacro[0m
[0.538s] [100%] Built target wamv_description__xacro_auto_generate
[0.546s] Invoked command in '/home/neofelis/vrx_ws/build/wamv_description' returned '0': CMAKE_PREFIX_PATH=${CMAKE_PREFIX_PATH}:/opt/ros/humble CONDA_PROMPT_MODIFIER=(vrx) GZ_SIM_RESOURCE_PATH=/home/neofelis/vrx_ws/install/share:${GZ_SIM_RESOURCE_PATH} /usr/bin/cmake --build /home/neofelis/vrx_ws/build/wamv_description -- -j16 -l16
[0.547s] Invoking command in '/home/neofelis/vrx_ws/build/wamv_description': CMAKE_PREFIX_PATH=${CMAKE_PREFIX_PATH}:/opt/ros/humble CONDA_PROMPT_MODIFIER=(vrx) GZ_SIM_RESOURCE_PATH=/home/neofelis/vrx_ws/install/share:${GZ_SIM_RESOURCE_PATH} /usr/bin/cmake --install /home/neofelis/vrx_ws/build/wamv_description
[0.552s] -- Install configuration: "RelWithDebInfo"
[0.552s] -- Installing: /home/neofelis/vrx_ws/install/share/wamv_description/environment/resource_paths.dsv
[0.552s] -- Installing: /home/neofelis/vrx_ws/install/share/wamv_description/environment/resource_paths.sh
[0.552s] -- Installing: /home/neofelis/vrx_ws/install/share/wamv_description/urdf/wamv_base.urdf
[0.552s] -- Installing: /home/neofelis/vrx_ws/install/share/wamv_description/models
[0.552s] -- Installing: /home/neofelis/vrx_ws/install/share/wamv_description/models/WAM-V-Base
[0.553s] -- Installing: /home/neofelis/vrx_ws/install/share/wamv_description/models/WAM-V-Base/mesh
[0.553s] -- Installing: /home/neofelis/vrx_ws/install/share/wamv_description/models/WAM-V-Base/mesh/WAM-V_Roughness.png
[0.554s] -- Installing: /home/neofelis/vrx_ws/install/share/wamv_description/models/WAM-V-Base/mesh/WAM-V-Base.dae
[0.554s] -- Installing: /home/neofelis/vrx_ws/install/share/wamv_description/models/WAM-V-Base/mesh/WAM-V_Albedo.png
[0.557s] -- Installing: /home/neofelis/vrx_ws/install/share/wamv_description/models/WAM-V-Base/mesh/WamV.png
[0.558s] -- Installing: /home/neofelis/vrx_ws/install/share/wamv_description/models/WAM-V-Base/mesh/WAM-V_Metalness.png
[0.558s] -- Installing: /home/neofelis/vrx_ws/install/share/wamv_description/models/WAM-V-Base/mesh/WAM-V_Normal.png
[0.561s] -- Installing: /home/neofelis/vrx_ws/install/share/wamv_description/models/WAM-V-Base/model.config
[0.561s] -- Installing: /home/neofelis/vrx_ws/install/share/wamv_description/models/engine
[0.561s] -- Installing: /home/neofelis/vrx_ws/install/share/wamv_description/models/engine/mesh
[0.561s] -- Installing: /home/neofelis/vrx_ws/install/share/wamv_description/models/engine/mesh/engine.dae
[0.561s] -- Installing: /home/neofelis/vrx_ws/install/share/wamv_description/models/engine/model.config
[0.561s] -- Installing: /home/neofelis/vrx_ws/install/share/wamv_description/models/propeller
[0.561s] -- Installing: /home/neofelis/vrx_ws/install/share/wamv_description/models/propeller/mesh
[0.561s] -- Installing: /home/neofelis/vrx_ws/install/share/wamv_description/models/propeller/mesh/propeller.dae
[0.561s] -- Installing: /home/neofelis/vrx_ws/install/share/wamv_description/models/propeller/model.config
[0.561s] -- Up-to-date: /home/neofelis/vrx_ws/install/share/wamv_description/urdf
[0.561s] -- Installing: /home/neofelis/vrx_ws/install/share/wamv_description/urdf/battery.xacro
[0.561s] -- Installing: /home/neofelis/vrx_ws/install/share/wamv_description/urdf/wamv_base.urdf.xacro
[0.561s] -- Installing: /home/neofelis/vrx_ws/install/share/wamv_description/urdf/cpu_cases.xacro
[0.561s] -- Installing: /home/neofelis/vrx_ws/install/share/wamv_description/urdf/thrusters
[0.562s] -- Installing: /home/neofelis/vrx_ws/install/share/wamv_description/urdf/thrusters/engine.xacro
[0.562s] -- Installing: /home/neofelis/vrx_ws/install/share/ament_index/resource_index/package_run_dependencies/wamv_description
[0.562s] -- Installing: /home/neofelis/vrx_ws/install/share/ament_index/resource_index/parent_prefix_path/wamv_description
[0.562s] -- Installing: /home/neofelis/vrx_ws/install/share/wamv_description/environment/ament_prefix_path.sh
[0.562s] -- Installing: /home/neofelis/vrx_ws/install/share/wamv_description/environment/ament_prefix_path.dsv
[0.562s] -- Installing: /home/neofelis/vrx_ws/install/share/wamv_description/environment/path.sh
[0.562s] -- Installing: /home/neofelis/vrx_ws/install/share/wamv_description/environment/path.dsv
[0.562s] -- Installing: /home/neofelis/vrx_ws/install/share/wamv_description/local_setup.bash
[0.562s] -- Installing: /home/neofelis/vrx_ws/install/share/wamv_description/local_setup.sh
[0.562s] -- Installing: /home/neofelis/vrx_ws/install/share/wamv_description/local_setup.zsh
[0.562s] -- Installing: /home/neofelis/vrx_ws/install/share/wamv_description/local_setup.dsv
[0.562s] -- Installing: /home/neofelis/vrx_ws/install/share/wamv_description/package.dsv
[0.562s] -- Installing: /home/neofelis/vrx_ws/install/share/ament_index/resource_index/packages/wamv_description
[0.562s] -- Installing: /home/neofelis/vrx_ws/install/share/wamv_description/cmake/wamv_descriptionConfig.cmake
[0.562s] -- Installing: /home/neofelis/vrx_ws/install/share/wamv_description/cmake/wamv_descriptionConfig-version.cmake
[0.562s] -- Installing: /home/neofelis/vrx_ws/install/share/wamv_description/package.xml
[0.564s] Invoked command in '/home/neofelis/vrx_ws/build/wamv_description' returned '0': CMAKE_PREFIX_PATH=${CMAKE_PREFIX_PATH}:/opt/ros/humble CONDA_PROMPT_MODIFIER=(vrx) GZ_SIM_RESOURCE_PATH=/home/neofelis/vrx_ws/install/share:${GZ_SIM_RESOURCE_PATH} /usr/bin/cmake --install /home/neofelis/vrx_ws/build/wamv_description
