[0.005s] Invoking command in '/home/neofelis/vrx_ws/build/vrx_gz': CMAKE_PREFIX_PATH=${CMAKE_PREFIX_PATH}:/opt/ros/humble CONDA_PROMPT_MODIFIER=(vrx) LD_LIBRARY_PATH=/home/neofelis/vrx_ws/install/lib:/usr/lib/x86_64-linux-gnu/gazebo-11/plugins:/opt/ros/humble/opt/rviz_ogre_vendor/lib:/opt/ros/humble/lib/x86_64-linux-gnu:/opt/ros/humble/lib:/usr/lib/x86_64-linux-gnu/gazebo-11/plugins /usr/bin/cmake /home/neofelis/vrx_ws/src/vrx/vrx_gz -DCMAKE_INSTALL_PREFIX=/home/neofelis/vrx_ws/install
[0.013s] -- Found ament_cmake: 1.3.10 (/opt/ros/humble/share/ament_cmake/cmake)
[0.089s] -- Looking for gz-sim7 -- found version 7.9.0
[0.092s] -- Searching for dependencies of gz-sim7
[0.093s] -- Looking for sdformat13 -- found version 13.9.0
[0.093s] -- Searching for dependencies of sdformat13
[0.096s] -- Checking for module 'tinyxml2'
[0.102s] --   Found tinyxml2, version 9.0.0
[0.120s] -- Looking for gz-math7 -- found version 7.5.1
[0.120s] -- Searching for dependencies of gz-math7
[0.120s] -- Looking for gz-utils2 -- found version 2.2.1
[0.120s] -- Searching for dependencies of gz-utils2
[0.121s] -- Looking for gz-utils2 -- found version 2.2.1
[0.121s] -- Searching for dependencies of gz-utils2
[0.121s] -- Searching for <gz-utils2> component [cli]
[0.122s] -- Looking for gz-utils2-cli -- found version 2.2.1
[0.122s] -- Searching for dependencies of gz-utils2-cli
[0.123s] -- Looking for gz-plugin2 -- found version 2.0.4
[0.123s] -- Searching for dependencies of gz-plugin2
[0.123s] -- Looking for gz-utils2 -- found version 2.2.1
[0.123s] -- Searching for <gz-plugin2> component [loader]
[0.123s] -- Looking for gz-plugin2-loader -- found version 2.0.4
[0.124s] -- Searching for dependencies of gz-plugin2-loader
[0.124s] -- Searching for <gz-plugin2> component [register]
[0.124s] -- Looking for gz-plugin2-register -- found version 2.0.4
[0.125s] -- Searching for dependencies of gz-plugin2-register
[0.125s] -- Looking for gz-transport12 -- found version 12.2.2
[0.125s] -- Searching for dependencies of gz-transport12
[0.143s] -- Config-file not installed for ZeroMQ -- checking for pkg-config
[0.146s] -- Checking for module 'libzmq >= 4'
[0.154s] --   Found libzmq , version 4.3.4
[0.178s] -- Checking for module 'uuid'
[0.186s] --   Found uuid, version 2.37.2
[0.203s] -- Looking for gz-utils2 -- found version 2.2.1
[0.204s] -- Looking for gz-msgs9 -- found version 9.5.1
[0.204s] -- Searching for dependencies of gz-msgs9
[0.215s] -- Looking for gz-math7 -- found version 7.5.1
[0.218s] -- Searching for <gz-transport12> component [log]
[0.218s] -- Looking for gz-transport12-log -- found version 12.2.2
[0.219s] -- Searching for dependencies of gz-transport12-log
[0.219s] -- Searching for <gz-transport12> component [parameters]
[0.219s] -- Looking for gz-transport12-parameters -- found version 12.2.2
[0.219s] -- Searching for dependencies of gz-transport12-parameters
[0.220s] -- Looking for gz-msgs9 -- found version 9.5.1
[0.220s] -- Looking for gz-common5 -- found version 5.7.1
[0.220s] -- Searching for dependencies of gz-common5
[0.220s] -- Looking for gz-utils2 -- found version 2.2.1
[0.220s] -- Looking for dlfcn.h - found
[0.220s] -- Looking for libdl - found
[0.225s] -- Searching for <gz-common5> component [profiler]
[0.225s] -- Looking for gz-common5-profiler -- found version 5.7.1
[0.225s] -- Searching for dependencies of gz-common5-profiler
[0.225s] -- Searching for <gz-common5> component [events]
[0.225s] -- Looking for gz-common5-events -- found version 5.7.1
[0.226s] -- Searching for dependencies of gz-common5-events
[0.226s] -- Looking for gz-math7 -- found version 7.5.1
[0.226s] -- Searching for <gz-common5> component [av]
[0.226s] -- Looking for gz-common5-av -- found version 5.7.1
[0.227s] -- Searching for dependencies of gz-common5-av
[0.229s] -- Checking for module 'libswscale'
[0.236s] --   Found libswscale, version 5.9.100
[0.259s] -- Checking for module 'libavdevice >= 56.4.100'
[0.266s] --   Found libavdevice , version 58.13.100
[0.289s] -- Checking for module 'libavformat'
[0.295s] --   Found libavformat, version 58.76.100
[0.314s] -- Checking for module 'libavcodec'
[0.320s] --   Found libavcodec, version 58.134.100
[0.339s] -- Checking for module 'libavutil'
[0.346s] --   Found libavutil, version 56.70.100
[0.362s] -- Searching for <gz-common5> component [io]
[0.362s] -- Looking for gz-common5-io -- found version 5.7.1
[0.363s] -- Searching for dependencies of gz-common5-io
[0.363s] -- Looking for gz-fuel_tools8 -- found version 8.2.0
[0.363s] -- Searching for dependencies of gz-fuel_tools8
[0.390s] -- Checking for module 'jsoncpp'
[0.396s] --   Found jsoncpp, version 1.9.5
[0.416s] -- Checking for module 'libzip'
[0.424s] --   Found libzip, version 1.7.3
[0.441s] -- Looking for gz-utils2 -- found version 2.2.1
[0.442s] -- Looking for gz-common5 -- found version 5.7.1
[0.442s] -- Searching for dependencies of gz-common5
[0.442s] -- Looking for gz-utils2 -- found version 2.2.1
[0.442s] -- Looking for dlfcn.h - found
[0.442s] -- Looking for libdl - found
[0.446s] -- Searching for <gz-common5> component [testing]
[0.446s] -- Looking for gz-common5-testing -- found version 5.7.1
[0.447s] -- Searching for dependencies of gz-common5-testing
[0.447s] -- Looking for gz-math7 -- found version 7.5.1
[0.447s] -- Looking for gz-msgs9 -- found version 9.5.1
[0.448s] -- Looking for gz-gui7 -- found version 7.2.2
[0.448s] -- Searching for dependencies of gz-gui7
[0.462s] -- Looking for gz-utils2 -- found version 2.2.1
[0.462s] -- Looking for gz-math7 -- found version 7.5.1
[0.462s] -- Looking for gz-common5 -- found version 5.7.1
[0.462s] -- Looking for gz-plugin2 -- found version 2.0.4
[0.463s] -- Looking for gz-transport12 -- found version 12.2.2
[0.463s] -- Looking for gz-rendering7 -- found version 7.5.0
[0.463s] -- Searching for dependencies of gz-rendering7
[0.463s] -- Looking for gz-math7 -- found version 7.5.1
[0.463s] -- Searching for dependencies of gz-math7
[0.464s] -- Looking for gz-utils2 -- found version 2.2.1
[0.464s] -- Searching for <gz-math7> component [eigen3]
[0.464s] -- Looking for gz-math7-eigen3 -- found version 7.5.1
[0.464s] -- Searching for dependencies of gz-math7-eigen3
[0.465s] -- Looking for gz-common5 -- found version 5.7.1
[0.465s] -- Searching for dependencies of gz-common5
[0.465s] -- Looking for gz-utils2 -- found version 2.2.1
[0.465s] -- Looking for dlfcn.h - found
[0.465s] -- Looking for libdl - found
[0.469s] -- Searching for <gz-common5> component [graphics]
[0.469s] -- Looking for gz-common5-graphics -- found version 5.7.1
[0.470s] -- Searching for dependencies of gz-common5-graphics
[0.470s] -- Looking for gz-math7 -- found version 7.5.1
[0.471s] -- Searching for <gz-common5> component [events]
[0.472s] -- Searching for <gz-common5> component [geospatial]
[0.472s] -- Looking for gz-common5-geospatial -- found version 5.7.1
[0.472s] -- Searching for dependencies of gz-common5-geospatial
[0.472s] -- Looking for gz-math7 -- found version 7.5.1
[0.472s] -- Looking for gz-common5 -- found version 5.7.1
[0.473s] -- Looking for gz-plugin2 -- found version 2.0.4
[0.473s] -- Searching for dependencies of gz-plugin2
[0.473s] -- Looking for gz-utils2 -- found version 2.2.1
[0.473s] -- Searching for <gz-plugin2> component [all]
[0.473s] -- Looking for all libraries of gz-plugin2 -- found version 2.0.4
[0.474s] -- Looking for gz-plugin2 -- found version 2.0.4
[0.475s] -- Looking for gz-utils2 -- found version 2.2.1
[0.476s] -- Looking for gz-msgs9 -- found version 9.5.1
[0.485s] -- Looking for gz-physics6 -- found version 6.7.0
[0.485s] -- Searching for dependencies of gz-physics6
[0.485s] -- Looking for gz-common5 -- found version 5.7.1
[0.485s] -- Looking for gz-math7 -- found version 7.5.1
[0.485s] -- Looking for gz-plugin2 -- found version 2.0.4
[0.486s] -- Looking for gz-utils2 -- found version 2.2.1
[0.486s] -- Searching for <gz-physics6> component [heightmap]
[0.486s] -- Looking for gz-physics6-heightmap -- found version 6.7.0
[0.487s] -- Searching for dependencies of gz-physics6-heightmap
[0.487s] -- Looking for gz-common5 -- found version 5.7.1
[0.487s] -- Searching for <gz-physics6> component [mesh]
[0.487s] -- Looking for gz-physics6-mesh -- found version 6.7.0
[0.487s] -- Searching for dependencies of gz-physics6-mesh
[0.488s] -- Looking for gz-common5 -- found version 5.7.1
[0.488s] -- Searching for <gz-physics6> component [sdf]
[0.488s] -- Looking for gz-physics6-sdf -- found version 6.7.0
[0.488s] -- Searching for dependencies of gz-physics6-sdf
[0.489s] -- Looking for sdformat13 -- found version 13.9.0
[0.489s] -- Looking for gz-sensors7 -- found version 7.3.1
[0.489s] -- Searching for dependencies of gz-sensors7
[0.501s] -- Looking for gz-math7 -- found version 7.5.1
[0.501s] -- Looking for gz-common5 -- found version 5.7.1
[0.501s] -- Looking for gz-transport12 -- found version 12.2.2
[0.501s] -- Looking for gz-rendering7 -- found version 7.5.0
[0.502s] -- Looking for gz-msgs9 -- found version 9.5.1
[0.502s] -- Looking for sdformat13 -- found version 13.9.0
[0.502s] -- Searching for <gz-sensors7> component [air_pressure]
[0.502s] -- Looking for gz-sensors7-air_pressure -- found version 7.3.1
[0.503s] -- Searching for dependencies of gz-sensors7-air_pressure
[0.503s] -- Searching for <gz-sensors7> component [air_speed]
[0.503s] -- Looking for gz-sensors7-air_speed -- found version 7.3.1
[0.503s] -- Searching for dependencies of gz-sensors7-air_speed
[0.504s] -- Searching for <gz-sensors7> component [altimeter]
[0.504s] -- Looking for gz-sensors7-altimeter -- found version 7.3.1
[0.504s] -- Searching for dependencies of gz-sensors7-altimeter
[0.504s] -- Searching for <gz-sensors7> component [imu]
[0.504s] -- Looking for gz-sensors7-imu -- found version 7.3.1
[0.505s] -- Searching for dependencies of gz-sensors7-imu
[0.505s] -- Searching for <gz-sensors7> component [force_torque]
[0.505s] -- Looking for gz-sensors7-force_torque -- found version 7.3.1
[0.505s] -- Searching for dependencies of gz-sensors7-force_torque
[0.506s] -- Searching for <gz-sensors7> component [logical_camera]
[0.506s] -- Looking for gz-sensors7-logical_camera -- found version 7.3.1
[0.506s] -- Searching for dependencies of gz-sensors7-logical_camera
[0.506s] -- Searching for <gz-sensors7> component [magnetometer]
[0.506s] -- Looking for gz-sensors7-magnetometer -- found version 7.3.1
[0.507s] -- Searching for dependencies of gz-sensors7-magnetometer
[0.507s] -- Searching for <gz-sensors7> component [navsat]
[0.507s] -- Looking for gz-sensors7-navsat -- found version 7.3.1
[0.507s] -- Searching for dependencies of gz-sensors7-navsat
[0.508s] -- Searching for <gz-sensors7> component [rendering]
[0.508s] -- Looking for gz-sensors7-rendering -- found version 7.3.1
[0.508s] -- Searching for dependencies of gz-sensors7-rendering
[0.508s] -- Searching for <gz-sensors7> component [lidar]
[0.508s] -- Looking for gz-sensors7-lidar -- found version 7.3.1
[0.509s] -- Searching for dependencies of gz-sensors7-lidar
[0.509s] -- Looking for gz-sensors7 -- found version 7.3.1
[0.509s] -- Searching for <gz-sensors7> component [gpu_lidar]
[0.509s] -- Looking for gz-sensors7-gpu_lidar -- found version 7.3.1
[0.509s] -- Searching for dependencies of gz-sensors7-gpu_lidar
[0.510s] -- Looking for gz-sensors7 -- found version 7.3.1
[0.510s] -- Searching for <gz-sensors7> component [camera]
[0.510s] -- Looking for gz-sensors7-camera -- found version 7.3.1
[0.510s] -- Searching for dependencies of gz-sensors7-camera
[0.511s] -- Looking for gz-sensors7 -- found version 7.3.1
[0.511s] -- Searching for <gz-sensors7> component [boundingbox_camera]
[0.511s] -- Looking for gz-sensors7-boundingbox_camera -- found version 7.3.1
[0.511s] -- Searching for dependencies of gz-sensors7-boundingbox_camera
[0.512s] -- Searching for <gz-sensors7> component [segmentation_camera]
[0.512s] -- Looking for gz-sensors7-segmentation_camera -- found version 7.3.1
[0.512s] -- Searching for dependencies of gz-sensors7-segmentation_camera
[0.512s] -- Searching for <gz-sensors7> component [depth_camera]
[0.512s] -- Looking for gz-sensors7-depth_camera -- found version 7.3.1
[0.513s] -- Searching for dependencies of gz-sensors7-depth_camera
[0.513s] -- Looking for gz-sensors7 -- found version 7.3.1
[0.513s] -- Searching for <gz-sensors7> component [rgbd_camera]
[0.513s] -- Looking for gz-sensors7-rgbd_camera -- found version 7.3.1
[0.514s] -- Searching for dependencies of gz-sensors7-rgbd_camera
[0.514s] -- Looking for gz-sensors7 -- found version 7.3.1
[0.514s] -- Searching for <gz-sensors7> component [thermal_camera]
[0.514s] -- Looking for gz-sensors7-thermal_camera -- found version 7.3.1
[0.514s] -- Searching for dependencies of gz-sensors7-thermal_camera
[0.515s] -- Looking for gz-sensors7 -- found version 7.3.1
[0.515s] -- Searching for <gz-sensors7> component [wide_angle_camera]
[0.515s] -- Looking for gz-sensors7-wide_angle_camera -- found version 7.3.1
[0.515s] -- Searching for dependencies of gz-sensors7-wide_angle_camera
[0.516s] -- Looking for gz-rendering7 -- found version 7.5.0
[0.516s] -- Looking for gz-math7 -- found version 7.5.1
[0.516s] -- Looking for gz-utils2 -- found version 2.2.1
[0.528s] -- Looking for gz-common5 -- found version 5.7.1
[0.528s] -- Looking for gz-fuel_tools8 -- found version 8.2.0
[0.528s] -- Looking for gz-math7 -- found version 7.5.1
[0.528s] -- Looking for gz-msgs9 -- found version 9.5.1
[0.528s] -- Looking for gz-transport12 -- found version 12.2.2
[0.529s] -- Looking for gz-plugin2 -- found version 2.0.4
[0.529s] -- Looking for gz-rendering7 -- found version 7.5.0
[0.529s] -- Looking for gz-sensors7 -- found version 7.3.1
[0.529s] -- Looking for gz-utils2 -- found version 2.2.1
[0.529s] -- Looking for sdformat13 -- found version 13.9.0
[0.529s] -- Found std_msgs: 4.2.4 (/opt/ros/humble/share/std_msgs/cmake)
[0.539s] -- Found rosidl_generator_c: 3.1.5 (/opt/ros/humble/share/rosidl_generator_c/cmake)
[0.541s] -- Found rosidl_adapter: 3.1.5 (/opt/ros/humble/share/rosidl_adapter/cmake)
[0.544s] -- Found rosidl_generator_cpp: 3.1.5 (/opt/ros/humble/share/rosidl_generator_cpp/cmake)
[0.549s] -- Using all available rosidl_typesupport_c: rosidl_typesupport_fastrtps_c;rosidl_typesupport_introspection_c
[0.556s] -- Using all available rosidl_typesupport_cpp: rosidl_typesupport_fastrtps_cpp;rosidl_typesupport_introspection_cpp
[0.640s] -- Configuring done
[0.687s] -- Generating done
[0.700s] -- Build files have been written to: /home/neofelis/vrx_ws/build/vrx_gz
[0.709s] Invoked command in '/home/neofelis/vrx_ws/build/vrx_gz' returned '0': CMAKE_PREFIX_PATH=${CMAKE_PREFIX_PATH}:/opt/ros/humble CONDA_PROMPT_MODIFIER=(vrx) LD_LIBRARY_PATH=/home/neofelis/vrx_ws/install/lib:/usr/lib/x86_64-linux-gnu/gazebo-11/plugins:/opt/ros/humble/opt/rviz_ogre_vendor/lib:/opt/ros/humble/lib/x86_64-linux-gnu:/opt/ros/humble/lib:/usr/lib/x86_64-linux-gnu/gazebo-11/plugins /usr/bin/cmake /home/neofelis/vrx_ws/src/vrx/vrx_gz -DCMAKE_INSTALL_PREFIX=/home/neofelis/vrx_ws/install
[0.709s] Invoking command in '/home/neofelis/vrx_ws/build/vrx_gz': CMAKE_PREFIX_PATH=${CMAKE_PREFIX_PATH}:/opt/ros/humble CONDA_PROMPT_MODIFIER=(vrx) LD_LIBRARY_PATH=/home/neofelis/vrx_ws/install/lib:/usr/lib/x86_64-linux-gnu/gazebo-11/plugins:/opt/ros/humble/opt/rviz_ogre_vendor/lib:/opt/ros/humble/lib/x86_64-linux-gnu:/opt/ros/humble/lib:/usr/lib/x86_64-linux-gnu/gazebo-11/plugins /usr/bin/cmake --build /home/neofelis/vrx_ws/build/vrx_gz -- -j16 -l16
[0.731s] [35m[1mConsolidate compiler generated dependencies of target Waves[0m
[0.732s] [35m[1mConsolidate compiler generated dependencies of target ScoringPlugin[0m
[0.740s] [  4%] Built target Waves
[0.740s] [  8%] Built target ScoringPlugin
[0.742s] [  8%] Built target ament_cmake_python_copy_vrx_gz
[0.759s] [35m[1mConsolidate compiler generated dependencies of target AcousticPingerPlugin[0m
[0.759s] [35m[1mConsolidate compiler generated dependencies of target PolyhedraBuoyancyDrag[0m
[0.759s] [35m[1mConsolidate compiler generated dependencies of target LightBuoyPlugin[0m
[0.759s] [35m[1mConsolidate compiler generated dependencies of target WayfindingScoringPlugin[0m
[0.759s] [35m[1mConsolidate compiler generated dependencies of target StationkeepingScoringPlugin[0m
[0.759s] [35m[1mConsolidate compiler generated dependencies of target GymkhanaScoringPlugin[0m
[0.759s] [35m[1mConsolidate compiler generated dependencies of target BallShooterPlugin[0m
[0.759s] [35m[1mConsolidate compiler generated dependencies of target AcousticPerceptionScoringPlugin[0m
[0.759s] [35m[1mConsolidate compiler generated dependencies of target NavigationScoringPlugin[0m
[0.759s] [35m[1mConsolidate compiler generated dependencies of target PerceptionScoringPlugin[0m
[0.759s] [35m[1mConsolidate compiler generated dependencies of target AcousticTrackingScoringPlugin[0m
[0.759s] [35m[1mConsolidate compiler generated dependencies of target PublisherPlugin[0m
[0.760s] [35m[1mConsolidate compiler generated dependencies of target PlacardPlugin[0m
[0.760s] [35m[1mConsolidate compiler generated dependencies of target ScanDockScoringPlugin[0m
[0.760s] [35m[1mConsolidate compiler generated dependencies of target SimpleHydrodynamics[0m
[0.760s] [35m[1mConsolidate compiler generated dependencies of target Surface[0m
[0.779s] [ 20%] Built target GymkhanaScoringPlugin
[0.779s] [ 20%] Built target LightBuoyPlugin
[0.779s] [ 20%] Built target PerceptionScoringPlugin
[0.779s] [ 25%] Built target PublisherPlugin
[0.779s] [ 29%] Built target AcousticPingerPlugin
[0.782s] [ 33%] Built target PlacardPlugin
[0.783s] [ 41%] Built target PolyhedraBuoyancyDrag
[0.784s] [ 45%] Built target Surface
[0.784s] [ 52%] Built target WayfindingScoringPlugin
[0.785s] [ 58%] Built target AcousticPerceptionScoringPlugin
[0.785s] [ 72%] Built target ScanDockScoringPlugin
[0.785s] [ 72%] Built target BallShooterPlugin
[0.785s] [ 72%] Built target StationkeepingScoringPlugin
[0.785s] [ 79%] Built target AcousticTrackingScoringPlugin
[0.785s] [ 83%] Built target SimpleHydrodynamics
[0.788s] [ 87%] Built target NavigationScoringPlugin
[0.790s] [35m[1mConsolidate compiler generated dependencies of target USVWind[0m
[0.791s] [35m[1mConsolidate compiler generated dependencies of target WildlifeScoringPlugin[0m
[0.791s] [35m[1mConsolidate compiler generated dependencies of target WaveVisual[0m
[0.801s] [ 91%] Built target WildlifeScoringPlugin
[0.802s] [ 95%] Built target USVWind
[0.802s] [100%] Built target WaveVisual
[0.920s] running egg_info
[0.921s] writing vrx_gz.egg-info/PKG-INFO
[0.921s] writing dependency_links to vrx_gz.egg-info/dependency_links.txt
[0.921s] writing top-level names to vrx_gz.egg-info/top_level.txt
[0.922s] reading manifest file 'vrx_gz.egg-info/SOURCES.txt'
[0.922s] writing manifest file 'vrx_gz.egg-info/SOURCES.txt'
[0.937s] [100%] Built target ament_cmake_python_build_vrx_gz_egg
[0.944s] Invoked command in '/home/neofelis/vrx_ws/build/vrx_gz' returned '0': CMAKE_PREFIX_PATH=${CMAKE_PREFIX_PATH}:/opt/ros/humble CONDA_PROMPT_MODIFIER=(vrx) LD_LIBRARY_PATH=/home/neofelis/vrx_ws/install/lib:/usr/lib/x86_64-linux-gnu/gazebo-11/plugins:/opt/ros/humble/opt/rviz_ogre_vendor/lib:/opt/ros/humble/lib/x86_64-linux-gnu:/opt/ros/humble/lib:/usr/lib/x86_64-linux-gnu/gazebo-11/plugins /usr/bin/cmake --build /home/neofelis/vrx_ws/build/vrx_gz -- -j16 -l16
[0.945s] Invoking command in '/home/neofelis/vrx_ws/build/vrx_gz': CMAKE_PREFIX_PATH=${CMAKE_PREFIX_PATH}:/opt/ros/humble CONDA_PROMPT_MODIFIER=(vrx) LD_LIBRARY_PATH=/home/neofelis/vrx_ws/install/lib:/usr/lib/x86_64-linux-gnu/gazebo-11/plugins:/opt/ros/humble/opt/rviz_ogre_vendor/lib:/opt/ros/humble/lib/x86_64-linux-gnu:/opt/ros/humble/lib:/usr/lib/x86_64-linux-gnu/gazebo-11/plugins /usr/bin/cmake --install /home/neofelis/vrx_ws/build/vrx_gz
[0.950s] -- Install configuration: "RelWithDebInfo"
[0.950s] -- Up-to-date: /home/neofelis/vrx_ws/install/share/vrx_gz/environment/resource_paths.dsv
[0.950s] -- Up-to-date: /home/neofelis/vrx_ws/install/share/vrx_gz/environment/resource_paths.sh
[0.950s] -- Up-to-date: /home/neofelis/vrx_ws/install/lib/libWaves.so
[0.950s] -- Up-to-date: /home/neofelis/vrx_ws/install/lib/libPolyhedraBuoyancyDrag.so
[0.950s] -- Up-to-date: /home/neofelis/vrx_ws/install/lib/libScoringPlugin.so
[0.950s] -- Up-to-date: /home/neofelis/vrx_ws/install/lib/libStationkeepingScoringPlugin.so
[0.950s] -- Up-to-date: /home/neofelis/vrx_ws/install/lib/libWayfindingScoringPlugin.so
[0.950s] -- Up-to-date: /home/neofelis/vrx_ws/install/lib/libAcousticPerceptionScoringPlugin.so
[0.951s] -- Up-to-date: /home/neofelis/vrx_ws/install/lib/libAcousticTrackingScoringPlugin.so
[0.951s] -- Up-to-date: /home/neofelis/vrx_ws/install/lib/libAcousticPingerPlugin.so
[0.951s] -- Up-to-date: /home/neofelis/vrx_ws/install/lib/libBallShooterPlugin.so
[0.951s] -- Up-to-date: /home/neofelis/vrx_ws/install/lib/libLightBuoyPlugin.so
[0.951s] -- Up-to-date: /home/neofelis/vrx_ws/install/lib/libNavigationScoringPlugin.so
[0.951s] -- Up-to-date: /home/neofelis/vrx_ws/install/lib/libGymkhanaScoringPlugin.so
[0.951s] -- Up-to-date: /home/neofelis/vrx_ws/install/lib/libPerceptionScoringPlugin.so
[0.952s] -- Up-to-date: /home/neofelis/vrx_ws/install/lib/libPlacardPlugin.so
[0.952s] -- Up-to-date: /home/neofelis/vrx_ws/install/lib/libPublisherPlugin.so
[0.952s] -- Up-to-date: /home/neofelis/vrx_ws/install/lib/libScanDockScoringPlugin.so
[0.952s] -- Up-to-date: /home/neofelis/vrx_ws/install/lib/libSimpleHydrodynamics.so
[0.952s] -- Up-to-date: /home/neofelis/vrx_ws/install/lib/libSurface.so
[0.952s] -- Up-to-date: /home/neofelis/vrx_ws/install/lib/libUSVWind.so
[0.952s] -- Up-to-date: /home/neofelis/vrx_ws/install/lib/libWaveVisual.so
[0.953s] -- Up-to-date: /home/neofelis/vrx_ws/install/lib/libWildlifeScoringPlugin.so
[0.953s] -- Up-to-date: /home/neofelis/vrx_ws/install/share/vrx_gz/environment/pythonpath.sh
[0.953s] -- Installing: /home/neofelis/vrx_ws/install/share/vrx_gz/environment/pythonpath.dsv
[0.953s] -- Up-to-date: /home/neofelis/vrx_ws/install/local/lib/python3.10/dist-packages/vrx_gz-0.0.0-py3.10.egg-info
[0.953s] -- Installing: /home/neofelis/vrx_ws/install/local/lib/python3.10/dist-packages/vrx_gz-0.0.0-py3.10.egg-info/SOURCES.txt
[0.953s] -- Installing: /home/neofelis/vrx_ws/install/local/lib/python3.10/dist-packages/vrx_gz-0.0.0-py3.10.egg-info/top_level.txt
[0.953s] -- Installing: /home/neofelis/vrx_ws/install/local/lib/python3.10/dist-packages/vrx_gz-0.0.0-py3.10.egg-info/dependency_links.txt
[0.953s] -- Installing: /home/neofelis/vrx_ws/install/local/lib/python3.10/dist-packages/vrx_gz-0.0.0-py3.10.egg-info/PKG-INFO
[0.953s] -- Up-to-date: /home/neofelis/vrx_ws/install/local/lib/python3.10/dist-packages/vrx_gz
[0.953s] -- Up-to-date: /home/neofelis/vrx_ws/install/local/lib/python3.10/dist-packages/vrx_gz/__init__.py
[0.953s] -- Up-to-date: /home/neofelis/vrx_ws/install/local/lib/python3.10/dist-packages/vrx_gz/bridges.py
[0.953s] -- Up-to-date: /home/neofelis/vrx_ws/install/local/lib/python3.10/dist-packages/vrx_gz/launch.py
[0.953s] -- Up-to-date: /home/neofelis/vrx_ws/install/local/lib/python3.10/dist-packages/vrx_gz/payload_bridges.py
[0.953s] -- Up-to-date: /home/neofelis/vrx_ws/install/local/lib/python3.10/dist-packages/vrx_gz/model.py
[0.953s] -- Up-to-date: /home/neofelis/vrx_ws/install/local/lib/python3.10/dist-packages/vrx_gz/bridge.py
[0.972s] Listing '/home/neofelis/vrx_ws/install/local/lib/python3.10/dist-packages/vrx_gz'...
[0.975s] -- Up-to-date: /home/neofelis/vrx_ws/install/share/vrx_gz/config
[0.975s] -- Up-to-date: /home/neofelis/vrx_ws/install/share/vrx_gz/config/roboboat.yaml
[0.975s] -- Up-to-date: /home/neofelis/vrx_ws/install/share/vrx_gz/config/wamv.yaml
[0.975s] -- Up-to-date: /home/neofelis/vrx_ws/install/share/vrx_gz/launch
[0.975s] -- Up-to-date: /home/neofelis/vrx_ws/install/share/vrx_gz/launch/usv_joy_teleop.py
[0.975s] -- Up-to-date: /home/neofelis/vrx_ws/install/share/vrx_gz/launch/vrx_environment.launch.py
[0.975s] -- Up-to-date: /home/neofelis/vrx_ws/install/share/vrx_gz/launch/competition.launch.py
[0.975s] -- Up-to-date: /home/neofelis/vrx_ws/install/share/vrx_gz/launch/spawn_config.launch.py
[0.975s] -- Up-to-date: /home/neofelis/vrx_ws/install/share/vrx_gz/launch/spawn.launch.py
[0.975s] -- Up-to-date: /home/neofelis/vrx_ws/install/share/vrx_gz/models
[0.975s] -- Up-to-date: /home/neofelis/vrx_ws/install/share/vrx_gz/models/entrance_exit
[0.975s] -- Up-to-date: /home/neofelis/vrx_ws/install/share/vrx_gz/models/entrance_exit/model.sdf
[0.975s] -- Up-to-date: /home/neofelis/vrx_ws/install/share/vrx_gz/models/entrance_exit/model.config
[0.975s] -- Up-to-date: /home/neofelis/vrx_ws/install/share/vrx_gz/models/short_navigation_course_5
[0.975s] -- Up-to-date: /home/neofelis/vrx_ws/install/share/vrx_gz/models/short_navigation_course_5/model.sdf
[0.975s] -- Up-to-date: /home/neofelis/vrx_ws/install/share/vrx_gz/models/short_navigation_course_5/model.config
[0.975s] -- Up-to-date: /home/neofelis/vrx_ws/install/share/vrx_gz/models/roboboat_cpubox
[0.975s] -- Up-to-date: /home/neofelis/vrx_ws/install/share/vrx_gz/models/roboboat_cpubox/meshes
[0.975s] -- Up-to-date: /home/neofelis/vrx_ws/install/share/vrx_gz/models/roboboat_cpubox/meshes/drybox.dae
[0.975s] -- Up-to-date: /home/neofelis/vrx_ws/install/share/vrx_gz/models/roboboat_cpubox/materials
[0.975s] -- Up-to-date: /home/neofelis/vrx_ws/install/share/vrx_gz/models/roboboat_cpubox/materials/textures
[0.975s] -- Up-to-date: /home/neofelis/vrx_ws/install/share/vrx_gz/models/roboboat_cpubox/materials/textures/DryBox_Roughness.png
[0.975s] -- Up-to-date: /home/neofelis/vrx_ws/install/share/vrx_gz/models/roboboat_cpubox/materials/textures/DryBox_Albedo.png
[0.975s] -- Up-to-date: /home/neofelis/vrx_ws/install/share/vrx_gz/models/roboboat_cpubox/model.sdf
[0.975s] -- Up-to-date: /home/neofelis/vrx_ws/install/share/vrx_gz/models/roboboat_cpubox/model.config
[0.975s] -- Up-to-date: /home/neofelis/vrx_ws/install/share/vrx_gz/models/short_navigation_course_2
[0.976s] -- Up-to-date: /home/neofelis/vrx_ws/install/share/vrx_gz/models/short_navigation_course_2/model.sdf
[0.976s] -- Up-to-date: /home/neofelis/vrx_ws/install/share/vrx_gz/models/short_navigation_course_2/model.config
[0.976s] -- Up-to-date: /home/neofelis/vrx_ws/install/share/vrx_gz/models/placard_2022
[0.976s] -- Up-to-date: /home/neofelis/vrx_ws/install/share/vrx_gz/models/placard_2022/meshes
[0.976s] -- Up-to-date: /home/neofelis/vrx_ws/install/share/vrx_gz/models/placard_2022/meshes/placard_2022.dae
[0.976s] -- Up-to-date: /home/neofelis/vrx_ws/install/share/vrx_gz/models/placard_2022/materials
[0.976s] -- Up-to-date: /home/neofelis/vrx_ws/install/share/vrx_gz/models/placard_2022/materials/textures
[0.976s] -- Up-to-date: /home/neofelis/vrx_ws/install/share/vrx_gz/models/placard_2022/materials/textures/Placard.png
[0.976s] -- Up-to-date: /home/neofelis/vrx_ws/install/share/vrx_gz/models/placard_2022/model.sdf
[0.976s] -- Up-to-date: /home/neofelis/vrx_ws/install/share/vrx_gz/models/placard_2022/model.config
[0.976s] -- Up-to-date: /home/neofelis/vrx_ws/install/share/vrx_gz/models/short_navigation_course_1
[0.976s] -- Up-to-date: /home/neofelis/vrx_ws/install/share/vrx_gz/models/short_navigation_course_1/model.sdf
[0.976s] -- Up-to-date: /home/neofelis/vrx_ws/install/share/vrx_gz/models/short_navigation_course_1/model.config
[0.976s] -- Up-to-date: /home/neofelis/vrx_ws/install/share/vrx_gz/models/robotx_light_buoy_rgy
[0.976s] -- Up-to-date: /home/neofelis/vrx_ws/install/share/vrx_gz/models/robotx_light_buoy_rgy/model.sdf
[0.976s] -- Up-to-date: /home/neofelis/vrx_ws/install/share/vrx_gz/models/robotx_light_buoy_rgy/model.config
[0.976s] -- Up-to-date: /home/neofelis/vrx_ws/install/share/vrx_gz/models/short_course_2023_phase3_1
[0.976s] -- Up-to-date: /home/neofelis/vrx_ws/install/share/vrx_gz/models/short_course_2023_phase3_1/model.sdf
[0.976s] -- Up-to-date: /home/neofelis/vrx_ws/install/share/vrx_gz/models/short_course_2023_phase3_1/model.config
[0.976s] -- Up-to-date: /home/neofelis/vrx_ws/install/share/vrx_gz/models/robotx_light_buoy_rbg
[0.976s] -- Up-to-date: /home/neofelis/vrx_ws/install/share/vrx_gz/models/robotx_light_buoy_rbg/model.sdf
[0.976s] -- Up-to-date: /home/neofelis/vrx_ws/install/share/vrx_gz/models/robotx_light_buoy_rbg/model.config
[0.976s] -- Up-to-date: /home/neofelis/vrx_ws/install/share/vrx_gz/models/robotx_light_buoy_bgy
[0.976s] -- Up-to-date: /home/neofelis/vrx_ws/install/share/vrx_gz/models/robotx_light_buoy_bgy/model.sdf
[0.976s] -- Up-to-date: /home/neofelis/vrx_ws/install/share/vrx_gz/models/robotx_light_buoy_bgy/model.config
[0.976s] -- Up-to-date: /home/neofelis/vrx_ws/install/share/vrx_gz/models/roboboat01
[0.976s] -- Up-to-date: /home/neofelis/vrx_ws/install/share/vrx_gz/models/roboboat01/meshes
[0.976s] -- Up-to-date: /home/neofelis/vrx_ws/install/share/vrx_gz/models/roboboat01/meshes/housing.dae
[0.976s] -- Up-to-date: /home/neofelis/vrx_ws/install/share/vrx_gz/models/roboboat01/meshes/roboboat01.dae
[0.976s] -- Up-to-date: /home/neofelis/vrx_ws/install/share/vrx_gz/models/roboboat01/meshes/mount.dae
[0.977s] -- Up-to-date: /home/neofelis/vrx_ws/install/share/vrx_gz/models/roboboat01/meshes/prop.dae
[0.977s] -- Up-to-date: /home/neofelis/vrx_ws/install/share/vrx_gz/models/roboboat01/materials
[0.977s] -- Up-to-date: /home/neofelis/vrx_ws/install/share/vrx_gz/models/roboboat01/materials/scripts
[0.977s] -- Up-to-date: /home/neofelis/vrx_ws/install/share/vrx_gz/models/roboboat01/materials/scripts/model.material
[0.977s] -- Up-to-date: /home/neofelis/vrx_ws/install/share/vrx_gz/models/roboboat01/materials/textures
[0.977s] -- Up-to-date: /home/neofelis/vrx_ws/install/share/vrx_gz/models/roboboat01/materials/textures/Boat01_Metallic.png
[0.977s] -- Up-to-date: /home/neofelis/vrx_ws/install/share/vrx_gz/models/roboboat01/materials/textures/Boat01_Normal.png
[0.977s] -- Up-to-date: /home/neofelis/vrx_ws/install/share/vrx_gz/models/roboboat01/materials/textures/Boat01_Roughness.png
[0.977s] -- Up-to-date: /home/neofelis/vrx_ws/install/share/vrx_gz/models/roboboat01/materials/textures/Thruster_Albedo.png
[0.977s] -- Up-to-date: /home/neofelis/vrx_ws/install/share/vrx_gz/models/roboboat01/materials/textures/Thruster_Roughness.png
[0.977s] -- Up-to-date: /home/neofelis/vrx_ws/install/share/vrx_gz/models/roboboat01/materials/textures/Boat01_Albedo.png
[0.977s] -- Up-to-date: /home/neofelis/vrx_ws/install/share/vrx_gz/models/roboboat01/model.sdf
[0.977s] -- Up-to-date: /home/neofelis/vrx_ws/install/share/vrx_gz/models/roboboat01/model.config
[0.977s] -- Up-to-date: /home/neofelis/vrx_ws/install/share/vrx_gz/models/short_navigation_course_4
[0.977s] -- Up-to-date: /home/neofelis/vrx_ws/install/share/vrx_gz/models/short_navigation_course_4/model.sdf
[0.977s] -- Up-to-date: /home/neofelis/vrx_ws/install/share/vrx_gz/models/short_navigation_course_4/model.config
[0.977s] -- Up-to-date: /home/neofelis/vrx_ws/install/share/vrx_gz/models/robotx_light_buoy_ybr
[0.977s] -- Up-to-date: /home/neofelis/vrx_ws/install/share/vrx_gz/models/robotx_light_buoy_ybr/model.sdf
[0.977s] -- Up-to-date: /home/neofelis/vrx_ws/install/share/vrx_gz/models/robotx_light_buoy_ybr/model.config
[0.977s] -- Up-to-date: /home/neofelis/vrx_ws/install/share/vrx_gz/models/coast_waves
[0.977s] -- Up-to-date: /home/neofelis/vrx_ws/install/share/vrx_gz/models/coast_waves/meshes
[0.977s] -- Up-to-date: /home/neofelis/vrx_ws/install/share/vrx_gz/models/coast_waves/meshes/waterlow.dae
[0.977s] -- Up-to-date: /home/neofelis/vrx_ws/install/share/vrx_gz/models/coast_waves/materials
[0.977s] -- Up-to-date: /home/neofelis/vrx_ws/install/share/vrx_gz/models/coast_waves/materials/textures
[0.977s] -- Up-to-date: /home/neofelis/vrx_ws/install/share/vrx_gz/models/coast_waves/materials/textures/skybox_lowres.dds
[0.977s] -- Up-to-date: /home/neofelis/vrx_ws/install/share/vrx_gz/models/coast_waves/materials/textures/wave_normals.dds
[0.977s] -- Up-to-date: /home/neofelis/vrx_ws/install/share/vrx_gz/models/coast_waves/materials/programs
[0.977s] -- Up-to-date: /home/neofelis/vrx_ws/install/share/vrx_gz/models/coast_waves/materials/programs/GerstnerWaves_vs_330.glsl
[0.977s] -- Up-to-date: /home/neofelis/vrx_ws/install/share/vrx_gz/models/coast_waves/materials/programs/GerstnerWaves_fs_330.glsl
[0.977s] -- Up-to-date: /home/neofelis/vrx_ws/install/share/vrx_gz/models/coast_waves/model.sdf
[0.977s] -- Up-to-date: /home/neofelis/vrx_ws/install/share/vrx_gz/models/coast_waves/model.config
[0.977s] -- Up-to-date: /home/neofelis/vrx_ws/install/share/vrx_gz/models/articulated_platform
[0.978s] -- Up-to-date: /home/neofelis/vrx_ws/install/share/vrx_gz/models/articulated_platform/model.sdf
[0.978s] -- Up-to-date: /home/neofelis/vrx_ws/install/share/vrx_gz/models/articulated_platform/model.config
[0.978s] -- Up-to-date: /home/neofelis/vrx_ws/install/share/vrx_gz/models/short_navigation_course_3
[0.978s] -- Up-to-date: /home/neofelis/vrx_ws/install/share/vrx_gz/models/short_navigation_course_3/model.sdf
[0.978s] -- Up-to-date: /home/neofelis/vrx_ws/install/share/vrx_gz/models/short_navigation_course_3/model.config
[0.978s] -- Up-to-date: /home/neofelis/vrx_ws/install/share/vrx_gz/models/robotx_light_buoy_gbr
[0.978s] -- Up-to-date: /home/neofelis/vrx_ws/install/share/vrx_gz/models/robotx_light_buoy_gbr/model.sdf
[0.978s] -- Up-to-date: /home/neofelis/vrx_ws/install/share/vrx_gz/models/robotx_light_buoy_gbr/model.config
[0.978s] -- Up-to-date: /home/neofelis/vrx_ws/install/share/vrx_gz/models/obstacle_course
[0.978s] -- Up-to-date: /home/neofelis/vrx_ws/install/share/vrx_gz/models/obstacle_course/model.sdf
[0.978s] -- Up-to-date: /home/neofelis/vrx_ws/install/share/vrx_gz/models/obstacle_course/model.config
[0.978s] -- Up-to-date: /home/neofelis/vrx_ws/install/share/vrx_gz/models/dock_block_4x4
[0.978s] -- Up-to-date: /home/neofelis/vrx_ws/install/share/vrx_gz/models/dock_block_4x4/mesh
[0.978s] -- Up-to-date: /home/neofelis/vrx_ws/install/share/vrx_gz/models/dock_block_4x4/mesh/DockCubes_Roughness.png
[0.978s] -- Up-to-date: /home/neofelis/vrx_ws/install/share/vrx_gz/models/dock_block_4x4/mesh/DockCubes_Albedo.png
[0.978s] -- Up-to-date: /home/neofelis/vrx_ws/install/share/vrx_gz/models/dock_block_4x4/mesh/DockCubes_Metalness.png
[0.978s] -- Up-to-date: /home/neofelis/vrx_ws/install/share/vrx_gz/models/dock_block_4x4/mesh/DockCubes_Normal.png
[0.978s] -- Up-to-date: /home/neofelis/vrx_ws/install/share/vrx_gz/models/dock_block_4x4/mesh/dock_block_4x4.dae
[0.978s] -- Up-to-date: /home/neofelis/vrx_ws/install/share/vrx_gz/models/dock_block_4x4/model.sdf
[0.978s] -- Up-to-date: /home/neofelis/vrx_ws/install/share/vrx_gz/models/dock_block_4x4/model.config
[0.978s] -- Up-to-date: /home/neofelis/vrx_ws/install/share/vrx_gz/models/robotx_light_buoy_rgb
[0.978s] -- Up-to-date: /home/neofelis/vrx_ws/install/share/vrx_gz/models/robotx_light_buoy_rgb/mesh
[0.978s] -- Up-to-date: /home/neofelis/vrx_ws/install/share/vrx_gz/models/robotx_light_buoy_rgb/mesh/LightTower_Roughness.png
[0.978s] -- Up-to-date: /home/neofelis/vrx_ws/install/share/vrx_gz/models/robotx_light_buoy_rgb/mesh/robotx_light_buoy.dae
[0.978s] -- Up-to-date: /home/neofelis/vrx_ws/install/share/vrx_gz/models/robotx_light_buoy_rgb/mesh/LightTower_Metalness.png
[0.978s] -- Up-to-date: /home/neofelis/vrx_ws/install/share/vrx_gz/models/robotx_light_buoy_rgb/mesh/LightTower_Opacity.png
[0.978s] -- Up-to-date: /home/neofelis/vrx_ws/install/share/vrx_gz/models/robotx_light_buoy_rgb/mesh/LightTower_Albedo.png
[0.979s] -- Up-to-date: /home/neofelis/vrx_ws/install/share/vrx_gz/models/robotx_light_buoy_rgb/mesh/LightTower_Normal.png
[0.979s] -- Up-to-date: /home/neofelis/vrx_ws/install/share/vrx_gz/models/robotx_light_buoy_rgb/model.sdf
[0.979s] -- Up-to-date: /home/neofelis/vrx_ws/install/share/vrx_gz/models/robotx_light_buoy_rgb/model.config
[0.979s] -- Up-to-date: /home/neofelis/vrx_ws/install/share/vrx_gz/models/robotx_light_buoy_ygb
[0.979s] -- Up-to-date: /home/neofelis/vrx_ws/install/share/vrx_gz/models/robotx_light_buoy_ygb/model.sdf
[0.979s] -- Up-to-date: /home/neofelis/vrx_ws/install/share/vrx_gz/models/robotx_light_buoy_ygb/model.config
[0.979s] -- Up-to-date: /home/neofelis/vrx_ws/install/share/vrx_gz/models/robotx_light_buoy_bgr
[0.979s] -- Up-to-date: /home/neofelis/vrx_ws/install/share/vrx_gz/models/robotx_light_buoy_bgr/model.sdf
[0.979s] -- Up-to-date: /home/neofelis/vrx_ws/install/share/vrx_gz/models/robotx_light_buoy_bgr/model.config
[0.979s] -- Up-to-date: /home/neofelis/vrx_ws/install/share/vrx_gz/models/short_navigation_course_0
[0.979s] -- Up-to-date: /home/neofelis/vrx_ws/install/share/vrx_gz/models/short_navigation_course_0/model.sdf
[0.979s] -- Up-to-date: /home/neofelis/vrx_ws/install/share/vrx_gz/models/short_navigation_course_0/model.config
[0.979s] -- Up-to-date: /home/neofelis/vrx_ws/install/share/vrx_gz/models/symbol_triangle
[0.979s] -- Up-to-date: /home/neofelis/vrx_ws/install/share/vrx_gz/models/symbol_triangle/mesh
[0.979s] -- Up-to-date: /home/neofelis/vrx_ws/install/share/vrx_gz/models/symbol_triangle/mesh/triangle.dae
[0.979s] -- Up-to-date: /home/neofelis/vrx_ws/install/share/vrx_gz/models/symbol_triangle/model.sdf
[0.979s] -- Up-to-date: /home/neofelis/vrx_ws/install/share/vrx_gz/models/symbol_triangle/model.config
[0.979s] -- Up-to-date: /home/neofelis/vrx_ws/install/share/vrx_gz/models/short_course_2023_phase3_2
[0.979s] -- Up-to-date: /home/neofelis/vrx_ws/install/share/vrx_gz/models/short_course_2023_phase3_2/model.sdf
[0.979s] -- Up-to-date: /home/neofelis/vrx_ws/install/share/vrx_gz/models/short_course_2023_phase3_2/model.config
[0.979s] -- Up-to-date: /home/neofelis/vrx_ws/install/share/vrx_gz/models/dock_2022
[0.979s] -- Up-to-date: /home/neofelis/vrx_ws/install/share/vrx_gz/models/dock_2022/model.sdf
[0.979s] -- Up-to-date: /home/neofelis/vrx_ws/install/share/vrx_gz/models/dock_2022/model.config
[0.979s] -- Up-to-date: /home/neofelis/vrx_ws/install/share/vrx_gz/models/platform
[0.979s] -- Up-to-date: /home/neofelis/vrx_ws/install/share/vrx_gz/models/platform/model.sdf
[0.979s] -- Up-to-date: /home/neofelis/vrx_ws/install/share/vrx_gz/models/platform/model.config
[0.979s] -- Up-to-date: /home/neofelis/vrx_ws/install/share/vrx_gz/models/roboboat02
[0.979s] -- Up-to-date: /home/neofelis/vrx_ws/install/share/vrx_gz/models/roboboat02/meshes
[0.980s] -- Up-to-date: /home/neofelis/vrx_ws/install/share/vrx_gz/models/roboboat02/meshes/roboboat02.dae
[0.980s] -- Up-to-date: /home/neofelis/vrx_ws/install/share/vrx_gz/models/roboboat02/materials
[0.980s] -- Up-to-date: /home/neofelis/vrx_ws/install/share/vrx_gz/models/roboboat02/materials/scripts
[0.980s] -- Up-to-date: /home/neofelis/vrx_ws/install/share/vrx_gz/models/roboboat02/materials/scripts/model.material
[0.980s] -- Up-to-date: /home/neofelis/vrx_ws/install/share/vrx_gz/models/roboboat02/materials/textures
[0.980s] -- Up-to-date: /home/neofelis/vrx_ws/install/share/vrx_gz/models/roboboat02/materials/textures/Boat02_Metallic.png
[0.980s] -- Up-to-date: /home/neofelis/vrx_ws/install/share/vrx_gz/models/roboboat02/materials/textures/Boat02_Albedo.png
[0.980s] -- Up-to-date: /home/neofelis/vrx_ws/install/share/vrx_gz/models/roboboat02/materials/textures/Boat02_Roughness.png
[0.980s] -- Up-to-date: /home/neofelis/vrx_ws/install/share/vrx_gz/models/roboboat02/materials/textures/Boat02_Normal.png
[0.980s] -- Up-to-date: /home/neofelis/vrx_ws/install/share/vrx_gz/models/roboboat02/model.sdf
[0.980s] -- Up-to-date: /home/neofelis/vrx_ws/install/share/vrx_gz/models/roboboat02/model.config
[0.980s] -- Up-to-date: /home/neofelis/vrx_ws/install/share/vrx_gz/models/dock_2022_base
[0.980s] -- Up-to-date: /home/neofelis/vrx_ws/install/share/vrx_gz/models/dock_2022_base/model.sdf
[0.980s] -- Up-to-date: /home/neofelis/vrx_ws/install/share/vrx_gz/models/dock_2022_base/model.config
[0.980s] -- Up-to-date: /home/neofelis/vrx_ws/install/share/vrx_gz/models/robotx_light_buoy_yrg
[0.980s] -- Up-to-date: /home/neofelis/vrx_ws/install/share/vrx_gz/models/robotx_light_buoy_yrg/model.sdf
[0.980s] -- Up-to-date: /home/neofelis/vrx_ws/install/share/vrx_gz/models/robotx_light_buoy_yrg/model.config
[0.980s] -- Up-to-date: /home/neofelis/vrx_ws/install/share/vrx_gz/worlds
[0.980s] -- Up-to-date: /home/neofelis/vrx_ws/install/share/vrx_gz/worlds/perception_task.sdf
[0.980s] -- Up-to-date: /home/neofelis/vrx_ws/install/share/vrx_gz/worlds/nbpark.sdf
[0.980s] -- Up-to-date: /home/neofelis/vrx_ws/install/share/vrx_gz/worlds/gymkhana_task.sdf
[0.980s] -- Up-to-date: /home/neofelis/vrx_ws/install/share/vrx_gz/worlds/scan_dock_deliver_task.sdf
[0.980s] -- Up-to-date: /home/neofelis/vrx_ws/install/share/vrx_gz/worlds/sydney_regatta.sdf
[0.980s] -- Up-to-date: /home/neofelis/vrx_ws/install/share/vrx_gz/worlds/follow_path_task.sdf
[0.980s] -- Up-to-date: /home/neofelis/vrx_ws/install/share/vrx_gz/worlds/navigation_task.sdf
[0.981s] -- Up-to-date: /home/neofelis/vrx_ws/install/share/vrx_gz/worlds/wildlife_task.sdf
[0.981s] -- Up-to-date: /home/neofelis/vrx_ws/install/share/vrx_gz/worlds/stationkeeping_task.sdf
[0.981s] -- Up-to-date: /home/neofelis/vrx_ws/install/share/vrx_gz/worlds/acoustic_perception_task.sdf
[0.981s] -- Up-to-date: /home/neofelis/vrx_ws/install/share/vrx_gz/worlds/2023_practice
[0.981s] -- Up-to-date: /home/neofelis/vrx_ws/install/share/vrx_gz/worlds/2023_practice/practice_2023_scan_dock_deliver1_task.sdf
[0.981s] -- Up-to-date: /home/neofelis/vrx_ws/install/share/vrx_gz/worlds/2023_practice/practice_2023_wildlife2_task.sdf
[0.981s] -- Up-to-date: /home/neofelis/vrx_ws/install/share/vrx_gz/worlds/2023_practice/practice_2023_scan_dock_deliver2_task.sdf
[0.981s] -- Up-to-date: /home/neofelis/vrx_ws/install/share/vrx_gz/worlds/2023_practice/practice_2023_follow_path2_task.sdf
[0.981s] -- Up-to-date: /home/neofelis/vrx_ws/install/share/vrx_gz/worlds/2023_practice/practice_2023_acoustic_perception0_task.sdf
[0.981s] -- Up-to-date: /home/neofelis/vrx_ws/install/share/vrx_gz/worlds/2023_practice/practice_2023_stationkeeping1_task.sdf
[0.981s] -- Up-to-date: /home/neofelis/vrx_ws/install/share/vrx_gz/worlds/2023_practice/practice_2023_acoustic_perception2_task.sdf
[0.981s] -- Up-to-date: /home/neofelis/vrx_ws/install/share/vrx_gz/worlds/2023_practice/practice_2023_wayfinding1_task.sdf
[0.981s] -- Up-to-date: /home/neofelis/vrx_ws/install/share/vrx_gz/worlds/2023_practice/practice_2023_scan_dock_deliver0_task.sdf
[0.981s] -- Up-to-date: /home/neofelis/vrx_ws/install/share/vrx_gz/worlds/2023_practice/practice_2023_stationkeeping0_task.sdf
[0.981s] -- Up-to-date: /home/neofelis/vrx_ws/install/share/vrx_gz/worlds/2023_practice/practice_2023_acoustic_tracking2_task.sdf
[0.981s] -- Up-to-date: /home/neofelis/vrx_ws/install/share/vrx_gz/worlds/2023_practice/practice_2023_acoustic_perception1_task.sdf
[0.981s] -- Up-to-date: /home/neofelis/vrx_ws/install/share/vrx_gz/worlds/2023_practice/practice_2023_wayfinding0_task.sdf
[0.981s] -- Up-to-date: /home/neofelis/vrx_ws/install/share/vrx_gz/worlds/2023_practice/practice_2023_perception2_task.sdf
[0.981s] -- Up-to-date: /home/neofelis/vrx_ws/install/share/vrx_gz/worlds/2023_practice/practice_2023_wayfinding2_task.sdf
[0.981s] -- Up-to-date: /home/neofelis/vrx_ws/install/share/vrx_gz/worlds/2023_practice/practice_2023_acoustic_tracking0_task.sdf
[0.981s] -- Up-to-date: /home/neofelis/vrx_ws/install/share/vrx_gz/worlds/2023_practice/practice_2023_follow_path0_task.sdf
[0.981s] -- Up-to-date: /home/neofelis/vrx_ws/install/share/vrx_gz/worlds/2023_practice/practice_2023_wildlife0_task.sdf
[0.982s] -- Up-to-date: /home/neofelis/vrx_ws/install/share/vrx_gz/worlds/2023_practice/practice_2023_acoustic_tracking1_task.sdf
[0.982s] -- Up-to-date: /home/neofelis/vrx_ws/install/share/vrx_gz/worlds/2023_practice/practice_2023_stationkeeping2_task.sdf
[0.982s] -- Up-to-date: /home/neofelis/vrx_ws/install/share/vrx_gz/worlds/2023_practice/practice_2023_wildlife1_task.sdf
[0.982s] -- Up-to-date: /home/neofelis/vrx_ws/install/share/vrx_gz/worlds/2023_practice/practice_2023_perception1_task.sdf
[0.982s] -- Up-to-date: /home/neofelis/vrx_ws/install/share/vrx_gz/worlds/2023_practice/practice_2023_follow_path1_task.sdf
[0.982s] -- Up-to-date: /home/neofelis/vrx_ws/install/share/vrx_gz/worlds/2023_practice/practice_2023_perception0_task.sdf
[0.982s] -- Up-to-date: /home/neofelis/vrx_ws/install/share/vrx_gz/worlds/wayfinding_task.sdf
[0.982s] -- Up-to-date: /home/neofelis/vrx_ws/install/share/vrx_gz/worlds/acoustic_tracking_task.sdf
[0.982s] -- Up-to-date: /home/neofelis/vrx_ws/install/share/ament_index/resource_index/package_run_dependencies/vrx_gz
[0.982s] -- Up-to-date: /home/neofelis/vrx_ws/install/share/ament_index/resource_index/parent_prefix_path/vrx_gz
[0.982s] -- Up-to-date: /home/neofelis/vrx_ws/install/share/vrx_gz/environment/ament_prefix_path.sh
[0.982s] -- Installing: /home/neofelis/vrx_ws/install/share/vrx_gz/environment/ament_prefix_path.dsv
[0.982s] -- Up-to-date: /home/neofelis/vrx_ws/install/share/vrx_gz/environment/path.sh
[0.982s] -- Installing: /home/neofelis/vrx_ws/install/share/vrx_gz/environment/path.dsv
[0.982s] -- Up-to-date: /home/neofelis/vrx_ws/install/share/vrx_gz/local_setup.bash
[0.982s] -- Up-to-date: /home/neofelis/vrx_ws/install/share/vrx_gz/local_setup.sh
[0.982s] -- Up-to-date: /home/neofelis/vrx_ws/install/share/vrx_gz/local_setup.zsh
[0.982s] -- Installing: /home/neofelis/vrx_ws/install/share/vrx_gz/local_setup.dsv
[0.982s] -- Installing: /home/neofelis/vrx_ws/install/share/vrx_gz/package.dsv
[0.982s] -- Up-to-date: /home/neofelis/vrx_ws/install/share/ament_index/resource_index/packages/vrx_gz
[0.982s] -- Up-to-date: /home/neofelis/vrx_ws/install/share/vrx_gz/cmake/vrx_gzConfig.cmake
[0.982s] -- Up-to-date: /home/neofelis/vrx_ws/install/share/vrx_gz/cmake/vrx_gzConfig-version.cmake
[0.982s] -- Up-to-date: /home/neofelis/vrx_ws/install/share/vrx_gz/package.xml
[0.982s] Invoked command in '/home/neofelis/vrx_ws/build/vrx_gz' returned '0': CMAKE_PREFIX_PATH=${CMAKE_PREFIX_PATH}:/opt/ros/humble CONDA_PROMPT_MODIFIER=(vrx) LD_LIBRARY_PATH=/home/neofelis/vrx_ws/install/lib:/usr/lib/x86_64-linux-gnu/gazebo-11/plugins:/opt/ros/humble/opt/rviz_ogre_vendor/lib:/opt/ros/humble/lib/x86_64-linux-gnu:/opt/ros/humble/lib:/usr/lib/x86_64-linux-gnu/gazebo-11/plugins /usr/bin/cmake --install /home/neofelis/vrx_ws/build/vrx_gz
