[0.006s] Invoking command in '/home/neofelis/vrx_ws/build/vrx_ros': CMAKE_PREFIX_PATH=${CMAKE_PREFIX_PATH}:/opt/ros/humble CONDA_PROMPT_MODIFIER=(vrx) /usr/bin/cmake /home/neofelis/vrx_ws/src/vrx/vrx_ros -DCMAKE_BUILD_TYPE=RelWithDebInfo -DIGNITION_VERSION=fortress -DCMAKE_INSTALL_PREFIX=/home/neofelis/vrx_ws/install
[0.038s] -- The C compiler identification is GNU 11.4.0
[0.072s] -- The CXX compiler identification is GNU 11.4.0
[0.076s] -- Detecting C compiler ABI info
[0.119s] -- Detecting C compiler ABI info - done
[0.123s] -- Check for working C compiler: /usr/bin/cc - skipped
[0.123s] -- Detecting C compile features
[0.123s] -- Detecting C compile features - done
[0.125s] -- Detecting CXX compiler ABI info
[0.177s] -- Detecting CXX compiler ABI info - done
[0.181s] -- Check for working CXX compiler: /usr/bin/c++ - skipped
[0.181s] -- Detecting CXX compile features
[0.181s] -- Detecting CXX compile features - done
[0.183s] -- Found ament_cmake: 1.3.10 (/opt/ros/humble/share/ament_cmake/cmake)
[0.272s] -- Found Python3: /usr/bin/python3 (found version "3.10.12") found components: Interpreter 
[0.320s] -- Found geometry_msgs: 4.2.4 (/opt/ros/humble/share/geometry_msgs/cmake)
[0.340s] -- Found rosidl_generator_c: 3.1.5 (/opt/ros/humble/share/rosidl_generator_c/cmake)
[0.343s] -- Found rosidl_adapter: 3.1.5 (/opt/ros/humble/share/rosidl_adapter/cmake)
[0.348s] -- Found rosidl_generator_cpp: 3.1.5 (/opt/ros/humble/share/rosidl_generator_cpp/cmake)
[0.354s] -- Using all available rosidl_typesupport_c: rosidl_typesupport_fastrtps_c;rosidl_typesupport_introspection_c
[0.363s] -- Using all available rosidl_typesupport_cpp: rosidl_typesupport_fastrtps_cpp;rosidl_typesupport_introspection_cpp
[0.386s] -- Looking for gz-msgs9 -- found version 9.5.1
[0.390s] -- Searching for dependencies of gz-msgs9
[0.496s] -- Found Protobuf: /usr/lib/x86_64-linux-gnu/libprotobuf.so (found version "3.12.4") 
[0.498s] -- Looking for gz-math7 -- found version 7.5.1
[0.498s] -- Searching for dependencies of gz-math7
[0.499s] -- Looking for gz-utils2 -- found version 2.2.1
[0.499s] -- Searching for dependencies of gz-utils2
[0.503s] -- Checking for module 'tinyxml2'
[0.510s] --   Found tinyxml2, version 9.0.0
[0.529s] -- Looking for gz-transport12 -- found version 12.2.2
[0.529s] -- Searching for dependencies of gz-transport12
[0.548s] -- Config-file not installed for ZeroMQ -- checking for pkg-config
[0.550s] -- Checking for module 'libzmq >= 4'
[0.557s] --   Found libzmq , version 4.3.4
[0.577s] -- Found ZeroMQ: TRUE (Required is at least version "4") 
[0.580s] -- Checking for module 'uuid'
[0.588s] --   Found uuid, version 2.37.2
[0.608s] -- Found UUID: TRUE  
[0.608s] -- Looking for gz-utils2 -- found version 2.2.1
[0.608s] -- Searching for dependencies of gz-utils2
[0.608s] -- Searching for <gz-utils2> component [cli]
[0.610s] -- Looking for gz-utils2-cli -- found version 2.2.1
[0.610s] -- Searching for dependencies of gz-utils2-cli
[0.610s] -- Looking for gz-msgs9 -- found version 9.5.1
[0.612s] -- Found rclcpp: 16.0.10 (/opt/ros/humble/share/rclcpp/cmake)
[0.633s] -- Found rmw_implementation_cmake: 6.1.2 (/opt/ros/humble/share/rmw_implementation_cmake/cmake)
[0.634s] -- Found rmw_fastrtps_cpp: 6.2.7 (/opt/ros/humble/share/rmw_fastrtps_cpp/cmake)
[0.688s] -- Found OpenSSL: /usr/lib/x86_64-linux-gnu/libcrypto.so (found version "3.0.2")  
[0.706s] -- Found FastRTPS: /opt/ros/humble/include  
[0.734s] -- Using RMW implementation 'rmw_fastrtps_cpp' as default
[0.739s] -- Found Threads: TRUE  
[0.761s] -- Found ros_gz_interfaces: 0.244.16 (/opt/ros/humble/share/ros_gz_interfaces/cmake)
[0.772s] -- Found sensor_msgs: 4.2.4 (/opt/ros/humble/share/sensor_msgs/cmake)
[0.782s] -- Found tf2: 0.25.8 (/opt/ros/humble/share/tf2/cmake)
[0.788s] -- Found tf2_msgs: 0.25.8 (/opt/ros/humble/share/tf2_msgs/cmake)
[0.812s] -- Found tf2_ros: 0.25.8 (/opt/ros/humble/share/tf2_ros/cmake)
[0.876s] -- Configuring done
[0.884s] -- Generating done
[0.885s] [33mCMake Warning:
[0.885s]   Manually-specified variables were not used by the project:
[0.885s] 
[0.885s]     IGNITION_VERSION
[0.885s] 
[0.885s] [0m
[0.887s] -- Build files have been written to: /home/neofelis/vrx_ws/build/vrx_ros
[0.896s] Invoked command in '/home/neofelis/vrx_ws/build/vrx_ros' returned '0': CMAKE_PREFIX_PATH=${CMAKE_PREFIX_PATH}:/opt/ros/humble CONDA_PROMPT_MODIFIER=(vrx) /usr/bin/cmake /home/neofelis/vrx_ws/src/vrx/vrx_ros -DCMAKE_BUILD_TYPE=RelWithDebInfo -DIGNITION_VERSION=fortress -DCMAKE_INSTALL_PREFIX=/home/neofelis/vrx_ws/install
[0.896s] Invoking command in '/home/neofelis/vrx_ws/build/vrx_ros': CMAKE_PREFIX_PATH=${CMAKE_PREFIX_PATH}:/opt/ros/humble CONDA_PROMPT_MODIFIER=(vrx) /usr/bin/cmake --build /home/neofelis/vrx_ws/build/vrx_ros -- -j16 -l16
[0.927s] [ 25%] [32mBuilding CXX object CMakeFiles/pose_tf_broadcaster.dir/src/pose_tf_broadcaster.cc.o[0m
[0.927s] [ 50%] [32mBuilding CXX object CMakeFiles/optical_frame_publisher.dir/src/optical_frame_publisher.cc.o[0m
[10.026s] [ 75%] [32m[1mLinking CXX executable pose_tf_broadcaster[0m
[10.183s] [ 75%] Built target pose_tf_broadcaster
[14.202s] [100%] [32m[1mLinking CXX executable optical_frame_publisher[0m
[14.415s] [100%] Built target optical_frame_publisher
[14.425s] Invoked command in '/home/neofelis/vrx_ws/build/vrx_ros' returned '0': CMAKE_PREFIX_PATH=${CMAKE_PREFIX_PATH}:/opt/ros/humble CONDA_PROMPT_MODIFIER=(vrx) /usr/bin/cmake --build /home/neofelis/vrx_ws/build/vrx_ros -- -j16 -l16
[14.426s] Invoking command in '/home/neofelis/vrx_ws/build/vrx_ros': CMAKE_PREFIX_PATH=${CMAKE_PREFIX_PATH}:/opt/ros/humble CONDA_PROMPT_MODIFIER=(vrx) /usr/bin/cmake --install /home/neofelis/vrx_ws/build/vrx_ros
[14.432s] -- Install configuration: "RelWithDebInfo"
[14.432s] -- Installing: /home/neofelis/vrx_ws/install/lib/vrx_ros/optical_frame_publisher
[14.444s] -- Set runtime path of "/home/neofelis/vrx_ws/install/lib/vrx_ros/optical_frame_publisher" to ""
[14.444s] -- Installing: /home/neofelis/vrx_ws/install/lib/vrx_ros/pose_tf_broadcaster
[14.449s] -- Set runtime path of "/home/neofelis/vrx_ws/install/lib/vrx_ros/pose_tf_broadcaster" to ""
[14.449s] -- Installing: /home/neofelis/vrx_ws/install/share/vrx_ros/launch
[14.449s] -- Installing: /home/neofelis/vrx_ws/install/share/vrx_ros/launch/monitor_sim.py
[14.449s] -- Installing: /home/neofelis/vrx_ws/install/share/ament_index/resource_index/package_run_dependencies/vrx_ros
[14.449s] -- Installing: /home/neofelis/vrx_ws/install/share/ament_index/resource_index/parent_prefix_path/vrx_ros
[14.449s] -- Installing: /home/neofelis/vrx_ws/install/share/vrx_ros/environment/ament_prefix_path.sh
[14.449s] -- Installing: /home/neofelis/vrx_ws/install/share/vrx_ros/environment/ament_prefix_path.dsv
[14.449s] -- Installing: /home/neofelis/vrx_ws/install/share/vrx_ros/environment/path.sh
[14.449s] -- Installing: /home/neofelis/vrx_ws/install/share/vrx_ros/environment/path.dsv
[14.449s] -- Installing: /home/neofelis/vrx_ws/install/share/vrx_ros/local_setup.bash
[14.449s] -- Installing: /home/neofelis/vrx_ws/install/share/vrx_ros/local_setup.sh
[14.449s] -- Installing: /home/neofelis/vrx_ws/install/share/vrx_ros/local_setup.zsh
[14.450s] -- Installing: /home/neofelis/vrx_ws/install/share/vrx_ros/local_setup.dsv
[14.450s] -- Installing: /home/neofelis/vrx_ws/install/share/vrx_ros/package.dsv
[14.450s] -- Installing: /home/neofelis/vrx_ws/install/share/ament_index/resource_index/packages/vrx_ros
[14.450s] -- Installing: /home/neofelis/vrx_ws/install/share/vrx_ros/cmake/vrx_rosConfig.cmake
[14.450s] -- Installing: /home/neofelis/vrx_ws/install/share/vrx_ros/cmake/vrx_rosConfig-version.cmake
[14.450s] -- Installing: /home/neofelis/vrx_ws/install/share/vrx_ros/package.xml
[14.451s] Invoked command in '/home/neofelis/vrx_ws/build/vrx_ros' returned '0': CMAKE_PREFIX_PATH=${CMAKE_PREFIX_PATH}:/opt/ros/humble CONDA_PROMPT_MODIFIER=(vrx) /usr/bin/cmake --install /home/neofelis/vrx_ws/build/vrx_ros
