[0.104s] DEBUG:colcon:Command line arguments: ['/usr/bin/colcon', 'build', '--merge-install']
[0.104s] DEBUG:colcon:Parsed command line arguments: Namespace(log_base=None, log_level=None, verb_name='build', build_base='build', install_base='install', merge_install=True, symlink_install=False, test_result_base=None, continue_on_error=False, executor='parallel', parallel_workers=16, event_handlers=None, ignore_user_meta=False, metas=['./colcon.meta'], base_paths=['.'], packages_ignore=None, packages_ignore_regex=None, paths=None, packages_up_to=None, packages_up_to_regex=None, packages_above=None, packages_above_and_dependencies=None, packages_above_depth=None, packages_select_by_dep=None, packages_skip_by_dep=None, packages_skip_up_to=None, packages_select_build_failed=False, packages_skip_build_finished=False, packages_select_test_failures=False, packages_skip_test_passed=False, packages_select=None, packages_skip=None, packages_select_regex=None, packages_skip_regex=None, packages_start=None, packages_end=None, allow_overriding=[], cmake_args=None, cmake_target=None, cmake_target_skip_unavailable=False, cmake_clean_cache=False, cmake_clean_first=False, cmake_force_configure=False, ament_cmake_args=None, catkin_cmake_args=None, catkin_skip_building_tests=False, verb_parser=<colcon_defaults.argument_parser.defaults.DefaultArgumentsDecorator object at 0x773e5a9f0400>, verb_extension=<colcon_core.verb.build.BuildVerb object at 0x773e5a9bfdc0>, main=<bound method BuildVerb.main of <colcon_core.verb.build.BuildVerb object at 0x773e5a9bfdc0>>)
[0.236s] Level 1:colcon.colcon_core.package_discovery:discover_packages(colcon_meta) check parameters
[0.236s] Level 1:colcon.colcon_core.package_discovery:discover_packages(recursive) check parameters
[0.236s] Level 1:colcon.colcon_core.package_discovery:discover_packages(ignore) check parameters
[0.236s] Level 1:colcon.colcon_core.package_discovery:discover_packages(path) check parameters
[0.236s] Level 1:colcon.colcon_core.package_discovery:discover_packages(colcon_meta) discover
[0.236s] Level 1:colcon.colcon_core.package_discovery:discover_packages(recursive) discover
[0.236s] INFO:colcon.colcon_core.package_discovery:Crawling recursively for packages in '/home/neofelis/vrx_ws'
[0.236s] Level 1:colcon.colcon_core.package_identification:_identify(.) by extensions ['ignore', 'ignore_ament_install']
[0.237s] Level 1:colcon.colcon_core.package_identification:_identify(.) by extension 'ignore'
[0.237s] Level 1:colcon.colcon_core.package_identification:_identify(.) by extension 'ignore_ament_install'
[0.237s] Level 1:colcon.colcon_core.package_identification:_identify(.) by extensions ['colcon_pkg']
[0.237s] Level 1:colcon.colcon_core.package_identification:_identify(.) by extension 'colcon_pkg'
[0.237s] Level 1:colcon.colcon_core.package_identification:_identify(.) by extensions ['colcon_meta']
[0.237s] Level 1:colcon.colcon_core.package_identification:_identify(.) by extension 'colcon_meta'
[0.237s] Level 1:colcon.colcon_core.package_identification:_identify(.) by extensions ['ros']
[0.237s] Level 1:colcon.colcon_core.package_identification:_identify(.) by extension 'ros'
[0.243s] Level 1:colcon.colcon_core.package_identification:_identify(.) by extensions ['cmake', 'python']
[0.243s] Level 1:colcon.colcon_core.package_identification:_identify(.) by extension 'cmake'
[0.243s] Level 1:colcon.colcon_core.package_identification:_identify(.) by extension 'python'
[0.243s] Level 1:colcon.colcon_core.package_identification:_identify(.) by extensions ['python_setup_py']
[0.243s] Level 1:colcon.colcon_core.package_identification:_identify(.) by extension 'python_setup_py'
[0.243s] Level 1:colcon.colcon_core.package_identification:_identify(build) by extensions ['ignore', 'ignore_ament_install']
[0.243s] Level 1:colcon.colcon_core.package_identification:_identify(build) by extension 'ignore'
[0.243s] Level 1:colcon.colcon_core.package_identification:_identify(build) ignored
[0.243s] Level 1:colcon.colcon_core.package_identification:_identify(install) by extensions ['ignore', 'ignore_ament_install']
[0.244s] Level 1:colcon.colcon_core.package_identification:_identify(install) by extension 'ignore'
[0.244s] Level 1:colcon.colcon_core.package_identification:_identify(install) ignored
[0.244s] Level 1:colcon.colcon_core.package_identification:_identify(log) by extensions ['ignore', 'ignore_ament_install']
[0.244s] Level 1:colcon.colcon_core.package_identification:_identify(log) by extension 'ignore'
[0.244s] Level 1:colcon.colcon_core.package_identification:_identify(log) ignored
[0.244s] Level 1:colcon.colcon_core.package_identification:_identify(my_wamv) by extensions ['ignore', 'ignore_ament_install']
[0.244s] Level 1:colcon.colcon_core.package_identification:_identify(my_wamv) by extension 'ignore'
[0.244s] Level 1:colcon.colcon_core.package_identification:_identify(my_wamv) by extension 'ignore_ament_install'
[0.244s] Level 1:colcon.colcon_core.package_identification:_identify(my_wamv) by extensions ['colcon_pkg']
[0.244s] Level 1:colcon.colcon_core.package_identification:_identify(my_wamv) by extension 'colcon_pkg'
[0.244s] Level 1:colcon.colcon_core.package_identification:_identify(my_wamv) by extensions ['colcon_meta']
[0.244s] Level 1:colcon.colcon_core.package_identification:_identify(my_wamv) by extension 'colcon_meta'
[0.244s] Level 1:colcon.colcon_core.package_identification:_identify(my_wamv) by extensions ['ros']
[0.244s] Level 1:colcon.colcon_core.package_identification:_identify(my_wamv) by extension 'ros'
[0.244s] Level 1:colcon.colcon_core.package_identification:_identify(my_wamv) by extensions ['cmake', 'python']
[0.244s] Level 1:colcon.colcon_core.package_identification:_identify(my_wamv) by extension 'cmake'
[0.244s] Level 1:colcon.colcon_core.package_identification:_identify(my_wamv) by extension 'python'
[0.244s] Level 1:colcon.colcon_core.package_identification:_identify(my_wamv) by extensions ['python_setup_py']
[0.244s] Level 1:colcon.colcon_core.package_identification:_identify(my_wamv) by extension 'python_setup_py'
[0.244s] Level 1:colcon.colcon_core.package_identification:_identify(my_wamv/build) by extensions ['ignore', 'ignore_ament_install']
[0.244s] Level 1:colcon.colcon_core.package_identification:_identify(my_wamv/build) by extension 'ignore'
[0.244s] Level 1:colcon.colcon_core.package_identification:_identify(my_wamv/build) ignored
[0.244s] Level 1:colcon.colcon_core.package_identification:_identify(my_wamv/install) by extensions ['ignore', 'ignore_ament_install']
[0.244s] Level 1:colcon.colcon_core.package_identification:_identify(my_wamv/install) by extension 'ignore'
[0.244s] Level 1:colcon.colcon_core.package_identification:_identify(my_wamv/install) ignored
[0.244s] Level 1:colcon.colcon_core.package_identification:_identify(my_wamv/log) by extensions ['ignore', 'ignore_ament_install']
[0.244s] Level 1:colcon.colcon_core.package_identification:_identify(my_wamv/log) by extension 'ignore'
[0.244s] Level 1:colcon.colcon_core.package_identification:_identify(my_wamv/log) ignored
[0.244s] Level 1:colcon.colcon_core.package_identification:_identify(my_wamv/meshes) by extensions ['ignore', 'ignore_ament_install']
[0.244s] Level 1:colcon.colcon_core.package_identification:_identify(my_wamv/meshes) by extension 'ignore'
[0.244s] Level 1:colcon.colcon_core.package_identification:_identify(my_wamv/meshes) by extension 'ignore_ament_install'
[0.244s] Level 1:colcon.colcon_core.package_identification:_identify(my_wamv/meshes) by extensions ['colcon_pkg']
[0.244s] Level 1:colcon.colcon_core.package_identification:_identify(my_wamv/meshes) by extension 'colcon_pkg'
[0.245s] Level 1:colcon.colcon_core.package_identification:_identify(my_wamv/meshes) by extensions ['colcon_meta']
[0.245s] Level 1:colcon.colcon_core.package_identification:_identify(my_wamv/meshes) by extension 'colcon_meta'
[0.245s] Level 1:colcon.colcon_core.package_identification:_identify(my_wamv/meshes) by extensions ['ros']
[0.245s] Level 1:colcon.colcon_core.package_identification:_identify(my_wamv/meshes) by extension 'ros'
[0.245s] Level 1:colcon.colcon_core.package_identification:_identify(my_wamv/meshes) by extensions ['cmake', 'python']
[0.245s] Level 1:colcon.colcon_core.package_identification:_identify(my_wamv/meshes) by extension 'cmake'
[0.245s] Level 1:colcon.colcon_core.package_identification:_identify(my_wamv/meshes) by extension 'python'
[0.245s] Level 1:colcon.colcon_core.package_identification:_identify(my_wamv/meshes) by extensions ['python_setup_py']
[0.245s] Level 1:colcon.colcon_core.package_identification:_identify(my_wamv/meshes) by extension 'python_setup_py'
[0.245s] Level 1:colcon.colcon_core.package_identification:_identify(my_wamv/meshes/build) by extensions ['ignore', 'ignore_ament_install']
[0.245s] Level 1:colcon.colcon_core.package_identification:_identify(my_wamv/meshes/build) by extension 'ignore'
[0.245s] Level 1:colcon.colcon_core.package_identification:_identify(my_wamv/meshes/build) ignored
[0.245s] Level 1:colcon.colcon_core.package_identification:_identify(my_wamv/meshes/install) by extensions ['ignore', 'ignore_ament_install']
[0.245s] Level 1:colcon.colcon_core.package_identification:_identify(my_wamv/meshes/install) by extension 'ignore'
[0.245s] Level 1:colcon.colcon_core.package_identification:_identify(my_wamv/meshes/install) ignored
[0.245s] Level 1:colcon.colcon_core.package_identification:_identify(my_wamv/meshes/log) by extensions ['ignore', 'ignore_ament_install']
[0.245s] Level 1:colcon.colcon_core.package_identification:_identify(my_wamv/meshes/log) by extension 'ignore'
[0.245s] Level 1:colcon.colcon_core.package_identification:_identify(my_wamv/meshes/log) ignored
[0.245s] Level 1:colcon.colcon_core.package_identification:_identify(src) by extensions ['ignore', 'ignore_ament_install']
[0.245s] Level 1:colcon.colcon_core.package_identification:_identify(src) by extension 'ignore'
[0.245s] Level 1:colcon.colcon_core.package_identification:_identify(src) by extension 'ignore_ament_install'
[0.245s] Level 1:colcon.colcon_core.package_identification:_identify(src) by extensions ['colcon_pkg']
[0.245s] Level 1:colcon.colcon_core.package_identification:_identify(src) by extension 'colcon_pkg'
[0.245s] Level 1:colcon.colcon_core.package_identification:_identify(src) by extensions ['colcon_meta']
[0.245s] Level 1:colcon.colcon_core.package_identification:_identify(src) by extension 'colcon_meta'
[0.245s] Level 1:colcon.colcon_core.package_identification:_identify(src) by extensions ['ros']
[0.245s] Level 1:colcon.colcon_core.package_identification:_identify(src) by extension 'ros'
[0.245s] Level 1:colcon.colcon_core.package_identification:_identify(src) by extensions ['cmake', 'python']
[0.245s] Level 1:colcon.colcon_core.package_identification:_identify(src) by extension 'cmake'
[0.245s] Level 1:colcon.colcon_core.package_identification:_identify(src) by extension 'python'
[0.245s] Level 1:colcon.colcon_core.package_identification:_identify(src) by extensions ['python_setup_py']
[0.245s] Level 1:colcon.colcon_core.package_identification:_identify(src) by extension 'python_setup_py'
[0.245s] Level 1:colcon.colcon_core.package_identification:_identify(src/vrx) by extensions ['ignore', 'ignore_ament_install']
[0.245s] Level 1:colcon.colcon_core.package_identification:_identify(src/vrx) by extension 'ignore'
[0.245s] Level 1:colcon.colcon_core.package_identification:_identify(src/vrx) by extension 'ignore_ament_install'
[0.245s] Level 1:colcon.colcon_core.package_identification:_identify(src/vrx) by extensions ['colcon_pkg']
[0.245s] Level 1:colcon.colcon_core.package_identification:_identify(src/vrx) by extension 'colcon_pkg'
[0.246s] Level 1:colcon.colcon_core.package_identification:_identify(src/vrx) by extensions ['colcon_meta']
[0.246s] Level 1:colcon.colcon_core.package_identification:_identify(src/vrx) by extension 'colcon_meta'
[0.246s] Level 1:colcon.colcon_core.package_identification:_identify(src/vrx) by extensions ['ros']
[0.246s] Level 1:colcon.colcon_core.package_identification:_identify(src/vrx) by extension 'ros'
[0.246s] Level 1:colcon.colcon_core.package_identification:_identify(src/vrx) by extensions ['cmake', 'python']
[0.246s] Level 1:colcon.colcon_core.package_identification:_identify(src/vrx) by extension 'cmake'
[0.246s] Level 1:colcon.colcon_core.package_identification:_identify(src/vrx) by extension 'python'
[0.246s] Level 1:colcon.colcon_core.package_identification:_identify(src/vrx) by extensions ['python_setup_py']
[0.246s] Level 1:colcon.colcon_core.package_identification:_identify(src/vrx) by extension 'python_setup_py'
[0.246s] Level 1:colcon.colcon_core.package_identification:_identify(src/vrx/images) by extensions ['ignore', 'ignore_ament_install']
[0.246s] Level 1:colcon.colcon_core.package_identification:_identify(src/vrx/images) by extension 'ignore'
[0.246s] Level 1:colcon.colcon_core.package_identification:_identify(src/vrx/images) by extension 'ignore_ament_install'
[0.246s] Level 1:colcon.colcon_core.package_identification:_identify(src/vrx/images) by extensions ['colcon_pkg']
[0.246s] Level 1:colcon.colcon_core.package_identification:_identify(src/vrx/images) by extension 'colcon_pkg'
[0.246s] Level 1:colcon.colcon_core.package_identification:_identify(src/vrx/images) by extensions ['colcon_meta']
[0.246s] Level 1:colcon.colcon_core.package_identification:_identify(src/vrx/images) by extension 'colcon_meta'
[0.246s] Level 1:colcon.colcon_core.package_identification:_identify(src/vrx/images) by extensions ['ros']
[0.246s] Level 1:colcon.colcon_core.package_identification:_identify(src/vrx/images) by extension 'ros'
[0.246s] Level 1:colcon.colcon_core.package_identification:_identify(src/vrx/images) by extensions ['cmake', 'python']
[0.246s] Level 1:colcon.colcon_core.package_identification:_identify(src/vrx/images) by extension 'cmake'
[0.246s] Level 1:colcon.colcon_core.package_identification:_identify(src/vrx/images) by extension 'python'
[0.246s] Level 1:colcon.colcon_core.package_identification:_identify(src/vrx/images) by extensions ['python_setup_py']
[0.246s] Level 1:colcon.colcon_core.package_identification:_identify(src/vrx/images) by extension 'python_setup_py'
[0.246s] Level 1:colcon.colcon_core.package_identification:_identify(src/vrx/vrx_gz) by extensions ['ignore', 'ignore_ament_install']
[0.246s] Level 1:colcon.colcon_core.package_identification:_identify(src/vrx/vrx_gz) by extension 'ignore'
[0.246s] Level 1:colcon.colcon_core.package_identification:_identify(src/vrx/vrx_gz) by extension 'ignore_ament_install'
[0.246s] Level 1:colcon.colcon_core.package_identification:_identify(src/vrx/vrx_gz) by extensions ['colcon_pkg']
[0.246s] Level 1:colcon.colcon_core.package_identification:_identify(src/vrx/vrx_gz) by extension 'colcon_pkg'
[0.246s] Level 1:colcon.colcon_core.package_identification:_identify(src/vrx/vrx_gz) by extensions ['colcon_meta']
[0.246s] Level 1:colcon.colcon_core.package_identification:_identify(src/vrx/vrx_gz) by extension 'colcon_meta'
[0.246s] Level 1:colcon.colcon_core.package_identification:_identify(src/vrx/vrx_gz) by extensions ['ros']
[0.246s] Level 1:colcon.colcon_core.package_identification:_identify(src/vrx/vrx_gz) by extension 'ros'
[0.248s] DEBUG:colcon.colcon_core.package_identification:Package 'src/vrx/vrx_gz' with type 'ros.ament_cmake' and name 'vrx_gz'
[0.248s] Level 1:colcon.colcon_core.package_identification:_identify(src/vrx/vrx_ros) by extensions ['ignore', 'ignore_ament_install']
[0.248s] Level 1:colcon.colcon_core.package_identification:_identify(src/vrx/vrx_ros) by extension 'ignore'
[0.248s] Level 1:colcon.colcon_core.package_identification:_identify(src/vrx/vrx_ros) by extension 'ignore_ament_install'
[0.248s] Level 1:colcon.colcon_core.package_identification:_identify(src/vrx/vrx_ros) by extensions ['colcon_pkg']
[0.248s] Level 1:colcon.colcon_core.package_identification:_identify(src/vrx/vrx_ros) by extension 'colcon_pkg'
[0.248s] Level 1:colcon.colcon_core.package_identification:_identify(src/vrx/vrx_ros) by extensions ['colcon_meta']
[0.248s] Level 1:colcon.colcon_core.package_identification:_identify(src/vrx/vrx_ros) by extension 'colcon_meta'
[0.248s] Level 1:colcon.colcon_core.package_identification:_identify(src/vrx/vrx_ros) by extensions ['ros']
[0.248s] Level 1:colcon.colcon_core.package_identification:_identify(src/vrx/vrx_ros) by extension 'ros'
[0.249s] DEBUG:colcon.colcon_core.package_identification:Package 'src/vrx/vrx_ros' with type 'ros.ament_cmake' and name 'vrx_ros'
[0.249s] Level 1:colcon.colcon_core.package_identification:_identify(src/vrx/vrx_urdf) by extensions ['ignore', 'ignore_ament_install']
[0.249s] Level 1:colcon.colcon_core.package_identification:_identify(src/vrx/vrx_urdf) by extension 'ignore'
[0.249s] Level 1:colcon.colcon_core.package_identification:_identify(src/vrx/vrx_urdf) by extension 'ignore_ament_install'
[0.249s] Level 1:colcon.colcon_core.package_identification:_identify(src/vrx/vrx_urdf) by extensions ['colcon_pkg']
[0.249s] Level 1:colcon.colcon_core.package_identification:_identify(src/vrx/vrx_urdf) by extension 'colcon_pkg'
[0.249s] Level 1:colcon.colcon_core.package_identification:_identify(src/vrx/vrx_urdf) by extensions ['colcon_meta']
[0.249s] Level 1:colcon.colcon_core.package_identification:_identify(src/vrx/vrx_urdf) by extension 'colcon_meta'
[0.249s] Level 1:colcon.colcon_core.package_identification:_identify(src/vrx/vrx_urdf) by extensions ['ros']
[0.249s] Level 1:colcon.colcon_core.package_identification:_identify(src/vrx/vrx_urdf) by extension 'ros'
[0.249s] Level 1:colcon.colcon_core.package_identification:_identify(src/vrx/vrx_urdf) by extensions ['cmake', 'python']
[0.249s] Level 1:colcon.colcon_core.package_identification:_identify(src/vrx/vrx_urdf) by extension 'cmake'
[0.249s] Level 1:colcon.colcon_core.package_identification:_identify(src/vrx/vrx_urdf) by extension 'python'
[0.249s] Level 1:colcon.colcon_core.package_identification:_identify(src/vrx/vrx_urdf) by extensions ['python_setup_py']
[0.249s] Level 1:colcon.colcon_core.package_identification:_identify(src/vrx/vrx_urdf) by extension 'python_setup_py'
[0.249s] Level 1:colcon.colcon_core.package_identification:_identify(src/vrx/vrx_urdf/vrx_gazebo) by extensions ['ignore', 'ignore_ament_install']
[0.250s] Level 1:colcon.colcon_core.package_identification:_identify(src/vrx/vrx_urdf/vrx_gazebo) by extension 'ignore'
[0.250s] Level 1:colcon.colcon_core.package_identification:_identify(src/vrx/vrx_urdf/vrx_gazebo) by extension 'ignore_ament_install'
[0.250s] Level 1:colcon.colcon_core.package_identification:_identify(src/vrx/vrx_urdf/vrx_gazebo) by extensions ['colcon_pkg']
[0.250s] Level 1:colcon.colcon_core.package_identification:_identify(src/vrx/vrx_urdf/vrx_gazebo) by extension 'colcon_pkg'
[0.250s] Level 1:colcon.colcon_core.package_identification:_identify(src/vrx/vrx_urdf/vrx_gazebo) by extensions ['colcon_meta']
[0.250s] Level 1:colcon.colcon_core.package_identification:_identify(src/vrx/vrx_urdf/vrx_gazebo) by extension 'colcon_meta'
[0.250s] Level 1:colcon.colcon_core.package_identification:_identify(src/vrx/vrx_urdf/vrx_gazebo) by extensions ['ros']
[0.250s] Level 1:colcon.colcon_core.package_identification:_identify(src/vrx/vrx_urdf/vrx_gazebo) by extension 'ros'
[0.250s] DEBUG:colcon.colcon_core.package_identification:Package 'src/vrx/vrx_urdf/vrx_gazebo' with type 'ros.ament_cmake' and name 'vrx_gazebo'
[0.250s] Level 1:colcon.colcon_core.package_identification:_identify(src/vrx/vrx_urdf/wamv_description) by extensions ['ignore', 'ignore_ament_install']
[0.250s] Level 1:colcon.colcon_core.package_identification:_identify(src/vrx/vrx_urdf/wamv_description) by extension 'ignore'
[0.250s] Level 1:colcon.colcon_core.package_identification:_identify(src/vrx/vrx_urdf/wamv_description) by extension 'ignore_ament_install'
[0.250s] Level 1:colcon.colcon_core.package_identification:_identify(src/vrx/vrx_urdf/wamv_description) by extensions ['colcon_pkg']
[0.250s] Level 1:colcon.colcon_core.package_identification:_identify(src/vrx/vrx_urdf/wamv_description) by extension 'colcon_pkg'
[0.250s] Level 1:colcon.colcon_core.package_identification:_identify(src/vrx/vrx_urdf/wamv_description) by extensions ['colcon_meta']
[0.250s] Level 1:colcon.colcon_core.package_identification:_identify(src/vrx/vrx_urdf/wamv_description) by extension 'colcon_meta'
[0.250s] Level 1:colcon.colcon_core.package_identification:_identify(src/vrx/vrx_urdf/wamv_description) by extensions ['ros']
[0.250s] Level 1:colcon.colcon_core.package_identification:_identify(src/vrx/vrx_urdf/wamv_description) by extension 'ros'
[0.251s] DEBUG:colcon.colcon_core.package_identification:Package 'src/vrx/vrx_urdf/wamv_description' with type 'ros.ament_cmake' and name 'wamv_description'
[0.251s] Level 1:colcon.colcon_core.package_identification:_identify(src/vrx/vrx_urdf/wamv_gazebo) by extensions ['ignore', 'ignore_ament_install']
[0.251s] Level 1:colcon.colcon_core.package_identification:_identify(src/vrx/vrx_urdf/wamv_gazebo) by extension 'ignore'
[0.251s] Level 1:colcon.colcon_core.package_identification:_identify(src/vrx/vrx_urdf/wamv_gazebo) by extension 'ignore_ament_install'
[0.251s] Level 1:colcon.colcon_core.package_identification:_identify(src/vrx/vrx_urdf/wamv_gazebo) by extensions ['colcon_pkg']
[0.251s] Level 1:colcon.colcon_core.package_identification:_identify(src/vrx/vrx_urdf/wamv_gazebo) by extension 'colcon_pkg'
[0.251s] Level 1:colcon.colcon_core.package_identification:_identify(src/vrx/vrx_urdf/wamv_gazebo) by extensions ['colcon_meta']
[0.251s] Level 1:colcon.colcon_core.package_identification:_identify(src/vrx/vrx_urdf/wamv_gazebo) by extension 'colcon_meta'
[0.251s] Level 1:colcon.colcon_core.package_identification:_identify(src/vrx/vrx_urdf/wamv_gazebo) by extensions ['ros']
[0.251s] Level 1:colcon.colcon_core.package_identification:_identify(src/vrx/vrx_urdf/wamv_gazebo) by extension 'ros'
[0.252s] DEBUG:colcon.colcon_core.package_identification:Package 'src/vrx/vrx_urdf/wamv_gazebo' with type 'ros.ament_cmake' and name 'wamv_gazebo'
[0.252s] Level 1:colcon.colcon_core.package_discovery:discover_packages(recursive) using defaults
[0.252s] Level 1:colcon.colcon_core.package_discovery:discover_packages(ignore) discover
[0.252s] Level 1:colcon.colcon_core.package_discovery:discover_packages(ignore) using defaults
[0.252s] Level 1:colcon.colcon_core.package_discovery:discover_packages(path) discover
[0.252s] Level 1:colcon.colcon_core.package_discovery:discover_packages(path) using defaults
[0.272s] Level 1:colcon.colcon_core.package_discovery:discover_packages(prefix_path) check parameters
[0.272s] Level 1:colcon.colcon_core.package_discovery:discover_packages(prefix_path) discover
[0.274s] DEBUG:colcon.colcon_installed_package_information.package_discovery:Found 331 installed packages in /opt/ros/humble
[0.275s] Level 1:colcon.colcon_core.package_discovery:discover_packages(prefix_path) using defaults
[0.298s] Level 5:colcon.colcon_core.verb:set package 'vrx_gazebo' build argument 'cmake_args' from command line to 'None'
[0.298s] Level 5:colcon.colcon_core.verb:set package 'vrx_gazebo' build argument 'cmake_target' from command line to 'None'
[0.298s] Level 5:colcon.colcon_core.verb:set package 'vrx_gazebo' build argument 'cmake_target_skip_unavailable' from command line to 'False'
[0.298s] Level 5:colcon.colcon_core.verb:set package 'vrx_gazebo' build argument 'cmake_clean_cache' from command line to 'False'
[0.298s] Level 5:colcon.colcon_core.verb:set package 'vrx_gazebo' build argument 'cmake_clean_first' from command line to 'False'
[0.298s] Level 5:colcon.colcon_core.verb:set package 'vrx_gazebo' build argument 'cmake_force_configure' from command line to 'False'
[0.298s] Level 5:colcon.colcon_core.verb:set package 'vrx_gazebo' build argument 'ament_cmake_args' from command line to 'None'
[0.298s] Level 5:colcon.colcon_core.verb:set package 'vrx_gazebo' build argument 'catkin_cmake_args' from command line to 'None'
[0.298s] Level 5:colcon.colcon_core.verb:set package 'vrx_gazebo' build argument 'catkin_skip_building_tests' from command line to 'False'
[0.298s] DEBUG:colcon.colcon_core.verb:Building package 'vrx_gazebo' with the following arguments: {'ament_cmake_args': None, 'build_base': '/home/neofelis/vrx_ws/build/vrx_gazebo', 'catkin_cmake_args': None, 'catkin_skip_building_tests': False, 'cmake_args': None, 'cmake_clean_cache': False, 'cmake_clean_first': False, 'cmake_force_configure': False, 'cmake_target': None, 'cmake_target_skip_unavailable': False, 'install_base': '/home/neofelis/vrx_ws/install', 'merge_install': True, 'path': '/home/neofelis/vrx_ws/src/vrx/vrx_urdf/vrx_gazebo', 'symlink_install': False, 'test_result_base': None}
[0.298s] Level 5:colcon.colcon_core.verb:set package 'vrx_ros' build argument 'cmake_args' from command line to 'None'
[0.298s] Level 5:colcon.colcon_core.verb:set package 'vrx_ros' build argument 'cmake_target' from command line to 'None'
[0.298s] Level 5:colcon.colcon_core.verb:set package 'vrx_ros' build argument 'cmake_target_skip_unavailable' from command line to 'False'
[0.298s] Level 5:colcon.colcon_core.verb:set package 'vrx_ros' build argument 'cmake_clean_cache' from command line to 'False'
[0.298s] Level 5:colcon.colcon_core.verb:set package 'vrx_ros' build argument 'cmake_clean_first' from command line to 'False'
[0.298s] Level 5:colcon.colcon_core.verb:set package 'vrx_ros' build argument 'cmake_force_configure' from command line to 'False'
[0.298s] Level 5:colcon.colcon_core.verb:set package 'vrx_ros' build argument 'ament_cmake_args' from command line to 'None'
[0.298s] Level 5:colcon.colcon_core.verb:set package 'vrx_ros' build argument 'catkin_cmake_args' from command line to 'None'
[0.298s] Level 5:colcon.colcon_core.verb:set package 'vrx_ros' build argument 'catkin_skip_building_tests' from command line to 'False'
[0.298s] DEBUG:colcon.colcon_core.verb:Building package 'vrx_ros' with the following arguments: {'ament_cmake_args': None, 'build_base': '/home/neofelis/vrx_ws/build/vrx_ros', 'catkin_cmake_args': None, 'catkin_skip_building_tests': False, 'cmake_args': None, 'cmake_clean_cache': False, 'cmake_clean_first': False, 'cmake_force_configure': False, 'cmake_target': None, 'cmake_target_skip_unavailable': False, 'install_base': '/home/neofelis/vrx_ws/install', 'merge_install': True, 'path': '/home/neofelis/vrx_ws/src/vrx/vrx_ros', 'symlink_install': False, 'test_result_base': None}
[0.299s] Level 5:colcon.colcon_core.verb:set package 'vrx_gz' build argument 'cmake_args' from command line to 'None'
[0.299s] Level 5:colcon.colcon_core.verb:set package 'vrx_gz' build argument 'cmake_target' from command line to 'None'
[0.299s] Level 5:colcon.colcon_core.verb:set package 'vrx_gz' build argument 'cmake_target_skip_unavailable' from command line to 'False'
[0.299s] Level 5:colcon.colcon_core.verb:set package 'vrx_gz' build argument 'cmake_clean_cache' from command line to 'False'
[0.299s] Level 5:colcon.colcon_core.verb:set package 'vrx_gz' build argument 'cmake_clean_first' from command line to 'False'
[0.299s] Level 5:colcon.colcon_core.verb:set package 'vrx_gz' build argument 'cmake_force_configure' from command line to 'False'
[0.299s] Level 5:colcon.colcon_core.verb:set package 'vrx_gz' build argument 'ament_cmake_args' from command line to 'None'
[0.299s] Level 5:colcon.colcon_core.verb:set package 'vrx_gz' build argument 'catkin_cmake_args' from command line to 'None'
[0.299s] Level 5:colcon.colcon_core.verb:set package 'vrx_gz' build argument 'catkin_skip_building_tests' from command line to 'False'
[0.299s] DEBUG:colcon.colcon_core.verb:Building package 'vrx_gz' with the following arguments: {'ament_cmake_args': None, 'build_base': '/home/neofelis/vrx_ws/build/vrx_gz', 'catkin_cmake_args': None, 'catkin_skip_building_tests': False, 'cmake_args': None, 'cmake_clean_cache': False, 'cmake_clean_first': False, 'cmake_force_configure': False, 'cmake_target': None, 'cmake_target_skip_unavailable': False, 'install_base': '/home/neofelis/vrx_ws/install', 'merge_install': True, 'path': '/home/neofelis/vrx_ws/src/vrx/vrx_gz', 'symlink_install': False, 'test_result_base': None}
[0.299s] Level 5:colcon.colcon_core.verb:set package 'wamv_description' build argument 'cmake_args' from command line to 'None'
[0.299s] Level 5:colcon.colcon_core.verb:set package 'wamv_description' build argument 'cmake_target' from command line to 'None'
[0.299s] Level 5:colcon.colcon_core.verb:set package 'wamv_description' build argument 'cmake_target_skip_unavailable' from command line to 'False'
[0.299s] Level 5:colcon.colcon_core.verb:set package 'wamv_description' build argument 'cmake_clean_cache' from command line to 'False'
[0.299s] Level 5:colcon.colcon_core.verb:set package 'wamv_description' build argument 'cmake_clean_first' from command line to 'False'
[0.299s] Level 5:colcon.colcon_core.verb:set package 'wamv_description' build argument 'cmake_force_configure' from command line to 'False'
[0.299s] Level 5:colcon.colcon_core.verb:set package 'wamv_description' build argument 'ament_cmake_args' from command line to 'None'
[0.299s] Level 5:colcon.colcon_core.verb:set package 'wamv_description' build argument 'catkin_cmake_args' from command line to 'None'
[0.299s] Level 5:colcon.colcon_core.verb:set package 'wamv_description' build argument 'catkin_skip_building_tests' from command line to 'False'
[0.299s] DEBUG:colcon.colcon_core.verb:Building package 'wamv_description' with the following arguments: {'ament_cmake_args': None, 'build_base': '/home/neofelis/vrx_ws/build/wamv_description', 'catkin_cmake_args': None, 'catkin_skip_building_tests': False, 'cmake_args': None, 'cmake_clean_cache': False, 'cmake_clean_first': False, 'cmake_force_configure': False, 'cmake_target': None, 'cmake_target_skip_unavailable': False, 'install_base': '/home/neofelis/vrx_ws/install', 'merge_install': True, 'path': '/home/neofelis/vrx_ws/src/vrx/vrx_urdf/wamv_description', 'symlink_install': False, 'test_result_base': None}
[0.299s] Level 5:colcon.colcon_core.verb:set package 'wamv_gazebo' build argument 'cmake_args' from command line to 'None'
[0.299s] Level 5:colcon.colcon_core.verb:set package 'wamv_gazebo' build argument 'cmake_target' from command line to 'None'
[0.299s] Level 5:colcon.colcon_core.verb:set package 'wamv_gazebo' build argument 'cmake_target_skip_unavailable' from command line to 'False'
[0.299s] Level 5:colcon.colcon_core.verb:set package 'wamv_gazebo' build argument 'cmake_clean_cache' from command line to 'False'
[0.299s] Level 5:colcon.colcon_core.verb:set package 'wamv_gazebo' build argument 'cmake_clean_first' from command line to 'False'
[0.299s] Level 5:colcon.colcon_core.verb:set package 'wamv_gazebo' build argument 'cmake_force_configure' from command line to 'False'
[0.299s] Level 5:colcon.colcon_core.verb:set package 'wamv_gazebo' build argument 'ament_cmake_args' from command line to 'None'
[0.299s] Level 5:colcon.colcon_core.verb:set package 'wamv_gazebo' build argument 'catkin_cmake_args' from command line to 'None'
[0.299s] Level 5:colcon.colcon_core.verb:set package 'wamv_gazebo' build argument 'catkin_skip_building_tests' from command line to 'False'
[0.299s] DEBUG:colcon.colcon_core.verb:Building package 'wamv_gazebo' with the following arguments: {'ament_cmake_args': None, 'build_base': '/home/neofelis/vrx_ws/build/wamv_gazebo', 'catkin_cmake_args': None, 'catkin_skip_building_tests': False, 'cmake_args': None, 'cmake_clean_cache': False, 'cmake_clean_first': False, 'cmake_force_configure': False, 'cmake_target': None, 'cmake_target_skip_unavailable': False, 'install_base': '/home/neofelis/vrx_ws/install', 'merge_install': True, 'path': '/home/neofelis/vrx_ws/src/vrx/vrx_urdf/wamv_gazebo', 'symlink_install': False, 'test_result_base': None}
[0.299s] INFO:colcon.colcon_core.executor:Executing jobs using 'parallel' executor
[0.300s] DEBUG:colcon.colcon_parallel_executor.executor.parallel:run_until_complete
[0.300s] INFO:colcon.colcon_ros.task.ament_cmake.build:Building ROS package in '/home/neofelis/vrx_ws/src/vrx/vrx_urdf/vrx_gazebo' with build type 'ament_cmake'
[0.300s] INFO:colcon.colcon_cmake.task.cmake.build:Building CMake package in '/home/neofelis/vrx_ws/src/vrx/vrx_urdf/vrx_gazebo'
[0.303s] INFO:colcon.colcon_core.plugin_system:Skipping extension 'colcon_core.shell.bat': Not used on non-Windows systems
[0.303s] INFO:colcon.colcon_core.shell:Skip shell extension 'powershell' for command environment: Not usable outside of PowerShell
[0.303s] DEBUG:colcon.colcon_core.shell:Skip shell extension 'dsv' for command environment
[0.304s] INFO:colcon.colcon_ros.task.ament_cmake.build:Building ROS package in '/home/neofelis/vrx_ws/src/vrx/vrx_ros' with build type 'ament_cmake'
[0.305s] INFO:colcon.colcon_cmake.task.cmake.build:Building CMake package in '/home/neofelis/vrx_ws/src/vrx/vrx_ros'
[0.305s] INFO:colcon.colcon_core.shell:Skip shell extension 'powershell' for command environment: Not usable outside of PowerShell
[0.305s] DEBUG:colcon.colcon_core.shell:Skip shell extension 'dsv' for command environment
[0.309s] DEBUG:colcon.colcon_core.event_handler.log_command:Invoking command in '/home/neofelis/vrx_ws/build/vrx_gazebo': CMAKE_PREFIX_PATH=/opt/ros/humble /usr/bin/cmake --build /home/neofelis/vrx_ws/build/vrx_gazebo -- -j16 -l16
[0.312s] DEBUG:colcon.colcon_core.event_handler.log_command:Invoking command in '/home/neofelis/vrx_ws/build/vrx_ros': CMAKE_PREFIX_PATH=/opt/ros/humble /usr/bin/cmake --build /home/neofelis/vrx_ws/build/vrx_ros -- -j16 -l16
[0.377s] DEBUG:colcon.colcon_core.event_handler.log_command:Invoked command in '/home/neofelis/vrx_ws/build/vrx_ros' returned '0': CMAKE_PREFIX_PATH=/opt/ros/humble /usr/bin/cmake --build /home/neofelis/vrx_ws/build/vrx_ros -- -j16 -l16
[0.383s] DEBUG:colcon.colcon_core.event_handler.log_command:Invoking command in '/home/neofelis/vrx_ws/build/vrx_ros': CMAKE_PREFIX_PATH=/opt/ros/humble /usr/bin/cmake --install /home/neofelis/vrx_ws/build/vrx_ros
[0.389s] Level 1:colcon.colcon_core.environment:create_environment_scripts_only(vrx_ros)
[0.389s] DEBUG:colcon.colcon_core.event_handler.log_command:Invoked command in '/home/neofelis/vrx_ws/build/vrx_ros' returned '0': CMAKE_PREFIX_PATH=/opt/ros/humble /usr/bin/cmake --install /home/neofelis/vrx_ws/build/vrx_ros
[0.392s] Level 1:colcon.colcon_core.environment:checking '/home/neofelis/vrx_ws/install' for CMake module files
[0.392s] Level 1:colcon.colcon_core.environment:checking '/home/neofelis/vrx_ws/install' for CMake config files
[0.393s] Level 1:colcon.colcon_core.shell:create_environment_hook('vrx_ros', 'cmake_prefix_path')
[0.393s] INFO:colcon.colcon_core.shell:Creating environment hook '/home/neofelis/vrx_ws/install/share/vrx_ros/hook/cmake_prefix_path.ps1'
[0.393s] INFO:colcon.colcon_core.shell:Creating environment descriptor '/home/neofelis/vrx_ws/install/share/vrx_ros/hook/cmake_prefix_path.dsv'
[0.394s] INFO:colcon.colcon_core.shell:Creating environment hook '/home/neofelis/vrx_ws/install/share/vrx_ros/hook/cmake_prefix_path.sh'
[0.394s] Level 1:colcon.colcon_core.environment:checking '/home/neofelis/vrx_ws/install/lib'
[0.394s] Level 1:colcon.colcon_core.shell:create_environment_hook('vrx_ros', 'ld_library_path_lib')
[0.394s] INFO:colcon.colcon_core.shell:Creating environment hook '/home/neofelis/vrx_ws/install/share/vrx_ros/hook/ld_library_path_lib.ps1'
[0.395s] INFO:colcon.colcon_core.shell:Creating environment descriptor '/home/neofelis/vrx_ws/install/share/vrx_ros/hook/ld_library_path_lib.dsv'
[0.395s] INFO:colcon.colcon_core.shell:Creating environment hook '/home/neofelis/vrx_ws/install/share/vrx_ros/hook/ld_library_path_lib.sh'
[0.395s] Level 1:colcon.colcon_core.environment:checking '/home/neofelis/vrx_ws/install/bin'
[0.395s] Level 1:colcon.colcon_core.environment:checking '/home/neofelis/vrx_ws/install/lib/pkgconfig/vrx_ros.pc'
[0.395s] Level 1:colcon.colcon_core.environment:checking '/home/neofelis/vrx_ws/install/lib/python3.10/site-packages'
[0.395s] Level 1:colcon.colcon_core.environment:checking '/home/neofelis/vrx_ws/install/bin'
[0.396s] INFO:colcon.colcon_core.shell:Creating package script '/home/neofelis/vrx_ws/install/share/vrx_ros/package.ps1'
[0.396s] INFO:colcon.colcon_core.shell:Creating package descriptor '/home/neofelis/vrx_ws/install/share/vrx_ros/package.dsv'
[0.397s] INFO:colcon.colcon_core.shell:Creating package script '/home/neofelis/vrx_ws/install/share/vrx_ros/package.sh'
[0.397s] INFO:colcon.colcon_core.shell:Creating package script '/home/neofelis/vrx_ws/install/share/vrx_ros/package.bash'
[0.398s] INFO:colcon.colcon_core.shell:Creating package script '/home/neofelis/vrx_ws/install/share/vrx_ros/package.zsh'
[0.398s] Level 1:colcon.colcon_core.environment:create_file_with_runtime_dependencies(/home/neofelis/vrx_ws/install/share/colcon-core/packages/vrx_ros)
[0.399s] Level 1:colcon.colcon_core.environment:create_environment_scripts_only(vrx_ros)
[0.399s] Level 1:colcon.colcon_core.environment:checking '/home/neofelis/vrx_ws/install' for CMake module files
[0.399s] Level 1:colcon.colcon_core.environment:checking '/home/neofelis/vrx_ws/install' for CMake config files
[0.399s] Level 1:colcon.colcon_core.shell:create_environment_hook('vrx_ros', 'cmake_prefix_path')
[0.399s] INFO:colcon.colcon_core.shell:Creating environment hook '/home/neofelis/vrx_ws/install/share/vrx_ros/hook/cmake_prefix_path.ps1'
[0.400s] INFO:colcon.colcon_core.shell:Creating environment descriptor '/home/neofelis/vrx_ws/install/share/vrx_ros/hook/cmake_prefix_path.dsv'
[0.400s] INFO:colcon.colcon_core.shell:Creating environment hook '/home/neofelis/vrx_ws/install/share/vrx_ros/hook/cmake_prefix_path.sh'
[0.400s] Level 1:colcon.colcon_core.environment:checking '/home/neofelis/vrx_ws/install/lib'
[0.400s] Level 1:colcon.colcon_core.shell:create_environment_hook('vrx_ros', 'ld_library_path_lib')
[0.400s] INFO:colcon.colcon_core.shell:Creating environment hook '/home/neofelis/vrx_ws/install/share/vrx_ros/hook/ld_library_path_lib.ps1'
[0.401s] INFO:colcon.colcon_core.shell:Creating environment descriptor '/home/neofelis/vrx_ws/install/share/vrx_ros/hook/ld_library_path_lib.dsv'
[0.401s] INFO:colcon.colcon_core.shell:Creating environment hook '/home/neofelis/vrx_ws/install/share/vrx_ros/hook/ld_library_path_lib.sh'
[0.401s] Level 1:colcon.colcon_core.environment:checking '/home/neofelis/vrx_ws/install/bin'
[0.401s] Level 1:colcon.colcon_core.environment:checking '/home/neofelis/vrx_ws/install/lib/pkgconfig/vrx_ros.pc'
[0.401s] Level 1:colcon.colcon_core.environment:checking '/home/neofelis/vrx_ws/install/lib/python3.10/site-packages'
[0.401s] Level 1:colcon.colcon_core.environment:checking '/home/neofelis/vrx_ws/install/bin'
[0.401s] INFO:colcon.colcon_core.shell:Creating package script '/home/neofelis/vrx_ws/install/share/vrx_ros/package.ps1'
[0.402s] INFO:colcon.colcon_core.shell:Creating package descriptor '/home/neofelis/vrx_ws/install/share/vrx_ros/package.dsv'
[0.402s] INFO:colcon.colcon_core.shell:Creating package script '/home/neofelis/vrx_ws/install/share/vrx_ros/package.sh'
[0.402s] INFO:colcon.colcon_core.shell:Creating package script '/home/neofelis/vrx_ws/install/share/vrx_ros/package.bash'
[0.402s] INFO:colcon.colcon_core.shell:Creating package script '/home/neofelis/vrx_ws/install/share/vrx_ros/package.zsh'
[0.402s] Level 1:colcon.colcon_core.environment:create_file_with_runtime_dependencies(/home/neofelis/vrx_ws/install/share/colcon-core/packages/vrx_ros)
[0.403s] INFO:colcon.colcon_ros.task.ament_cmake.build:Building ROS package in '/home/neofelis/vrx_ws/src/vrx/vrx_gz' with build type 'ament_cmake'
[0.403s] INFO:colcon.colcon_cmake.task.cmake.build:Building CMake package in '/home/neofelis/vrx_ws/src/vrx/vrx_gz'
[0.403s] INFO:colcon.colcon_core.shell:Skip shell extension 'powershell' for command environment: Not usable outside of PowerShell
[0.403s] DEBUG:colcon.colcon_core.shell:Skip shell extension 'dsv' for command environment
[0.409s] DEBUG:colcon.colcon_core.event_handler.log_command:Invoking command in '/home/neofelis/vrx_ws/build/vrx_gz': AMENT_PREFIX_PATH=/home/neofelis/vrx_ws/install:${AMENT_PREFIX_PATH} CMAKE_PREFIX_PATH=/home/neofelis/vrx_ws/install:/opt/ros/humble LD_LIBRARY_PATH=/home/neofelis/vrx_ws/install/lib:${LD_LIBRARY_PATH} /usr/bin/cmake --build /home/neofelis/vrx_ws/build/vrx_gz -- -j16 -l16
[0.560s] DEBUG:colcon.colcon_core.event_handler.log_command:Invoked command in '/home/neofelis/vrx_ws/build/vrx_gazebo' returned '0': CMAKE_PREFIX_PATH=/opt/ros/humble /usr/bin/cmake --build /home/neofelis/vrx_ws/build/vrx_gazebo -- -j16 -l16
[0.561s] DEBUG:colcon.colcon_core.event_handler.log_command:Invoking command in '/home/neofelis/vrx_ws/build/vrx_gazebo': CMAKE_PREFIX_PATH=/opt/ros/humble /usr/bin/cmake --install /home/neofelis/vrx_ws/build/vrx_gazebo
[0.591s] Level 1:colcon.colcon_core.environment:create_environment_scripts_only(vrx_gazebo)
[0.591s] Level 1:colcon.colcon_core.environment:checking '/home/neofelis/vrx_ws/install' for CMake module files
[0.591s] DEBUG:colcon.colcon_core.event_handler.log_command:Invoked command in '/home/neofelis/vrx_ws/build/vrx_gazebo' returned '0': CMAKE_PREFIX_PATH=/opt/ros/humble /usr/bin/cmake --install /home/neofelis/vrx_ws/build/vrx_gazebo
[0.592s] Level 1:colcon.colcon_core.environment:checking '/home/neofelis/vrx_ws/install' for CMake config files
[0.592s] Level 1:colcon.colcon_core.shell:create_environment_hook('vrx_gazebo', 'cmake_prefix_path')
[0.592s] INFO:colcon.colcon_core.shell:Creating environment hook '/home/neofelis/vrx_ws/install/share/vrx_gazebo/hook/cmake_prefix_path.ps1'
[0.592s] INFO:colcon.colcon_core.shell:Creating environment descriptor '/home/neofelis/vrx_ws/install/share/vrx_gazebo/hook/cmake_prefix_path.dsv'
[0.593s] INFO:colcon.colcon_core.shell:Creating environment hook '/home/neofelis/vrx_ws/install/share/vrx_gazebo/hook/cmake_prefix_path.sh'
[0.593s] Level 1:colcon.colcon_core.environment:checking '/home/neofelis/vrx_ws/install/lib'
[0.593s] Level 1:colcon.colcon_core.shell:create_environment_hook('vrx_gazebo', 'ld_library_path_lib')
[0.593s] INFO:colcon.colcon_core.shell:Creating environment hook '/home/neofelis/vrx_ws/install/share/vrx_gazebo/hook/ld_library_path_lib.ps1'
[0.593s] INFO:colcon.colcon_core.shell:Creating environment descriptor '/home/neofelis/vrx_ws/install/share/vrx_gazebo/hook/ld_library_path_lib.dsv'
[0.593s] INFO:colcon.colcon_core.shell:Creating environment hook '/home/neofelis/vrx_ws/install/share/vrx_gazebo/hook/ld_library_path_lib.sh'
[0.594s] Level 1:colcon.colcon_core.environment:checking '/home/neofelis/vrx_ws/install/bin'
[0.594s] Level 1:colcon.colcon_core.environment:checking '/home/neofelis/vrx_ws/install/lib/pkgconfig/vrx_gazebo.pc'
[0.594s] Level 1:colcon.colcon_core.environment:checking '/home/neofelis/vrx_ws/install/lib/python3.10/site-packages'
[0.594s] Level 1:colcon.colcon_core.environment:checking '/home/neofelis/vrx_ws/install/bin'
[0.594s] INFO:colcon.colcon_core.shell:Creating package script '/home/neofelis/vrx_ws/install/share/vrx_gazebo/package.ps1'
[0.594s] INFO:colcon.colcon_core.shell:Creating package descriptor '/home/neofelis/vrx_ws/install/share/vrx_gazebo/package.dsv'
[0.595s] INFO:colcon.colcon_core.shell:Creating package script '/home/neofelis/vrx_ws/install/share/vrx_gazebo/package.sh'
[0.595s] INFO:colcon.colcon_core.shell:Creating package script '/home/neofelis/vrx_ws/install/share/vrx_gazebo/package.bash'
[0.595s] INFO:colcon.colcon_core.shell:Creating package script '/home/neofelis/vrx_ws/install/share/vrx_gazebo/package.zsh'
[0.595s] Level 1:colcon.colcon_core.environment:create_file_with_runtime_dependencies(/home/neofelis/vrx_ws/install/share/colcon-core/packages/vrx_gazebo)
[0.595s] Level 1:colcon.colcon_core.environment:create_environment_scripts_only(vrx_gazebo)
[0.596s] Level 1:colcon.colcon_core.environment:checking '/home/neofelis/vrx_ws/install' for CMake module files
[0.596s] Level 1:colcon.colcon_core.environment:checking '/home/neofelis/vrx_ws/install' for CMake config files
[0.596s] Level 1:colcon.colcon_core.shell:create_environment_hook('vrx_gazebo', 'cmake_prefix_path')
[0.596s] INFO:colcon.colcon_core.shell:Creating environment hook '/home/neofelis/vrx_ws/install/share/vrx_gazebo/hook/cmake_prefix_path.ps1'
[0.596s] INFO:colcon.colcon_core.shell:Creating environment descriptor '/home/neofelis/vrx_ws/install/share/vrx_gazebo/hook/cmake_prefix_path.dsv'
[0.596s] INFO:colcon.colcon_core.shell:Creating environment hook '/home/neofelis/vrx_ws/install/share/vrx_gazebo/hook/cmake_prefix_path.sh'
[0.597s] Level 1:colcon.colcon_core.environment:checking '/home/neofelis/vrx_ws/install/lib'
[0.597s] Level 1:colcon.colcon_core.shell:create_environment_hook('vrx_gazebo', 'ld_library_path_lib')
[0.597s] INFO:colcon.colcon_core.shell:Creating environment hook '/home/neofelis/vrx_ws/install/share/vrx_gazebo/hook/ld_library_path_lib.ps1'
[0.597s] INFO:colcon.colcon_core.shell:Creating environment descriptor '/home/neofelis/vrx_ws/install/share/vrx_gazebo/hook/ld_library_path_lib.dsv'
[0.597s] INFO:colcon.colcon_core.shell:Creating environment hook '/home/neofelis/vrx_ws/install/share/vrx_gazebo/hook/ld_library_path_lib.sh'
[0.597s] Level 1:colcon.colcon_core.environment:checking '/home/neofelis/vrx_ws/install/bin'
[0.598s] Level 1:colcon.colcon_core.environment:checking '/home/neofelis/vrx_ws/install/lib/pkgconfig/vrx_gazebo.pc'
[0.598s] Level 1:colcon.colcon_core.environment:checking '/home/neofelis/vrx_ws/install/lib/python3.10/site-packages'
[0.598s] Level 1:colcon.colcon_core.environment:checking '/home/neofelis/vrx_ws/install/bin'
[0.598s] INFO:colcon.colcon_core.shell:Creating package script '/home/neofelis/vrx_ws/install/share/vrx_gazebo/package.ps1'
[0.598s] INFO:colcon.colcon_core.shell:Creating package descriptor '/home/neofelis/vrx_ws/install/share/vrx_gazebo/package.dsv'
[0.598s] INFO:colcon.colcon_core.shell:Creating package script '/home/neofelis/vrx_ws/install/share/vrx_gazebo/package.sh'
[0.599s] INFO:colcon.colcon_core.shell:Creating package script '/home/neofelis/vrx_ws/install/share/vrx_gazebo/package.bash'
[0.599s] INFO:colcon.colcon_core.shell:Creating package script '/home/neofelis/vrx_ws/install/share/vrx_gazebo/package.zsh'
[0.599s] Level 1:colcon.colcon_core.environment:create_file_with_runtime_dependencies(/home/neofelis/vrx_ws/install/share/colcon-core/packages/vrx_gazebo)
[0.599s] INFO:colcon.colcon_ros.task.ament_cmake.build:Building ROS package in '/home/neofelis/vrx_ws/src/vrx/vrx_urdf/wamv_description' with build type 'ament_cmake'
[0.599s] INFO:colcon.colcon_cmake.task.cmake.build:Building CMake package in '/home/neofelis/vrx_ws/src/vrx/vrx_urdf/wamv_description'
[0.599s] INFO:colcon.colcon_core.shell:Skip shell extension 'powershell' for command environment: Not usable outside of PowerShell
[0.600s] DEBUG:colcon.colcon_core.shell:Skip shell extension 'dsv' for command environment
[0.606s] DEBUG:colcon.colcon_core.event_handler.log_command:Invoking command in '/home/neofelis/vrx_ws/build/wamv_description': AMENT_PREFIX_PATH=/home/neofelis/vrx_ws/install:${AMENT_PREFIX_PATH} CMAKE_PREFIX_PATH=/home/neofelis/vrx_ws/install:/opt/ros/humble GZ_SIM_RESOURCE_PATH=/home/neofelis/vrx_ws/install/share/vrx_gazebo/models:/home/neofelis/vrx_ws/install/share LD_LIBRARY_PATH=/home/neofelis/vrx_ws/install/lib:${LD_LIBRARY_PATH} PYTHONPATH=/home/neofelis/vrx_ws/install/local/lib/python3.10/dist-packages:${PYTHONPATH} /usr/bin/cmake --build /home/neofelis/vrx_ws/build/wamv_description -- -j16 -l16
[0.643s] DEBUG:colcon.colcon_core.event_handler.log_command:Invoked command in '/home/neofelis/vrx_ws/build/wamv_description' returned '0': AMENT_PREFIX_PATH=/home/neofelis/vrx_ws/install:${AMENT_PREFIX_PATH} CMAKE_PREFIX_PATH=/home/neofelis/vrx_ws/install:/opt/ros/humble GZ_SIM_RESOURCE_PATH=/home/neofelis/vrx_ws/install/share/vrx_gazebo/models:/home/neofelis/vrx_ws/install/share LD_LIBRARY_PATH=/home/neofelis/vrx_ws/install/lib:${LD_LIBRARY_PATH} PYTHONPATH=/home/neofelis/vrx_ws/install/local/lib/python3.10/dist-packages:${PYTHONPATH} /usr/bin/cmake --build /home/neofelis/vrx_ws/build/wamv_description -- -j16 -l16
[0.644s] DEBUG:colcon.colcon_core.event_handler.log_command:Invoking command in '/home/neofelis/vrx_ws/build/wamv_description': AMENT_PREFIX_PATH=/home/neofelis/vrx_ws/install:${AMENT_PREFIX_PATH} CMAKE_PREFIX_PATH=/home/neofelis/vrx_ws/install:/opt/ros/humble GZ_SIM_RESOURCE_PATH=/home/neofelis/vrx_ws/install/share/vrx_gazebo/models:/home/neofelis/vrx_ws/install/share LD_LIBRARY_PATH=/home/neofelis/vrx_ws/install/lib:${LD_LIBRARY_PATH} PYTHONPATH=/home/neofelis/vrx_ws/install/local/lib/python3.10/dist-packages:${PYTHONPATH} /usr/bin/cmake --install /home/neofelis/vrx_ws/build/wamv_description
[0.651s] Level 1:colcon.colcon_core.environment:create_environment_scripts_only(wamv_description)
[0.651s] Level 1:colcon.colcon_core.environment:checking '/home/neofelis/vrx_ws/install' for CMake module files
[0.652s] DEBUG:colcon.colcon_core.event_handler.log_command:Invoked command in '/home/neofelis/vrx_ws/build/wamv_description' returned '0': AMENT_PREFIX_PATH=/home/neofelis/vrx_ws/install:${AMENT_PREFIX_PATH} CMAKE_PREFIX_PATH=/home/neofelis/vrx_ws/install:/opt/ros/humble GZ_SIM_RESOURCE_PATH=/home/neofelis/vrx_ws/install/share/vrx_gazebo/models:/home/neofelis/vrx_ws/install/share LD_LIBRARY_PATH=/home/neofelis/vrx_ws/install/lib:${LD_LIBRARY_PATH} PYTHONPATH=/home/neofelis/vrx_ws/install/local/lib/python3.10/dist-packages:${PYTHONPATH} /usr/bin/cmake --install /home/neofelis/vrx_ws/build/wamv_description
[0.652s] Level 1:colcon.colcon_core.environment:checking '/home/neofelis/vrx_ws/install' for CMake config files
[0.652s] Level 1:colcon.colcon_core.shell:create_environment_hook('wamv_description', 'cmake_prefix_path')
[0.652s] INFO:colcon.colcon_core.shell:Creating environment hook '/home/neofelis/vrx_ws/install/share/wamv_description/hook/cmake_prefix_path.ps1'
[0.652s] INFO:colcon.colcon_core.shell:Creating environment descriptor '/home/neofelis/vrx_ws/install/share/wamv_description/hook/cmake_prefix_path.dsv'
[0.653s] INFO:colcon.colcon_core.shell:Creating environment hook '/home/neofelis/vrx_ws/install/share/wamv_description/hook/cmake_prefix_path.sh'
[0.653s] Level 1:colcon.colcon_core.environment:checking '/home/neofelis/vrx_ws/install/lib'
[0.653s] Level 1:colcon.colcon_core.shell:create_environment_hook('wamv_description', 'ld_library_path_lib')
[0.653s] INFO:colcon.colcon_core.shell:Creating environment hook '/home/neofelis/vrx_ws/install/share/wamv_description/hook/ld_library_path_lib.ps1'
[0.653s] INFO:colcon.colcon_core.shell:Creating environment descriptor '/home/neofelis/vrx_ws/install/share/wamv_description/hook/ld_library_path_lib.dsv'
[0.654s] INFO:colcon.colcon_core.shell:Creating environment hook '/home/neofelis/vrx_ws/install/share/wamv_description/hook/ld_library_path_lib.sh'
[0.654s] Level 1:colcon.colcon_core.environment:checking '/home/neofelis/vrx_ws/install/bin'
[0.654s] Level 1:colcon.colcon_core.environment:checking '/home/neofelis/vrx_ws/install/lib/pkgconfig/wamv_description.pc'
[0.654s] Level 1:colcon.colcon_core.environment:checking '/home/neofelis/vrx_ws/install/lib/python3.10/site-packages'
[0.654s] Level 1:colcon.colcon_core.environment:checking '/home/neofelis/vrx_ws/install/bin'
[0.654s] INFO:colcon.colcon_core.shell:Creating package script '/home/neofelis/vrx_ws/install/share/wamv_description/package.ps1'
[0.655s] INFO:colcon.colcon_core.shell:Creating package descriptor '/home/neofelis/vrx_ws/install/share/wamv_description/package.dsv'
[0.655s] INFO:colcon.colcon_core.shell:Creating package script '/home/neofelis/vrx_ws/install/share/wamv_description/package.sh'
[0.655s] INFO:colcon.colcon_core.shell:Creating package script '/home/neofelis/vrx_ws/install/share/wamv_description/package.bash'
[0.655s] INFO:colcon.colcon_core.shell:Creating package script '/home/neofelis/vrx_ws/install/share/wamv_description/package.zsh'
[0.656s] Level 1:colcon.colcon_core.environment:create_file_with_runtime_dependencies(/home/neofelis/vrx_ws/install/share/colcon-core/packages/wamv_description)
[0.656s] Level 1:colcon.colcon_core.environment:create_environment_scripts_only(wamv_description)
[0.656s] Level 1:colcon.colcon_core.environment:checking '/home/neofelis/vrx_ws/install' for CMake module files
[0.656s] Level 1:colcon.colcon_core.environment:checking '/home/neofelis/vrx_ws/install' for CMake config files
[0.657s] Level 1:colcon.colcon_core.shell:create_environment_hook('wamv_description', 'cmake_prefix_path')
[0.657s] INFO:colcon.colcon_core.shell:Creating environment hook '/home/neofelis/vrx_ws/install/share/wamv_description/hook/cmake_prefix_path.ps1'
[0.657s] INFO:colcon.colcon_core.shell:Creating environment descriptor '/home/neofelis/vrx_ws/install/share/wamv_description/hook/cmake_prefix_path.dsv'
[0.657s] INFO:colcon.colcon_core.shell:Creating environment hook '/home/neofelis/vrx_ws/install/share/wamv_description/hook/cmake_prefix_path.sh'
[0.657s] Level 1:colcon.colcon_core.environment:checking '/home/neofelis/vrx_ws/install/lib'
[0.657s] Level 1:colcon.colcon_core.shell:create_environment_hook('wamv_description', 'ld_library_path_lib')
[0.658s] INFO:colcon.colcon_core.shell:Creating environment hook '/home/neofelis/vrx_ws/install/share/wamv_description/hook/ld_library_path_lib.ps1'
[0.658s] INFO:colcon.colcon_core.shell:Creating environment descriptor '/home/neofelis/vrx_ws/install/share/wamv_description/hook/ld_library_path_lib.dsv'
[0.658s] INFO:colcon.colcon_core.shell:Creating environment hook '/home/neofelis/vrx_ws/install/share/wamv_description/hook/ld_library_path_lib.sh'
[0.658s] Level 1:colcon.colcon_core.environment:checking '/home/neofelis/vrx_ws/install/bin'
[0.658s] Level 1:colcon.colcon_core.environment:checking '/home/neofelis/vrx_ws/install/lib/pkgconfig/wamv_description.pc'
[0.658s] Level 1:colcon.colcon_core.environment:checking '/home/neofelis/vrx_ws/install/lib/python3.10/site-packages'
[0.658s] Level 1:colcon.colcon_core.environment:checking '/home/neofelis/vrx_ws/install/bin'
[0.659s] INFO:colcon.colcon_core.shell:Creating package script '/home/neofelis/vrx_ws/install/share/wamv_description/package.ps1'
[0.659s] INFO:colcon.colcon_core.shell:Creating package descriptor '/home/neofelis/vrx_ws/install/share/wamv_description/package.dsv'
[0.659s] INFO:colcon.colcon_core.shell:Creating package script '/home/neofelis/vrx_ws/install/share/wamv_description/package.sh'
[0.660s] INFO:colcon.colcon_core.shell:Creating package script '/home/neofelis/vrx_ws/install/share/wamv_description/package.bash'
[0.660s] INFO:colcon.colcon_core.shell:Creating package script '/home/neofelis/vrx_ws/install/share/wamv_description/package.zsh'
[0.660s] Level 1:colcon.colcon_core.environment:create_file_with_runtime_dependencies(/home/neofelis/vrx_ws/install/share/colcon-core/packages/wamv_description)
[0.660s] INFO:colcon.colcon_ros.task.ament_cmake.build:Building ROS package in '/home/neofelis/vrx_ws/src/vrx/vrx_urdf/wamv_gazebo' with build type 'ament_cmake'
[0.660s] INFO:colcon.colcon_cmake.task.cmake.build:Building CMake package in '/home/neofelis/vrx_ws/src/vrx/vrx_urdf/wamv_gazebo'
[0.660s] INFO:colcon.colcon_core.shell:Skip shell extension 'powershell' for command environment: Not usable outside of PowerShell
[0.660s] DEBUG:colcon.colcon_core.shell:Skip shell extension 'dsv' for command environment
[0.663s] DEBUG:colcon.colcon_core.event_handler.log_command:Invoked command in '/home/neofelis/vrx_ws/build/vrx_gz' returned '0': AMENT_PREFIX_PATH=/home/neofelis/vrx_ws/install:${AMENT_PREFIX_PATH} CMAKE_PREFIX_PATH=/home/neofelis/vrx_ws/install:/opt/ros/humble LD_LIBRARY_PATH=/home/neofelis/vrx_ws/install/lib:${LD_LIBRARY_PATH} /usr/bin/cmake --build /home/neofelis/vrx_ws/build/vrx_gz -- -j16 -l16
[0.664s] DEBUG:colcon.colcon_core.event_handler.log_command:Invoking command in '/home/neofelis/vrx_ws/build/vrx_gz': AMENT_PREFIX_PATH=/home/neofelis/vrx_ws/install:${AMENT_PREFIX_PATH} CMAKE_PREFIX_PATH=/home/neofelis/vrx_ws/install:/opt/ros/humble LD_LIBRARY_PATH=/home/neofelis/vrx_ws/install/lib:${LD_LIBRARY_PATH} /usr/bin/cmake --install /home/neofelis/vrx_ws/build/vrx_gz
[0.666s] DEBUG:colcon.colcon_core.event_handler.log_command:Invoking command in '/home/neofelis/vrx_ws/build/wamv_gazebo': AMENT_PREFIX_PATH=/home/neofelis/vrx_ws/install:${AMENT_PREFIX_PATH} CMAKE_PREFIX_PATH=/home/neofelis/vrx_ws/install:/opt/ros/humble GZ_SIM_RESOURCE_PATH=/home/neofelis/vrx_ws/install/share/wamv_description/models:/home/neofelis/vrx_ws/install/share/vrx_gazebo/models:/home/neofelis/vrx_ws/install/share LD_LIBRARY_PATH=/home/neofelis/vrx_ws/install/lib:${LD_LIBRARY_PATH} PYTHONPATH=/home/neofelis/vrx_ws/install/local/lib/python3.10/dist-packages:${PYTHONPATH} /usr/bin/cmake --build /home/neofelis/vrx_ws/build/wamv_gazebo -- -j16 -l16
[0.687s] DEBUG:colcon.colcon_core.event_handler.log_command:Invoked command in '/home/neofelis/vrx_ws/build/wamv_gazebo' returned '0': AMENT_PREFIX_PATH=/home/neofelis/vrx_ws/install:${AMENT_PREFIX_PATH} CMAKE_PREFIX_PATH=/home/neofelis/vrx_ws/install:/opt/ros/humble GZ_SIM_RESOURCE_PATH=/home/neofelis/vrx_ws/install/share/wamv_description/models:/home/neofelis/vrx_ws/install/share/vrx_gazebo/models:/home/neofelis/vrx_ws/install/share LD_LIBRARY_PATH=/home/neofelis/vrx_ws/install/lib:${LD_LIBRARY_PATH} PYTHONPATH=/home/neofelis/vrx_ws/install/local/lib/python3.10/dist-packages:${PYTHONPATH} /usr/bin/cmake --build /home/neofelis/vrx_ws/build/wamv_gazebo -- -j16 -l16
[0.688s] DEBUG:colcon.colcon_core.event_handler.log_command:Invoking command in '/home/neofelis/vrx_ws/build/wamv_gazebo': AMENT_PREFIX_PATH=/home/neofelis/vrx_ws/install:${AMENT_PREFIX_PATH} CMAKE_PREFIX_PATH=/home/neofelis/vrx_ws/install:/opt/ros/humble GZ_SIM_RESOURCE_PATH=/home/neofelis/vrx_ws/install/share/wamv_description/models:/home/neofelis/vrx_ws/install/share/vrx_gazebo/models:/home/neofelis/vrx_ws/install/share LD_LIBRARY_PATH=/home/neofelis/vrx_ws/install/lib:${LD_LIBRARY_PATH} PYTHONPATH=/home/neofelis/vrx_ws/install/local/lib/python3.10/dist-packages:${PYTHONPATH} /usr/bin/cmake --install /home/neofelis/vrx_ws/build/wamv_gazebo
[0.694s] Level 1:colcon.colcon_core.environment:create_environment_scripts_only(wamv_gazebo)
[0.695s] DEBUG:colcon.colcon_core.event_handler.log_command:Invoked command in '/home/neofelis/vrx_ws/build/wamv_gazebo' returned '0': AMENT_PREFIX_PATH=/home/neofelis/vrx_ws/install:${AMENT_PREFIX_PATH} CMAKE_PREFIX_PATH=/home/neofelis/vrx_ws/install:/opt/ros/humble GZ_SIM_RESOURCE_PATH=/home/neofelis/vrx_ws/install/share/wamv_description/models:/home/neofelis/vrx_ws/install/share/vrx_gazebo/models:/home/neofelis/vrx_ws/install/share LD_LIBRARY_PATH=/home/neofelis/vrx_ws/install/lib:${LD_LIBRARY_PATH} PYTHONPATH=/home/neofelis/vrx_ws/install/local/lib/python3.10/dist-packages:${PYTHONPATH} /usr/bin/cmake --install /home/neofelis/vrx_ws/build/wamv_gazebo
[0.695s] Level 1:colcon.colcon_core.environment:checking '/home/neofelis/vrx_ws/install' for CMake module files
[0.695s] Level 1:colcon.colcon_core.environment:checking '/home/neofelis/vrx_ws/install' for CMake config files
[0.696s] Level 1:colcon.colcon_core.shell:create_environment_hook('wamv_gazebo', 'cmake_prefix_path')
[0.696s] INFO:colcon.colcon_core.shell:Creating environment hook '/home/neofelis/vrx_ws/install/share/wamv_gazebo/hook/cmake_prefix_path.ps1'
[0.696s] INFO:colcon.colcon_core.shell:Creating environment descriptor '/home/neofelis/vrx_ws/install/share/wamv_gazebo/hook/cmake_prefix_path.dsv'
[0.696s] INFO:colcon.colcon_core.shell:Creating environment hook '/home/neofelis/vrx_ws/install/share/wamv_gazebo/hook/cmake_prefix_path.sh'
[0.697s] Level 1:colcon.colcon_core.environment:checking '/home/neofelis/vrx_ws/install/lib'
[0.697s] Level 1:colcon.colcon_core.shell:create_environment_hook('wamv_gazebo', 'ld_library_path_lib')
[0.697s] INFO:colcon.colcon_core.shell:Creating environment hook '/home/neofelis/vrx_ws/install/share/wamv_gazebo/hook/ld_library_path_lib.ps1'
[0.697s] INFO:colcon.colcon_core.shell:Creating environment descriptor '/home/neofelis/vrx_ws/install/share/wamv_gazebo/hook/ld_library_path_lib.dsv'
[0.697s] INFO:colcon.colcon_core.shell:Creating environment hook '/home/neofelis/vrx_ws/install/share/wamv_gazebo/hook/ld_library_path_lib.sh'
[0.697s] Level 1:colcon.colcon_core.environment:checking '/home/neofelis/vrx_ws/install/bin'
[0.697s] Level 1:colcon.colcon_core.environment:checking '/home/neofelis/vrx_ws/install/lib/pkgconfig/wamv_gazebo.pc'
[0.698s] Level 1:colcon.colcon_core.environment:checking '/home/neofelis/vrx_ws/install/lib/python3.10/site-packages'
[0.698s] Level 1:colcon.colcon_core.environment:checking '/home/neofelis/vrx_ws/install/bin'
[0.698s] INFO:colcon.colcon_core.shell:Creating package script '/home/neofelis/vrx_ws/install/share/wamv_gazebo/package.ps1'
[0.698s] INFO:colcon.colcon_core.shell:Creating package descriptor '/home/neofelis/vrx_ws/install/share/wamv_gazebo/package.dsv'
[0.699s] INFO:colcon.colcon_core.shell:Creating package script '/home/neofelis/vrx_ws/install/share/wamv_gazebo/package.sh'
[0.699s] INFO:colcon.colcon_core.shell:Creating package script '/home/neofelis/vrx_ws/install/share/wamv_gazebo/package.bash'
[0.699s] INFO:colcon.colcon_core.shell:Creating package script '/home/neofelis/vrx_ws/install/share/wamv_gazebo/package.zsh'
[0.699s] Level 1:colcon.colcon_core.environment:create_file_with_runtime_dependencies(/home/neofelis/vrx_ws/install/share/colcon-core/packages/wamv_gazebo)
[0.699s] Level 1:colcon.colcon_core.environment:create_environment_scripts_only(wamv_gazebo)
[0.700s] Level 1:colcon.colcon_core.environment:checking '/home/neofelis/vrx_ws/install' for CMake module files
[0.700s] Level 1:colcon.colcon_core.environment:checking '/home/neofelis/vrx_ws/install' for CMake config files
[0.700s] Level 1:colcon.colcon_core.shell:create_environment_hook('wamv_gazebo', 'cmake_prefix_path')
[0.700s] INFO:colcon.colcon_core.shell:Creating environment hook '/home/neofelis/vrx_ws/install/share/wamv_gazebo/hook/cmake_prefix_path.ps1'
[0.701s] INFO:colcon.colcon_core.shell:Creating environment descriptor '/home/neofelis/vrx_ws/install/share/wamv_gazebo/hook/cmake_prefix_path.dsv'
[0.701s] INFO:colcon.colcon_core.shell:Creating environment hook '/home/neofelis/vrx_ws/install/share/wamv_gazebo/hook/cmake_prefix_path.sh'
[0.702s] Level 1:colcon.colcon_core.environment:checking '/home/neofelis/vrx_ws/install/lib'
[0.703s] Level 1:colcon.colcon_core.shell:create_environment_hook('wamv_gazebo', 'ld_library_path_lib')
[0.703s] INFO:colcon.colcon_core.shell:Creating environment hook '/home/neofelis/vrx_ws/install/share/wamv_gazebo/hook/ld_library_path_lib.ps1'
[0.707s] INFO:colcon.colcon_core.shell:Creating environment descriptor '/home/neofelis/vrx_ws/install/share/wamv_gazebo/hook/ld_library_path_lib.dsv'
[0.710s] INFO:colcon.colcon_core.shell:Creating environment hook '/home/neofelis/vrx_ws/install/share/wamv_gazebo/hook/ld_library_path_lib.sh'
[0.710s] Level 1:colcon.colcon_core.environment:checking '/home/neofelis/vrx_ws/install/bin'
[0.710s] Level 1:colcon.colcon_core.environment:checking '/home/neofelis/vrx_ws/install/lib/pkgconfig/wamv_gazebo.pc'
[0.710s] Level 1:colcon.colcon_core.environment:checking '/home/neofelis/vrx_ws/install/lib/python3.10/site-packages'
[0.710s] Level 1:colcon.colcon_core.environment:checking '/home/neofelis/vrx_ws/install/bin'
[0.710s] INFO:colcon.colcon_core.shell:Creating package script '/home/neofelis/vrx_ws/install/share/wamv_gazebo/package.ps1'
[0.711s] INFO:colcon.colcon_core.shell:Creating package descriptor '/home/neofelis/vrx_ws/install/share/wamv_gazebo/package.dsv'
[0.711s] INFO:colcon.colcon_core.shell:Creating package script '/home/neofelis/vrx_ws/install/share/wamv_gazebo/package.sh'
[0.711s] INFO:colcon.colcon_core.shell:Creating package script '/home/neofelis/vrx_ws/install/share/wamv_gazebo/package.bash'
[0.711s] INFO:colcon.colcon_core.shell:Creating package script '/home/neofelis/vrx_ws/install/share/wamv_gazebo/package.zsh'
[0.712s] Level 1:colcon.colcon_core.environment:create_file_with_runtime_dependencies(/home/neofelis/vrx_ws/install/share/colcon-core/packages/wamv_gazebo)
[0.712s] Level 1:colcon.colcon_core.environment:create_environment_scripts_only(vrx_gz)
[0.712s] Level 1:colcon.colcon_core.environment:checking '/home/neofelis/vrx_ws/install' for CMake module files
[0.713s] DEBUG:colcon.colcon_core.event_handler.log_command:Invoked command in '/home/neofelis/vrx_ws/build/vrx_gz' returned '0': AMENT_PREFIX_PATH=/home/neofelis/vrx_ws/install:${AMENT_PREFIX_PATH} CMAKE_PREFIX_PATH=/home/neofelis/vrx_ws/install:/opt/ros/humble LD_LIBRARY_PATH=/home/neofelis/vrx_ws/install/lib:${LD_LIBRARY_PATH} /usr/bin/cmake --install /home/neofelis/vrx_ws/build/vrx_gz
[0.713s] Level 1:colcon.colcon_core.environment:checking '/home/neofelis/vrx_ws/install' for CMake config files
[0.713s] Level 1:colcon.colcon_core.shell:create_environment_hook('vrx_gz', 'cmake_prefix_path')
[0.713s] INFO:colcon.colcon_core.shell:Creating environment hook '/home/neofelis/vrx_ws/install/share/vrx_gz/hook/cmake_prefix_path.ps1'
[0.713s] INFO:colcon.colcon_core.shell:Creating environment descriptor '/home/neofelis/vrx_ws/install/share/vrx_gz/hook/cmake_prefix_path.dsv'
[0.714s] INFO:colcon.colcon_core.shell:Creating environment hook '/home/neofelis/vrx_ws/install/share/vrx_gz/hook/cmake_prefix_path.sh'
[0.714s] Level 1:colcon.colcon_core.environment:checking '/home/neofelis/vrx_ws/install/lib'
[0.714s] Level 1:colcon.colcon_core.shell:create_environment_hook('vrx_gz', 'ld_library_path_lib')
[0.714s] INFO:colcon.colcon_core.shell:Creating environment hook '/home/neofelis/vrx_ws/install/share/vrx_gz/hook/ld_library_path_lib.ps1'
[0.714s] INFO:colcon.colcon_core.shell:Creating environment descriptor '/home/neofelis/vrx_ws/install/share/vrx_gz/hook/ld_library_path_lib.dsv'
[0.714s] INFO:colcon.colcon_core.shell:Creating environment hook '/home/neofelis/vrx_ws/install/share/vrx_gz/hook/ld_library_path_lib.sh'
[0.715s] Level 1:colcon.colcon_core.environment:checking '/home/neofelis/vrx_ws/install/bin'
[0.715s] Level 1:colcon.colcon_core.environment:checking '/home/neofelis/vrx_ws/install/lib/pkgconfig/vrx_gz.pc'
[0.715s] Level 1:colcon.colcon_core.environment:checking '/home/neofelis/vrx_ws/install/lib/python3.10/site-packages'
[0.715s] Level 1:colcon.colcon_core.environment:checking '/home/neofelis/vrx_ws/install/bin'
[0.715s] INFO:colcon.colcon_core.shell:Creating package script '/home/neofelis/vrx_ws/install/share/vrx_gz/package.ps1'
[0.715s] INFO:colcon.colcon_core.shell:Creating package descriptor '/home/neofelis/vrx_ws/install/share/vrx_gz/package.dsv'
[0.716s] INFO:colcon.colcon_core.shell:Creating package script '/home/neofelis/vrx_ws/install/share/vrx_gz/package.sh'
[0.716s] INFO:colcon.colcon_core.shell:Creating package script '/home/neofelis/vrx_ws/install/share/vrx_gz/package.bash'
[0.716s] INFO:colcon.colcon_core.shell:Creating package script '/home/neofelis/vrx_ws/install/share/vrx_gz/package.zsh'
[0.716s] Level 1:colcon.colcon_core.environment:create_file_with_runtime_dependencies(/home/neofelis/vrx_ws/install/share/colcon-core/packages/vrx_gz)
[0.716s] Level 1:colcon.colcon_core.environment:create_environment_scripts_only(vrx_gz)
[0.717s] Level 1:colcon.colcon_core.environment:checking '/home/neofelis/vrx_ws/install' for CMake module files
[0.717s] Level 1:colcon.colcon_core.environment:checking '/home/neofelis/vrx_ws/install' for CMake config files
[0.717s] Level 1:colcon.colcon_core.shell:create_environment_hook('vrx_gz', 'cmake_prefix_path')
[0.717s] INFO:colcon.colcon_core.shell:Creating environment hook '/home/neofelis/vrx_ws/install/share/vrx_gz/hook/cmake_prefix_path.ps1'
[0.717s] INFO:colcon.colcon_core.shell:Creating environment descriptor '/home/neofelis/vrx_ws/install/share/vrx_gz/hook/cmake_prefix_path.dsv'
[0.718s] INFO:colcon.colcon_core.shell:Creating environment hook '/home/neofelis/vrx_ws/install/share/vrx_gz/hook/cmake_prefix_path.sh'
[0.718s] Level 1:colcon.colcon_core.environment:checking '/home/neofelis/vrx_ws/install/lib'
[0.718s] Level 1:colcon.colcon_core.shell:create_environment_hook('vrx_gz', 'ld_library_path_lib')
[0.718s] INFO:colcon.colcon_core.shell:Creating environment hook '/home/neofelis/vrx_ws/install/share/vrx_gz/hook/ld_library_path_lib.ps1'
[0.718s] INFO:colcon.colcon_core.shell:Creating environment descriptor '/home/neofelis/vrx_ws/install/share/vrx_gz/hook/ld_library_path_lib.dsv'
[0.718s] INFO:colcon.colcon_core.shell:Creating environment hook '/home/neofelis/vrx_ws/install/share/vrx_gz/hook/ld_library_path_lib.sh'
[0.719s] Level 1:colcon.colcon_core.environment:checking '/home/neofelis/vrx_ws/install/bin'
[0.719s] Level 1:colcon.colcon_core.environment:checking '/home/neofelis/vrx_ws/install/lib/pkgconfig/vrx_gz.pc'
[0.719s] Level 1:colcon.colcon_core.environment:checking '/home/neofelis/vrx_ws/install/lib/python3.10/site-packages'
[0.719s] Level 1:colcon.colcon_core.environment:checking '/home/neofelis/vrx_ws/install/bin'
[0.719s] INFO:colcon.colcon_core.shell:Creating package script '/home/neofelis/vrx_ws/install/share/vrx_gz/package.ps1'
[0.719s] INFO:colcon.colcon_core.shell:Creating package descriptor '/home/neofelis/vrx_ws/install/share/vrx_gz/package.dsv'
[0.720s] INFO:colcon.colcon_core.shell:Creating package script '/home/neofelis/vrx_ws/install/share/vrx_gz/package.sh'
[0.720s] INFO:colcon.colcon_core.shell:Creating package script '/home/neofelis/vrx_ws/install/share/vrx_gz/package.bash'
[0.720s] INFO:colcon.colcon_core.shell:Creating package script '/home/neofelis/vrx_ws/install/share/vrx_gz/package.zsh'
[0.720s] Level 1:colcon.colcon_core.environment:create_file_with_runtime_dependencies(/home/neofelis/vrx_ws/install/share/colcon-core/packages/vrx_gz)
[0.720s] DEBUG:colcon.colcon_parallel_executor.executor.parallel:closing loop
[0.721s] DEBUG:colcon.colcon_parallel_executor.executor.parallel:loop closed
[0.721s] DEBUG:colcon.colcon_parallel_executor.executor.parallel:run_until_complete finished with '0'
[0.721s] DEBUG:colcon.colcon_core.event_reactor:joining thread
[0.725s] INFO:colcon.colcon_core.plugin_system:Skipping extension 'colcon_notification.desktop_notification.terminal_notifier': Not used on non-Darwin systems
[0.725s] INFO:colcon.colcon_core.plugin_system:Skipping extension 'colcon_notification.desktop_notification.win32': Not used on non-Windows systems
[0.725s] INFO:colcon.colcon_notification.desktop_notification:Sending desktop notification using 'notify2'
[0.734s] DEBUG:colcon.colcon_core.event_reactor:joined thread
[0.734s] INFO:colcon.colcon_core.shell:Creating prefix script '/home/neofelis/vrx_ws/install/local_setup.ps1'
[0.735s] INFO:colcon.colcon_core.shell:Creating prefix util module '/home/neofelis/vrx_ws/install/_local_setup_util_ps1.py'
[0.736s] INFO:colcon.colcon_core.shell:Creating prefix chain script '/home/neofelis/vrx_ws/install/setup.ps1'
[0.737s] INFO:colcon.colcon_core.shell:Creating prefix script '/home/neofelis/vrx_ws/install/local_setup.sh'
[0.737s] INFO:colcon.colcon_core.shell:Creating prefix util module '/home/neofelis/vrx_ws/install/_local_setup_util_sh.py'
[0.737s] INFO:colcon.colcon_core.shell:Creating prefix chain script '/home/neofelis/vrx_ws/install/setup.sh'
[0.738s] INFO:colcon.colcon_core.shell:Creating prefix script '/home/neofelis/vrx_ws/install/local_setup.bash'
[0.738s] INFO:colcon.colcon_core.shell:Creating prefix chain script '/home/neofelis/vrx_ws/install/setup.bash'
[0.739s] INFO:colcon.colcon_core.shell:Creating prefix script '/home/neofelis/vrx_ws/install/local_setup.zsh'
[0.739s] INFO:colcon.colcon_core.shell:Creating prefix chain script '/home/neofelis/vrx_ws/install/setup.zsh'
