[0.006s] Invoking command in '/home/neofelis/vrx_ws/build/wamv_gazebo': CMAKE_PREFIX_PATH=${CMAKE_PREFIX_PATH}:/opt/ros/humble CONDA_PROMPT_MODIFIER=(vrx) GZ_SIM_RESOURCE_PATH=/home/neofelis/vrx_ws/install/share:${GZ_SIM_RESOURCE_PATH} LD_LIBRARY_PATH=/home/neofelis/vrx_ws/install/lib:/usr/lib/x86_64-linux-gnu/gazebo-11/plugins:/opt/ros/humble/opt/rviz_ogre_vendor/lib:/opt/ros/humble/lib/x86_64-linux-gnu:/opt/ros/humble/lib:/usr/lib/x86_64-linux-gnu/gazebo-11/plugins /usr/bin/cmake /home/neofelis/vrx_ws/src/vrx/vrx_urdf/wamv_gazebo -DCMAKE_INSTALL_PREFIX=/home/neofelis/vrx_ws/install
[0.013s] -- Found ament_cmake: 1.3.10 (/opt/ros/humble/share/ament_cmake/cmake)
[0.090s] -- Found xacro: 2.0.8 (/opt/ros/humble/share/xacro/cmake)
[0.090s] -- Found wamv_description: 1.3.0 (/home/neofelis/vrx_ws/install/share/wamv_description/cmake)
[0.127s] -- Configuring done
[0.128s] -- Generating done
[0.129s] -- Build files have been written to: /home/neofelis/vrx_ws/build/wamv_gazebo
[0.131s] Invoked command in '/home/neofelis/vrx_ws/build/wamv_gazebo' returned '0': CMAKE_PREFIX_PATH=${CMAKE_PREFIX_PATH}:/opt/ros/humble CONDA_PROMPT_MODIFIER=(vrx) GZ_SIM_RESOURCE_PATH=/home/neofelis/vrx_ws/install/share:${GZ_SIM_RESOURCE_PATH} LD_LIBRARY_PATH=/home/neofelis/vrx_ws/install/lib:/usr/lib/x86_64-linux-gnu/gazebo-11/plugins:/opt/ros/humble/opt/rviz_ogre_vendor/lib:/opt/ros/humble/lib/x86_64-linux-gnu:/opt/ros/humble/lib:/usr/lib/x86_64-linux-gnu/gazebo-11/plugins /usr/bin/cmake /home/neofelis/vrx_ws/src/vrx/vrx_urdf/wamv_gazebo -DCMAKE_INSTALL_PREFIX=/home/neofelis/vrx_ws/install
[0.132s] Invoking command in '/home/neofelis/vrx_ws/build/wamv_gazebo': CMAKE_PREFIX_PATH=${CMAKE_PREFIX_PATH}:/opt/ros/humble CONDA_PROMPT_MODIFIER=(vrx) GZ_SIM_RESOURCE_PATH=/home/neofelis/vrx_ws/install/share:${GZ_SIM_RESOURCE_PATH} LD_LIBRARY_PATH=/home/neofelis/vrx_ws/install/lib:/usr/lib/x86_64-linux-gnu/gazebo-11/plugins:/opt/ros/humble/opt/rviz_ogre_vendor/lib:/opt/ros/humble/lib/x86_64-linux-gnu:/opt/ros/humble/lib:/usr/lib/x86_64-linux-gnu/gazebo-11/plugins /usr/bin/cmake --build /home/neofelis/vrx_ws/build/wamv_gazebo -- -j16 -l16
[0.154s] Invoked command in '/home/neofelis/vrx_ws/build/wamv_gazebo' returned '0': CMAKE_PREFIX_PATH=${CMAKE_PREFIX_PATH}:/opt/ros/humble CONDA_PROMPT_MODIFIER=(vrx) GZ_SIM_RESOURCE_PATH=/home/neofelis/vrx_ws/install/share:${GZ_SIM_RESOURCE_PATH} LD_LIBRARY_PATH=/home/neofelis/vrx_ws/install/lib:/usr/lib/x86_64-linux-gnu/gazebo-11/plugins:/opt/ros/humble/opt/rviz_ogre_vendor/lib:/opt/ros/humble/lib/x86_64-linux-gnu:/opt/ros/humble/lib:/usr/lib/x86_64-linux-gnu/gazebo-11/plugins /usr/bin/cmake --build /home/neofelis/vrx_ws/build/wamv_gazebo -- -j16 -l16
[0.155s] Invoking command in '/home/neofelis/vrx_ws/build/wamv_gazebo': CMAKE_PREFIX_PATH=${CMAKE_PREFIX_PATH}:/opt/ros/humble CONDA_PROMPT_MODIFIER=(vrx) GZ_SIM_RESOURCE_PATH=/home/neofelis/vrx_ws/install/share:${GZ_SIM_RESOURCE_PATH} LD_LIBRARY_PATH=/home/neofelis/vrx_ws/install/lib:/usr/lib/x86_64-linux-gnu/gazebo-11/plugins:/opt/ros/humble/opt/rviz_ogre_vendor/lib:/opt/ros/humble/lib/x86_64-linux-gnu:/opt/ros/humble/lib:/usr/lib/x86_64-linux-gnu/gazebo-11/plugins /usr/bin/cmake --install /home/neofelis/vrx_ws/build/wamv_gazebo
[0.159s] -- Install configuration: "RelWithDebInfo"
[0.159s] -- Up-to-date: /home/neofelis/vrx_ws/install/share/wamv_gazebo/models
[0.159s] -- Up-to-date: /home/neofelis/vrx_ws/install/share/wamv_gazebo/models/gps
[0.159s] -- Up-to-date: /home/neofelis/vrx_ws/install/share/wamv_gazebo/models/gps/mesh
[0.159s] -- Up-to-date: /home/neofelis/vrx_ws/install/share/wamv_gazebo/models/gps/mesh/gps.dae
[0.159s] -- Up-to-date: /home/neofelis/vrx_ws/install/share/wamv_gazebo/models/gps/mesh/gps.png
[0.159s] -- Up-to-date: /home/neofelis/vrx_ws/install/share/wamv_gazebo/models/gps/model.config
[0.159s] -- Up-to-date: /home/neofelis/vrx_ws/install/share/wamv_gazebo/urdf
[0.159s] -- Up-to-date: /home/neofelis/vrx_ws/install/share/wamv_gazebo/urdf/macros.xacro
[0.159s] -- Up-to-date: /home/neofelis/vrx_ws/install/share/wamv_gazebo/urdf/dynamics
[0.159s] -- Up-to-date: /home/neofelis/vrx_ws/install/share/wamv_gazebo/urdf/dynamics/wamv_gazebo_dynamics_plugin.xacro
[0.159s] -- Up-to-date: /home/neofelis/vrx_ws/install/share/wamv_gazebo/urdf/wamv_gazebo.xacro
[0.159s] -- Up-to-date: /home/neofelis/vrx_ws/install/share/wamv_gazebo/urdf/wamv_gazebo.urdf.xacro
[0.159s] -- Up-to-date: /home/neofelis/vrx_ws/install/share/wamv_gazebo/urdf/components
[0.159s] -- Up-to-date: /home/neofelis/vrx_ws/install/share/wamv_gazebo/urdf/components/wamv_planar_lidar.xacro
[0.159s] -- Up-to-date: /home/neofelis/vrx_ws/install/share/wamv_gazebo/urdf/components/ball_shooter.xacro
[0.159s] -- Up-to-date: /home/neofelis/vrx_ws/install/share/wamv_gazebo/urdf/components/wamv_p3d.xacro
[0.159s] -- Up-to-date: /home/neofelis/vrx_ws/install/share/wamv_gazebo/urdf/components/wamv_camera.xacro
[0.160s] -- Up-to-date: /home/neofelis/vrx_ws/install/share/wamv_gazebo/urdf/components/lidar.xacro
[0.160s] -- Up-to-date: /home/neofelis/vrx_ws/install/share/wamv_gazebo/urdf/components/wamv_gps.xacro
[0.160s] -- Up-to-date: /home/neofelis/vrx_ws/install/share/wamv_gazebo/urdf/components/wamv_imu.xacro
[0.160s] -- Up-to-date: /home/neofelis/vrx_ws/install/share/wamv_gazebo/urdf/components/wamv_3d_lidar.xacro
[0.160s] -- Up-to-date: /home/neofelis/vrx_ws/install/share/wamv_gazebo/urdf/components/wamv_pinger.xacro
[0.160s] -- Up-to-date: /home/neofelis/vrx_ws/install/share/wamv_gazebo/urdf/thruster_layouts
[0.160s] -- Up-to-date: /home/neofelis/vrx_ws/install/share/wamv_gazebo/urdf/thruster_layouts/wamv_t_thrusters.xacro
[0.160s] -- Up-to-date: /home/neofelis/vrx_ws/install/share/wamv_gazebo/urdf/thruster_layouts/wamv_gazebo_thruster_config.xacro
[0.160s] -- Up-to-date: /home/neofelis/vrx_ws/install/share/wamv_gazebo/urdf/thruster_layouts/wamv_x_thrusters.xacro
[0.160s] -- Up-to-date: /home/neofelis/vrx_ws/install/share/wamv_gazebo/urdf/thruster_layouts/wamv_aft_thrusters.xacro
[0.160s] -- Up-to-date: /home/neofelis/vrx_ws/install/share/ament_index/resource_index/package_run_dependencies/wamv_gazebo
[0.160s] -- Up-to-date: /home/neofelis/vrx_ws/install/share/ament_index/resource_index/parent_prefix_path/wamv_gazebo
[0.160s] -- Up-to-date: /home/neofelis/vrx_ws/install/share/wamv_gazebo/environment/ament_prefix_path.sh
[0.160s] -- Installing: /home/neofelis/vrx_ws/install/share/wamv_gazebo/environment/ament_prefix_path.dsv
[0.160s] -- Up-to-date: /home/neofelis/vrx_ws/install/share/wamv_gazebo/environment/path.sh
[0.160s] -- Installing: /home/neofelis/vrx_ws/install/share/wamv_gazebo/environment/path.dsv
[0.160s] -- Up-to-date: /home/neofelis/vrx_ws/install/share/wamv_gazebo/local_setup.bash
[0.160s] -- Up-to-date: /home/neofelis/vrx_ws/install/share/wamv_gazebo/local_setup.sh
[0.160s] -- Up-to-date: /home/neofelis/vrx_ws/install/share/wamv_gazebo/local_setup.zsh
[0.160s] -- Installing: /home/neofelis/vrx_ws/install/share/wamv_gazebo/local_setup.dsv
[0.160s] -- Installing: /home/neofelis/vrx_ws/install/share/wamv_gazebo/package.dsv
[0.160s] -- Up-to-date: /home/neofelis/vrx_ws/install/share/ament_index/resource_index/packages/wamv_gazebo
[0.160s] -- Up-to-date: /home/neofelis/vrx_ws/install/share/wamv_gazebo/cmake/wamv_gazeboConfig.cmake
[0.160s] -- Up-to-date: /home/neofelis/vrx_ws/install/share/wamv_gazebo/cmake/wamv_gazeboConfig-version.cmake
[0.161s] -- Up-to-date: /home/neofelis/vrx_ws/install/share/wamv_gazebo/package.xml
[0.161s] Invoked command in '/home/neofelis/vrx_ws/build/wamv_gazebo' returned '0': CMAKE_PREFIX_PATH=${CMAKE_PREFIX_PATH}:/opt/ros/humble CONDA_PROMPT_MODIFIER=(vrx) GZ_SIM_RESOURCE_PATH=/home/neofelis/vrx_ws/install/share:${GZ_SIM_RESOURCE_PATH} LD_LIBRARY_PATH=/home/neofelis/vrx_ws/install/lib:/usr/lib/x86_64-linux-gnu/gazebo-11/plugins:/opt/ros/humble/opt/rviz_ogre_vendor/lib:/opt/ros/humble/lib/x86_64-linux-gnu:/opt/ros/humble/lib:/usr/lib/x86_64-linux-gnu/gazebo-11/plugins /usr/bin/cmake --install /home/neofelis/vrx_ws/build/wamv_gazebo
